17
1 1
2 14
3 1
4 1
6 1
7 1
8 2
11 2
12 1
15 1
16 1
20 1
21 1
25 1
26 1
27 2
33 1
10
1 1
2 1
3 1
4 17
6 1
8 1
9 1
18 1
19 1
22 1
5
1 23
10 1
17 1
20 1
26 1
11
1 1
2 14
3 1
8 1
9 1
13 1
14 1
15 1
18 1
22 1
23 1
12
1 18
4 2
12 1
14 1
16 1
20 1
25 1
26 1
27 1
28 1
29 1
30 1
12
1 24
2 1
5 1
10 1
13 1
14 1
16 1
22 1
25 1
27 1
30 1
35 1
8
1 19
3 1
5 1
7 1
15 1
19 1
20 1
23 1
10
1 14
6 1
7 1
9 1
10 1
11 1
13 1
15 1
18 1
21 1
8
1 1
2 16
3 1
4 1
14 1
15 1
16 1
18 1
18
1 1
2 1
3 23
5 1
6 1
7 1
10 1
11 1
16 1
17 1
19 1
20 1
21 1
25 1
29 1
33 1
39 1
40 1
11
1 1
2 10
5 1
6 1
10 1
11 1
15 1
16 1
17 1
19 1
20 1
10
1 1
2 23
3 2
9 1
12 1
16 1
23 1
26 1
31 1
32 1
14
1 13
3 1
6 1
7 1
8 2
11 1
12 1
13 1
16 1
18 1
19 1
20 1
21 1
26 1
16
1 1
2 20
3 1
5 1
9 1
10 1
14 1
15 1
18 1
19 1
22 1
24 1
27 1
31 1
32 1
35 1
27
1 1
2 1
3 1
4 12
6 1
8 1
11 1
12 1
13 1
14 1
15 1
17 1
19 1
21 1
22 1
23 1
24 1
25 1
27 1
28 1
29 1
30 1
33 1
34 1
36 1
37 1
38 1
18
1 23
2 1
4 1
7 1
8 1
15 1
21 1
22 1
23 1
25 1
27 1
29 1
30 1
34 1
35 1
36 1
38 1
40 1
8
1 26
7 1
14 1
23 2
27 1
28 1
31 1
33 1
15
1 22
7 1
9 1
12 1
14 1
15 1
20 1
22 1
25 1
26 1
30 1
31 1
32 1
34 1
36 1
13
1 1
2 14
4 1
5 1
6 1
9 1
10 1
11 1
15 1
19 1
21 1
23 1
25 1
10
1 1
2 16
8 1
10 1
11 1
17 1
18 1
19 1
20 1
25 1
