168
1 1
2 141
3 1
4 1
7 1
10 1
14 1
15 1
17 1
20 1
23 1
26 1
28 1
29 1
30 1
31 1
32 1
34 1
35 1
39 1
40 1
41 1
43 1
44 1
47 1
52 1
54 1
58 1
59 1
61 1
62 1
63 1
67 1
68 1
69 1
70 1
71 1
75 1
77 1
78 1
87 1
89 1
90 1
94 1
95 1
96 1
101 1
102 1
103 1
104 1
107 1
109 1
111 1
112 1
113 1
115 1
119 1
121 1
126 1
130 1
132 1
134 1
135 1
136 1
140 1
141 1
143 1
147 1
149 1
152 1
156 1
157 1
158 1
160 1
161 1
162 1
163 1
164 1
165 1
171 1
177 1
178 1
182 1
183 1
184 1
185 1
186 1
187 1
188 1
189 1
190 1
191 1
192 1
193 1
194 1
195 1
197 1
198 1
199 1
200 1
201 1
202 1
204 1
205 2
206 1
210 1
212 1
214 1
215 1
219 1
220 1
222 1
225 1
226 1
229 1
230 1
232 1
236 1
237 1
238 1
239 1
241 1
244 1
246 1
248 1
249 1
250 1
251 1
252 1
254 1
255 1
257 1
258 1
259 1
261 1
262 1
263 1
264 1
265 1
267 1
268 1
270 1
271 1
272 1
273 1
274 1
275 1
276 1
279 1
280 1
281 1
282 1
283 1
285 1
287 1
288 1
289 1
291 1
292 1
294 1
295 1
296 1
298 1
299 1
301 1
302 1
304 1
305 1
158
1 1
2 163
3 1
8 1
9 1
13 1
14 1
15 1
17 1
18 1
20 1
25 1
31 1
32 1
34 1
36 1
37 1
38 1
39 1
40 1
41 1
43 1
44 1
45 1
57 1
58 1
59 1
60 1
61 1
63 1
65 1
68 1
72 1
74 1
75 1
77 1
78 1
80 1
82 1
83 1
84 1
86 1
87 1
91 1
92 1
93 1
94 1
95 1
98 1
101 1
104 1
106 1
107 1
109 1
111 1
113 1
115 1
117 1
120 1
121 1
122 1
128 1
129 1
131 1
133 1
134 1
135 1
139 1
143 1
147 1
148 1
154 1
156 1
157 1
158 1
159 1
162 1
165 1
167 1
168 1
171 1
173 1
177 1
180 1
183 1
184 1
185 1
186 1
187 1
188 1
191 1
192 1
193 1
197 1
200 1
202 1
203 1
205 1
206 1
207 1
208 1
210 1
211 1
212 1
214 1
216 1
217 1
218 1
219 1
221 1
225 1
226 1
229 1
230 1
232 1
233 1
234 1
236 1
239 1
240 1
242 1
243 1
244 1
248 1
251 1
252 1
254 1
255 1
257 1
260 1
261 1
262 1
263 1
264 1
266 1
267 1
268 1
271 1
272 1
273 1
274 1
275 1
278 1
281 1
283 1
284 1
285 1
287 1
288 1
291 1
293 1
300 1
304 1
305 1
307 1
309 1
310 1
320 1
149
1 166
2 1
4 1
7 1
9 1
10 1
12 1
15 1
17 1
18 1
22 1
23 1
24 1
27 1
30 1
32 1
34 1
35 1
36 1
37 1
40 1
44 1
45 1
48 1
50 1
53 1
56 1
57 1
58 1
62 1
65 3
66 1
68 1
72 1
75 1
76 1
79 1
81 1
84 1
85 1
86 1
87 1
89 1
91 1
98 1
99 1
101 1
102 1
107 1
109 1
110 1
111 1
115 1
117 1
118 1
119 1
120 1
122 1
123 1
124 1
131 1
132 1
138 1
143 1
146 1
147 1
150 1
151 1
156 1
157 1
158 1
159 1
165 1
170 1
171 1
172 1
173 1
174 1
177 1
179 1
180 1
182 1
186 1
189 1
190 1
191 1
192 1
194 1
195 1
197 1
200 1
201 1
204 1
206 1
209 1
211 1
212 1
213 1
214 1
215 1
217 1
221 1
223 1
224 1
231 1
232 1
233 1
235 1
236 1
238 1
242 1
245 1
250 1
252 1
253 1
255 1
257 1
259 1
260 1
262 1
265 1
266 1
268 1
270 1
274 1
276 1
283 1
285 1
288 1
289 1
290 1
291 1
292 1
293 1
294 1
295 1
296 1
300 1
301 1
303 1
304 1
305 1
307 1
310 1
311 1
313 1
314 1
315 1
316 1
142
1 1
2 198
3 1
5 1
7 1
8 1
10 2
16 1
18 1
22 1
23 1
24 1
27 1
29 1
33 1
35 1
39 1
42 1
43 1
46 1
47 1
49 1
53 1
54 1
55 1
56 1
57 1
59 1
60 1
70 1
72 1
75 1
76 1
81 1
84 1
88 1
95 1
97 1
103 1
104 1
106 1
111 1
116 1
119 1
122 1
123 1
126 1
128 1
131 1
132 1
134 1
137 1
138 1
139 1
140 1
141 1
143 1
146 1
147 1
148 1
155 1
157 1
159 1
160 1
162 1
166 1
167 1
171 1
172 1
174 1
177 1
181 1
182 1
183 1
187 1
189 1
190 1
192 1
194 1
195 1
196 1
200 1
203 1
204 1
207 1
212 1
214 1
219 1
220 1
223 1
225 1
226 1
227 1
228 1
230 1
233 1
240 1
241 1
242 1
243 1
249 1
251 1
257 1
258 1
261 1
263 1
266 1
268 1
270 1
272 1
274 1
276 1
277 1
278 1
279 1
280 1
285 1
291 1
293 1
294 1
295 1
297 1
298 1
300 1
302 1
304 1
306 1
307 1
308 1
309 1
310 1
311 1
316 1
317 1
318 1
321 1
322 1
324 1
326 1
328 1
332 1
335 1
195
1 1
2 1
3 1
4 1
5 131
6 1
8 1
11 1
13 1
14 1
15 1
16 1
18 1
21 1
22 1
23 1
25 1
26 1
28 1
29 1
30 1
31 1
32 1
33 1
36 1
37 1
38 1
39 1
40 1
41 1
42 1
43 1
46 1
48 1
49 1
51 1
53 1
54 1
55 1
56 1
59 1
60 1
61 1
63 1
64 1
66 1
68 1
69 1
72 1
75 1
77 1
80 1
81 1
84 1
85 1
86 1
87 1
88 1
90 1
92 1
93 1
95 1
96 1
101 1
102 1
104 1
105 1
106 1
107 1
109 1
112 1
113 1
115 1
118 1
119 1
120 1
122 1
123 1
124 1
126 1
127 1
128 1
129 1
130 1
132 1
134 1
136 1
137 1
138 1
139 1
141 1
143 1
144 1
147 1
149 1
150 1
152 1
154 1
155 1
157 1
161 1
162 1
163 1
165 1
166 1
167 1
168 1
171 1
173 1
175 1
180 1
182 1
184 1
186 1
187 1
188 1
189 1
191 1
192 1
194 1
195 1
196 1
198 1
199 1
207 1
211 1
214 1
216 1
217 1
218 1
221 1
222 1
224 1
225 1
226 1
227 1
228 1
230 1
231 1
233 1
238 1
239 1
240 1
241 1
242 1
243 1
244 1
246 1
247 1
249 1
250 1
251 1
252 1
254 1
256 1
258 1
259 1
261 1
262 1
263 1
266 1
267 1
270 1
271 1
273 1
274 1
276 1
277 1
278 1
279 1
280 1
283 1
285 1
287 1
290 1
291 1
292 1
294 1
295 1
298 1
299 1
300 1
302 1
303 1
305 1
307 1
308 1
312 1
313 1
316 1
317 1
318 1
321 1
323 1
324 1
158
1 1
2 1
3 1
4 1
5 1
6 1
7 1
8 161
9 1
12 1
13 1
14 1
17 1
21 1
22 1
23 1
24 1
29 1
31 1
33 1
34 1
36 1
37 1
40 1
41 1
42 1
43 1
45 1
46 1
47 1
52 1
54 1
57 1
59 1
61 1
62 1
64 1
66 1
68 1
74 1
75 1
76 1
78 1
82 1
83 1
85 1
87 1
90 1
91 1
93 1
97 1
99 1
100 1
101 1
105 1
106 1
108 1
109 1
110 1
113 1
116 1
117 1
118 1
119 1
120 1
125 1
126 1
128 1
130 1
132 1
133 1
134 1
140 1
142 1
143 1
146 1
148 1
149 1
150 1
152 1
153 1
155 1
162 1
163 1
164 1
165 1
166 1
169 1
172 1
173 1
175 1
178 1
180 1
181 1
183 1
184 1
185 1
186 1
189 1
190 1
192 1
193 1
194 1
196 1
197 1
200 1
202 1
204 1
205 1
208 1
210 1
220 1
224 1
226 1
227 1
230 1
233 1
234 1
235 1
236 1
240 1
243 1
244 1
246 1
248 1
251 1
252 1
255 1
257 1
258 1
259 1
264 1
266 1
267 1
270 1
276 1
278 1
279 1
280 1
283 1
284 1
286 1
288 1
292 1
294 1
295 1
296 1
297 1
298 1
300 1
302 1
305 1
306 1
307 1
308 1
314 1
315 1
316 1
117
1 197
2 1
3 1
4 1
5 1
6 1
7 1
8 1
10 1
13 1
16 1
17 1
20 1
22 1
23 1
24 1
26 1
29 1
31 1
33 1
40 1
48 1
52 1
57 1
58 1
60 1
63 1
64 1
67 1
68 1
73 1
77 1
78 1
79 1
81 1
83 1
84 1
89 1
92 1
93 1
95 1
97 1
98 1
107 1
111 1
112 1
115 1
116 1
119 1
126 1
128 1
134 1
135 1
136 1
137 1
145 1
147 1
148 1
149 1
150 1
154 1
160 1
164 1
169 1
171 1
173 1
174 1
175 1
177 1
179 1
185 1
187 1
188 1
189 1
192 1
196 1
200 1
203 1
205 1
210 1
211 1
212 1
215 1
216 1
221 1
222 1
223 1
224 1
228 1
229 1
232 1
233 1
235 1
236 1
243 1
250 1
251 1
252 1
255 1
257 1
261 1
265 1
266 1
270 1
271 1
280 1
283 1
284 1
285 1
289 1
291 1
294 1
296 1
298 1
304 1
312 1
313 1
175
1 1
2 1
3 1
4 154
5 1
6 1
7 1
9 1
12 1
13 1
18 1
21 1
25 1
27 1
28 1
29 1
30 1
31 1
32 1
34 1
36 1
37 1
38 1
40 1
42 1
43 1
45 1
46 1
48 1
50 1
55 1
56 1
57 1
59 1
60 1
61 1
62 1
63 1
65 1
66 3
69 1
71 1
76 1
78 1
79 1
84 1
86 1
88 1
90 1
91 1
93 1
95 1
102 1
103 1
104 1
107 1
108 1
110 1
111 1
112 2
114 1
115 1
117 1
119 1
120 1
121 1
126 1
127 1
129 1
130 1
132 1
135 1
136 1
137 1
140 1
141 1
142 1
145 1
146 1
148 1
149 1
154 1
156 1
158 1
159 1
160 1
161 1
163 1
164 1
168 1
169 1
170 1
171 1
172 1
173 1
174 1
175 1
178 1
179 1
181 1
184 1
185 1
190 1
195 1
197 1
198 1
200 1
201 1
202 1
205 1
207 1
208 1
209 1
212 1
214 1
215 1
216 1
217 1
219 1
221 1
222 1
225 1
227 1
230 1
231 1
232 1
233 1
238 1
242 1
246 1
249 1
250 1
251 1
253 1
254 1
256 1
257 1
259 1
261 1
262 1
263 1
264 1
265 1
266 1
267 1
268 1
269 1
272 1
273 1
275 1
277 1
278 1
280 1
283 1
287 1
290 1
293 1
294 1
295 1
296 1
297 1
298 1
299 1
301 1
303 1
304 1
306 1
307 1
318 1
319 1
320 1
321 1
324 1
325 1
330 1
119
1 186
3 1
4 1
5 1
9 1
10 1
14 1
15 1
17 1
23 1
25 1
28 1
29 1
34 1
39 1
49 1
52 1
56 2
58 1
60 1
62 1
66 1
67 1
71 1
74 1
76 1
77 1
78 1
81 1
84 1
85 1
86 1
87 1
92 1
94 1
95 1
97 1
98 1
100 1
101 1
105 1
106 1
107 1
112 1
115 1
116 1
117 1
118 1
124 1
130 1
131 1
136 1
138 1
144 1
150 1
152 1
154 1
157 1
158 1
159 1
163 1
166 1
167 1
168 1
169 1
174 1
175 1
176 1
179 1
180 1
183 1
185 1
186 1
187 1
192 1
193 1
194 1
196 1
198 1
206 1
209 1
212 1
214 1
215 1
216 1
218 1
219 1
221 1
225 1
226 1
228 1
229 1
232 1
237 1
240 1
241 1
244 1
245 1
246 1
247 1
250 1
251 1
255 1
258 1
259 1
263 1
267 1
268 1
271 1
273 1
274 1
282 1
285 1
287 1
293 1
297 1
298 1
300 1
303 1
132
1 218
10 1
13 1
15 1
16 1
17 1
20 1
30 1
31 1
32 1
35 1
36 1
41 1
43 1
44 1
50 1
53 1
54 1
56 1
62 1
63 1
64 1
67 1
69 1
70 1
71 1
72 1
76 1
77 1
78 1
85 1
87 1
88 1
90 1
93 1
96 1
98 1
99 1
100 1
102 1
103 1
104 1
109 1
110 1
111 1
114 1
115 1
116 1
118 1
120 1
123 1
124 1
125 1
127 1
130 1
132 1
133 1
141 1
145 1
149 1
152 1
154 1
157 1
160 1
161 1
162 1
165 1
169 1
173 1
174 1
176 1
177 1
180 1
182 1
183 1
186 1
190 1
191 1
192 1
203 1
205 1
210 1
213 1
217 1
220 1
223 1
224 1
229 1
231 1
233 1
236 1
238 1
241 1
246 1
247 1
253 1
254 1
260 1
261 1
267 1
269 1
274 1
280 1
281 1
283 1
285 1
287 1
288 1
293 1
295 1
297 1
298 1
301 1
303 1
304 1
305 1
306 1
311 1
315 1
319 1
320 1
327 1
335 1
337 1
338 1
339 1
340 1
342 1
343 1
345 1
348 1
349 1
160
1 1
2 168
3 1
6 1
8 1
9 1
13 1
16 1
17 1
18 1
20 1
21 1
26 1
27 1
29 1
30 1
31 1
32 1
34 1
35 1
37 1
40 1
42 1
45 1
49 1
50 1
55 1
56 1
57 1
58 1
59 1
63 1
66 1
67 1
69 1
72 1
76 1
77 1
78 1
79 1
80 1
81 1
82 1
84 1
87 1
88 1
90 1
94 1
96 1
98 1
101 1
103 1
104 1
107 1
108 1
117 1
118 1
120 1
122 1
125 1
128 1
129 1
133 1
137 1
139 1
143 1
144 1
151 1
155 1
157 1
160 1
162 1
167 1
168 1
169 1
170 1
171 1
173 1
175 1
176 1
177 1
181 1
185 1
187 1
192 1
195 1
196 1
197 1
199 1
200 1
203 1
205 1
206 1
207 1
209 1
210 1
211 1
212 1
213 1
216 1
219 1
223 1
224 1
225 1
229 1
230 1
231 1
234 1
235 1
238 1
239 1
241 1
243 1
245 1
246 1
249 1
250 1
251 1
252 1
254 1
255 1
257 1
258 1
260 1
261 1
264 1
267 1
268 1
269 1
271 1
272 1
274 1
278 1
279 1
282 1
286 1
287 1
289 1
290 1
291 1
293 1
294 1
297 1
299 1
300 1
301 1
302 1
303 1
305 1
309 1
312 1
315 1
316 1
317 1
320 1
321 1
322 1
323 1
324 1
326 1
155
1 172
3 1
4 1
5 1
8 1
9 1
10 1
16 1
18 1
20 1
21 1
22 1
24 1
26 1
29 1
35 1
40 1
42 1
43 1
44 1
49 1
50 1
52 1
53 1
56 1
57 1
67 1
68 1
71 1
73 1
74 1
75 1
76 1
77 1
82 1
83 1
85 1
87 1
88 1
89 1
90 1
91 1
93 1
94 1
96 1
98 1
100 1
102 1
104 1
106 1
107 1
109 1
111 1
112 1
113 1
114 1
115 1
116 1
117 1
118 1
120 1
122 1
123 1
124 1
129 1
130 1
132 1
136 1
137 1
140 1
141 1
142 1
145 1
146 2
147 1
150 1
151 1
153 1
156 1
157 1
164 1
165 1
166 1
167 1
173 1
174 1
177 1
179 1
181 1
183 1
186 1
188 1
189 1
191 1
192 1
194 1
197 1
198 1
199 1
200 1
201 1
202 1
206 1
209 1
211 1
215 1
217 1
218 1
219 1
220 1
221 1
224 1
225 1
226 1
227 1
229 1
230 1
231 1
232 1
236 1
237 1
239 1
248 1
249 1
252 1
253 1
254 1
257 1
259 1
263 1
264 1
266 1
269 1
275 1
277 1
278 1
284 1
290 1
291 1
295 1
300 1
302 1
303 1
306 1
308 1
310 1
313 1
314 1
316 1
317 1
318 1
322 1
323 1
326 1
327 1
144
1 1
2 1
3 195
6 1
10 1
13 1
14 1
17 1
18 1
20 1
22 1
24 1
25 1
26 1
27 1
31 1
32 1
34 1
41 1
44 1
46 1
47 1
52 1
60 1
62 1
65 1
66 1
67 1
69 1
70 1
74 1
82 1
83 1
84 1
85 1
86 3
91 1
92 1
96 1
97 1
98 1
99 1
103 1
104 1
106 1
110 1
112 1
113 1
117 1
118 1
119 1
120 1
121 1
126 1
127 1
130 1
131 1
134 1
141 1
142 1
143 1
144 1
146 1
148 1
149 1
150 1
152 1
157 1
160 1
163 1
164 1
165 1
167 1
169 1
170 1
171 1
172 1
175 1
176 1
177 1
179 1
180 1
181 1
184 1
185 1
187 1
188 1
189 1
190 1
193 1
194 1
195 1
197 1
202 1
203 1
211 1
213 1
215 1
219 1
220 1
225 1
226 1
227 1
230 1
232 1
234 1
237 1
241 1
244 1
246 1
248 1
255 1
257 1
258 1
260 1
261 1
262 1
264 1
269 1
270 1
271 1
273 1
276 1
278 1
284 1
285 1
289 1
292 1
296 1
302 1
306 1
309 1
318 1
319 1
321 1
322 1
323 1
325 1
328 1
330 1
331 1
332 1
335 1
337 1
160
1 1
2 1
3 148
5 1
6 1
7 1
8 1
9 1
10 1
12 1
13 1
16 1
17 1
18 1
19 1
20 1
21 1
23 1
24 1
27 1
30 1
32 1
33 1
36 1
37 1
39 1
42 1
44 1
45 1
46 1
47 1
49 1
53 1
55 1
56 1
58 1
59 1
60 1
62 1
64 1
65 1
67 1
68 1
69 1
70 1
72 1
73 1
79 1
80 1
83 1
86 1
88 1
89 1
90 1
96 1
97 1
98 1
99 1
100 1
101 1
108 1
109 1
110 1
111 1
112 1
114 1
115 1
117 1
119 1
120 1
123 1
124 1
126 1
127 1
131 1
133 1
135 1
137 1
138 1
140 1
143 1
149 1
153 1
154 1
155 1
156 1
158 1
159 1
162 1
163 1
164 1
166 1
170 1
173 1
175 1
176 1
177 1
179 1
181 1
184 1
187 1
189 1
190 1
191 1
195 1
198 1
200 1
201 1
203 1
207 1
211 1
212 1
213 1
214 1
215 1
220 1
224 1
225 1
228 1
229 1
234 1
235 1
237 1
238 1
241 1
243 1
247 1
248 1
249 1
251 1
253 1
254 1
255 1
257 1
258 1
259 1
263 1
264 1
266 1
267 1
268 1
269 1
271 1
272 1
274 1
275 1
277 1
278 1
281 1
285 1
286 1
287 1
292 1
294 1
299 1
300 1
303 1
304 1
305 1
306 1
142
1 1
2 200
3 1
11 1
19 1
20 1
21 1
23 1
25 1
28 1
29 1
30 1
33 1
35 1
38 1
41 1
44 1
45 1
48 1
50 1
51 1
54 1
56 1
57 1
60 1
61 1
63 1
64 1
69 1
71 1
75 1
78 1
82 1
85 1
86 1
87 1
88 1
89 1
90 1
92 1
93 1
97 1
98 1
102 1
103 1
109 1
112 1
113 1
117 1
118 1
121 1
122 1
124 1
125 1
129 1
130 1
131 1
133 1
134 1
137 1
138 1
143 1
145 1
153 1
154 1
155 1
156 1
158 1
161 1
163 1
167 1
168 1
172 1
175 1
176 1
178 1
180 1
181 1
182 1
184 1
186 1
188 1
194 1
196 1
197 1
198 1
199 1
202 1
204 1
206 1
208 1
217 1
218 1
224 1
226 1
229 1
233 1
236 1
237 1
243 1
246 1
248 1
250 1
255 1
257 1
259 1
263 1
265 1
266 1
270 1
273 1
274 1
277 1
278 1
281 1
283 1
288 1
292 1
293 1
294 1
296 1
298 1
299 1
300 1
302 1
303 1
308 1
312 1
313 1
314 1
316 1
318 1
319 1
323 1
325 1
326 1
327 1
331 1
333 1
335 1
338 1
341 1
154
1 162
3 1
5 1
9 1
10 1
11 1
12 1
13 1
14 1
15 1
16 1
17 1
19 1
20 1
21 1
23 1
24 1
28 1
29 1
31 1
32 1
33 1
34 1
37 1
38 1
44 1
45 1
46 1
47 1
48 1
51 1
52 1
53 1
56 1
57 1
58 1
61 1
63 1
67 1
70 1
73 1
74 1
76 1
81 1
85 1
86 1
88 1
89 1
92 1
94 1
95 1
96 1
97 1
98 1
101 1
103 1
104 1
105 1
106 1
107 1
109 1
112 1
115 1
116 1
117 1
118 1
119 1
120 1
122 1
124 1
126 1
127 1
128 1
129 1
131 1
133 1
134 1
137 1
138 1
139 1
143 1
144 1
145 1
150 1
151 1
153 1
155 1
156 1
158 1
159 1
160 1
165 1
167 1
168 1
169 1
170 1
171 1
173 1
174 1
176 1
182 1
191 1
194 1
195 1
199 1
200 1
201 1
205 1
209 1
210 1
215 1
217 1
220 1
223 1
224 1
225 1
226 1
227 1
230 1
231 1
235 1
238 1
241 1
242 1
243 1
246 1
247 1
248 1
251 1
252 1
254 1
255 1
257 1
259 1
262 1
263 1
264 1
266 1
267 1
270 1
271 1
273 1
274 1
277 1
279 1
288 1
291 1
296 1
300 1
301 1
304 1
305 1
307 1
315 1
163
1 1
2 153
3 1
4 1
7 1
8 1
10 2
12 1
13 1
14 1
15 1
19 1
20 1
22 1
24 1
25 1
26 1
27 1
28 1
29 1
31 1
33 1
34 1
39 1
40 1
44 1
46 1
47 1
48 1
49 1
50 1
53 1
58 1
59 1
64 1
68 1
69 1
74 1
76 1
77 1
80 1
84 1
87 1
90 1
91 1
93 1
95 1
96 1
97 1
98 1
99 1
100 1
101 1
102 1
105 1
106 1
107 1
110 1
117 1
118 1
120 1
124 1
128 1
132 1
133 1
134 1
135 1
136 1
137 1
138 1
142 1
150 1
151 1
152 1
153 1
154 1
155 1
156 1
157 1
158 1
159 1
163 1
164 1
165 1
167 1
169 1
174 1
175 1
179 1
180 1
181 1
186 1
187 1
188 1
195 1
197 1
198 1
199 1
200 1
202 1
203 1
204 1
207 1
208 1
209 1
210 1
214 1
215 1
216 1
218 1
220 1
221 1
226 1
227 1
228 1
229 1
230 1
232 1
234 1
235 1
236 1
237 1
243 1
244 1
248 1
250 1
252 1
255 1
256 1
257 1
259 1
262 1
263 1
264 1
265 1
266 1
267 1
268 1
269 1
270 1
273 1
274 1
277 1
281 1
283 1
284 1
286 1
287 1
289 1
290 1
295 1
296 1
297 1
298 1
299 1
300 1
302 1
304 1
307 1
310 1
312 1
313 1
315 1
139
1 200
2 1
3 1
4 1
5 1
6 1
8 1
15 1
22 1
23 1
24 1
25 1
26 1
27 1
28 1
31 1
32 1
34 1
36 1
37 1
38 1
39 1
43 1
46 1
47 1
48 1
49 1
54 1
55 1
56 1
60 1
61 1
63 1
65 1
66 1
69 1
70 1
75 1
76 1
77 1
78 1
83 1
90 1
91 1
93 1
94 1
96 1
98 1
99 1
101 1
102 1
104 1
106 1
109 1
112 1
114 1
116 1
124 1
125 1
127 1
138 1
141 1
142 1
144 1
145 1
147 1
149 1
152 1
153 1
154 1
159 1
164 1
172 1
175 1
179 1
180 1
183 1
185 1
188 1
193 1
194 1
196 1
199 1
200 1
202 1
204 1
208 1
210 1
217 1
221 1
223 1
226 1
232 1
233 1
234 1
235 1
236 1
238 1
241 1
242 1
243 1
244 1
245 1
248 1
249 1
250 1
253 1
254 1
256 1
257 1
260 1
262 1
264 1
272 1
275 1
276 1
278 1
279 1
283 1
284 1
286 1
288 1
290 1
291 1
292 1
297 1
298 1
309 1
314 1
318 1
323 1
324 1
325 1
329 1
330 1
332 1
334 1
335 1
337 1
193
1 1
2 147
7 1
8 1
9 1
10 1
17 1
19 1
20 1
23 1
24 1
25 1
27 1
29 1
31 1
32 1
34 1
36 1
37 1
38 1
39 1
40 1
43 1
45 1
48 1
50 1
53 1
55 1
57 1
59 1
61 1
66 1
67 1
69 1
70 1
73 1
74 1
75 1
76 1
77 1
79 1
83 1
84 1
85 1
86 1
88 1
89 1
92 1
93 1
94 1
96 1
98 1
102 1
103 1
104 1
106 1
107 1
108 1
111 1
112 1
114 1
117 1
118 1
122 1
123 1
124 1
125 1
129 1
130 1
139 1
141 1
144 1
146 1
148 1
149 1
151 1
152 1
153 1
155 1
156 1
157 1
158 1
160 1
163 1
164 1
169 1
170 1
171 1
173 1
174 1
177 1
179 1
180 1
181 1
183 1
184 1
185 1
187 1
188 1
189 1
190 1
191 1
192 1
196 1
197 1
198 1
199 1
200 1
202 1
204 1
205 1
206 1
209 1
210 1
211 1
212 1
216 1
217 1
218 1
219 1
220 1
223 1
224 1
225 1
226 1
227 1
230 1
232 1
234 1
235 1
237 1
238 1
239 1
242 1
247 1
248 1
250 1
251 1
252 1
253 1
254 1
255 1
257 1
261 1
262 1
264 1
267 1
268 1
269 1
271 1
273 1
274 1
276 1
277 1
278 1
280 1
283 1
284 1
285 1
286 1
287 1
288 1
289 1
290 1
291 1
296 1
297 1
298 1
299 1
300 1
301 1
305 1
308 1
310 1
311 1
314 1
315 1
316 1
317 1
319 1
321 1
322 1
325 1
327 1
328 1
329 1
331 1
333 1
334 1
335 1
336 1
337 1
339 1
139
1 1
2 196
4 1
6 1
7 1
8 1
11 1
13 1
14 1
15 1
17 1
19 1
20 1
25 1
28 1
29 1
32 1
34 1
35 1
37 1
41 1
42 1
44 1
47 1
55 1
59 1
66 1
69 1
70 1
72 1
73 1
74 1
78 1
81 1
82 1
83 1
84 1
87 1
89 1
94 1
95 1
96 1
97 1
99 1
101 1
102 1
104 1
106 1
109 1
110 1
112 1
114 1
130 1
131 1
132 1
133 1
134 1
135 1
136 1
137 1
139 1
142 1
143 1
144 1
145 1
146 1
151 1
152 1
153 1
154 1
155 1
157 1
158 1
159 1
173 1
175 1
181 1
183 1
184 1
185 1
186 1
190 1
192 1
199 1
200 1
204 1
205 1
207 1
210 1
211 1
214 1
215 1
216 1
218 1
220 1
221 1
222 1
224 1
226 1
227 1
228 1
230 1
231 1
235 1
236 1
241 1
242 1
246 1
249 1
252 1
255 1
256 1
258 1
261 1
264 1
266 1
269 1
272 1
274 1
277 1
287 1
290 1
296 1
298 1
300 1
302 1
304 1
306 1
308 1
309 1
316 1
318 1
322 1
323 1
324 1
325 1
326 1
330 1
331 1
147
1 188
4 1
8 1
10 1
11 1
14 1
15 1
18 1
19 1
22 1
23 1
25 1
26 1
28 1
31 1
33 1
37 1
38 1
39 1
41 1
42 1
43 1
45 1
46 1
47 1
50 1
53 1
59 1
61 1
62 1
67 1
68 1
69 1
70 1
71 1
72 1
75 1
77 1
81 1
82 1
83 1
85 1
90 1
92 1
94 1
96 1
97 1
99 1
100 1
101 1
103 1
104 1
105 1
107 1
108 1
109 1
116 1
120 1
132 1
134 1
138 1
143 1
148 1
149 1
150 1
151 1
152 1
155 1
159 1
164 1
167 1
168 1
170 1
172 1
174 1
175 1
176 1
178 1
179 1
180 1
187 1
188 1
189 1
193 1
195 1
196 1
197 1
200 1
203 1
207 1
212 1
214 1
218 1
219 1
220 1
223 1
224 1
226 1
234 1
235 1
240 1
242 1
245 1
247 1
249 1
251 1
256 1
259 1
260 1
261 1
262 1
263 1
265 1
266 1
267 1
269 1
271 1
272 1
274 1
278 1
279 1
285 1
287 1
289 1
291 1
294 1
299 1
303 1
304 1
305 1
306 1
307 1
308 1
309 1
312 1
314 1
315 1
317 1
318 1
320 1
322 1
324 1
325 1
326 1
327 1
328 1
333 1
145
1 1
2 1
3 182
5 1
6 1
8 1
9 1
13 1
17 1
22 1
25 1
26 1
28 1
31 1
33 1
35 1
37 1
39 1
41 1
45 1
46 1
47 1
48 1
50 1
51 1
53 1
55 1
56 1
57 1
58 1
63 1
67 1
69 1
70 1
71 1
74 1
81 1
84 1
85 1
86 1
88 1
90 1
93 1
96 1
98 1
99 1
101 1
102 1
103 1
106 1
109 1
111 1
112 1
113 1
114 1
118 1
120 1
122 1
125 1
128 1
129 1
134 1
136 1
138 1
139 1
146 1
150 1
158 1
159 1
162 1
164 1
165 1
170 1
172 1
174 1
175 1
176 1
178 1
179 1
180 1
184 1
185 1
186 1
189 1
190 1
194 1
196 1
197 1
198 1
202 1
205 1
206 1
209 1
213 1
214 1
215 1
216 1
217 1
219 1
224 1
226 1
228 1
229 1
234 1
237 1
241 1
242 1
243 1
245 1
247 1
248 1
250 1
252 1
253 1
257 1
264 1
269 1
272 1
273 1
278 1
279 1
280 1
282 1
284 1
288 1
289 1
291 1
295 1
297 1
298 1
299 1
300 1
306 1
307 1
309 1
310 1
311 1
312 1
314 1
318 1
319 1
320 1
322 1
325 1
326 1
152
1 1
2 1
3 1
4 1
5 165
6 1
16 1
17 1
18 1
20 1
24 1
25 1
31 1
33 1
34 1
36 1
37 1
38 2
39 1
40 1
46 1
48 1
49 1
50 1
53 1
54 1
58 1
62 1
63 1
64 1
68 1
69 1
72 1
74 1
77 1
79 1
81 1
82 1
83 1
85 1
86 1
88 1
89 1
90 1
94 1
95 1
98 1
99 1
100 1
102 1
103 1
106 1
107 1
108 1
112 1
113 1
116 1
117 1
118 1
119 1
121 1
123 1
124 1
125 1
126 1
128 1
131 1
134 1
143 1
145 1
148 1
150 1
152 1
153 1
155 1
157 1
161 1
167 1
173 1
175 1
176 1
180 1
184 1
186 1
189 1
191 1
192 1
193 1
196 1
197 1
198 1
200 1
203 1
204 1
205 1
207 1
210 1
211 1
212 1
213 1
214 1
219 1
223 1
224 1
228 1
229 1
232 1
234 1
235 1
236 1
237 1
242 1
243 1
246 1
248 1
250 1
251 1
252 1
253 1
254 1
255 1
257 1
258 1
259 1
260 1
264 1
270 1
271 1
273 1
274 1
276 1
277 1
280 1
282 1
283 1
286 1
290 1
292 1
293 1
295 1
296 1
297 1
300 1
304 1
305 1
306 1
308 1
310 1
313 1
314 1
315 1
317 1
137
1 1
2 203
3 1
4 1
6 1
7 1
11 1
12 1
14 1
15 1
18 1
19 1
23 1
25 1
26 1
28 1
29 1
31 1
35 1
36 1
38 1
40 1
41 1
42 1
47 1
50 1
51 1
52 1
55 1
58 1
60 1
66 1
67 1
68 1
72 1
73 1
76 1
77 1
78 1
80 1
83 1
84 1
88 1
90 1
91 1
94 1
99 1
106 1
109 1
110 1
114 1
115 1
119 1
121 1
123 1
129 1
130 1
131 1
133 1
138 1
143 1
144 1
145 1
146 1
148 1
152 1
153 1
156 1
161 1
163 1
165 1
166 1
169 1
172 1
176 1
180 1
183 1
185 1
189 1
190 1
191 1
192 1
196 1
198 1
205 1
206 1
207 1
212 1
213 1
214 1
216 1
218 1
220 1
221 1
225 1
228 1
229 1
233 1
236 1
240 1
241 1
247 1
250 1
251 1
254 1
255 1
257 1
259 1
263 1
265 1
266 1
270 1
275 1
283 1
285 1
290 1
292 1
293 1
294 1
299 1
308 1
310 1
312 1
314 1
317 1
318 1
321 1
323 1
324 1
325 1
326 1
332 1
335 1
336 1
337 1
338 1
339 1
161
1 1
2 1
3 171
4 1
5 1
8 1
12 1
13 1
15 1
16 1
17 1
18 1
22 1
28 1
29 1
30 1
31 1
32 1
35 1
37 1
38 1
44 1
50 1
51 1
53 1
57 1
58 1
59 1
60 1
61 1
63 1
64 1
66 1
67 1
70 1
71 1
74 1
75 1
76 1
77 1
78 1
81 1
82 1
83 1
85 1
87 1
88 1
94 1
96 1
97 1
99 1
102 1
104 1
106 1
108 1
109 1
110 1
111 1
114 1
117 1
118 1
119 1
121 1
125 1
133 1
135 1
137 1
138 1
141 1
142 1
143 1
145 1
146 1
148 1
155 1
156 1
158 1
159 1
163 1
165 1
167 1
170 1
172 1
175 1
177 1
178 1
182 1
183 1
184 1
186 1
189 1
191 1
192 1
193 1
195 1
197 1
200 1
203 1
204 1
205 1
207 1
213 1
215 1
221 1
224 1
227 1
231 1
235 1
236 1
238 1
239 1
240 1
241 1
244 1
245 1
246 1
247 1
248 1
253 1
254 1
258 1
260 1
263 1
264 1
265 1
267 1
273 1
274 1
276 1
278 1
279 1
282 1
283 1
285 1
286 1
288 1
289 1
292 1
293 1
294 1
295 1
297 1
299 1
302 1
303 1
305 1
306 1
307 1
309 1
310 1
312 1
315 1
318 1
319 1
321 1
322 1
323 1
327 1
329 1
330 1
331 1
165
1 1
2 184
7 1
8 1
11 1
12 1
15 1
16 1
18 1
19 1
20 1
21 1
23 1
26 1
27 1
28 1
31 1
32 1
33 1
36 1
37 1
38 1
39 1
42 1
43 1
47 1
48 1
53 1
54 1
56 1
58 1
61 1
65 1
68 1
70 1
72 1
73 1
74 1
76 1
82 1
84 1
86 1
88 1
94 1
100 1
101 1
103 1
106 1
109 1
111 1
113 1
114 1
115 1
116 1
122 1
123 1
125 1
127 1
128 1
129 1
130 1
131 1
134 1
136 1
138 1
140 1
143 1
148 1
149 1
150 1
153 1
158 1
160 1
163 1
164 1
165 1
166 1
167 1
172 1
174 1
175 1
177 1
178 1
179 1
180 1
184 1
190 1
191 1
194 1
195 1
196 1
198 1
201 1
202 1
203 1
204 1
205 1
206 1
207 1
208 1
209 1
210 1
215 1
217 1
221 1
222 1
225 1
229 1
230 1
231 1
232 1
233 1
239 1
242 1
244 1
247 1
249 1
252 1
254 1
260 1
264 1
267 1
271 1
272 1
273 1
274 1
277 1
278 1
280 1
281 1
282 1
287 1
288 1
291 1
292 1
293 1
295 1
296 1
300 1
301 1
302 1
303 1
304 1
308 1
311 1
313 1
314 1
317 1
320 1
322 1
323 1
324 1
326 1
327 1
331 1
334 1
337 1
338 1
340 1
341 1
342 1
343 1
345 1
346 1
347 1
139
1 1
2 1
3 184
4 1
8 1
11 1
12 1
13 1
16 1
17 1
18 1
21 1
24 1
26 1
27 1
28 1
29 1
31 1
33 1
34 1
37 1
38 1
40 1
41 1
42 1
45 1
47 1
48 1
49 1
50 1
51 1
52 1
55 1
56 1
57 1
61 1
64 1
66 1
71 1
78 1
79 1
80 1
85 1
86 1
87 1
89 1
90 1
92 1
93 1
100 1
103 1
104 1
108 1
109 1
110 1
112 1
117 1
119 1
120 1
122 1
126 1
130 1
131 1
133 1
136 1
137 1
139 1
141 1
142 1
143 1
146 1
149 1
151 1
153 1
155 1
161 1
163 1
164 1
165 1
171 1
175 1
176 1
177 1
178 1
181 1
186 1
187 1
189 1
197 1
200 1
201 1
202 1
203 1
204 1
208 1
209 1
214 1
215 1
216 1
217 1
218 1
220 1
221 1
223 1
229 1
232 1
239 1
240 1
241 1
242 1
248 1
254 1
259 1
263 1
264 1
267 1
268 1
275 1
278 1
279 1
280 1
283 1
284 1
285 1
286 1
293 1
294 1
296 1
297 1
298 1
301 1
302 1
303 1
304 1
307 1
309 1
311 1
317 1
321 1
151
1 185
2 1
3 1
8 1
13 1
15 1
16 1
17 1
20 1
22 1
25 1
26 1
30 1
31 1
32 1
40 1
45 1
47 1
49 1
52 1
54 1
55 1
60 1
62 1
66 1
67 1
69 1
73 1
76 1
77 1
78 1
81 1
83 1
85 1
88 1
89 1
90 1
92 1
93 1
95 1
97 1
98 1
105 1
107 1
110 1
111 1
112 1
115 1
118 1
120 1
123 1
126 1
129 1
133 1
134 1
136 1
137 1
144 1
145 1
146 1
147 1
149 1
152 1
153 1
155 1
156 1
157 1
162 1
166 1
167 1
170 1
171 1
172 1
174 1
175 1
178 1
181 1
182 1
183 1
184 1
186 1
187 1
188 1
189 1
190 1
192 1
197 1
198 1
201 1
202 1
204 1
205 1
208 1
209 1
214 1
217 1
218 1
219 1
222 1
223 1
227 1
230 1
233 1
234 1
238 1
241 1
242 1
247 1
251 1
253 1
254 1
255 1
257 1
259 1
260 1
263 1
266 1
268 1
269 1
270 1
272 1
275 1
277 1
280 1
281 1
282 1
283 1
285 1
288 1
290 1
291 1
292 1
294 1
297 1
302 1
304 1
306 1
307 1
308 1
309 1
312 1
313 1
314 1
315 1
316 1
324 1
325 1
326 1
327 1
329 1
334 1
169
1 1
2 161
3 1
7 1
8 1
10 1
13 1
15 1
16 1
17 1
20 1
21 1
24 1
25 1
27 1
34 1
35 1
37 1
40 1
41 1
42 1
43 1
44 1
46 1
49 1
51 1
53 1
54 1
55 1
57 1
59 1
63 1
68 1
71 1
72 1
73 1
78 1
79 1
80 1
83 1
85 1
86 1
88 1
89 1
90 1
98 1
100 1
101 1
102 1
105 1
108 1
112 1
115 1
118 1
120 1
122 1
126 1
127 1
129 1
132 1
135 1
136 1
138 1
139 1
141 1
145 1
146 1
147 1
150 1
152 1
153 1
155 1
159 1
160 1
161 1
163 1
165 1
166 1
168 1
172 1
174 1
175 1
176 1
177 1
180 2
182 1
183 1
184 1
185 1
186 1
187 1
189 1
193 1
195 1
196 1
200 1
201 1
205 1
206 1
207 1
209 1
210 1
211 1
213 1
215 1
217 1
218 1
222 1
223 1
225 1
227 1
229 1
230 1
235 1
236 1
239 1
240 1
242 1
243 1
244 1
247 1
248 1
249 1
250 1
252 1
259 1
260 1
264 1
265 1
269 1
271 1
272 1
273 1
275 1
277 1
278 1
281 1
283 1
285 1
287 1
288 1
290 1
291 1
292 1
294 1
295 1
296 1
297 1
300 1
301 1
302 1
305 1
307 1
308 1
309 1
310 1
311 1
312 1
313 1
314 1
318 1
320 1
321 1
322 1
325 1
327 1
328 1
329 1
330 1
185
1 145
2 1
4 1
5 1
6 1
8 1
9 1
10 1
13 1
15 1
17 1
18 1
21 1
22 1
23 1
25 1
26 1
28 1
30 1
33 1
34 1
35 1
36 1
37 1
41 1
42 1
44 1
45 1
46 1
49 1
50 1
51 1
52 1
53 1
58 1
59 1
60 1
62 1
63 1
64 1
65 1
66 1
68 1
70 1
71 1
72 1
73 1
75 1
76 1
78 1
82 1
83 1
84 1
85 1
86 1
87 1
89 1
91 1
95 1
96 1
98 1
102 1
104 1
105 1
108 1
109 1
110 1
111 1
112 1
116 1
118 1
119 1
121 1
122 1
123 1
124 1
125 1
128 1
129 1
132 1
133 1
137 1
138 1
139 1
140 1
142 1
145 1
146 1
147 1
148 1
150 1
152 1
153 1
156 1
157 1
158 1
159 1
161 1
162 1
164 1
165 1
169 1
170 1
172 2
176 1
178 1
179 1
180 1
181 1
182 1
184 1
186 1
188 1
189 1
190 1
191 1
192 1
195 1
199 1
201 1
202 1
203 1
205 1
212 1
213 1
214 1
215 1
216 1
218 1
220 1
221 1
222 1
226 1
227 1
228 1
231 1
233 1
235 1
236 1
239 1
240 1
243 1
248 1
249 1
254 1
255 1
257 1
258 1
259 1
260 1
261 1
264 1
271 1
272 1
273 1
274 1
275 1
277 1
279 1
281 1
284 1
287 1
288 1
289 1
290 1
296 1
297 1
298 1
302 1
305 1
306 1
307 1
314 1
315 1
316 1
318 1
319 1
320 1
322 1
323 1
324 1
325 1
326 1
327 1
329 1
209
1 105
2 5
4 1
5 1
6 1
7 1
8 1
9 1
10 1
11 1
13 1
15 1
16 1
17 1
18 1
20 1
21 1
22 1
23 1
25 1
26 1
27 1
28 1
29 1
31 1
32 1
33 1
35 4
37 1
38 1
39 1
40 1
41 1
43 1
44 1
45 1
48 1
50 1
51 1
53 1
55 1
57 1
58 1
60 1
61 1
62 1
65 1
67 1
68 1
70 1
73 1
75 1
76 1
77 1
78 1
79 1
80 1
84 1
87 1
95 1
97 1
98 1
99 1
100 1
101 1
103 1
104 1
106 1
107 1
109 1
110 1
113 1
114 1
116 1
117 1
119 1
120 1
121 1
122 1
124 1
125 1
126 1
128 1
129 1
130 1
131 1
132 1
134 1
135 1
136 1
138 1
140 1
141 1
142 1
143 1
145 1
146 1
148 1
149 1
150 1
153 1
155 1
157 1
158 1
159 1
160 1
161 1
162 1
164 1
168 1
170 1
171 1
172 1
176 1
179 1
180 1
181 1
182 1
183 1
184 1
185 1
187 1
191 1
193 1
194 1
197 1
198 1
199 1
200 1
201 3
203 1
204 1
205 1
206 1
207 1
209 1
212 1
213 1
214 1
215 1
217 1
219 1
220 1
221 1
222 1
223 1
224 1
225 1
227 1
228 1
229 1
230 1
232 1
233 1
234 1
235 1
237 1
240 1
241 1
242 1
243 1
246 1
247 1
248 1
250 1
251 1
255 1
256 1
257 1
258 1
260 1
261 1
262 1
263 1
265 1
266 1
267 1
268 1
269 1
271 1
277 1
279 1
281 1
282 1
283 1
284 1
285 1
287 1
289 1
293 1
294 1
296 1
297 1
298 1
300 1
301 1
302 1
305 1
306 1
307 1
308 1
311 1
312 1
314 1
315 1
317 1
319 1
321 1
322 1
145
1 1
2 1
3 173
5 1
6 1
7 1
8 1
10 1
11 1
13 1
16 1
17 1
19 1
25 1
27 1
28 1
32 1
34 1
35 1
40 1
41 1
42 1
43 1
45 1
46 1
47 1
48 1
49 1
50 1
55 1
56 1
57 1
59 1
61 1
63 1
65 1
66 1
67 1
69 1
71 1
75 1
77 1
79 1
80 1
85 1
94 1
98 1
99 1
100 1
101 1
102 1
103 1
105 1
106 1
107 1
109 1
111 1
112 1
113 1
119 1
120 1
124 1
125 1
135 1
136 1
137 1
138 1
140 1
141 1
142 1
143 1
145 1
146 1
148 1
151 1
156 1
160 1
161 1
166 1
168 1
169 1
173 1
180 1
182 1
183 1
186 1
187 1
189 1
191 1
192 1
197 1
200 1
205 1
206 1
207 1
208 1
209 1
210 1
214 1
215 1
218 1
220 1
221 1
224 1
226 1
230 1
235 1
239 1
240 1
244 1
246 1
253 1
254 1
255 1
256 1
257 1
258 1
259 1
260 1
261 1
262 1
263 1
265 1
266 1
268 1
269 1
270 1
275 1
279 1
280 1
281 1
283 1
292 1
294 1
297 1
299 1
301 1
302 1
303 1
305 1
306 1
308 1
309 1
310 1
316 1
136
1 1
2 193
4 1
11 1
12 1
15 1
17 1
19 1
23 1
29 1
30 1
32 1
34 1
35 1
38 3
41 1
44 1
46 1
52 1
55 1
59 1
63 1
66 1
68 1
73 1
75 1
79 1
85 1
88 1
89 1
92 1
95 1
98 1
104 1
109 1
113 1
120 1
122 1
128 1
129 1
133 1
134 1
138 1
141 1
143 1
144 1
145 1
146 1
149 1
152 1
153 1
157 1
158 1
159 1
163 1
167 1
168 1
172 1
173 1
178 1
180 1
182 1
185 1
186 1
187 1
190 1
192 1
195 1
196 1
197 1
198 1
200 1
202 1
205 1
207 1
213 1
214 1
216 1
218 1
220 1
221 1
222 1
223 1
225 1
226 1
228 1
232 1
234 1
235 1
237 1
240 1
242 1
245 1
247 1
253 1
256 1
258 1
262 1
263 1
266 1
267 1
268 1
271 1
273 1
274 1
275 1
276 1
278 1
279 1
280 1
284 1
285 1
287 1
290 1
292 1
293 1
294 1
297 1
298 1
300 1
301 1
302 1
303 1
306 1
307 1
308 1
309 1
310 1
311 1
316 1
317 1
318 1
319 1
322 1
325 1
328 1
158
1 173
2 1
6 1
7 1
8 1
10 1
13 1
14 1
16 1
18 1
19 1
22 1
25 1
26 1
27 1
28 1
29 1
34 1
36 1
37 1
38 1
40 1
41 1
43 1
47 1
49 1
53 1
55 1
56 1
57 1
58 1
60 1
61 1
62 1
64 1
67 1
68 1
70 1
74 1
75 1
76 1
79 1
82 1
84 1
85 1
88 1
89 1
93 1
94 1
99 1
101 1
102 1
104 1
106 1
108 1
110 1
112 1
113 1
114 1
119 1
120 1
122 1
124 1
125 1
126 1
127 1
129 1
130 1
132 1
136 1
150 2
151 1
152 1
153 1
156 1
157 1
158 1
159 1
163 1
165 1
170 1
174 1
178 1
181 1
182 1
184 1
185 1
186 1
188 1
192 1
193 1
194 1
195 1
197 1
198 1
199 1
202 1
203 1
204 1
206 1
208 1
210 1
213 1
216 1
218 1
220 1
221 1
225 1
230 1
231 1
235 1
237 1
238 1
239 1
242 1
243 1
247 1
248 1
255 1
257 1
258 1
259 1
260 1
261 1
265 1
267 1
269 1
272 1
274 1
275 1
276 1
277 1
279 1
280 1
282 1
283 1
284 1
285 1
286 1
290 1
291 1
292 1
296 1
299 1
307 1
308 1
314 1
315 1
317 1
320 1
323 1
324 1
325 1
326 1
327 1
328 1
330 1
331 1
169
1 160
2 1
3 1
4 1
5 1
6 1
7 1
8 1
10 1
11 1
14 1
15 1
17 1
18 1
20 1
22 1
24 1
25 1
26 1
31 1
34 1
35 1
37 1
38 1
40 1
41 1
42 1
47 1
48 1
53 1
54 1
56 1
57 1
59 1
61 1
62 1
64 1
65 1
66 1
67 1
70 1
71 1
73 1
74 1
75 1
76 1
79 1
82 1
83 1
84 1
88 1
89 1
91 1
93 1
94 1
96 1
97 1
98 1
100 1
102 1
103 1
104 1
107 1
108 1
112 1
113 1
114 1
115 1
116 1
120 1
122 1
124 1
125 1
127 1
128 1
129 1
131 1
133 1
134 1
135 1
137 1
140 1
141 1
142 1
143 1
145 1
147 1
148 1
151 1
152 3
156 1
159 1
160 1
161 1
162 1
163 1
166 1
168 1
169 1
170 1
171 1
172 1
173 1
177 1
178 1
179 1
183 1
185 1
190 1
191 1
192 1
196 1
199 1
200 1
201 1
203 1
208 1
214 1
215 1
216 1
218 1
219 1
221 1
226 1
227 1
228 1
229 1
232 1
233 1
238 1
239 1
240 1
241 1
242 1
243 1
248 1
249 1
253 1
254 1
260 1
263 1
264 1
265 1
267 1
269 1
272 1
274 1
277 1
281 1
283 1
288 1
289 1
291 1
295 1
296 1
298 1
299 1
303 1
306 1
309 1
311 1
314 1
317 1
318 1
320 1
322 1
323 1
328 1
330 1
137
1 199
3 1
9 1
10 1
20 1
23 1
25 1
28 1
31 1
32 1
36 1
43 1
46 1
48 1
50 1
51 1
53 1
55 1
57 1
58 1
60 1
63 1
64 1
68 1
69 1
70 1
71 1
80 1
83 1
86 1
90 1
91 1
95 1
96 1
97 1
98 1
101 1
102 1
104 1
107 1
112 1
116 1
121 1
124 1
127 1
129 1
130 1
131 1
132 1
137 1
138 1
141 1
143 1
146 1
147 1
148 1
149 1
150 1
154 1
156 1
157 1
163 1
165 1
174 1
181 1
182 1
185 1
187 1
188 1
190 1
193 1
197 1
198 1
201 1
204 1
205 1
206 1
207 1
209 1
212 1
213 1
214 1
215 1
220 1
221 1
224 1
225 1
226 1
228 1
230 1
238 1
242 1
244 1
245 1
246 1
248 1
251 1
254 1
256 1
262 1
266 1
268 1
269 1
270 1
275 1
276 1
278 1
279 1
280 1
283 1
285 1
286 1
287 1
288 1
289 1
293 1
294 1
295 1
298 1
299 1
300 1
303 1
306 1
311 1
313 1
314 1
315 1
319 1
321 1
323 1
324 1
325 1
327 1
328 1
330 1
331 1
332 1
163
1 1
2 1
3 157
4 1
5 1
8 1
9 1
10 1
14 1
16 1
18 1
27 1
28 1
30 1
31 1
32 1
33 1
36 1
37 1
38 1
39 1
40 1
46 1
48 1
49 1
50 1
54 1
57 1
58 1
60 1
62 1
67 1
68 1
71 1
76 1
79 1
80 1
81 1
83 1
84 1
89 1
95 1
96 1
98 1
99 1
100 1
102 1
103 1
104 1
105 1
108 1
110 1
112 1
113 1
114 1
115 1
118 1
119 1
121 1
123 1
124 1
128 1
129 1
131 1
132 1
135 1
139 1
142 1
143 1
144 1
152 1
158 1
159 1
162 1
167 1
170 1
171 1
172 1
174 1
175 1
179 1
181 1
182 1
186 1
187 1
188 1
189 1
190 1
191 1
196 1
198 1
200 1
202 1
204 1
205 1
209 1
212 1
218 1
219 1
220 1
221 1
222 1
224 1
225 1
227 1
229 1
230 1
231 1
234 1
235 1
236 1
237 1
238 1
244 1
245 1
247 1
248 1
249 1
250 1
252 1
253 1
256 1
257 1
259 1
262 1
263 1
264 1
265 1
267 1
269 1
270 1
271 1
272 1
273 1
274 1
275 1
276 1
278 1
280 1
281 1
283 1
284 1
285 1
290 1
291 1
292 1
295 1
297 1
298 1
301 1
302 1
303 1
304 1
305 1
306 1
307 1
310 1
312 1
313 1
314 1
315 1
316 1
319 1
135
1 1
2 177
4 1
12 1
16 1
23 1
26 1
27 1
29 1
30 1
39 1
44 1
45 1
46 1
47 1
50 1
53 1
54 1
56 1
57 1
58 1
60 1
62 1
63 1
66 1
67 1
69 1
71 1
73 1
79 1
80 1
81 1
82 1
83 1
85 1
86 1
87 1
89 1
90 1
91 1
92 1
95 1
99 1
100 1
102 1
104 1
106 1
109 1
110 1
113 1
117 1
118 1
119 1
120 1
121 1
122 1
125 1
127 1
129 1
130 1
134 1
135 1
136 1
137 1
139 1
141 1
142 1
143 1
144 1
145 1
146 1
147 1
148 1
149 1
150 1
151 1
154 1
155 1
156 1
161 1
163 1
166 1
173 1
174 1
176 1
178 1
189 1
193 1
196 1
198 1
199 1
200 1
205 1
208 1
209 1
219 1
222 1
223 1
224 1
225 1
227 1
228 1
230 1
231 1
236 1
237 1
238 1
240 1
242 1
245 1
247 1
248 1
249 1
251 1
252 1
255 1
258 1
260 1
263 1
264 1
268 1
272 1
273 1
277 1
278 1
282 1
286 1
287 1
290 1
298 1
301 1
303 1
304 1
306 1
307 1
121
1 183
2 1
10 1
11 1
15 1
17 1
18 1
22 1
26 1
27 1
29 1
30 1
33 1
35 1
37 1
39 1
46 1
47 1
48 1
50 1
51 1
55 1
56 1
57 1
61 1
65 1
69 1
70 1
72 1
73 1
78 1
82 1
90 1
91 1
93 1
94 1
95 1
98 1
101 1
113 1
117 1
118 1
119 1
122 1
123 1
124 1
131 1
135 1
140 1
145 1
148 1
150 1
151 1
152 1
155 1
156 1
157 1
164 1
168 1
169 1
171 1
173 1
174 1
175 1
177 1
179 1
180 1
185 1
188 1
189 1
192 1
195 1
200 1
201 1
202 1
204 1
205 1
207 1
210 1
214 1
217 1
221 1
225 1
226 1
227 1
229 1
232 1
233 1
236 1
238 1
239 1
243 1
244 1
245 1
247 1
250 1
251 1
252 1
254 1
259 1
261 1
264 1
265 1
266 1
268 1
270 1
271 1
273 1
274 1
276 1
278 1
279 1
283 1
289 1
292 1
294 1
296 1
297 1
298 1
299 1
300 1
156
1 192
2 1
3 1
5 1
11 1
12 1
14 1
15 1
19 1
22 1
24 1
25 1
26 1
27 1
32 1
33 1
34 1
39 1
40 1
42 1
45 1
46 1
47 1
51 1
54 1
55 1
58 1
65 1
68 1
70 1
71 1
72 1
73 1
74 1
76 1
83 1
84 1
91 1
97 1
99 1
101 1
102 1
103 1
108 1
109 1
111 1
113 1
118 1
120 1
121 1
126 1
127 1
128 1
132 1
133 1
134 1
135 1
137 1
139 1
140 1
143 1
145 1
146 1
148 1
149 1
150 1
152 1
158 1
160 1
163 1
165 1
168 1
169 1
170 1
173 1
175 1
177 1
179 3
180 1
184 1
187 1
188 1
190 1
192 1
195 1
196 1
198 1
199 1
200 1
201 1
202 1
204 1
206 1
210 1
211 1
214 1
219 1
221 1
223 1
225 1
226 1
230 1
234 1
235 1
236 1
238 1
240 1
246 1
249 1
253 1
258 1
260 1
262 1
265 1
266 1
268 1
275 1
276 1
277 1
282 1
283 1
284 1
288 1
290 1
291 1
293 1
294 1
295 1
298 1
300 1
301 1
302 1
309 1
310 1
311 1
314 1
315 1
316 1
318 1
319 1
320 1
323 1
325 1
326 1
328 1
329 1
330 1
332 1
334 1
336 1
339 1
342 1
343 1
344 1
347 1
348 1
161
1 169
3 1
4 1
6 1
7 1
10 1
13 1
15 1
17 1
18 1
19 1
20 1
22 1
24 1
25 1
26 1
27 1
30 1
33 1
34 1
35 1
36 2
37 1
38 1
39 1
40 1
43 1
45 1
48 1
49 1
51 1
52 1
59 1
63 1
64 1
66 1
67 1
68 1
69 1
70 1
74 1
75 1
76 1
84 1
87 1
94 1
96 1
97 1
98 1
100 1
101 1
104 1
105 1
107 1
108 1
109 1
110 1
111 1
112 1
118 1
119 1
120 1
122 1
124 1
125 1
128 1
129 1
133 1
134 1
137 1
139 1
142 1
144 1
145 1
146 1
149 1
153 1
156 1
157 1
158 1
160 1
161 1
162 1
163 1
165 1
167 1
170 1
173 1
174 1
175 1
180 1
182 1
183 1
184 1
187 1
191 1
193 1
194 1
195 1
196 1
201 1
205 1
206 1
210 1
212 1
216 1
218 1
219 1
220 1
221 1
223 1
224 1
225 1
226 1
228 1
233 1
235 1
237 1
239 1
240 1
247 1
248 1
250 1
252 1
255 1
256 1
257 1
262 1
263 1
265 1
267 1
269 1
270 1
271 1
274 1
275 1
280 1
281 1
282 1
286 1
288 1
289 1
290 1
291 1
294 1
296 1
297 1
298 1
299 1
305 1
306 1
313 1
315 1
317 1
319 1
321 1
325 1
326 1
327 1
328 1
330 1
172
1 150
3 1
4 1
5 1
6 1
7 1
8 1
9 1
11 1
13 1
14 1
15 1
17 1
18 1
20 1
22 1
25 1
27 1
28 1
30 1
32 1
34 1
35 1
36 1
41 1
44 1
45 1
46 1
47 1
48 1
53 1
55 1
56 1
57 1
59 1
60 1
61 1
62 1
64 1
65 1
68 1
69 1
70 1
71 1
72 1
73 1
76 1
78 1
83 1
84 1
85 1
88 1
92 1
96 1
99 1
101 1
105 1
106 1
107 1
111 1
114 1
115 1
116 1
118 1
121 1
122 1
123 1
125 1
126 1
129 1
130 1
132 1
133 1
136 1
138 1
141 1
146 1
147 1
148 1
149 1
150 1
151 1
152 1
156 1
161 1
162 1
163 1
164 1
166 1
168 1
169 1
171 1
172 1
173 1
175 1
176 1
179 1
181 1
183 1
184 1
185 1
186 1
189 1
192 1
193 1
194 1
196 1
197 1
201 1
204 1
208 1
209 1
211 1
212 1
213 1
215 1
218 1
221 1
223 1
224 1
225 1
227 1
228 1
229 1
233 1
234 1
235 1
236 1
238 1
240 1
241 1
243 1
245 1
248 1
250 1
251 1
253 1
260 1
263 1
264 1
265 1
267 1
269 1
270 1
271 1
273 1
277 1
282 1
283 1
284 1
285 1
286 1
290 1
293 1
294 1
296 1
298 1
301 1
302 1
304 1
305 1
306 1
308 1
309 1
312 1
314 1
315 1
316 1
317 1
318 1
319 1
320 1
153
1 164
3 1
7 1
8 1
10 1
11 1
12 1
14 1
15 1
16 1
22 1
27 1
28 1
29 1
33 1
35 1
36 1
37 1
41 1
42 1
43 1
44 1
46 1
48 1
49 1
52 1
54 1
57 1
60 1
61 1
64 1
66 1
68 1
69 1
71 1
73 1
77 1
80 1
81 1
83 1
88 1
89 1
90 1
91 1
92 1
93 1
95 1
99 1
103 1
105 1
108 1
112 1
116 1
117 1
118 1
121 1
125 1
126 1
127 1
129 1
130 1
131 1
133 1
135 1
137 1
138 1
140 1
141 1
142 1
143 1
144 1
145 1
146 1
147 1
150 1
151 1
153 1
156 1
158 1
160 1
162 1
163 1
166 1
168 1
173 1
174 1
178 1
180 1
182 1
186 1
187 1
188 1
192 1
193 1
194 1
196 1
199 1
200 1
201 1
202 1
204 1
209 1
210 1
211 1
213 1
214 1
215 1
216 1
217 1
218 1
219 1
226 1
230 1
232 1
234 1
235 1
236 1
237 1
238 1
239 1
240 1
241 1
245 1
247 1
252 1
254 1
255 1
259 1
261 1
262 1
263 1
271 1
277 1
282 1
283 1
284 1
288 1
291 1
292 1
293 1
294 1
295 1
297 1
298 1
299 1
306 1
308 1
309 1
310 1
311 1
312 1
315 1
316 1
156
1 1
2 1
3 152
4 1
6 1
7 1
8 1
13 1
14 1
16 1
17 1
18 1
19 1
21 1
24 1
25 1
28 1
30 1
32 1
34 1
37 1
38 1
39 1
40 1
42 1
44 1
45 1
46 1
48 1
50 1
51 1
52 1
53 1
54 1
58 1
63 1
66 1
68 1
69 1
70 1
72 1
74 1
76 1
78 1
79 1
80 1
82 1
85 1
86 1
89 1
95 1
96 1
98 1
100 1
106 1
110 1
111 1
113 1
114 1
115 1
116 1
117 1
120 1
121 1
122 1
123 1
124 1
125 1
126 1
130 1
131 1
133 1
134 1
137 1
138 1
141 1
142 1
143 1
149 1
153 1
155 1
156 1
157 1
158 1
164 1
165 1
168 1
169 1
178 1
181 1
182 1
184 1
189 1
190 1
191 1
192 1
193 1
194 1
196 1
197 1
199 1
200 1
203 1
204 1
205 1
209 1
211 1
212 1
214 1
215 1
219 1
220 1
221 1
222 1
225 1
227 1
228 1
231 1
233 1
235 1
237 1
239 1
240 1
242 1
243 1
244 1
245 1
246 1
247 1
250 1
252 1
257 1
258 1
259 1
261 1
262 1
263 1
267 1
269 1
270 1
273 1
274 1
276 1
277 1
278 1
279 1
281 1
284 1
285 1
289 1
296 1
297 1
298 1
301 1
304 1
306 1
146
1 190
3 1
4 1
6 1
9 1
11 1
12 1
15 1
22 1
23 1
24 1
27 1
29 1
30 1
31 1
33 1
34 1
38 1
41 1
46 1
48 1
52 1
53 1
57 1
61 1
62 1
64 1
65 1
66 1
70 1
75 1
76 1
77 1
79 1
84 1
85 1
86 1
87 1
94 1
98 1
100 1
103 1
108 1
109 1
111 1
112 1
115 1
117 1
122 1
123 1
127 1
128 1
129 1
132 1
133 1
134 1
138 1
141 1
142 1
149 1
151 1
153 1
155 1
156 1
157 1
161 1
162 1
167 1
170 1
171 1
172 1
173 1
176 1
178 1
179 1
182 1
184 1
185 1
186 1
188 1
190 1
191 1
196 1
197 1
200 1
202 1
203 1
206 1
207 1
210 1
214 1
216 1
217 1
218 1
219 1
223 1
225 1
227 1
229 1
231 1
240 1
241 1
245 1
247 1
248 1
249 1
251 1
254 1
255 1
258 1
263 1
265 1
266 1
271 1
273 1
275 1
276 1
280 1
281 1
282 1
283 1
284 1
286 1
287 1
288 1
289 1
297 1
300 1
301 1
305 1
306 1
307 1
309 1
310 1
311 1
312 1
316 1
320 1
323 1
324 1
327 1
329 1
330 1
332 1
333 1
335 1
124
1 185
3 1
4 1
9 1
11 1
13 1
15 1
17 1
18 1
20 1
23 1
25 1
26 1
28 1
30 1
34 1
35 1
37 1
44 1
46 1
50 1
52 1
56 1
61 1
62 1
65 1
67 1
72 1
74 1
76 1
77 1
80 1
84 1
86 1
88 1
89 1
90 1
94 1
95 1
100 1
103 1
104 1
109 1
110 1
111 1
117 1
118 1
119 1
123 1
129 1
136 1
137 1
138 1
139 1
140 1
142 1
147 1
149 1
153 1
155 1
156 1
157 1
158 1
160 1
161 1
163 1
165 1
167 1
173 1
175 1
180 1
183 1
188 1
189 1
202 1
207 1
210 1
214 1
215 1
217 1
219 1
220 1
223 1
225 1
227 1
230 1
234 1
235 1
236 1
237 1
238 1
240 1
242 1
243 1
244 1
247 1
248 1
249 1
251 1
252 1
254 1
256 1
258 1
268 1
270 1
273 1
277 1
280 1
282 1
284 1
285 1
287 1
288 1
289 1
292 1
294 1
295 1
296 1
300 1
302 1
303 1
305 1
306 1
307 1
157
1 1
2 1
3 1
4 1
5 191
9 1
10 1
13 1
15 1
18 1
20 1
22 1
26 1
29 1
42 1
43 1
47 1
48 1
49 1
52 1
54 1
56 1
57 1
59 1
65 1
67 1
69 1
71 1
72 1
73 1
79 1
83 1
84 1
85 1
87 1
89 1
90 1
94 1
96 1
97 1
98 1
99 1
100 1
106 1
107 1
110 1
112 1
114 1
115 1
117 1
118 1
121 1
122 1
126 1
127 1
128 1
130 1
134 1
136 1
138 1
143 1
144 1
145 1
147 1
150 1
153 1
159 1
161 1
163 1
164 1
165 1
166 1
167 1
171 1
173 1
174 1
180 1
181 1
184 1
187 1
188 1
193 1
195 1
197 1
199 1
201 1
202 1
204 1
206 1
208 1
211 1
212 1
213 1
215 1
217 1
221 1
224 1
226 1
228 1
229 1
230 1
231 1
232 1
235 1
236 1
237 1
238 1
240 1
244 1
245 1
246 1
247 1
248 1
250 1
251 1
253 1
254 1
257 1
265 1
272 1
273 1
274 1
275 1
276 1
277 1
284 1
285 1
286 1
287 1
290 1
291 1
293 1
296 1
298 1
300 1
302 1
305 1
306 1
309 1
310 1
312 1
313 1
316 1
319 1
320 1
324 1
326 1
327 1
329 1
331 1
337 1
339 1
343 1
344 1
345 1
346 1
347 1
147
1 1
2 157
3 1
4 1
5 1
9 1
12 1
13 1
14 1
16 1
19 1
20 1
23 1
24 1
26 1
27 1
30 1
31 1
32 1
33 1
37 1
39 1
41 1
45 1
54 1
56 1
59 1
62 1
65 1
69 1
72 1
73 1
74 1
75 1
78 1
79 1
80 1
83 1
84 1
85 1
87 1
89 1
91 1
92 1
93 1
94 1
96 1
97 1
98 1
104 1
106 1
108 1
109 1
111 1
112 1
113 1
119 1
121 1
122 1
124 1
127 2
128 1
130 1
132 1
133 1
134 1
137 1
138 1
140 1
141 1
142 1
143 1
144 1
145 2
146 1
147 1
149 1
150 1
151 1
152 1
156 1
160 1
161 1
162 1
167 1
170 1
173 1
175 1
178 1
179 1
180 1
181 1
182 1
185 1
187 1
192 1
193 1
195 1
197 1
201 1
209 1
210 1
214 1
216 1
217 1
218 1
219 1
220 1
221 1
224 1
225 1
226 1
232 1
233 1
234 1
236 1
237 1
240 1
241 1
242 1
243 1
244 1
246 1
249 1
250 1
254 1
255 1
256 1
258 1
260 1
262 1
263 1
264 1
269 1
280 1
281 1
285 1
286 1
288 1
289 1
290 1
291 1
293 1
294 1
296 1
298 1
305 1
151
1 175
2 1
4 1
6 1
7 1
9 1
15 1
17 1
19 1
20 1
24 1
26 1
31 1
32 1
33 1
34 1
35 1
36 1
37 1
38 1
40 1
42 1
45 1
49 1
50 1
51 1
56 1
58 1
61 1
62 1
63 1
64 1
69 1
71 1
72 1
74 1
76 1
77 1
78 2
79 1
81 1
82 1
84 1
88 1
89 1
92 1
93 1
95 1
98 1
100 1
101 1
110 1
112 1
115 1
118 1
120 1
122 1
125 1
126 1
127 1
128 1
129 1
131 1
133 1
134 1
135 1
139 1
142 1
143 1
145 1
146 1
147 1
148 1
150 1
153 1
154 1
158 1
159 1
166 1
167 1
168 1
169 1
171 1
175 1
176 1
180 1
183 1
185 1
190 1
192 1
194 1
196 1
202 1
204 1
206 1
207 1
209 1
213 1
218 1
219 1
221 1
222 1
223 1
224 1
226 1
228 1
232 1
233 1
235 1
236 1
238 1
246 1
247 1
248 1
249 1
253 1
255 1
259 1
260 1
261 1
262 1
263 1
265 1
266 1
267 1
268 1
269 1
270 1
273 1
274 1
279 1
281 1
286 1
291 1
294 1
295 1
297 1
302 1
303 1
304 1
305 1
306 1
307 1
308 1
309 1
311 1
315 1
319 1
320 1
321 1
323 1
153
1 174
2 1
3 1
9 1
10 1
11 1
12 1
14 1
15 1
19 1
21 1
24 1
27 1
30 1
32 1
36 1
37 1
43 1
45 1
46 1
49 1
50 1
56 1
62 1
64 1
67 1
68 1
74 1
75 1
76 1
78 1
79 1
80 1
81 1
82 1
83 1
87 1
88 1
92 1
95 1
96 1
97 1
98 1
100 1
102 1
104 1
105 1
106 1
107 1
109 1
110 1
113 1
117 1
121 1
124 1
125 1
126 1
128 1
129 1
130 1
131 1
133 1
135 1
136 1
139 1
142 1
143 1
144 1
145 1
146 1
147 1
148 1
150 1
151 1
152 1
155 1
157 1
161 1
165 1
167 1
169 1
171 1
172 1
173 1
174 1
175 1
176 1
178 1
181 1
183 1
184 1
185 1
187 1
189 1
190 1
194 1
195 1
196 1
197 1
199 1
200 1
210 1
211 1
213 1
214 1
215 1
217 1
221 1
222 1
223 1
225 1
226 1
228 1
229 1
230 1
231 1
234 1
235 1
237 1
243 1
244 1
247 1
250 1
253 1
256 1
258 1
261 1
262 1
264 1
265 1
266 1
273 1
276 1
277 1
278 1
279 1
280 1
282 1
284 1
292 1
293 1
299 1
301 1
302 1
304 1
307 1
308 1
310 1
317 1
319 1
320 1
322 1
323 1
