119
1 1
2 1
3 1
4 1
5 2
6 1
7 1
8 1
9 1
10 53
14 1
15 1
16 1
18 1
19 1
21 1
22 1
24 1
27 1
28 1
29 1
30 1
31 1
32 1
33 1
34 1
35 1
36 1
38 1
39 1
41 1
42 1
44 1
47 1
48 1
51 1
52 1
53 1
54 1
55 1
56 1
57 1
59 1
60 1
61 1
62 1
63 1
64 1
65 1
66 1
67 1
68 1
69 1
70 1
71 1
72 1
73 1
74 1
75 2
77 1
78 1
80 1
81 1
82 1
83 1
86 1
87 1
88 1
91 1
92 1
95 1
96 1
97 1
98 1
99 1
100 1
101 1
105 1
106 1
108 1
110 1
111 1
118 1
125 1
126 1
127 1
128 1
129 1
130 1
131 1
132 1
133 1
135 1
136 1
139 1
140 1
141 1
142 1
143 1
144 1
146 1
147 1
149 1
150 1
154 1
156 1
158 1
160 1
161 1
162 1
164 1
165 1
166 1
168 1
169 1
170 1
171 1
172 1
173 1
177
1 1
2 1
3 1
4 1
5 1
6 1
7 1
8 1
9 1
10 1
11 1
12 1
13 1
14 4
15 1
16 1
17 1
18 1
19 1
20 1
21 1
22 1
23 1
24 1
25 1
26 1
27 1
28 1
29 1
30 2
31 1
32 1
33 1
34 1
35 1
36 1
37 1
38 1
39 1
40 2
41 1
42 1
43 1
45 1
46 1
47 1
48 1
49 1
50 1
51 1
52 1
53 1
54 1
55 1
56 1
57 1
58 1
59 1
60 1
61 1
62 1
63 1
64 1
65 1
66 1
67 1
68 1
69 1
70 1
71 1
72 1
73 1
74 1
75 1
76 1
77 1
78 1
79 1
80 1
81 1
82 1
83 1
84 1
85 1
86 1
87 1
88 1
89 1
90 1
91 1
92 1
93 1
94 1
95 1
96 1
97 1
98 1
99 1
100 1
101 1
102 1
103 1
104 1
105 1
106 1
107 1
109 1
110 1
111 1
112 1
113 1
114 1
115 1
116 1
117 1
118 1
119 1
120 1
121 1
122 1
123 1
124 1
125 1
126 1
127 1
128 1
129 1
130 1
131 1
132 1
133 1
134 1
135 1
136 1
137 1
138 1
139 1
140 1
141 1
142 1
143 1
144 1
145 1
146 2
147 1
148 1
149 1
150 1
151 1
152 1
153 1
154 1
155 1
157 1
158 1
159 1
160 1
161 1
162 1
163 1
164 1
165 1
166 1
167 1
168 1
169 1
170 1
172 1
173 1
174 1
175 1
177 1
178 1
179 1
180 1
181 1
182 1
162
1 1
2 34
3 1
4 1
6 1
7 1
8 1
9 1
11 1
12 1
13 1
14 1
15 1
17 1
18 2
19 1
20 1
21 1
22 1
23 1
24 1
25 1
26 1
28 1
30 1
31 1
32 1
33 1
34 1
35 1
36 1
37 1
38 1
39 1
40 1
41 1
42 1
44 1
45 1
46 1
47 1
48 1
49 1
50 1
51 1
52 1
53 1
54 1
55 1
56 1
57 1
59 1
60 1
62 1
63 1
64 1
67 1
68 1
69 1
70 1
71 1
72 1
73 1
74 1
75 1
76 1
77 1
78 1
79 1
82 1
83 1
84 1
85 1
86 1
87 1
88 1
89 1
90 1
92 1
94 1
95 1
96 1
99 1
101 1
102 1
103 1
104 1
105 1
106 1
107 1
108 1
109 1
110 1
111 1
113 1
114 1
115 1
116 1
117 1
118 1
120 1
121 1
122 1
123 1
124 1
125 1
126 1
127 1
128 1
129 1
130 1
131 1
133 1
134 1
135 1
136 1
137 1
140 1
141 1
142 1
144 1
145 1
147 1
149 1
151 1
152 1
153 1
154 1
155 1
157 1
158 1
159 1
160 1
161 1
162 1
163 1
165 1
166 1
167 1
168 1
169 1
171 1
173 1
174 1
176 1
177 1
178 1
179 1
181 1
182 1
183 1
184 1
185 1
187 1
188 1
189 1
190 1
191 1
192 1
193 1
194 1
195 1
147
1 1
2 1
3 24
4 1
5 1
6 1
7 1
8 1
9 1
10 1
11 1
12 1
13 1
14 1
15 1
16 1
17 1
18 1
19 1
21 1
22 1
23 1
24 1
25 1
26 1
28 1
30 1
31 1
32 1
33 1
34 1
35 1
36 1
37 1
38 1
39 1
40 1
43 1
44 1
45 1
46 1
47 1
48 1
49 1
50 1
51 1
52 1
53 1
55 1
56 1
57 1
58 1
59 1
60 1
61 1
62 1
63 1
64 1
65 1
67 1
69 1
70 1
71 1
72 1
73 1
74 1
75 1
76 1
77 1
78 1
79 1
80 1
81 1
82 1
83 1
84 1
85 1
86 1
87 1
89 1
90 1
91 1
92 1
93 1
95 1
96 1
97 1
98 1
99 1
101 1
102 1
104 1
105 1
106 1
107 1
108 1
110 1
113 1
114 1
115 1
117 1
119 1
120 1
122 1
123 1
124 1
125 1
126 1
127 1
128 1
129 1
130 1
131 1
132 1
133 1
134 1
135 1
136 1
137 1
138 1
140 1
141 1
142 1
143 1
144 1
145 1
146 1
148 1
149 1
150 1
151 1
152 1
153 1
154 1
155 1
156 1
157 1
159 1
160 1
161 1
162 1
163 1
165 1
167 1
168 1
169 1
170 1
160
1 1
2 1
3 33
4 3
5 1
6 1
8 1
9 1
11 1
12 1
13 1
14 1
15 1
16 1
17 1
19 1
20 1
21 1
22 1
23 1
25 1
26 1
28 1
30 1
31 1
32 1
33 1
34 1
35 1
36 1
37 1
39 1
40 1
41 1
43 1
44 1
46 1
47 1
50 1
51 1
52 1
53 1
54 1
55 1
56 1
57 1
58 1
59 1
60 1
63 1
64 1
65 1
66 1
67 1
68 1
71 1
72 1
73 1
74 1
76 1
77 1
78 1
80 1
81 1
82 1
84 1
86 1
87 1
88 1
89 1
90 1
91 1
92 1
93 1
94 1
95 1
96 1
97 1
98 1
99 1
100 1
101 1
102 1
104 1
105 1
106 1
109 1
111 1
112 1
113 1
116 1
117 1
118 1
119 1
120 1
121 1
122 1
123 1
125 1
127 1
128 1
129 1
130 1
131 1
132 1
133 1
135 1
136 1
137 1
139 1
140 1
141 1
142 1
143 1
144 1
145 1
147 1
149 1
150 1
151 1
152 1
153 1
154 1
155 1
156 1
157 1
158 1
159 1
160 1
161 1
162 1
163 1
164 1
166 1
167 1
168 1
169 1
170 1
171 1
172 1
173 1
174 1
175 1
176 1
177 1
179 1
180 1
181 1
182 1
183 1
184 1
185 1
186 1
187 1
188 1
189 1
191 1
192 1
193 1
194 1
124
1 49
3 1
4 1
8 1
9 1
10 1
12 1
14 1
15 1
17 1
19 1
20 1
22 1
23 1
25 1
26 1
28 1
30 2
32 1
33 1
34 1
35 1
37 1
38 1
39 1
40 1
42 1
44 1
46 1
47 1
48 1
49 1
50 1
51 1
52 1
53 1
55 3
56 1
57 1
59 1
60 1
62 1
64 1
67 1
68 1
69 1
70 1
72 1
73 1
74 1
75 1
76 1
77 1
79 2
80 1
81 1
82 1
85 1
86 1
87 1
88 1
89 1
90 1
92 1
95 1
96 1
97 1
99 1
100 1
104 1
106 1
108 1
110 1
111 1
112 1
114 1
115 1
116 1
117 1
120 1
121 1
122 1
123 1
124 1
125 1
126 1
127 1
128 1
130 1
131 1
132 1
134 1
135 1
136 1
137 1
138 1
139 1
140 1
141 1
142 1
144 1
145 1
146 1
148 1
151 1
152 1
153 1
154 1
157 1
159 1
160 1
161 1
162 1
163 1
164 1
165 1
166 1
168 1
171 1
172 1
173 1
174 1
175 1
176 1
166
1 1
2 3
3 1
4 1
5 1
6 1
7 1
8 1
9 1
10 1
11 1
12 1
13 1
14 1
15 1
16 1
17 1
18 1
19 1
20 1
21 1
22 1
23 1
24 1
25 1
26 1
27 1
28 1
29 1
30 1
31 1
32 1
33 1
34 1
36 1
37 1
38 1
39 1
40 1
41 1
42 1
43 1
44 1
45 1
46 3
47 1
48 1
49 1
51 1
52 1
53 1
54 1
55 1
56 1
57 1
58 1
59 1
60 1
61 1
62 2
63 1
64 1
65 1
66 1
67 1
68 1
69 1
71 1
72 1
73 1
74 1
75 1
76 1
77 1
78 1
79 1
80 1
81 1
82 1
83 1
84 1
85 1
86 1
87 1
89 1
90 1
91 1
92 1
93 1
94 1
95 1
96 1
97 1
98 1
99 1
100 1
101 1
102 1
103 1
104 1
105 1
106 1
107 1
108 1
109 1
110 1
111 1
112 1
113 1
114 1
115 1
116 1
117 1
118 1
119 1
120 1
121 1
122 1
123 1
124 1
125 1
126 1
127 1
128 1
129 1
130 1
131 1
132 1
133 1
134 1
135 1
136 1
137 1
138 1
139 1
140 1
141 1
142 1
143 1
144 1
145 1
146 1
147 1
148 1
149 1
150 1
151 1
152 1
153 1
154 1
155 1
156 1
157 1
158 1
159 1
160 1
161 1
162 1
163 1
164 1
165 1
166 1
167 1
169 1
170 1
171 1
107
1 1
2 1
3 1
4 1
5 31
6 1
8 1
9 1
10 1
11 1
12 1
14 1
15 1
16 1
17 1
18 1
19 1
20 1
21 1
23 1
24 1
25 1
26 1
28 1
29 1
30 1
31 1
32 1
34 1
35 1
36 1
37 1
38 1
40 1
41 1
42 1
43 1
44 1
45 1
46 1
47 1
48 1
50 1
51 1
52 1
56 1
57 1
58 1
59 1
61 1
63 1
64 1
65 1
66 1
67 1
68 1
70 1
71 1
72 1
73 1
74 1
76 1
79 1
80 1
81 1
84 1
86 1
87 1
88 1
89 1
90 1
91 1
92 1
93 1
94 1
95 1
96 1
97 1
98 1
100 1
101 1
102 1
103 1
104 1
105 1
107 1
109 1
110 1
113 1
114 1
115 1
116 1
117 1
118 1
119 1
122 1
123 1
124 1
127 1
129 1
130 1
131 1
132 1
133 1
134 1
136 1
137 1
104
1 1
2 1
3 33
4 1
6 1
7 1
8 1
10 1
11 1
12 1
13 1
14 1
15 1
16 1
17 1
18 1
19 1
20 1
21 1
22 1
23 1
24 1
25 1
26 1
28 1
29 1
30 1
33 1
35 1
36 1
37 1
38 1
39 1
40 1
41 1
42 1
43 1
44 1
45 1
46 1
48 1
50 1
51 1
52 1
53 1
55 1
56 1
58 1
59 1
60 1
61 1
62 1
63 1
64 1
65 1
67 1
69 1
70 1
72 1
73 1
75 1
76 1
77 1
79 1
81 1
83 1
85 1
86 1
87 1
88 1
89 1
90 1
92 1
93 1
94 1
95 1
97 1
98 1
99 1
101 1
102 1
104 1
105 1
106 1
108 1
109 1
110 1
112 1
113 1
114 1
115 1
117 1
118 1
120 1
121 1
125 1
126 1
127 1
128 1
129 1
130 1
131 1
132 1
133 1
89
1 1
2 4
3 1
4 1
5 1
6 13
7 1
8 1
9 1
11 1
12 1
13 1
15 1
16 1
17 1
18 1
19 1
20 1
21 1
22 1
23 1
24 1
25 1
27 1
29 1
30 1
31 1
32 1
33 1
34 1
35 1
37 1
38 1
39 1
40 1
41 1
43 1
44 1
46 1
47 1
48 1
49 1
50 1
51 1
52 1
53 1
54 1
55 1
56 1
57 1
59 1
60 1
61 1
62 1
64 1
65 1
67 1
68 1
69 1
70 1
71 1
72 1
75 1
76 1
78 1
79 1
80 1
81 1
82 1
83 1
86 1
87 1
88 1
89 1
90 1
91 1
92 1
93 1
94 1
95 1
96 1
97 1
98 1
99 1
100 1
101 1
102 1
103 1
104 1
138
1 1
2 1
3 1
4 1
5 1
6 27
8 1
9 1
10 1
12 1
13 1
15 1
16 1
18 1
19 1
20 1
21 1
23 1
24 1
25 1
26 1
27 1
28 1
30 1
31 1
33 1
34 1
35 1
37 1
39 1
40 1
41 1
42 1
43 1
44 1
45 1
46 5
47 1
48 1
50 1
51 1
52 1
53 1
54 1
57 1
59 1
60 1
61 1
62 1
65 1
66 1
67 1
68 1
69 1
70 1
71 1
74 1
75 1
77 1
78 1
80 1
81 1
82 1
83 1
84 1
85 1
86 1
88 1
89 1
91 1
93 1
94 1
95 1
96 1
97 1
98 1
99 1
101 1
102 1
103 1
104 1
105 1
106 1
108 1
110 1
111 1
112 1
113 1
114 1
115 1
116 1
117 1
118 1
119 1
120 1
121 1
122 1
123 1
125 1
126 1
127 1
128 1
129 1
131 1
132 1
133 1
134 1
135 1
136 1
137 1
138 1
139 1
140 1
141 1
142 1
143 1
144 1
145 1
146 1
147 1
148 1
149 1
151 1
152 1
153 1
154 1
155 1
156 1
157 1
158 1
159 1
160 1
161 1
162 1
163 1
164 1
167 1
168 1
163
1 1
2 1
3 1
4 13
5 1
6 1
7 1
8 1
9 1
10 1
11 1
12 1
13 1
14 1
15 1
16 1
17 1
18 1
19 1
20 1
22 1
23 1
24 1
25 1
26 1
28 1
29 1
30 1
31 1
32 1
33 1
34 1
35 1
36 1
37 1
38 1
39 1
40 1
41 1
42 1
43 1
44 1
46 1
47 1
48 1
49 1
52 1
53 1
54 1
55 1
56 1
58 1
59 1
60 1
61 1
62 1
63 1
64 1
65 1
66 1
67 1
68 1
69 1
70 1
71 1
72 1
73 1
77 1
78 1
79 1
80 1
81 1
82 1
83 1
84 1
85 1
87 1
88 1
89 1
90 1
91 1
92 1
93 1
94 1
95 1
96 1
97 1
98 1
100 1
101 1
102 1
103 1
104 1
105 1
106 1
107 1
108 1
109 1
110 1
111 1
112 1
113 1
114 1
115 1
116 1
117 1
118 1
119 1
120 1
121 1
122 1
123 1
124 1
125 1
126 1
127 1
128 1
129 1
130 1
131 1
132 1
133 1
134 1
135 1
136 1
137 1
138 1
139 1
140 1
141 1
142 1
143 1
144 1
145 1
146 1
148 1
149 1
150 1
151 1
152 1
153 1
154 1
155 1
156 1
157 1
158 1
159 1
160 1
161 1
162 1
163 1
164 1
165 1
166 1
167 1
168 1
169 1
170 1
171 1
172 1
173 1
174 1
175 1
152
1 1
2 1
3 1
4 1
5 1
6 1
7 1
8 1
9 1
10 1
11 1
12 1
13 1
14 1
15 1
16 1
17 1
18 1
19 1
20 1
21 6
22 1
23 1
24 2
25 1
26 1
27 1
28 1
29 1
30 1
31 1
33 1
34 1
35 3
36 1
37 1
38 1
39 1
40 1
41 1
43 1
44 1
45 1
46 1
48 1
49 1
50 1
51 1
52 1
53 1
54 1
55 1
56 1
57 1
58 1
59 1
60 1
61 1
62 1
63 1
64 1
65 1
66 1
67 1
68 1
69 1
70 1
71 1
72 1
73 1
74 1
75 1
76 1
77 1
79 1
80 1
81 1
82 1
83 1
84 1
85 1
86 1
87 1
88 1
89 1
90 1
91 1
92 1
93 1
94 1
95 1
96 1
97 1
98 1
99 1
100 1
102 1
103 1
104 1
105 1
106 1
108 1
109 1
110 1
111 1
112 1
113 1
114 1
115 1
116 1
117 1
118 1
119 1
120 1
121 1
122 1
123 1
124 1
125 1
126 1
127 1
128 1
129 1
130 1
131 1
132 1
134 1
135 1
136 1
137 1
138 1
139 1
140 1
141 1
142 1
143 1
144 1
145 1
146 1
147 1
148 1
149 1
150 1
151 1
152 1
153 1
154 1
155 1
156 1
157 1
158 1
160 1
126
1 1
2 1
3 1
4 1
5 49
6 1
7 1
8 1
9 1
10 1
11 1
12 1
13 1
14 1
16 1
17 1
20 1
21 1
22 1
23 1
24 1
25 1
26 1
27 1
29 1
30 1
31 1
34 1
35 1
37 1
39 1
40 1
42 1
43 1
46 1
47 1
48 1
50 1
51 1
54 1
55 1
56 1
57 1
58 1
59 1
60 1
62 1
63 1
64 1
65 1
66 1
67 1
68 1
69 1
71 1
72 1
73 1
74 1
75 1
77 1
78 1
82 1
83 1
85 1
86 1
87 1
88 1
89 1
90 1
91 1
93 1
95 1
96 1
97 1
98 1
99 1
101 1
102 1
105 1
108 1
109 1
110 1
112 1
113 1
114 1
115 1
117 1
120 1
121 1
124 1
125 1
126 1
128 1
129 1
130 1
131 1
132 1
136 1
138 1
139 1
141 1
142 1
144 1
145 1
146 1
147 1
148 1
149 1
151 1
152 1
155 1
156 1
157 1
158 1
159 1
161 1
162 1
164 1
165 1
166 1
168 1
169 1
170 1
172 1
173 1
174 1
120
1 1
2 26
3 2
4 1
5 1
6 1
7 1
8 1
9 1
10 1
11 1
12 1
13 1
15 1
17 1
18 1
20 1
21 1
22 1
23 1
24 1
26 1
27 1
28 1
29 1
30 1
31 1
32 1
33 1
34 1
35 1
36 1
37 1
38 1
40 1
41 1
42 1
43 1
45 4
46 1
47 1
48 1
49 1
50 1
51 1
52 1
53 1
54 1
55 1
56 1
57 1
58 1
59 1
60 1
62 1
63 1
64 1
65 1
67 1
69 1
70 1
71 1
73 1
75 1
76 1
77 1
78 1
79 1
80 1
82 1
84 1
85 1
86 1
87 1
88 1
89 1
90 2
91 1
92 1
95 1
97 1
99 1
100 1
101 1
103 1
104 1
105 1
106 1
110 1
111 1
113 1
114 1
115 1
116 1
117 1
118 1
119 1
120 1
121 1
122 1
124 1
125 1
126 1
127 1
130 1
131 1
132 1
133 1
134 1
136 1
137 1
140 1
141 1
143 1
145 1
146 1
147 1
148 1
149 1
150 1
113
1 1
2 43
4 1
5 1
6 1
8 1
9 1
10 1
12 1
13 1
14 1
16 1
17 1
18 1
19 1
21 1
22 1
23 1
24 1
26 1
27 1
28 1
29 1
30 1
31 1
34 1
35 1
36 1
37 1
38 1
39 1
41 1
42 1
43 1
44 1
46 1
47 1
48 1
50 1
51 1
52 1
53 1
55 1
56 1
57 1
58 1
59 1
60 1
61 1
62 1
64 1
65 1
66 1
67 1
70 1
71 1
73 1
74 1
76 1
78 1
79 1
80 1
81 1
84 1
85 1
87 1
88 1
89 1
92 1
93 1
94 1
95 1
96 1
99 1
100 1
101 1
102 1
103 1
104 1
105 1
106 1
110 1
111 1
112 1
113 1
114 1
115 1
116 1
117 1
119 1
120 1
121 1
122 1
123 1
124 1
125 1
126 1
133 1
134 1
136 1
138 1
139 1
140 1
142 1
143 1
144 1
145 1
146 1
150 1
151 1
153 1
154 1
155 1
110
1 33
2 1
3 1
6 1
7 1
9 4
11 1
12 1
13 1
14 1
16 1
17 1
18 1
19 1
20 1
21 1
22 1
23 1
24 1
25 1
26 1
27 1
28 1
29 1
30 1
31 1
32 1
35 1
36 1
37 1
38 1
39 1
40 1
41 1
42 1
43 1
44 1
46 1
48 1
50 1
51 1
52 1
53 1
54 1
59 1
60 1
63 1
64 1
65 1
66 1
69 1
70 1
71 1
72 1
73 1
74 1
75 1
76 1
77 1
78 1
79 1
82 1
84 1
85 1
86 1
87 1
89 1
90 1
93 1
94 1
95 1
96 1
97 1
98 1
99 1
100 1
101 1
102 1
103 1
104 1
105 1
106 1
107 1
109 1
111 1
112 1
114 1
115 1
116 1
117 1
118 1
119 1
121 1
123 1
124 1
125 1
127 1
128 1
129 1
130 1
132 1
135 1
136 1
137 1
138 1
140 1
141 1
142 1
143 1
145 1
187
1 1
2 1
3 1
4 1
5 1
6 1
7 1
8 1
9 1
10 1
11 1
12 1
13 1
14 1
15 1
16 1
17 1
18 1
19 1
20 1
21 1
22 1
23 1
24 1
25 1
26 1
27 1
28 1
29 3
30 1
31 1
32 1
33 1
34 1
35 1
36 1
37 1
38 1
39 1
40 1
41 1
42 1
43 1
44 1
45 1
46 1
47 1
48 1
49 1
50 5
51 1
52 1
53 4
54 1
55 1
56 1
57 1
59 1
60 1
61 1
62 1
63 1
64 1
65 1
66 1
67 1
68 1
69 1
70 1
71 1
72 1
73 1
74 1
75 1
76 1
77 1
78 1
79 1
80 1
81 1
82 1
83 1
84 1
85 1
86 1
87 1
88 1
89 1
90 1
91 1
92 1
93 1
94 1
95 1
97 1
98 1
99 1
100 1
101 1
102 1
103 1
104 1
105 1
106 1
107 2
108 1
109 1
110 1
111 1
112 1
113 1
115 1
116 1
117 1
118 1
119 1
120 1
121 1
122 1
123 1
125 1
126 1
127 1
128 1
129 1
130 1
131 1
132 1
133 1
134 1
135 1
136 1
138 1
139 1
140 1
141 1
142 1
143 1
144 1
145 1
146 1
147 1
148 1
149 1
150 1
151 1
152 1
153 1
154 1
155 1
156 1
157 1
158 1
159 1
160 1
161 1
162 1
163 1
164 1
165 1
166 1
167 1
168 1
169 1
170 1
171 1
172 1
173 1
174 1
175 1
176 1
179 1
180 1
182 1
183 1
184 1
185 1
186 1
187 1
188 1
189 1
190 1
193 1
194 1
195 1
196 1
197 1
92
1 1
2 24
3 1
4 1
5 1
6 1
7 1
8 3
9 1
11 1
12 1
13 1
14 1
15 1
16 1
17 1
18 1
19 2
20 1
21 1
22 1
23 1
24 1
25 1
26 1
27 1
29 1
31 1
32 1
33 1
34 1
35 1
37 1
39 1
41 1
42 1
43 1
44 1
46 1
47 1
48 1
51 1
52 1
53 1
54 1
58 1
59 1
61 1
62 1
63 1
65 1
66 1
67 1
69 1
71 1
72 1
73 1
74 1
75 1
76 1
78 1
79 1
80 1
81 1
83 1
85 1
87 1
88 1
90 1
91 1
93 1
94 1
95 1
97 1
99 1
100 1
101 1
102 1
103 1
104 1
107 1
108 1
109 1
110 1
111 1
112 1
113 1
114 1
115 1
116 1
117 1
118 1
120
1 1
2 1
3 17
4 1
6 1
7 1
8 3
9 1
10 5
11 1
12 1
13 1
14 1
16 1
17 3
18 1
19 1
20 1
21 1
22 1
23 1
24 1
25 1
26 1
27 1
28 1
29 1
30 1
31 1
32 1
33 2
34 1
36 1
38 1
41 1
43 1
44 1
45 1
46 1
47 1
48 1
49 1
50 1
51 1
52 2
53 1
54 1
56 1
57 1
58 1
59 1
60 1
61 1
64 1
65 1
66 1
67 1
68 1
69 1
71 1
73 1
75 1
76 1
77 1
78 1
79 1
80 1
81 1
82 1
83 1
84 1
85 1
86 1
87 1
88 1
89 1
91 1
93 1
94 1
97 1
98 1
99 1
101 1
102 1
103 1
104 1
106 1
107 1
108 1
109 1
110 1
111 1
112 1
113 1
114 1
115 1
116 1
118 1
120 1
121 1
124 1
125 1
126 1
128 1
129 1
130 1
131 1
132 1
133 1
134 1
135 1
137 1
138 1
139 1
140 1
142 1
143 1
144 1
145 1
146 1
73
1 1
2 1
3 1
4 47
5 1
9 1
10 1
12 1
13 1
14 1
18 1
20 1
21 1
23 1
24 1
25 1
26 1
30 1
31 1
32 1
35 1
36 1
37 1
40 1
44 1
47 1
48 1
49 1
50 1
51 1
52 1
53 1
54 1
55 1
56 1
61 1
62 1
63 1
65 1
66 1
67 1
69 1
71 1
73 1
75 1
77 1
78 1
79 1
81 1
83 1
84 1
85 1
86 1
88 1
89 1
91 1
93 1
95 1
96 1
98 1
99 1
102 1
104 1
105 1
106 1
107 1
110 1
112 1
113 1
116 1
117 1
118 1
119 1
142
1 56
2 1
5 1
7 1
8 1
9 1
10 1
11 1
12 1
13 1
14 1
16 1
17 1
18 1
19 1
21 1
22 1
23 1
24 1
25 1
28 1
30 1
31 1
32 1
34 1
35 1
36 1
38 1
39 1
41 1
42 1
43 1
44 1
45 1
46 1
47 1
48 1
50 1
51 1
52 1
53 1
54 1
56 1
57 1
58 1
60 1
61 1
62 1
63 1
64 1
66 1
67 1
68 1
69 1
70 1
71 1
73 1
76 1
79 1
80 1
81 1
83 1
86 1
87 1
91 1
92 1
93 1
94 1
96 1
97 1
98 1
99 1
100 1
101 1
103 1
104 1
105 1
106 1
107 1
108 1
109 1
110 1
111 1
112 1
113 1
114 1
116 1
117 1
118 1
119 1
120 1
121 1
122 1
123 1
124 1
125 1
126 1
127 1
128 1
131 1
133 1
134 1
136 1
137 1
138 1
141 1
148 1
149 1
150 1
152 1
153 1
154 1
155 1
158 1
159 1
160 1
161 1
162 1
163 1
164 1
165 1
166 1
167 1
168 1
169 1
172 1
173 1
174 1
178 1
179 1
182 1
183 1
185 1
186 1
187 1
189 1
190 1
191 1
192 1
193 1
195 1
197 1
116
1 1
2 23
4 1
6 1
7 1
8 1
11 1
12 1
13 1
14 9
15 1
16 1
18 1
19 1
20 1
21 1
23 1
24 1
25 1
27 1
29 1
30 1
31 1
33 1
34 1
35 1
36 1
37 1
38 1
39 1
40 1
41 1
42 1
43 1
44 1
46 1
47 1
48 1
49 1
50 1
51 1
52 1
53 1
54 1
55 1
56 1
58 1
59 1
63 1
64 1
65 1
66 1
67 1
68 1
69 1
70 1
71 1
72 1
73 1
74 1
75 1
76 1
77 1
78 1
79 1
81 1
82 1
85 1
88 1
89 1
90 1
91 1
94 1
95 1
96 1
98 1
99 1
100 1
101 1
102 1
104 1
106 1
107 1
108 1
110 1
111 1
112 1
113 1
114 1
115 1
116 1
117 1
118 1
119 1
120 1
121 1
122 1
123 1
124 1
126 1
127 1
128 1
129 1
130 1
131 1
132 1
133 1
134 1
136 1
137 1
138 1
139 1
143 1
144 1
145 1
146 1
97
1 1
2 1
3 1
4 1
5 1
6 1
7 1
8 16
9 1
10 1
11 1
12 1
13 1
14 1
16 1
17 1
19 1
20 1
21 1
22 1
24 1
26 1
27 1
28 1
29 1
30 1
31 1
32 1
33 1
34 3
35 1
36 1
37 1
38 1
40 1
41 1
42 1
43 1
45 1
46 1
47 1
49 1
50 1
51 1
52 1
53 1
55 1
56 1
57 1
59 1
60 1
61 1
62 1
63 1
64 1
66 1
67 1
68 1
69 1
70 1
72 1
73 1
74 1
75 1
77 1
79 1
80 1
81 1
82 1
83 1
85 1
86 1
87 1
88 1
89 1
90 1
91 1
93 1
94 1
96 1
97 1
98 1
99 1
101 1
102 1
103 1
104 1
105 1
106 1
107 1
108 1
109 1
110 1
111 1
112 1
113 1
114 1
155
1 1
2 1
3 1
4 1
5 1
6 1
7 1
8 1
9 1
10 25
11 1
12 1
13 4
14 1
15 1
16 4
18 1
20 1
22 1
23 1
24 1
26 1
27 5
28 1
29 1
30 1
32 1
33 5
34 1
35 1
37 1
38 1
39 1
41 1
42 1
43 1
45 1
46 1
47 1
48 1
49 1
50 1
51 1
52 1
53 1
54 1
56 1
58 1
59 1
60 1
61 1
62 1
63 1
64 1
65 1
67 1
68 1
69 1
70 1
71 1
72 1
73 1
74 2
75 1
77 1
78 1
79 1
80 1
81 1
82 1
84 1
85 1
88 1
89 1
90 1
91 1
92 1
93 1
95 1
97 1
98 1
100 1
101 1
102 1
103 1
105 1
106 1
107 1
108 1
109 1
110 1
111 1
112 1
113 1
116 1
117 1
118 1
119 1
120 1
121 1
122 1
123 1
124 1
125 1
126 1
127 1
128 1
129 1
130 1
131 1
132 1
135 1
136 1
137 1
138 1
143 1
144 1
145 1
146 1
147 1
148 1
149 1
151 1
153 1
154 1
155 1
156 1
157 1
159 1
160 1
161 1
162 1
165 1
166 1
167 1
170 1
171 1
172 1
174 1
175 1
176 1
177 1
178 1
180 1
182 1
183 1
184 1
185 1
186 1
187 1
188 1
189 1
191 1
193 1
194 1
183
1 1
2 1
3 1
4 1
5 1
6 1
7 1
8 1
9 1
10 1
11 1
12 1
13 1
14 1
15 1
16 1
17 1
18 16
19 1
20 1
21 1
22 1
23 1
24 1
25 1
26 1
27 1
28 1
29 1
30 1
31 1
32 1
33 1
34 1
35 1
36 1
37 1
38 1
39 1
40 1
41 1
42 1
43 1
44 1
45 1
47 1
48 1
50 1
51 1
52 1
54 1
56 1
57 1
58 1
59 1
60 1
61 1
62 1
63 1
64 1
65 1
66 1
67 1
68 1
69 1
70 1
71 1
72 1
73 1
74 1
75 1
76 1
77 1
78 1
79 1
80 1
81 1
82 1
83 1
84 1
85 1
87 1
88 1
89 1
90 1
91 1
92 1
95 1
96 1
97 1
98 1
99 1
101 1
102 1
104 1
105 1
106 1
107 1
108 1
109 1
110 1
111 1
112 1
113 1
114 1
115 1
116 1
117 1
118 1
119 1
121 1
122 1
123 1
125 1
126 1
127 1
128 1
129 1
130 1
131 1
132 1
133 1
135 1
136 1
137 1
138 1
139 1
140 1
141 1
142 1
143 1
145 1
146 1
147 1
148 1
149 1
150 1
151 1
152 1
153 1
154 1
155 1
156 1
157 1
158 1
159 1
160 1
162 1
163 1
164 1
165 1
166 1
167 1
168 1
169 1
170 1
171 1
172 1
173 1
174 1
175 1
176 1
177 1
178 1
179 1
180 1
181 1
182 1
183 1
184 1
186 1
187 1
188 1
189 1
190 1
191 1
192 1
193 1
194 1
195 1
196 1
197 1
198 1
105
1 1
2 1
3 16
4 1
5 8
6 1
7 1
8 1
9 1
10 1
11 1
12 1
13 1
14 1
15 1
17 1
18 1
20 1
21 1
22 1
23 1
24 1
25 1
27 1
28 1
29 1
30 1
31 1
32 1
33 1
34 1
35 1
36 1
38 1
41 1
42 1
43 1
44 1
45 1
46 1
48 1
49 1
50 1
51 1
52 1
53 1
54 1
55 1
56 1
57 1
58 1
61 1
62 1
64 1
65 1
66 1
67 1
68 1
69 1
70 1
71 1
72 1
75 1
76 1
77 1
78 1
79 1
80 1
81 2
83 1
85 1
86 1
87 1
90 1
91 1
93 1
96 1
97 1
98 1
99 1
101 1
102 1
103 1
105 1
106 1
107 1
108 1
109 1
110 1
111 1
112 1
113 1
114 1
115 1
116 1
117 1
118 1
119 1
120 1
121 1
122 1
123 1
124 1
125 1
128 1
129
1 1
2 1
3 1
4 1
5 1
6 1
7 1
8 1
9 1
10 1
11 1
12 1
13 1
14 1
15 1
16 3
17 1
18 1
19 1
20 1
21 1
22 1
23 1
24 1
25 1
26 1
27 1
28 1
29 1
31 1
32 1
33 1
34 1
35 1
36 1
37 1
38 1
39 1
40 1
41 1
42 1
43 2
44 1
45 1
46 1
47 1
48 1
49 1
50 1
51 1
52 1
53 1
54 1
55 1
56 1
57 1
58 1
59 1
60 1
61 1
62 1
63 1
64 1
65 1
66 1
67 1
68 1
69 1
70 1
71 2
72 1
73 1
74 1
75 1
76 1
77 1
78 1
79 1
80 1
81 1
82 1
83 1
84 1
85 1
86 1
87 1
88 1
89 1
91 1
92 1
93 1
94 1
95 1
96 1
97 1
98 1
99 1
100 1
101 1
102 1
103 1
104 1
105 1
106 1
107 1
108 1
109 1
110 1
111 1
113 1
114 1
115 1
116 1
117 1
118 1
119 2
120 1
121 1
123 1
124 1
125 1
127 1
128 1
129 1
130 1
131 1
132 1
133 1
134 1
121
1 1
2 1
3 33
4 1
5 1
6 1
7 1
8 1
9 1
10 1
12 1
17 1
18 1
20 1
21 1
24 1
25 1
26 1
27 1
28 1
29 1
31 1
32 1
34 1
35 1
36 1
37 1
38 1
39 1
40 1
41 1
43 1
46 1
47 1
48 1
49 1
50 1
51 1
52 1
54 1
55 1
56 3
57 1
58 1
59 1
60 1
61 1
62 1
63 1
64 1
66 1
67 1
68 1
69 1
70 1
71 1
72 1
73 1
74 1
75 1
76 1
77 1
78 1
80 1
81 1
82 1
84 1
86 1
87 1
88 1
89 1
90 1
91 1
94 1
95 1
96 1
97 1
98 1
99 1
101 1
102 1
103 1
104 1
105 1
106 1
107 1
108 1
109 1
110 1
111 1
112 1
113 1
114 1
116 1
117 1
118 1
119 1
120 1
121 1
123 1
125 1
127 1
128 1
129 1
130 1
133 1
134 1
137 1
139 1
141 1
142 1
143 1
145 1
146 1
147 1
150 1
151 1
152 1
153 1
154 1
155 1
107
1 24
2 1
3 1
4 1
7 1
8 1
9 1
10 1
11 1
13 1
14 1
15 1
17 1
18 1
19 1
20 1
21 1
22 1
24 1
25 1
26 1
27 1
28 1
29 1
30 1
31 1
32 1
34 1
36 1
37 1
38 1
39 1
41 1
42 1
43 1
44 1
45 1
49 1
51 1
52 1
53 1
55 1
56 1
58 1
59 1
60 1
61 1
62 1
64 1
65 1
66 1
67 1
68 1
70 1
71 1
72 1
73 1
74 1
75 1
76 1
77 1
78 1
79 1
80 1
81 1
82 1
84 1
85 1
86 1
88 1
89 1
90 1
91 1
92 1
93 1
94 1
96 1
97 1
98 1
99 1
100 1
101 1
102 1
103 1
104 1
105 1
106 1
107 1
108 1
109 1
111 1
112 1
113 1
114 1
117 1
118 1
119 1
120 1
121 1
122 1
123 1
125 1
126 1
127 1
128 1
129 1
130 1
96
1 1
2 1
3 1
4 1
5 2
6 1
7 1
8 15
9 1
10 1
12 1
13 1
14 1
15 1
16 1
18 1
19 1
20 1
21 1
22 1
23 1
24 1
25 1
26 1
27 1
28 1
29 1
30 1
31 1
32 1
33 1
34 1
35 1
36 1
37 1
38 1
39 1
40 1
41 1
42 1
43 1
44 1
45 1
46 1
47 1
48 1
49 1
50 1
51 1
52 1
54 1
55 1
57 1
58 1
59 1
60 1
61 1
62 1
64 1
65 1
66 1
67 1
68 1
70 1
71 1
72 1
73 1
74 1
77 1
78 1
80 1
83 1
84 1
85 1
86 1
87 1
89 1
90 1
92 1
93 1
94 1
95 1
96 1
97 1
98 1
99 1
100 1
102 1
103 1
104 1
105 1
106 1
107 1
108 1
110 1
111 1
104
1 1
2 1
3 1
4 1
5 1
6 1
7 1
8 1
9 1
10 1
11 1
12 1
13 3
14 1
15 8
16 1
17 1
18 1
19 1
20 1
21 1
22 1
23 1
24 9
25 1
26 1
27 1
28 1
29 1
31 1
32 1
33 1
35 1
37 1
38 1
39 1
40 1
41 1
42 1
43 1
44 1
45 1
46 1
47 1
48 3
49 1
50 1
51 1
52 1
53 1
54 1
56 1
57 1
58 1
59 1
60 1
61 1
62 1
66 1
67 1
68 1
69 1
70 1
71 1
72 1
73 1
74 1
75 1
77 1
78 1
79 1
80 1
81 1
83 1
85 1
86 1
87 1
88 1
89 1
90 1
91 1
92 1
94 1
95 1
97 1
99 1
100 1
101 1
103 1
104 1
105 1
106 1
108 1
109 1
110 1
111 1
113 1
114 1
116 1
119 1
120 1
121 1
122 1
123 1
161
1 19
2 1
3 1
4 1
5 1
6 1
7 1
8 1
9 1
10 13
11 1
12 1
13 1
14 1
15 1
17 1
18 1
19 1
20 1
21 1
22 1
23 1
24 1
26 1
27 1
28 1
29 1
30 1
31 1
32 1
33 1
34 1
35 1
36 1
37 1
39 1
40 1
41 1
42 1
43 1
44 1
46 1
47 1
48 1
49 1
50 1
51 1
52 1
53 1
56 1
57 1
58 1
60 1
61 1
62 1
63 1
65 1
67 1
68 1
69 1
70 1
71 1
74 1
75 1
76 1
78 1
79 1
80 1
81 1
82 1
83 1
86 1
87 1
88 1
90 1
91 1
92 1
93 1
94 1
95 1
96 1
97 1
98 1
99 1
100 1
101 1
103 1
104 1
105 1
106 1
107 1
108 1
109 1
111 1
113 1
114 1
115 1
116 1
117 1
118 1
120 1
121 1
122 1
123 1
124 1
125 1
126 1
127 1
128 1
129 1
130 1
131 1
134 1
135 1
136 1
137 1
138 1
139 1
141 1
142 1
143 1
144 1
145 1
146 1
147 1
148 1
150 1
151 1
152 1
153 1
154 1
155 1
156 1
157 1
158 1
159 1
160 1
161 1
162 1
164 1
166 1
167 1
168 1
169 1
170 1
171 1
172 1
173 1
175 1
177 1
178 1
179 1
180 1
182 1
183 1
184 1
186 1
188 1
189 1
190 1
191 1
99
1 1
2 1
3 1
4 1
5 1
6 1
7 1
8 1
9 1
10 1
11 1
12 1
13 1
14 1
15 1
16 1
17 1
18 1
19 1
20 1
21 1
22 1
23 1
24 1
25 1
26 1
27 1
28 1
29 1
30 1
31 1
32 1
33 1
34 1
35 1
36 1
37 1
38 1
39 1
40 1
41 1
42 1
43 1
44 1
45 1
46 1
47 4
48 1
49 1
50 1
51 1
53 1
54 1
55 1
56 1
57 1
58 1
59 1
61 1
62 1
63 1
64 1
65 1
66 1
67 1
68 1
69 1
70 1
71 1
72 1
73 1
74 1
75 1
76 1
77 1
78 1
79 1
80 1
81 1
82 1
83 1
84 1
85 1
86 1
87 1
88 1
89 1
90 1
91 1
92 1
93 1
94 1
95 1
96 1
97 1
98 1
99 1
100 1
102 1
121
1 1
2 1
3 1
4 1
5 1
6 1
7 1
8 1
9 1
10 1
11 1
12 1
13 1
14 1
15 1
16 2
17 1
18 1
19 1
20 1
21 1
22 1
23 1
24 1
25 1
26 1
27 1
28 1
29 1
30 1
31 1
32 1
33 1
34 1
35 1
36 1
37 1
38 1
39 1
40 1
41 1
42 1
43 1
44 1
45 1
46 1
47 1
48 1
49 1
50 1
51 1
52 1
53 1
54 1
55 1
56 1
57 1
58 1
59 1
60 1
61 1
62 1
63 1
64 1
65 1
66 1
67 1
68 1
69 1
70 1
72 1
73 1
74 1
75 1
76 1
77 1
78 1
79 1
80 1
81 1
82 1
83 1
84 1
85 1
86 1
87 1
88 1
89 1
90 1
91 1
92 1
93 1
94 1
95 1
96 1
97 1
98 1
99 1
100 1
101 1
102 1
103 1
104 1
105 1
106 1
107 1
108 1
109 1
110 1
111 1
112 1
113 1
114 1
115 1
116 1
117 1
118 1
119 1
120 1
121 1
122 1
100
1 1
2 1
3 29
4 1
5 1
6 1
7 1
8 1
9 1
10 1
12 1
13 1
14 1
15 1
16 1
17 1
18 1
19 1
20 1
21 1
22 1
23 1
24 1
25 1
27 1
28 1
31 1
33 1
34 1
35 2
36 1
38 1
40 1
42 1
43 1
44 1
45 1
47 1
48 1
49 1
52 1
54 1
55 1
56 1
58 1
60 1
61 1
62 1
64 1
65 1
66 1
67 1
68 1
69 1
70 1
71 1
72 1
73 1
74 1
76 1
77 1
78 1
79 1
80 1
81 1
82 1
83 1
84 1
86 1
87 1
89 1
90 1
91 1
93 1
94 1
95 1
97 1
98 1
101 1
102 1
103 1
104 1
105 1
107 1
108 1
109 1
110 1
111 1
112 1
113 1
114 1
115 1
119 1
120 1
121 1
122 1
124 1
125 1
127 1
129 1
157
1 1
2 1
3 1
4 35
5 1
6 1
7 1
8 1
9 1
12 1
13 1
14 1
15 1
16 1
17 1
18 1
19 1
20 1
21 6
22 1
23 1
24 1
25 1
26 1
27 1
28 1
31 1
32 1
33 1
34 1
35 1
36 1
37 1
38 1
39 1
41 1
42 1
43 1
45 1
47 1
48 1
49 1
50 1
51 1
54 1
57 1
58 1
60 1
61 1
63 1
65 1
66 1
67 1
68 1
69 1
70 1
71 1
72 1
74 1
75 1
76 1
77 1
79 1
80 1
81 1
83 1
84 1
85 1
86 1
87 1
88 1
89 1
90 1
91 1
92 1
93 1
94 1
95 1
96 1
97 1
98 1
100 1
104 1
105 1
106 1
107 1
108 1
109 1
111 1
112 1
113 1
114 1
115 1
116 1
117 1
118 1
120 1
122 1
123 1
124 1
129 1
130 1
132 1
133 1
136 1
138 1
139 1
140 1
141 1
142 1
143 1
144 1
145 1
146 1
147 1
148 1
149 1
151 1
152 1
153 1
154 1
155 1
156 1
157 1
158 1
159 1
160 1
161 1
162 1
163 1
164 1
165 1
166 1
167 1
168 1
169 1
170 1
171 1
172 1
173 1
175 1
176 1
178 1
179 1
180 1
181 1
182 1
183 1
184 1
185 1
186 1
187 1
188 1
190 1
193 1
194 1
195 1
152
1 2
2 4
3 1
4 1
5 1
6 23
7 2
8 1
9 1
10 1
13 1
15 1
16 1
17 1
19 1
20 1
21 1
23 1
24 1
25 1
26 1
27 1
28 1
29 1
30 1
31 1
32 1
33 1
34 1
35 1
36 1
37 1
38 1
39 1
40 1
41 1
45 1
46 1
47 1
48 1
50 1
51 1
52 1
53 1
54 1
55 1
56 1
57 1
58 1
62 1
63 1
64 1
65 1
67 1
68 1
69 1
70 1
71 1
72 1
73 1
74 1
75 1
76 1
77 1
78 1
79 1
81 1
82 1
83 1
84 1
85 1
86 1
88 1
89 1
90 1
92 1
93 1
94 1
96 1
97 1
98 1
99 1
101 1
102 1
103 1
104 1
105 1
106 1
107 1
108 1
109 1
110 1
111 1
112 1
113 1
114 1
115 1
117 1
118 1
119 1
120 1
121 1
122 1
123 1
124 1
125 1
128 1
129 1
130 1
131 1
132 1
133 1
134 1
135 1
136 1
137 1
138 1
139 1
140 1
141 1
142 1
143 1
144 1
145 1
146 1
147 1
148 1
149 1
150 1
151 1
152 1
153 1
154 1
155 1
156 1
157 1
158 1
162 1
163 1
164 1
165 1
166 1
167 1
170 1
171 1
172 1
173 1
174 1
176 1
177 1
178 1
179 1
128
1 1
2 3
3 1
4 1
5 34
6 1
7 1
9 1
10 1
12 1
16 1
17 1
19 1
20 1
21 1
22 1
25 1
28 1
29 1
30 1
31 1
33 1
34 1
35 1
37 1
38 1
40 1
42 1
43 1
44 1
45 1
46 1
47 1
48 1
49 1
50 1
51 1
53 1
54 1
55 1
56 1
57 1
58 1
59 1
61 1
62 1
63 1
64 1
66 1
67 1
68 1
70 1
71 1
72 1
73 1
74 1
75 1
76 1
77 1
79 1
80 1
81 1
82 1
83 1
84 1
87 1
88 1
89 1
90 1
91 1
92 1
94 1
95 1
96 1
97 1
98 1
99 1
100 1
101 1
102 1
103 1
104 1
105 1
106 1
107 1
108 1
109 1
110 1
112 1
113 1
114 1
115 1
116 1
117 1
118 1
119 1
120 1
121 1
122 1
124 1
125 1
126 1
129 1
130 1
131 1
132 1
133 1
135 1
136 1
137 1
138 1
139 1
140 1
141 1
142 1
143 1
146 1
147 1
149 1
150 1
151 1
152 1
155 1
156 1
159 1
161 1
162 1
163 1
83
1 1
2 1
3 23
4 1
5 1
6 1
7 1
8 1
9 1
10 1
11 1
14 1
15 1
18 1
21 1
23 1
24 1
25 1
26 1
27 1
28 1
30 1
31 1
32 1
34 1
35 1
36 1
37 1
38 1
39 1
40 1
41 1
42 1
43 1
44 1
45 1
46 1
47 1
48 1
49 1
50 1
51 1
52 1
54 1
57 1
58 1
59 1
60 1
61 1
62 1
64 1
65 1
67 1
68 1
69 1
70 1
71 1
72 1
74 1
75 1
76 1
77 1
80 1
82 1
84 1
85 1
86 1
87 1
88 1
89 1
90 1
91 1
92 1
93 1
94 1
95 1
98 1
99 1
100 1
102 1
103 1
104 1
105 1
151
1 1
2 1
3 1
4 1
5 1
6 1
7 1
8 1
9 1
10 1
11 1
12 1
13 1
14 1
15 1
16 1
17 1
18 1
19 1
20 1
21 1
22 1
23 1
24 1
25 1
26 1
27 1
28 1
29 1
30 1
31 1
32 1
33 1
34 1
35 1
36 1
37 1
38 1
39 16
40 1
41 1
42 1
43 1
44 1
45 1
46 1
47 1
48 1
49 1
50 1
51 1
52 1
53 1
55 1
56 1
57 1
58 1
59 1
61 1
62 1
65 1
66 1
67 1
69 1
70 1
71 1
72 1
73 1
74 1
75 1
76 1
77 1
79 1
81 1
82 1
83 1
84 1
85 1
86 1
87 1
88 1
89 1
90 1
91 1
92 1
94 1
95 1
96 1
97 1
99 1
100 1
101 1
102 1
103 2
104 1
105 1
108 1
109 1
110 1
111 1
112 1
113 1
114 1
115 1
116 1
117 1
118 1
119 1
120 1
121 1
122 1
123 1
125 1
126 1
127 1
128 1
129 1
130 1
131 1
132 1
133 1
134 1
136 1
137 1
138 1
140 1
141 1
142 1
143 1
144 1
145 1
146 1
147 1
148 1
150 1
151 1
152 1
153 1
154 1
155 1
156 1
157 1
158 1
159 1
160 1
161 1
162 1
164 1
165 1
166 1
167 1
105
1 1
2 6
3 1
4 1
6 1
7 1
8 1
9 1
10 1
11 1
12 1
13 1
14 1
15 1
16 1
17 1
18 1
19 1
20 1
22 1
23 1
24 1
25 1
26 3
27 1
28 1
29 1
30 1
31 1
32 1
33 1
34 1
35 1
36 1
37 1
38 1
39 1
40 1
41 1
42 1
43 1
44 1
45 1
46 1
47 1
48 1
49 1
50 1
51 1
53 1
55 1
56 1
57 1
58 1
59 1
60 1
61 1
62 1
63 1
64 1
65 1
66 1
68 1
69 1
70 1
71 1
72 1
73 2
74 1
75 1
76 1
77 1
78 1
79 1
80 1
81 1
82 1
83 1
84 1
85 1
86 1
87 1
88 1
89 1
90 1
91 1
92 1
93 1
94 1
95 1
97 1
98 1
99 1
100 1
101 1
102 1
103 1
104 1
105 1
106 1
107 1
109 1
110 1
112 1
113 1
100
1 1
2 1
3 1
4 1
5 1
6 1
7 1
8 1
9 1
10 1
11 1
12 2
13 1
14 1
15 1
16 1
17 1
18 6
19 1
20 1
21 1
22 1
23 1
25 1
26 1
27 3
28 1
29 1
30 1
32 1
33 1
35 1
36 1
37 1
38 1
39 1
40 1
42 1
43 1
44 1
45 1
46 1
47 1
48 1
49 1
50 1
51 1
52 1
53 1
54 1
55 1
56 1
57 1
58 1
59 1
60 1
61 1
62 1
63 1
66 1
67 1
68 1
69 1
70 1
71 1
72 1
73 1
74 1
75 1
76 1
77 1
79 1
80 1
81 1
82 1
83 1
84 1
85 1
86 1
87 1
88 1
89 1
90 1
91 1
93 1
94 1
95 1
96 1
97 1
98 1
99 1
100 1
101 1
102 1
103 1
104 1
105 1
106 1
107 1
108 1
122
1 1
2 1
3 1
4 1
5 1
6 1
7 1
8 1
9 1
10 1
11 1
12 1
13 1
14 1
15 1
16 1
17 4
18 1
19 1
20 1
21 1
22 1
23 1
24 1
25 1
26 1
27 1
28 1
29 1
30 1
31 1
32 1
33 1
34 5
35 1
36 1
38 1
40 1
41 1
42 1
43 1
44 1
45 1
46 1
47 1
48 1
49 1
50 1
51 1
52 1
53 1
54 1
55 1
56 1
57 1
58 1
59 1
60 1
61 1
62 1
63 1
64 1
65 1
66 1
67 1
68 1
69 1
70 1
71 1
72 1
73 1
74 1
75 1
76 1
77 1
79 1
80 1
81 1
82 1
83 1
84 1
85 1
86 1
87 1
88 1
89 1
90 1
92 1
93 1
94 1
95 1
96 1
97 1
98 1
99 1
100 1
101 1
102 1
103 1
104 1
105 1
106 1
108 1
109 1
110 1
111 1
112 1
113 1
114 1
115 1
116 1
117 1
118 1
119 1
120 1
121 1
122 1
123 1
125 1
126 1
127 1
129 1
143
1 1
2 1
3 1
4 1
5 1
6 43
8 1
9 1
11 1
12 1
14 1
15 1
16 1
17 1
19 1
20 1
21 1
23 1
24 1
25 1
29 1
31 1
34 1
36 1
38 1
39 1
40 1
41 1
42 1
44 1
45 1
46 1
47 1
48 1
49 1
50 1
51 1
52 1
53 1
54 1
55 1
56 1
57 1
58 1
60 1
61 1
62 1
63 1
64 1
65 1
66 1
67 1
68 1
69 1
70 1
71 1
72 1
73 1
74 1
75 1
76 1
77 1
78 1
79 1
80 1
81 1
82 1
84 1
85 1
86 1
87 1
88 1
89 1
93 1
94 1
95 1
96 1
98 1
99 1
100 1
102 1
103 1
104 1
105 1
106 1
107 1
108 1
109 1
110 1
111 1
114 1
115 1
116 1
118 1
119 1
120 1
121 1
122 1
123 1
124 1
125 1
126 1
127 1
128 1
130 1
132 1
134 1
137 1
138 1
139 1
140 1
141 1
143 1
144 1
145 1
146 1
147 1
149 1
150 1
153 1
154 1
155 1
157 1
162 1
163 1
164 1
165 1
166 1
167 1
168 1
169 1
170 1
171 1
172 1
175 1
176 1
177 1
178 1
180 1
182 1
183 1
184 1
185 1
119
1 1
2 1
3 1
4 1
5 1
6 1
7 1
8 1
9 1
10 1
11 1
12 1
13 1
14 1
15 1
16 1
17 1
18 1
19 1
20 1
21 6
23 1
24 1
25 1
26 1
27 1
28 1
29 1
30 1
31 1
32 1
33 1
34 1
35 1
36 1
37 1
38 1
39 1
40 1
41 1
42 1
43 1
44 1
45 1
46 1
47 1
48 1
50 1
51 1
52 1
53 1
54 1
55 1
56 1
57 1
58 1
60 1
61 1
62 1
63 1
65 1
66 1
67 1
68 1
69 1
70 1
71 1
72 1
73 1
74 1
76 1
77 1
78 1
79 1
80 1
81 1
82 1
83 1
84 1
85 1
86 1
87 1
88 1
89 1
90 1
91 1
92 1
93 1
94 1
95 1
96 1
97 1
98 1
99 1
100 1
101 1
102 1
103 1
104 1
105 1
106 1
107 1
108 1
109 1
110 1
111 1
112 1
113 1
114 1
115 1
116 1
117 1
118 1
119 1
120 1
121 1
122 1
123 1
124 1
155
1 1
2 2
3 1
4 1
5 1
6 1
7 18
8 1
9 1
10 1
11 1
12 1
13 1
14 1
15 1
16 1
17 1
18 1
20 1
21 1
22 1
23 1
24 1
25 1
26 1
27 1
28 1
30 1
32 1
33 1
34 1
35 1
36 1
38 1
39 1
41 1
42 1
43 1
44 1
45 1
46 1
47 1
48 1
49 1
50 1
51 1
52 1
53 1
54 1
55 1
56 1
57 1
58 1
59 1
60 1
61 1
62 1
63 1
64 1
65 1
66 1
67 1
68 1
69 1
70 1
71 1
72 1
73 1
75 1
76 1
77 1
78 1
79 1
80 1
81 1
82 1
84 1
85 1
86 1
87 1
88 1
89 1
90 1
91 1
93 1
94 1
95 1
96 1
97 1
99 1
100 1
101 1
102 1
103 1
104 1
105 1
106 1
107 1
108 1
109 1
110 3
111 1
112 1
113 1
114 1
116 1
117 1
118 1
119 1
120 1
122 1
123 1
124 1
126 1
127 1
128 1
129 1
130 1
131 1
132 1
133 1
135 1
136 1
137 1
138 1
139 1
141 1
142 1
144 1
146 1
147 1
148 1
149 1
150 1
151 1
152 1
153 1
154 1
155 1
156 1
157 1
158 1
160 1
161 1
162 1
164 1
165 1
166 1
167 1
168 1
170 1
171 1
172 1
173 1
174 1
135
1 58
2 1
4 1
5 1
6 1
7 1
8 1
9 1
12 1
13 1
14 1
15 1
16 1
17 1
18 1
21 1
23 1
24 1
25 1
26 1
27 1
28 1
29 1
30 1
32 1
35 1
39 1
40 1
42 1
44 1
47 1
48 1
49 1
50 1
51 1
52 1
53 1
54 1
55 1
57 1
58 1
60 1
61 1
63 1
66 1
68 1
69 1
70 1
71 1
72 1
74 1
75 1
77 1
80 1
81 1
82 1
84 1
85 1
87 1
88 1
89 1
92 1
93 1
94 1
95 1
96 1
97 1
98 1
99 1
101 1
104 1
105 1
108 1
109 1
113 1
114 1
115 1
116 1
119 1
120 1
124 1
125 1
127 1
129 1
131 1
132 1
133 1
134 1
135 1
136 1
137 1
138 1
140 1
141 1
143 1
144 1
145 1
146 1
147 1
150 1
151 1
154 1
155 1
157 1
158 1
160 1
161 1
162 1
163 1
165 1
166 1
167 1
168 1
169 1
170 1
171 1
173 1
174 1
175 1
176 1
177 1
178 1
179 1
180 1
182 1
183 1
184 1
185 1
186 1
187 1
188 1
189 1
190 1
191 1
192 1
130
1 1
2 1
3 13
4 1
5 1
6 2
7 5
9 1
11 1
12 1
13 1
14 1
15 1
16 1
17 1
18 1
19 1
20 1
21 1
22 1
23 1
24 1
25 1
26 1
27 1
28 1
29 1
31 1
32 1
33 1
34 1
36 1
37 1
38 1
39 1
40 1
43 1
44 1
45 1
46 1
47 1
48 1
49 1
50 1
51 1
52 1
53 1
55 1
56 1
57 1
58 1
59 1
60 1
61 1
62 1
63 1
64 1
65 1
66 1
67 1
68 1
69 1
70 1
71 1
72 1
73 1
74 1
75 1
76 1
77 1
78 1
80 1
81 1
82 1
84 1
85 1
86 1
87 1
88 1
89 1
91 1
92 1
94 1
95 1
96 1
97 1
98 1
99 1
100 1
101 1
102 1
103 1
104 1
105 1
107 1
108 2
109 1
110 1
113 1
114 1
115 1
116 1
118 1
119 1
120 1
121 1
122 1
123 1
124 1
125 1
126 1
127 1
128 1
129 1
130 1
131 1
132 1
133 1
134 1
137 1
138 1
139 1
140 1
142 1
143 1
144 1
145 1
146 1
147 1
148 1
118
1 33
2 1
4 1
5 1
6 1
7 1
8 1
9 1
10 1
11 1
12 1
13 1
16 1
17 1
18 1
19 1
20 1
21 1
22 1
23 1
24 1
25 1
26 1
28 1
29 1
31 1
33 1
35 1
36 1
37 1
38 1
39 1
40 1
42 1
44 1
45 1
46 1
47 1
50 1
51 1
52 1
54 1
55 1
56 1
58 1
59 2
61 1
64 1
65 1
68 1
69 1
70 1
71 1
72 1
73 1
74 1
76 1
77 1
78 1
79 1
80 1
81 1
82 1
83 1
84 1
86 1
88 1
89 1
90 1
92 1
93 1
94 1
95 1
96 1
97 1
98 1
99 1
100 1
102 1
103 1
104 1
105 1
106 1
107 1
108 1
109 1
111 1
112 1
113 1
116 1
117 1
118 1
119 1
120 1
121 1
122 1
123 1
124 1
125 1
126 1
127 1
128 1
129 1
130 1
131 1
133 1
134 1
135 1
139 1
140 1
141 1
142 1
143 1
144 1
145 1
147 1
149 1
150 1
