46
1 28
2 1
3 1
4 2
5 1
6 1
7 1
8 1
10 1
12 1
13 1
15 1
17 1
18 1
19 1
22 1
23 1
24 1
25 1
28 1
30 1
31 1
32 1
33 1
37 1
38 1
39 1
41 1
42 1
43 1
44 1
45 1
50 1
52 1
53 1
54 1
55 1
56 1
57 1
59 1
60 1
61 1
63 1
65 1
71 1
72 1
34
1 30
3 1
4 1
8 1
9 1
11 1
12 1
14 1
17 1
18 1
19 1
20 1
21 1
26 1
27 1
28 1
29 1
33 1
34 1
36 1
37 1
39 1
40 1
41 1
44 1
45 1
46 1
48 1
53 1
57 1
58 1
59 1
60 1
62 1
40
1 43
2 1
3 1
4 1
8 1
10 1
12 1
13 1
14 1
16 1
17 1
20 1
22 1
23 1
24 1
25 1
28 1
29 1
30 1
31 1
38 1
39 1
43 1
47 1
50 1
52 1
57 1
59 1
62 1
63 1
65 1
66 1
67 1
68 1
69 1
70 1
73 1
76 1
77 1
79 1
41
1 36
4 1
5 1
6 1
7 1
13 1
14 1
15 1
16 1
18 1
20 1
21 1
22 1
26 1
27 1
31 1
32 1
34 1
37 1
39 1
41 1
46 1
47 1
49 1
51 1
53 1
54 1
55 1
57 1
58 1
59 1
62 1
64 1
65 1
67 1
68 1
69 1
70 1
71 1
73 1
75 1
57
1 37
2 1
4 1
5 1
7 1
10 1
11 1
17 1
20 1
21 1
23 1
24 1
25 1
26 1
27 1
28 1
29 1
30 1
31 1
33 1
34 1
35 1
37 1
38 1
40 1
41 1
43 1
44 1
45 1
46 1
48 1
49 1
51 1
52 1
54 1
56 1
57 1
58 1
59 1
60 1
61 1
64 1
67 1
69 1
70 1
71 1
72 1
73 1
75 1
78 1
80 1
83 1
84 1
86 1
89 1
90 1
93 1
30
1 1
2 1
3 1
4 32
5 1
6 1
7 1
8 1
9 1
12 1
13 1
18 1
19 1
20 1
21 1
23 1
25 1
27 1
30 1
31 1
32 1
42 1
43 1
44 1
46 1
48 1
49 1
54 1
59 1
61 1
47
1 44
2 1
5 1
9 1
12 1
13 1
14 1
15 1
19 1
22 1
23 1
26 1
28 1
29 1
31 1
32 1
33 1
35 1
36 1
39 1
41 1
42 1
43 1
44 1
46 1
47 1
48 1
50 1
52 1
53 1
54 1
55 1
57 1
58 1
59 1
61 1
64 1
65 1
66 1
68 1
69 1
74 1
75 1
78 1
81 1
84 1
86 1
37
1 12
2 1
3 1
4 1
5 1
6 1
7 1
8 1
9 1
10 1
12 1
13 1
14 7
15 1
16 1
17 1
18 1
19 1
20 1
23 1
25 1
26 1
27 1
28 1
29 1
36 1
38 1
39 1
40 1
41 1
42 1
43 1
44 1
45 1
50 1
53 1
54 1
54
1 1
2 1
3 32
5 1
8 1
9 1
10 1
11 1
15 1
16 1
17 1
18 1
20 1
21 1
22 1
24 1
25 1
27 1
28 1
30 1
31 1
32 1
33 1
34 1
35 1
38 1
41 1
43 1
45 1
47 1
48 1
49 1
50 1
51 1
52 1
54 1
55 1
57 1
58 1
61 1
64 1
65 1
66 1
67 1
69 1
71 1
77 1
78 1
79 1
80 1
81 1
82 1
83 1
85 1
40
1 1
2 12
3 1
4 1
5 1
6 1
8 1
9 1
10 1
11 1
12 1
13 1
14 1
15 1
16 1
17 1
18 1
20 1
21 1
23 1
24 1
25 1
27 1
28 1
30 1
31 1
32 1
33 1
34 1
37 1
38 1
40 1
41 1
43 1
44 1
45 1
48 1
49 1
50 1
51 1
51
1 35
2 1
5 1
7 1
10 1
12 1
13 1
22 1
23 1
24 1
27 1
28 1
29 1
30 1
36 1
37 1
38 1
39 1
41 1
42 1
44 1
45 1
46 1
47 1
50 1
51 1
52 1
53 1
54 1
58 1
59 1
60 1
61 1
63 1
64 1
66 1
67 1
68 1
69 1
70 1
72 1
73 1
74 1
75 1
76 1
77 1
78 1
82 1
83 1
84 1
85 1
62
1 13
2 1
3 1
5 1
6 1
7 1
8 1
10 1
11 1
12 1
13 1
16 1
17 1
18 1
20 1
21 1
22 2
23 1
24 1
26 1
27 1
28 1
29 1
31 1
32 1
33 1
34 1
35 1
37 1
38 1
39 1
41 1
42 1
43 1
44 1
45 1
46 1
47 1
48 1
50 1
51 1
52 1
53 1
54 1
55 1
56 1
57 1
58 1
59 1
61 1
62 1
63 1
64 1
65 1
66 1
67 1
69 1
70 1
71 1
73 1
74 1
75 1
84
1 1
2 1
3 1
4 1
5 1
6 1
7 1
8 1
9 1
10 1
11 6
12 1
13 1
14 1
16 1
17 1
18 1
19 1
20 1
21 1
22 1
23 1
24 1
25 1
26 1
27 1
28 1
29 1
30 1
31 1
32 1
33 4
34 1
35 1
37 1
38 1
39 1
41 1
42 1
43 1
44 1
45 1
46 1
47 1
48 1
52 1
53 1
54 1
55 1
56 1
57 1
58 1
59 1
60 1
61 1
62 1
63 1
64 1
66 1
67 1
68 1
69 1
70 1
71 1
72 1
74 1
75 1
76 1
77 1
78 1
79 1
80 1
81 1
82 1
83 1
84 1
85 1
86 1
87 1
88 1
89 1
90 1
91 1
92 1
39
1 25
4 1
5 1
6 1
7 1
8 1
9 1
11 1
13 1
15 1
16 1
19 1
23 1
24 1
25 1
28 1
29 1
30 1
33 1
34 1
35 1
36 1
37 1
38 1
39 1
40 1
41 1
46 1
47 1
48 1
49 1
51 1
52 1
53 1
54 1
55 1
57 1
58 1
62 1
70
1 26
2 1
3 1
4 1
5 1
6 1
7 1
8 1
9 1
10 1
11 1
13 1
14 1
15 1
17 1
18 1
19 1
21 1
22 1
23 1
25 1
26 1
27 1
28 1
29 1
30 1
31 1
32 1
33 1
35 1
36 1
37 1
40 1
42 1
43 1
44 1
45 1
47 1
48 1
49 1
51 1
52 1
54 1
55 1
56 1
57 1
58 1
59 1
60 2
61 1
63 1
65 1
66 1
69 1
71 1
73 1
75 1
76 1
78 1
80 1
81 1
82 1
84 1
85 1
86 1
87 1
89 1
91 1
93 1
95 1
26
1 26
6 1
7 1
9 1
11 1
12 1
15 1
16 1
17 1
18 1
19 1
21 1
22 1
23 1
24 1
25 1
26 1
30 1
31 1
32 1
36 1
40 1
41 1
42 1
44 1
51 1
62
1 1
2 1
3 1
4 1
5 2
6 1
7 1
8 2
9 1
10 1
11 1
12 1
13 1
14 1
15 3
16 1
17 1
18 1
19 1
20 8
21 1
22 1
23 1
25 1
27 1
28 1
31 1
32 2
33 1
34 1
35 1
37 1
38 1
39 1
40 1
42 1
44 1
45 1
46 1
47 1
49 1
50 1
51 1
52 1
53 1
55 1
57 1
58 1
59 1
60 1
61 1
62 1
63 1
64 1
65 1
66 1
67 1
68 1
69 1
70 1
73 1
74 1
47
1 1
2 1
3 1
4 30
6 1
7 1
9 1
10 1
11 1
12 1
16 1
18 1
19 1
20 1
22 1
26 1
27 1
29 1
33 1
34 1
35 1
36 1
37 1
40 1
41 1
43 1
44 1
45 1
46 1
47 1
50 1
52 1
53 1
54 1
55 1
56 1
58 1
59 1
60 1
63 1
64 1
65 1
66 1
67 1
70 1
73 1
76 1
84
1 1
2 1
3 1
4 11
5 4
6 1
7 1
8 1
9 1
11 1
12 1
13 1
14 1
15 1
16 1
17 1
18 1
19 1
20 1
21 1
22 1
23 1
24 1
26 1
27 1
28 1
29 1
31 1
32 1
34 1
35 1
36 1
37 1
38 1
40 2
41 1
42 1
43 1
44 1
45 1
46 1
47 1
49 1
50 1
51 1
52 1
53 1
54 1
56 1
57 1
58 1
59 1
60 1
61 1
62 1
63 1
64 1
66 1
67 1
68 1
70 1
72 1
73 1
74 1
75 1
76 1
77 1
80 1
81 1
84 1
85 1
86 1
87 1
88 1
89 1
90 1
91 1
92 1
93 1
94 1
95 1
96 1
97 1
98 1
39
1 21
2 1
4 1
5 11
6 1
8 1
9 1
11 1
12 1
15 1
16 1
19 1
20 1
21 1
23 1
24 1
27 1
28 1
30 1
33 1
35 1
36 1
37 1
38 1
42 1
43 1
45 1
46 1
48 1
52 1
53 1
54 1
55 1
56 1
57 1
58 1
61 1
63 1
66 1
83
1 1
2 1
3 1
4 1
5 1
6 1
7 1
8 1
9 1
10 11
11 1
12 1
14 1
16 1
17 1
18 1
19 1
20 6
21 1
22 1
25 1
26 1
27 1
29 1
30 1
31 1
32 1
33 1
34 1
35 1
36 1
37 1
38 1
39 1
41 1
42 1
43 1
44 1
45 1
46 1
47 1
48 1
50 1
51 1
52 1
53 1
54 1
55 1
57 1
58 1
59 1
60 1
62 1
64 1
66 1
67 1
70 1
71 1
72 1
73 1
74 1
75 1
76 1
77 1
78 1
79 1
80 1
81 1
82 1
83 1
85 1
86 1
87 1
88 1
90 1
91 1
92 1
93 1
94 1
95 1
96 1
97 1
98 1
74
1 1
2 1
3 1
4 1
5 1
6 1
7 1
8 3
9 12
10 1
11 1
12 1
13 1
14 1
15 1
16 1
17 1
18 1
19 1
20 1
21 1
22 1
23 1
24 1
25 1
26 1
30 1
32 1
33 1
34 1
36 1
37 1
39 1
40 1
41 1
42 1
44 1
45 1
47 1
49 1
50 1
51 1
52 1
53 1
54 1
56 1
57 1
58 1
59 1
60 1
61 1
63 1
64 1
65 1
66 1
67 1
68 1
69 1
70 1
71 1
72 1
73 1
74 1
75 1
76 1
77 1
79 1
80 1
81 1
82 1
83 1
85 1
86 1
87 1
52
1 1
2 1
3 1
4 34
5 1
6 1
10 1
11 1
14 1
17 1
18 1
19 1
20 1
21 1
22 1
23 1
24 1
25 1
26 1
27 1
29 1
30 1
31 1
32 1
34 1
35 1
36 1
42 1
43 1
44 1
48 1
49 1
51 1
54 1
55 1
57 1
58 1
59 1
60 1
64 1
66 1
67 1
68 1
71 1
75 1
78 1
79 1
80 1
81 1
82 1
84 1
85 1
38
1 1
2 3
3 14
4 1
5 1
6 1
7 1
8 1
10 1
12 1
13 1
14 1
15 1
16 1
18 1
19 1
20 1
21 1
22 1
23 1
24 1
25 1
26 1
27 1
28 1
31 1
32 1
33 1
35 1
41 1
43 1
44 1
45 1
47 1
48 1
49 1
51 1
53 1
74
1 1
2 1
3 1
4 1
5 1
6 1
7 1
8 1
9 1
10 1
11 1
12 1
13 1
14 1
15 1
16 7
17 1
18 1
19 1
20 1
21 1
22 1
23 1
24 1
25 1
26 1
27 1
28 1
29 1
30 1
31 1
32 1
33 1
36 1
37 1
38 1
39 1
40 3
41 1
42 1
43 1
44 1
45 1
46 1
47 1
48 1
49 1
50 1
52 1
53 1
54 1
55 1
56 1
57 1
58 1
59 1
60 1
61 1
62 1
63 1
66 1
67 1
69 1
71 1
72 1
73 1
74 1
75 1
76 1
77 1
78 1
79 1
81 1
82 1
65
1 34
2 1
3 1
4 1
6 1
7 1
8 1
13 1
14 1
15 1
17 1
18 1
19 1
20 1
22 1
23 1
25 1
26 1
27 1
28 1
31 1
32 1
33 1
34 1
36 1
38 1
41 1
43 1
45 1
46 1
47 1
49 1
50 1
51 1
53 1
54 1
55 1
58 1
59 1
60 3
61 1
64 1
65 1
66 1
67 1
68 1
69 1
71 1
73 1
75 1
76 1
78 1
80 1
82 1
83 1
85 1
86 1
87 1
90 1
91 1
92 1
95 1
97 1
98 1
100 1
44
1 1
2 1
3 1
4 1
5 31
7 1
8 1
9 1
10 1
11 1
14 1
16 1
18 1
20 1
22 1
25 1
27 1
28 1
30 1
31 1
32 1
33 1
35 1
36 1
37 1
38 1
42 1
43 1
45 1
46 1
47 1
52 1
53 1
55 1
57 1
58 1
61 1
63 1
64 1
67 1
70 1
72 1
73 1
74 1
65
1 1
2 18
4 1
5 1
6 1
8 4
9 1
11 1
12 1
13 1
14 4
15 1
17 1
18 1
20 1
21 1
24 1
25 1
29 1
30 1
31 1
33 1
34 1
35 3
36 1
38 1
39 1
40 1
41 1
42 1
43 1
45 1
46 1
47 1
49 1
50 1
51 1
52 1
53 1
54 1
55 1
57 1
58 1
59 1
60 1
61 1
62 1
63 1
66 1
67 1
70 1
71 1
72 1
73 1
74 1
75 1
77 1
78 1
80 1
82 1
83 1
84 1
85 1
86 1
87 1
67
1 32
4 1
6 1
7 1
8 1
9 1
10 1
11 1
12 1
13 1
14 1
15 1
18 1
19 1
20 1
24 1
25 1
27 1
30 1
31 1
32 1
33 1
34 1
35 1
37 1
38 1
39 1
40 1
41 1
42 1
43 1
45 1
48 1
49 1
51 1
52 1
53 1
54 1
55 1
57 1
58 1
59 1
60 1
62 1
64 1
65 1
66 1
67 1
70 1
71 1
73 1
74 1
75 1
76 1
77 1
80 1
83 1
84 1
85 1
86 1
88 1
90 1
91 1
92 1
93 1
95 1
98 1
45
1 1
2 2
3 1
4 1
5 1
6 6
7 1
8 1
10 1
11 1
12 2
13 1
14 1
15 1
16 1
17 1
18 1
19 1
20 1
21 1
22 1
23 1
24 1
25 1
27 1
28 1
29 1
30 1
31 1
32 1
33 1
34 1
36 1
37 1
38 1
39 1
40 1
42 1
44 1
46 1
47 1
49 1
50 1
51 1
52 1
59
1 1
2 1
3 1
4 1
5 1
6 1
7 1
8 1
9 1
10 1
11 1
12 1
13 1
14 1
15 1
16 1
17 1
18 1
19 1
20 1
21 1
22 1
23 1
24 1
25 1
26 1
27 1
28 1
29 3
30 1
31 1
32 1
33 1
34 1
35 1
36 1
37 2
38 1
39 1
40 1
41 1
42 1
43 1
44 1
45 1
46 1
47 1
48 1
49 1
51 1
52 1
53 1
54 1
55 1
58 1
59 1
60 1
61 1
62 1
55
1 27
2 1
3 1
4 1
5 1
6 1
7 1
10 1
11 1
14 1
16 1
17 1
19 1
21 1
22 1
24 1
25 1
26 1
27 1
29 1
31 1
33 1
34 1
35 1
38 1
39 1
40 1
42 1
43 1
44 1
46 1
47 1
48 1
50 1
51 1
52 1
53 1
54 1
55 1
56 1
57 1
58 1
59 1
60 1
62 1
66 1
67 1
68 1
70 1
71 1
74 1
76 1
77 1
78 1
80 1
76
1 1
2 1
3 1
4 21
5 1
7 1
10 1
11 1
12 1
13 1
14 1
16 1
18 1
19 1
20 1
21 1
23 1
24 1
25 1
26 1
28 1
29 1
30 1
31 1
33 1
37 1
38 1
39 1
40 1
41 1
42 1
43 1
44 1
46 1
47 1
48 1
49 1
50 1
51 1
52 1
53 1
54 1
55 1
56 1
57 1
58 1
61 1
62 1
64 1
65 1
66 1
67 1
68 1
71 1
72 1
73 1
74 1
75 1
76 1
77 1
78 1
79 1
80 1
81 1
83 1
84 1
85 1
86 1
87 1
88 1
89 1
90 1
91 1
93 1
95 1
96 1
38
1 44
2 1
3 1
4 1
5 1
6 1
10 1
12 1
14 1
18 1
19 1
21 1
23 1
24 1
26 1
34 1
37 1
39 1
40 1
42 1
43 1
47 1
51 1
52 1
53 1
54 1
55 1
56 1
61 1
64 1
66 1
68 1
71 1
72 1
73 1
75 1
77 1
81 1
47
1 40
4 1
5 1
6 1
7 1
8 1
11 1
12 1
13 1
15 1
17 1
18 1
19 1
20 1
21 1
22 1
24 1
25 1
26 1
27 1
28 1
29 1
32 1
36 1
39 1
41 1
43 1
44 1
46 1
48 1
52 1
53 1
54 1
55 1
58 1
59 1
61 1
64 1
65 1
68 1
69 1
72 1
74 1
76 1
79 1
81 1
83 1
38
1 1
2 30
4 1
6 1
7 1
10 1
11 1
14 1
16 1
17 1
18 1
19 1
22 1
25 1
29 1
30 1
32 1
33 1
35 1
36 1
37 1
41 1
42 1
43 1
44 1
46 1
47 1
48 1
50 1
53 1
54 1
55 1
57 1
59 1
63 1
64 1
66 1
67 1
50
1 1
2 15
3 18
7 1
11 1
13 1
15 1
16 1
17 1
21 1
25 1
26 1
28 1
29 1
30 1
31 1
32 1
33 1
34 1
36 1
37 1
39 1
40 1
41 1
42 1
44 1
45 1
46 1
47 1
48 1
49 1
50 1
51 1
53 1
54 1
57 1
59 1
60 1
62 1
63 1
65 1
67 1
70 1
71 1
72 1
73 1
76 1
77 1
78 1
80 1
59
1 40
2 1
3 1
4 1
5 1
9 1
11 1
12 1
14 1
16 1
19 1
24 1
25 1
27 1
29 1
30 1
31 1
33 1
35 1
39 1
40 1
41 1
42 1
43 1
44 1
45 1
48 1
49 1
50 1
52 1
54 1
55 1
57 1
58 1
59 1
60 1
61 1
62 1
63 1
64 1
65 1
67 1
72 1
74 1
76 1
79 1
80 1
83 1
84 1
85 1
87 1
88 1
89 1
91 1
93 1
95 1
96 1
97 1
98 1
37
1 20
2 1
3 1
4 1
5 1
6 1
7 1
9 1
11 1
12 1
13 1
14 1
15 1
17 1
18 1
21 1
22 1
23 1
25 1
26 1
28 1
29 1
33 1
34 1
35 1
38 1
39 1
40 1
41 1
42 1
44 1
46 1
47 1
48 1
50 1
51 1
56 1
45
1 1
2 1
3 1
4 31
5 1
6 1
7 1
8 1
11 1
13 1
15 1
16 1
20 1
21 1
23 1
24 1
25 1
29 1
30 1
34 1
35 1
36 1
38 1
39 1
40 1
42 1
43 1
44 1
50 1
51 1
52 1
53 1
55 1
56 1
57 1
58 1
60 1
62 1
68 1
69 1
70 1
71 1
72 1
73 1
74 1
58
1 12
2 1
3 1
4 1
5 14
6 1
7 1
8 1
9 2
10 1
11 1
12 1
14 1
15 1
16 1
18 1
20 1
21 1
24 1
25 1
26 1
27 1
28 1
29 1
30 1
35 1
36 1
38 1
40 1
41 1
42 1
45 1
46 1
47 1
48 1
50 1
52 1
54 1
55 1
57 1
58 1
59 1
60 1
61 1
67 1
68 1
69 1
70 1
71 1
72 1
73 1
74 1
75 1
77 1
78 1
79 1
80 1
81 1
38
1 22
3 1
4 1
5 1
6 1
7 1
10 1
11 1
13 1
14 1
16 1
17 1
19 1
21 1
23 1
25 1
26 1
27 1
28 1
29 1
30 1
31 1
32 1
33 1
34 1
35 1
36 1
38 1
39 1
40 1
43 1
45 1
47 1
48 1
50 1
52 1
54 1
57 1
77
1 17
2 1
3 1
4 7
5 1
6 1
7 1
8 1
9 2
10 1
12 1
13 1
14 1
16 1
17 1
19 1
20 1
21 1
22 1
23 1
24 1
25 1
26 1
28 1
29 1
30 1
31 1
32 1
35 1
36 1
37 1
38 1
41 1
42 1
43 1
45 1
46 1
48 1
49 1
51 1
52 1
53 1
54 1
55 1
56 1
58 1
59 1
60 1
61 1
62 1
63 1
64 1
66 1
67 1
69 1
71 1
72 1
73 1
74 1
75 1
76 1
81 1
83 1
84 1
85 1
86 1
87 1
88 1
89 1
90 1
91 1
92 1
93 1
95 1
96 1
97 1
100 1
41
1 1
2 1
3 1
4 1
5 1
6 14
7 1
8 1
9 1
10 1
11 1
12 2
13 1
14 1
17 1
18 1
19 1
20 1
22 1
24 1
28 1
29 1
30 1
31 1
33 1
34 1
35 1
36 1
37 1
39 1
41 1
42 1
44 1
45 1
48 1
49 1
50 1
51 1
53 1
54 1
55 1
35
1 28
3 1
4 1
6 1
10 1
11 1
14 1
15 1
16 1
17 1
23 1
24 1
26 1
27 1
29 1
30 1
34 1
35 1
36 1
37 1
39 1
40 1
43 1
44 1
45 1
46 1
47 1
48 1
50 1
51 1
54 1
58 1
60 1
61 1
62 1
49
1 29
4 1
5 1
7 1
10 1
11 1
12 1
15 1
16 1
17 1
20 1
21 1
22 1
23 1
24 1
25 1
26 1
27 1
28 1
29 1
30 1
31 1
32 1
33 1
35 1
37 1
38 1
39 1
41 1
43 1
44 1
45 1
46 1
47 1
48 1
50 1
51 1
53 1
54 1
55 1
58 1
61 1
64 1
67 1
68 1
70 1
71 1
75 1
76 1
52
1 24
3 1
5 4
6 1
7 1
8 1
9 1
10 1
11 1
12 1
13 1
15 1
16 1
18 1
21 1
25 1
26 1
27 1
28 1
31 1
32 1
34 1
37 1
38 2
39 1
40 1
42 1
43 1
45 1
46 1
47 1
49 1
50 1
51 1
53 1
54 1
57 1
58 1
60 1
64 1
65 1
66 1
67 1
68 1
69 1
71 1
73 1
74 1
75 1
76 1
77 1
78 1
37
1 32
2 1
3 1
4 1
5 1
7 1
15 1
17 1
18 1
21 1
22 1
27 1
28 1
29 1
30 1
31 1
32 1
34 1
35 1
38 1
39 1
41 1
42 1
43 1
46 1
47 1
48 1
50 1
51 1
52 1
54 1
56 1
60 1
62 1
64 1
66 1
67 1
39
1 20
2 1
3 1
5 1
7 1
8 1
9 1
10 1
13 1
14 1
15 1
17 1
18 1
20 1
21 1
23 1
24 1
25 2
26 1
27 1
29 1
30 1
31 1
32 1
33 1
34 1
36 1
37 1
40 1
42 1
43 1
44 1
45 1
47 1
48 1
50 1
53 1
55 1
56 1
43
1 1
2 13
5 1
6 1
8 1
9 1
10 1
11 1
12 1
13 1
14 1
15 1
16 1
20 1
22 1
23 1
24 1
25 1
26 1
27 1
28 1
29 1
30 1
31 1
33 1
34 1
35 1
38 1
39 1
40 1
41 1
42 1
43 1
44 1
45 1
46 1
47 1
49 1
50 1
51 1
52 1
54 1
55 1
