jlaazghxxcvzaadfg
jlaazghxxcvzbadfg
jlaazghxxcvzcadfg
jlaazghxxcvzdadfg
jlaazghxxcvzeadfg
jlaazghxxcvzfadfg
jlaazghxxcvzgadfg
jlaazghxxcvzhadfg
jlaazghxxcvziadfg
jlaazghxxcvzjadfg
jlaazghxxcvzkadfg
jlaazghxxcvzladfg
jlaazghxxcvzmadfg
jlaazghxxcvznadfg
jlaazghxxcvzoadfg
jlaazghxxcvzpadfg
jlaazghxxcvzqadfg
jlaazghxxcvzradfg
jlaazghxxcvzsadfg
jlaazghxxcvztadfg
jlaazghxxcvzuadfg
jlaazghxxcvzvadfg
jlaazghxxcvzwadfg
jlaazghxxcvzxadfg
jlaazghxxcvzyadfg
jlaazghxxcvzzadfg
jlabzghxxcvzaadfg
jlabzghxxcvzbadfg
jlabzghxxcvzcadfg
jlabzghxxcvzdadfg
jlabzghxxcvzeadfg
jlabzghxxcvzfadfg
jlabzghxxcvzgadfg
jlabzghxxcvzhadfg
jlabzghxxcvziadfg
jlabzghxxcvzjadfg
jlabzghxxcvzkadfg
jlabzghxxcvzladfg
jlabzghxxcvzmadfg
jlabzghxxcvznadfg
jlabzghxxcvzoadfg
jlabzghxxcvzpadfg
jlabzghxxcvzqadfg
jlabzghxxcvzradfg
jlabzghxxcvzsadfg
jlabzghxxcvztadfg
jlabzghxxcvzuadfg
jlabzghxxcvzvadfg
jlabzghxxcvzwadfg
jlabzghxxcvzxadfg
jlabzghxxcvzyadfg
jlabzghxxcvzzadfg
jlaczghxxcvzaadfg
jlaczghxxcvzbadfg
jlaczghxxcvzcadfg
jlaczghxxcvzdadfg
jlaczghxxcvzeadfg
jlaczghxxcvzfadfg
jlaczghxxcvzgadfg
jlaczghxxcvzhadfg
jlaczghxxcvziadfg
jlaczghxxcvzjadfg
jlaczghxxcvzkadfg
jlaczghxxcvzladfg
jlaczghxxcvzmadfg
jlaczghxxcvznadfg
jlaczghxxcvzoadfg
jlaczghxxcvzpadfg
jlaczghxxcvzqadfg
jlaczghxxcvzradfg
jlaczghxxcvzsadfg
jlaczghxxcvztadfg
jlaczghxxcvzuadfg
jlaczghxxcvzvadfg
jlaczghxxcvzwadfg
jlaczghxxcvzxadfg
jlaczghxxcvzyadfg
jlaczghxxcvzzadfg
jladzghxxcvzaadfg
jladzghxxcvzbadfg
jladzghxxcvzcadfg
jladzghxxcvzdadfg
jladzghxxcvzeadfg
jladzghxxcvzfadfg
jladzghxxcvzgadfg
jladzghxxcvzhadfg
jladzghxxcvziadfg
jladzghxxcvzjadfg
jladzghxxcvzkadfg
jladzghxxcvzladfg
jladzghxxcvzmadfg
jladzghxxcvznadfg
jladzghxxcvzoadfg
jladzghxxcvzpadfg
jladzghxxcvzqadfg
jladzghxxcvzradfg
jladzghxxcvzsadfg
jladzghxxcvztadfg
jladzghxxcvzuadfg
jladzghxxcvzvadfg
jladzghxxcvzwadfg
jladzghxxcvzxadfg
jladzghxxcvzyadfg
jladzghxxcvzzadfg
jlaezghxxcvzaadfg
jlaezghxxcvzbadfg
jlaezghxxcvzcadfg
jlaezghxxcvzdadfg
jlaezghxxcvzeadfg
jlaezghxxcvzfadfg
jlaezghxxcvzgadfg
jlaezghxxcvzhadfg
jlaezghxxcvziadfg
jlaezghxxcvzjadfg
jlaezghxxcvzkadfg
jlaezghxxcvzladfg
jlaezghxxcvzmadfg
jlaezghxxcvznadfg
jlaezghxxcvzoadfg
jlaezghxxcvzpadfg
jlaezghxxcvzqadfg
jlaezghxxcvzradfg
jlaezghxxcvzsadfg
jlaezghxxcvztadfg
jlaezghxxcvzuadfg
jlaezghxxcvzvadfg
jlaezghxxcvzwadfg
jlaezghxxcvzxadfg
jlaezghxxcvzyadfg
jlaezghxxcvzzadfg
jlafzghxxcvzaadfg
jlafzghxxcvzbadfg
jlafzghxxcvzcadfg
jlafzghxxcvzdadfg
jlafzghxxcvzeadfg
jlafzghxxcvzfadfg
jlafzghxxcvzgadfg
jlafzghxxcvzhadfg
jlafzghxxcvziadfg
jlafzghxxcvzjadfg
jlafzghxxcvzkadfg
jlafzghxxcvzladfg
jlafzghxxcvzmadfg
jlafzghxxcvznadfg
jlafzghxxcvzoadfg
jlafzghxxcvzpadfg
jlafzghxxcvzqadfg
jlafzghxxcvzradfg
jlafzghxxcvzsadfg
jlafzghxxcvztadfg
jlafzghxxcvzuadfg
jlafzghxxcvzvadfg
jlafzghxxcvzwadfg
jlafzghxxcvzxadfg
jlafzghxxcvzyadfg
jlafzghxxcvzzadfg
jlagzghxxcvzaadfg
jlagzghxxcvzbadfg
jlagzghxxcvzcadfg
jlagzghxxcvzdadfg
jlagzghxxcvzeadfg
jlagzghxxcvzfadfg
jlagzghxxcvzgadfg
jlagzghxxcvzhadfg
jlagzghxxcvziadfg
jlagzghxxcvzjadfg
jlagzghxxcvzkadfg
jlagzghxxcvzladfg
jlagzghxxcvzmadfg
jlagzghxxcvznadfg
jlagzghxxcvzoadfg
jlagzghxxcvzpadfg
jlagzghxxcvzqadfg
jlagzghxxcvzradfg
jlagzghxxcvzsadfg
jlagzghxxcvztadfg
jlagzghxxcvzuadfg
jlagzghxxcvzvadfg
jlagzghxxcvzwadfg
jlagzghxxcvzxadfg
jlagzghxxcvzyadfg
jlagzghxxcvzzadfg
jlahzghxxcvzaadfg
jlahzghxxcvzbadfg
jlahzghxxcvzcadfg
jlahzghxxcvzdadfg
jlahzghxxcvzeadfg
jlahzghxxcvzfadfg
jlahzghxxcvzgadfg
jlahzghxxcvzhadfg
jlahzghxxcvziadfg
jlahzghxxcvzjadfg
jlahzghxxcvzkadfg
jlahzghxxcvzladfg
jlahzghxxcvzmadfg
jlahzghxxcvznadfg
jlahzghxxcvzoadfg
jlahzghxxcvzpadfg
jlahzghxxcvzqadfg
jlahzghxxcvzradfg
jlahzghxxcvzsadfg
jlahzghxxcvztadfg
jlahzghxxcvzuadfg
jlahzghxxcvzvadfg
jlahzghxxcvzwadfg
jlahzghxxcvzxadfg
jlahzghxxcvzyadfg
jlahzghxxcvzzadfg
jlaizghxxcvzaadfg
jlaizghxxcvzbadfg
jlaizghxxcvzcadfg
jlaizghxxcvzdadfg
jlaizghxxcvzeadfg
jlaizghxxcvzfadfg
jlaizghxxcvzgadfg
jlaizghxxcvzhadfg
jlaizghxxcvziadfg
jlaizghxxcvzjadfg
jlaizghxxcvzkadfg
jlaizghxxcvzladfg
jlaizghxxcvzmadfg
jlaizghxxcvznadfg
jlaizghxxcvzoadfg
jlaizghxxcvzpadfg
jlaizghxxcvzqadfg
jlaizghxxcvzradfg
jlaizghxxcvzsadfg
jlaizghxxcvztadfg
jlaizghxxcvzuadfg
jlaizghxxcvzvadfg
jlaizghxxcvzwadfg
jlaizghxxcvzxadfg
jlaizghxxcvzyadfg
jlaizghxxcvzzadfg
jlajzghxxcvzaadfg
jlajzghxxcvzbadfg
jlajzghxxcvzcadfg
jlajzghxxcvzdadfg
jlajzghxxcvzeadfg
jlajzghxxcvzfadfg
jlajzghxxcvzgadfg
jlajzghxxcvzhadfg
jlajzghxxcvziadfg
jlajzghxxcvzjadfg
jlajzghxxcvzkadfg
jlajzghxxcvzladfg
jlajzghxxcvzmadfg
jlajzghxxcvznadfg
jlajzghxxcvzoadfg
jlajzghxxcvzpadfg
jlajzghxxcvzqadfg
jlajzghxxcvzradfg
jlajzghxxcvzsadfg
jlajzghxxcvztadfg
jlajzghxxcvzuadfg
jlajzghxxcvzvadfg
jlajzghxxcvzwadfg
jlajzghxxcvzxadfg
jlajzghxxcvzyadfg
jlajzghxxcvzzadfg
jlakzghxxcvzaadfg
jlakzghxxcvzbadfg
jlakzghxxcvzcadfg
jlakzghxxcvzdadfg
jlakzghxxcvzeadfg
jlakzghxxcvzfadfg
jlakzghxxcvzgadfg
jlakzghxxcvzhadfg
jlakzghxxcvziadfg
jlakzghxxcvzjadfg
jlakzghxxcvzkadfg
jlakzghxxcvzladfg
jlakzghxxcvzmadfg
jlakzghxxcvznadfg
jlakzghxxcvzoadfg
jlakzghxxcvzpadfg
jlakzghxxcvzqadfg
jlakzghxxcvzradfg
jlakzghxxcvzsadfg
jlakzghxxcvztadfg
jlakzghxxcvzuadfg
jlakzghxxcvzvadfg
jlakzghxxcvzwadfg
jlakzghxxcvzxadfg
jlakzghxxcvzyadfg
jlakzghxxcvzzadfg
jlalzghxxcvzaadfg
jlalzghxxcvzbadfg
jlalzghxxcvzcadfg
jlalzghxxcvzdadfg
jlalzghxxcvzeadfg
jlalzghxxcvzfadfg
jlalzghxxcvzgadfg
jlalzghxxcvzhadfg
jlalzghxxcvziadfg
jlalzghxxcvzjadfg
jlalzghxxcvzkadfg
jlalzghxxcvzladfg
jlalzghxxcvzmadfg
jlalzghxxcvznadfg
jlalzghxxcvzoadfg
jlalzghxxcvzpadfg
jlalzghxxcvzqadfg
jlalzghxxcvzradfg
jlalzghxxcvzsadfg
jlalzghxxcvztadfg
jlalzghxxcvzuadfg
jlalzghxxcvzvadfg
jlalzghxxcvzwadfg
jlalzghxxcvzxadfg
jlalzghxxcvzyadfg
jlalzghxxcvzzadfg
jlamzghxxcvzaadfg
jlamzghxxcvzbadfg
jlamzghxxcvzcadfg
jlamzghxxcvzdadfg
jlamzghxxcvzeadfg
jlamzghxxcvzfadfg
jlamzghxxcvzgadfg
jlamzghxxcvzhadfg
jlamzghxxcvziadfg
jlamzghxxcvzjadfg
jlamzghxxcvzkadfg
jlamzghxxcvzladfg
jlamzghxxcvzmadfg
jlamzghxxcvznadfg
jlamzghxxcvzoadfg
jlamzghxxcvzpadfg
jlamzghxxcvzqadfg
jlamzghxxcvzradfg
jlamzghxxcvzsadfg
jlamzghxxcvztadfg
jlamzghxxcvzuadfg
jlamzghxxcvzvadfg
jlamzghxxcvzwadfg
jlamzghxxcvzxadfg
jlamzghxxcvzyadfg
jlamzghxxcvzzadfg
jlanzghxxcvzaadfg
jlanzghxxcvzbadfg
jlanzghxxcvzcadfg
jlanzghxxcvzdadfg
jlanzghxxcvzeadfg
jlanzghxxcvzfadfg
jlanzghxxcvzgadfg
jlanzghxxcvzhadfg
jlanzghxxcvziadfg
jlanzghxxcvzjadfg
jlanzghxxcvzkadfg
jlanzghxxcvzladfg
jlanzghxxcvzmadfg
jlanzghxxcvznadfg
jlanzghxxcvzoadfg
jlanzghxxcvzpadfg
jlanzghxxcvzqadfg
jlanzghxxcvzradfg
jlanzghxxcvzsadfg
jlanzghxxcvztadfg
jlanzghxxcvzuadfg
jlanzghxxcvzvadfg
jlanzghxxcvzwadfg
jlanzghxxcvzxadfg
jlanzghxxcvzyadfg
jlanzghxxcvzzadfg
jlaozghxxcvzaadfg
jlaozghxxcvzbadfg
jlaozghxxcvzcadfg
jlaozghxxcvzdadfg
jlaozghxxcvzeadfg
jlaozghxxcvzfadfg
jlaozghxxcvzgadfg
jlaozghxxcvzhadfg
jlaozghxxcvziadfg
jlaozghxxcvzjadfg
jlaozghxxcvzkadfg
jlaozghxxcvzladfg
jlaozghxxcvzmadfg
jlaozghxxcvznadfg
jlaozghxxcvzoadfg
jlaozghxxcvzpadfg
jlaozghxxcvzqadfg
jlaozghxxcvzradfg
jlaozghxxcvzsadfg
jlaozghxxcvztadfg
jlaozghxxcvzuadfg
jlaozghxxcvzvadfg
jlaozghxxcvzwadfg
jlaozghxxcvzxadfg
jlaozghxxcvzyadfg
jlaozghxxcvzzadfg
jlapzghxxcvzaadfg
jlapzghxxcvzbadfg
jlapzghxxcvzcadfg
jlapzghxxcvzdadfg
jlapzghxxcvzeadfg
jlapzghxxcvzfadfg
jlapzghxxcvzgadfg
jlapzghxxcvzhadfg
jlapzghxxcvziadfg
jlapzghxxcvzjadfg
jlapzghxxcvzkadfg
jlapzghxxcvzladfg
jlapzghxxcvzmadfg
jlapzghxxcvznadfg
jlapzghxxcvzoadfg
jlapzghxxcvzpadfg
jlapzghxxcvzqadfg
jlapzghxxcvzradfg
jlapzghxxcvzsadfg
jlapzghxxcvztadfg
jlapzghxxcvzuadfg
jlapzghxxcvzvadfg
jlapzghxxcvzwadfg
jlapzghxxcvzxadfg
jlapzghxxcvzyadfg
jlapzghxxcvzzadfg
jlaqzghxxcvzaadfg
jlaqzghxxcvzbadfg
jlaqzghxxcvzcadfg
jlaqzghxxcvzdadfg
jlaqzghxxcvzeadfg
jlaqzghxxcvzfadfg
jlaqzghxxcvzgadfg
jlaqzghxxcvzhadfg
jlaqzghxxcvziadfg
jlaqzghxxcvzjadfg
jlaqzghxxcvzkadfg
jlaqzghxxcvzladfg
jlaqzghxxcvzmadfg
jlaqzghxxcvznadfg
jlaqzghxxcvzoadfg
jlaqzghxxcvzpadfg
jlaqzghxxcvzqadfg
jlaqzghxxcvzradfg
jlaqzghxxcvzsadfg
jlaqzghxxcvztadfg
jlaqzghxxcvzuadfg
jlaqzghxxcvzvadfg
jlaqzghxxcvzwadfg
jlaqzghxxcvzxadfg
jlaqzghxxcvzyadfg
jlaqzghxxcvzzadfg
jlarzghxxcvzaadfg
jlarzghxxcvzbadfg
jlarzghxxcvzcadfg
jlarzghxxcvzdadfg
jlarzghxxcvzeadfg
jlarzghxxcvzfadfg
jlarzghxxcvzgadfg
jlarzghxxcvzhadfg
jlarzghxxcvziadfg
jlarzghxxcvzjadfg
jlarzghxxcvzkadfg
jlarzghxxcvzladfg
jlarzghxxcvzmadfg
jlarzghxxcvznadfg
jlarzghxxcvzoadfg
jlarzghxxcvzpadfg
jlarzghxxcvzqadfg
jlarzghxxcvzradfg
jlarzghxxcvzsadfg
jlarzghxxcvztadfg
jlarzghxxcvzuadfg
jlarzghxxcvzvadfg
jlarzghxxcvzwadfg
jlarzghxxcvzxadfg
jlarzghxxcvzyadfg
jlarzghxxcvzzadfg
jlaszghxxcvzaadfg
jlaszghxxcvzbadfg
jlaszghxxcvzcadfg
jlaszghxxcvzdadfg
jlaszghxxcvzeadfg
jlaszghxxcvzfadfg
jlaszghxxcvzgadfg
jlaszghxxcvzhadfg
jlaszghxxcvziadfg
jlaszghxxcvzjadfg
jlaszghxxcvzkadfg
jlaszghxxcvzladfg
jlaszghxxcvzmadfg
jlaszghxxcvznadfg
jlaszghxxcvzoadfg
jlaszghxxcvzpadfg
jlaszghxxcvzqadfg
jlaszghxxcvzradfg
jlaszghxxcvzsadfg
jlaszghxxcvztadfg
jlaszghxxcvzuadfg
jlaszghxxcvzvadfg
jlaszghxxcvzwadfg
jlaszghxxcvzxadfg
jlaszghxxcvzyadfg
jlaszghxxcvzzadfg
jlatzghxxcvzaadfg
jlatzghxxcvzbadfg
jlatzghxxcvzcadfg
jlatzghxxcvzdadfg
jlatzghxxcvzeadfg
jlatzghxxcvzfadfg
jlatzghxxcvzgadfg
jlatzghxxcvzhadfg
jlatzghxxcvziadfg
jlatzghxxcvzjadfg
jlatzghxxcvzkadfg
jlatzghxxcvzladfg
jlatzghxxcvzmadfg
jlatzghxxcvznadfg
jlatzghxxcvzoadfg
jlatzghxxcvzpadfg
jlatzghxxcvzqadfg
jlatzghxxcvzradfg
jlatzghxxcvzsadfg
jlatzghxxcvztadfg
jlatzghxxcvzuadfg
jlatzghxxcvzvadfg
jlatzghxxcvzwadfg
jlatzghxxcvzxadfg
jlatzghxxcvzyadfg
jlatzghxxcvzzadfg
jlauzghxxcvzaadfg
jlauzghxxcvzbadfg
jlauzghxxcvzcadfg
jlauzghxxcvzdadfg
jlauzghxxcvzeadfg
jlauzghxxcvzfadfg
jlauzghxxcvzgadfg
jlauzghxxcvzhadfg
jlauzghxxcvziadfg
jlauzghxxcvzjadfg
jlauzghxxcvzkadfg
jlauzghxxcvzladfg
jlauzghxxcvzmadfg
jlauzghxxcvznadfg
jlauzghxxcvzoadfg
jlauzghxxcvzpadfg
jlauzghxxcvzqadfg
jlauzghxxcvzradfg
jlauzghxxcvzsadfg
jlauzghxxcvztadfg
jlauzghxxcvzuadfg
jlauzghxxcvzvadfg
jlauzghxxcvzwadfg
jlauzghxxcvzxadfg
jlauzghxxcvzyadfg
jlauzghxxcvzzadfg
jlavzghxxcvzaadfg
jlavzghxxcvzbadfg
jlavzghxxcvzcadfg
jlavzghxxcvzdadfg
jlavzghxxcvzeadfg
jlavzghxxcvzfadfg
jlavzghxxcvzgadfg
jlavzghxxcvzhadfg
jlavzghxxcvziadfg
jlavzghxxcvzjadfg
jlavzghxxcvzkadfg
jlavzghxxcvzladfg
jlavzghxxcvzmadfg
jlavzghxxcvznadfg
jlavzghxxcvzoadfg
jlavzghxxcvzpadfg
jlavzghxxcvzqadfg
jlavzghxxcvzradfg
jlavzghxxcvzsadfg
jlavzghxxcvztadfg
jlavzghxxcvzuadfg
jlavzghxxcvzvadfg
jlavzghxxcvzwadfg
jlavzghxxcvzxadfg
jlavzghxxcvzyadfg
jlavzghxxcvzzadfg
jlawzghxxcvzaadfg
jlawzghxxcvzbadfg
jlawzghxxcvzcadfg
jlawzghxxcvzdadfg
jlawzghxxcvzeadfg
jlawzghxxcvzfadfg
jlawzghxxcvzgadfg
jlawzghxxcvzhadfg
jlawzghxxcvziadfg
jlawzghxxcvzjadfg
jlawzghxxcvzkadfg
jlawzghxxcvzladfg
jlawzghxxcvzmadfg
jlawzghxxcvznadfg
jlawzghxxcvzoadfg
jlawzghxxcvzpadfg
jlawzghxxcvzqadfg
jlawzghxxcvzradfg
jlawzghxxcvzsadfg
jlawzghxxcvztadfg
jlawzghxxcvzuadfg
jlawzghxxcvzvadfg
jlawzghxxcvzwadfg
jlawzghxxcvzxadfg
jlawzghxxcvzyadfg
jlawzghxxcvzzadfg
jlaxzghxxcvzaadfg
jlaxzghxxcvzbadfg
jlaxzghxxcvzcadfg
jlaxzghxxcvzdadfg
jlaxzghxxcvzeadfg
jlaxzghxxcvzfadfg
jlaxzghxxcvzgadfg
jlaxzghxxcvzhadfg
jlaxzghxxcvziadfg
jlaxzghxxcvzjadfg
jlaxzghxxcvzkadfg
jlaxzghxxcvzladfg
jlaxzghxxcvzmadfg
jlaxzghxxcvznadfg
jlaxzghxxcvzoadfg
jlaxzghxxcvzpadfg
jlaxzghxxcvzqadfg
jlaxzghxxcvzradfg
jlaxzghxxcvzsadfg
jlaxzghxxcvztadfg
jlaxzghxxcvzuadfg
jlaxzghxxcvzvadfg
jlaxzghxxcvzwadfg
jlaxzghxxcvzxadfg
jlaxzghxxcvzyadfg
jlaxzghxxcvzzadfg
jlayzghxxcvzaadfg
jlayzghxxcvzbadfg
jlayzghxxcvzcadfg
jlayzghxxcvzdadfg
jlayzghxxcvzeadfg
jlayzghxxcvzfadfg
jlayzghxxcvzgadfg
jlayzghxxcvzhadfg
jlayzghxxcvziadfg
jlayzghxxcvzjadfg
jlayzghxxcvzkadfg
jlayzghxxcvzladfg
jlayzghxxcvzmadfg
jlayzghxxcvznadfg
jlayzghxxcvzoadfg
jlayzghxxcvzpadfg
jlayzghxxcvzqadfg
jlayzghxxcvzradfg
jlayzghxxcvzsadfg
jlayzghxxcvztadfg
jlayzghxxcvzuadfg
jlayzghxxcvzvadfg
jlayzghxxcvzwadfg
jlayzghxxcvzxadfg
jlayzghxxcvzyadfg
jlayzghxxcvzzadfg
jlazzghxxcvzaadfg
jlazzghxxcvzbadfg
jlazzghxxcvzcadfg
jlazzghxxcvzdadfg
jlazzghxxcvzeadfg
jlazzghxxcvzfadfg
jlazzghxxcvzgadfg
jlazzghxxcvzhadfg
jlazzghxxcvziadfg
jlazzghxxcvzjadfg
jlazzghxxcvzkadfg
jlazzghxxcvzladfg
jlazzghxxcvzmadfg
jlazzghxxcvznadfg
jlazzghxxcvzoadfg
jlazzghxxcvzpadfg
jlazzghxxcvzqadfg
jlazzghxxcvzradfg
jlazzghxxcvzsadfg
jlazzghxxcvztadfg
jlazzghxxcvzuadfg
jlazzghxxcvzvadfg
jlazzghxxcvzwadfg
jlazzghxxcvzxadfg
jlazzghxxcvzyadfg
jlazzghxxcvzzadfg
