jjkskhbbklseraakljherhhkbhjksdhrejgajjkgjkhgkasdfjkhwerhgvbhaskdj
jjkskhbbklseraakljherhhkbhjksdhrejgajkkgjkhgkasdfjkhwerhgvbhaskdj
jjkskhbbklseraakljherhikbhjksdhrejgajjkgjkhgkasdfjkhwerhgvbhaskdj
jjkskhbbklseraakljherhikbhjksdhrejgajkkgjkhgkasdfjkhwerhgvbhaskdj
jjkskhbbklseraakljherhjkbhjksdhrejgajjkgjkhgkasdfjkhwerhgvbhaskdj
jjkskhbbklseraakljherhjkbhjksdhrejgajkkgjkhgkasdfjkhwerhgvbhaskdj
jjkskhbbklseraakljherhkkbhjksdhrejgajjkgjkhgkasdfjkhwerhgvbhaskdj
jjkskhbbklseraakljherhkkbhjksdhrejgajkkgjkhgkasdfjkhwerhgvbhaskdj
jjkskhbbklserabkljherhhkbhjksdhrejgajjkgjkhgkasdfjkhwerhgvbhaskdj
jjkskhbbklserabkljherhhkbhjksdhrejgajkkgjkhgkasdfjkhwerhgvbhaskdj
jjkskhbbklserabkljherhikbhjksdhrejgajjkgjkhgkasdfjkhwerhgvbhaskdj
jjkskhbbklserabkljherhikbhjksdhrejgajkkgjkhgkasdfjkhwerhgvbhaskdj
jjkskhbbklserabkljherhjkbhjksdhrejgajjkgjkhgkasdfjkhwerhgvbhaskdj
jjkskhbbklserabkljherhjkbhjksdhrejgajkkgjkhgkasdfjkhwerhgvbhaskdj
jjkskhbbklserabkljherhkkbhjksdhrejgajjkgjkhgkasdfjkhwerhgvbhaskdj
jjkskhbbklserabkljherhkkbhjksdhrejgajkkgjkhgkasdfjkhwerhgvbhaskdj
jjkskhbbklserackljherhhkbhjksdhrejgajjkgjkhgkasdfjkhwerhgvbhaskdj
jjkskhbbklserackljherhhkbhjksdhrejgajkkgjkhgkasdfjkhwerhgvbhaskdj
jjkskhbbklserackljherhikbhjksdhrejgajjkgjkhgkasdfjkhwerhgvbhaskdj
jjkskhbbklserackljherhikbhjksdhrejgajkkgjkhgkasdfjkhwerhgvbhaskdj
jjkskhbbklserackljherhjkbhjksdhrejgajjkgjkhgkasdfjkhwerhgvbhaskdj
jjkskhbbklserackljherhjkbhjksdhrejgajkkgjkhgkasdfjkhwerhgvbhaskdj
jjkskhbbklserackljherhkkbhjksdhrejgajjkgjkhgkasdfjkhwerhgvbhaskdj
jjkskhbbklserackljherhkkbhjksdhrejgajkkgjkhgkasdfjkhwerhgvbhaskdj
jjkskhbbklseradkljherhhkbhjksdhrejgajjkgjkhgkasdfjkhwerhgvbhaskdj
jjkskhbbklseradkljherhhkbhjksdhrejgajkkgjkhgkasdfjkhwerhgvbhaskdj
jjkskhbbklseradkljherhikbhjksdhrejgajjkgjkhgkasdfjkhwerhgvbhaskdj
jjkskhbbklseradkljherhikbhjksdhrejgajkkgjkhgkasdfjkhwerhgvbhaskdj
jjkskhbbklseradkljherhjkbhjksdhrejgajjkgjkhgkasdfjkhwerhgvbhaskdj
jjkskhbbklseradkljherhjkbhjksdhrejgajkkgjkhgkasdfjkhwerhgvbhaskdj
jjkskhbbklseradkljherhkkbhjksdhrejgajjkgjkhgkasdfjkhwerhgvbhaskdj
jjkskhbbklseradkljherhkkbhjksdhrejgajkkgjkhgkasdfjkhwerhgvbhaskdj
jjkskhbbklseraekljherhhkbhjksdhrejgajjkgjkhgkasdfjkhwerhgvbhaskdj
jjkskhbbklseraekljherhhkbhjksdhrejgajkkgjkhgkasdfjkhwerhgvbhaskdj
jjkskhbbklseraekljherhikbhjksdhrejgajjkgjkhgkasdfjkhwerhgvbhaskdj
jjkskhbbklseraekljherhikbhjksdhrejgajkkgjkhgkasdfjkhwerhgvbhaskdj
jjkskhbbklseraekljherhjkbhjksdhrejgajjkgjkhgkasdfjkhwerhgvbhaskdj
jjkskhbbklseraekljherhjkbhjksdhrejgajkkgjkhgkasdfjkhwerhgvbhaskdj
jjkskhbbklseraekljherhkkbhjksdhrejgajjkgjkhgkasdfjkhwerhgvbhaskdj
jjkskhbbklseraekljherhkkbhjksdhrejgajkkgjkhgkasdfjkhwerhgvbhaskdj
jjkskhbbklserafkljherhhkbhjksdhrejgajjkgjkhgkasdfjkhwerhgvbhaskdj
jjkskhbbklserafkljherhhkbhjksdhrejgajkkgjkhgkasdfjkhwerhgvbhaskdj
jjkskhbbklserafkljherhikbhjksdhrejgajjkgjkhgkasdfjkhwerhgvbhaskdj
jjkskhbbklserafkljherhikbhjksdhrejgajkkgjkhgkasdfjkhwerhgvbhaskdj
jjkskhbbklserafkljherhjkbhjksdhrejgajjkgjkhgkasdfjkhwerhgvbhaskdj
jjkskhbbklserafkljherhjkbhjksdhrejgajkkgjkhgkasdfjkhwerhgvbhaskdj
jjkskhbbklserafkljherhkkbhjksdhrejgajjkgjkhgkasdfjkhwerhgvbhaskdj
jjkskhbbklserafkljherhkkbhjksdhrejgajkkgjkhgkasdfjkhwerhgvbhaskdj
jjkskhbbklseragkljherhhkbhjksdhrejgajjkgjkhgkasdfjkhwerhgvbhaskdj
jjkskhbbklseragkljherhhkbhjksdhrejgajkkgjkhgkasdfjkhwerhgvbhaskdj
jjkskhbbklseragkljherhikbhjksdhrejgajjkgjkhgkasdfjkhwerhgvbhaskdj
jjkskhbbklseragkljherhikbhjksdhrejgajkkgjkhgkasdfjkhwerhgvbhaskdj
jjkskhbbklseragkljherhjkbhjksdhrejgajjkgjkhgkasdfjkhwerhgvbhaskdj
jjkskhbbklseragkljherhjkbhjksdhrejgajkkgjkhgkasdfjkhwerhgvbhaskdj
jjkskhbbklseragkljherhkkbhjksdhrejgajjkgjkhgkasdfjkhwerhgvbhaskdj
jjkskhbbklseragkljherhkkbhjksdhrejgajkkgjkhgkasdfjkhwerhgvbhaskdj
jjkskhbbklserahkljherhhkbhjksdhrejgajjkgjkhgkasdfjkhwerhgvbhaskdj
jjkskhbbklserahkljherhhkbhjksdhrejgajkkgjkhgkasdfjkhwerhgvbhaskdj
jjkskhbbklserahkljherhikbhjksdhrejgajjkgjkhgkasdfjkhwerhgvbhaskdj
jjkskhbbklserahkljherhikbhjksdhrejgajkkgjkhgkasdfjkhwerhgvbhaskdj
jjkskhbbklserahkljherhjkbhjksdhrejgajjkgjkhgkasdfjkhwerhgvbhaskdj
jjkskhbbklserahkljherhjkbhjksdhrejgajkkgjkhgkasdfjkhwerhgvbhaskdj
jjkskhbbklserahkljherhkkbhjksdhrejgajjkgjkhgkasdfjkhwerhgvbhaskdj
jjkskhbbklserahkljherhkkbhjksdhrejgajkkgjkhgkasdfjkhwerhgvbhaskdj
jjkskhbbklseraikljherhhkbhjksdhrejgajjkgjkhgkasdfjkhwerhgvbhaskdj
jjkskhbbklseraikljherhhkbhjksdhrejgajkkgjkhgkasdfjkhwerhgvbhaskdj
jjkskhbbklseraikljherhikbhjksdhrejgajjkgjkhgkasdfjkhwerhgvbhaskdj
jjkskhbbklseraikljherhikbhjksdhrejgajkkgjkhgkasdfjkhwerhgvbhaskdj
jjkskhbbklseraikljherhjkbhjksdhrejgajjkgjkhgkasdfjkhwerhgvbhaskdj
jjkskhbbklseraikljherhjkbhjksdhrejgajkkgjkhgkasdfjkhwerhgvbhaskdj
jjkskhbbklseraikljherhkkbhjksdhrejgajjkgjkhgkasdfjkhwerhgvbhaskdj
jjkskhbbklseraikljherhkkbhjksdhrejgajkkgjkhgkasdfjkhwerhgvbhaskdj
jjkskhbbklserajkljherhhkbhjksdhrejgajjkgjkhgkasdfjkhwerhgvbhaskdj
jjkskhbbklserajkljherhhkbhjksdhrejgajkkgjkhgkasdfjkhwerhgvbhaskdj
jjkskhbbklserajkljherhikbhjksdhrejgajjkgjkhgkasdfjkhwerhgvbhaskdj
jjkskhbbklserajkljherhikbhjksdhrejgajkkgjkhgkasdfjkhwerhgvbhaskdj
jjkskhbbklserajkljherhjkbhjksdhrejgajjkgjkhgkasdfjkhwerhgvbhaskdj
jjkskhbbklserajkljherhjkbhjksdhrejgajkkgjkhgkasdfjkhwerhgvbhaskdj
jjkskhbbklserajkljherhkkbhjksdhrejgajjkgjkhgkasdfjkhwerhgvbhaskdj
jjkskhbbklserajkljherhkkbhjksdhrejgajkkgjkhgkasdfjkhwerhgvbhaskdj
jjkskhbbklserakkljherhhkbhjksdhrejgajjkgjkhgkasdfjkhwerhgvbhaskdj
jjkskhbbklserakkljherhhkbhjksdhrejgajkkgjkhgkasdfjkhwerhgvbhaskdj
jjkskhbbklserakkljherhikbhjksdhrejgajjkgjkhgkasdfjkhwerhgvbhaskdj
jjkskhbbklserakkljherhikbhjksdhrejgajkkgjkhgkasdfjkhwerhgvbhaskdj
jjkskhbbklserakkljherhjkbhjksdhrejgajjkgjkhgkasdfjkhwerhgvbhaskdj
jjkskhbbklserakkljherhjkbhjksdhrejgajkkgjkhgkasdfjkhwerhgvbhaskdj
jjkskhbbklserakkljherhkkbhjksdhrejgajjkgjkhgkasdfjkhwerhgvbhaskdj
jjkskhbbklserakkljherhkkbhjksdhrejgajkkgjkhgkasdfjkhwerhgvbhaskdj
jjkskhcbklseraakljherhhkbhjksdhrejgajjkgjkhgkasdfjkhwerhgvbhaskdj
jjkskhcbklseraakljherhhkbhjksdhrejgajkkgjkhgkasdfjkhwerhgvbhaskdj
jjkskhcbklseraakljherhikbhjksdhrejgajjkgjkhgkasdfjkhwerhgvbhaskdj
jjkskhcbklseraakljherhikbhjksdhrejgajkkgjkhgkasdfjkhwerhgvbhaskdj
jjkskhcbklseraakljherhjkbhjksdhrejgajjkgjkhgkasdfjkhwerhgvbhaskdj
jjkskhcbklseraakljherhjkbhjksdhrejgajkkgjkhgkasdfjkhwerhgvbhaskdj
jjkskhcbklseraakljherhkkbhjksdhrejgajjkgjkhgkasdfjkhwerhgvbhaskdj
jjkskhcbklseraakljherhkkbhjksdhrejgajkkgjkhgkasdfjkhwerhgvbhaskdj
jjkskhcbklserabkljherhhkbhjksdhrejgajjkgjkhgkasdfjkhwerhgvbhaskdj
jjkskhcbklserabkljherhhkbhjksdhrejgajkkgjkhgkasdfjkhwerhgvbhaskdj
jjkskhcbklserabkljherhikbhjksdhrejgajjkgjkhgkasdfjkhwerhgvbhaskdj
jjkskhcbklserabkljherhikbhjksdhrejgajkkgjkhgkasdfjkhwerhgvbhaskdj
jjkskhcbklserabkljherhjkbhjksdhrejgajjkgjkhgkasdfjkhwerhgvbhaskdj
jjkskhcbklserabkljherhjkbhjksdhrejgajkkgjkhgkasdfjkhwerhgvbhaskdj
jjkskhcbklserabkljherhkkbhjksdhrejgajjkgjkhgkasdfjkhwerhgvbhaskdj
jjkskhcbklserabkljherhkkbhjksdhrejgajkkgjkhgkasdfjkhwerhgvbhaskdj
jjkskhcbklserackljherhhkbhjksdhrejgajjkgjkhgkasdfjkhwerhgvbhaskdj
jjkskhcbklserackljherhhkbhjksdhrejgajkkgjkhgkasdfjkhwerhgvbhaskdj
jjkskhcbklserackljherhikbhjksdhrejgajjkgjkhgkasdfjkhwerhgvbhaskdj
jjkskhcbklserackljherhikbhjksdhrejgajkkgjkhgkasdfjkhwerhgvbhaskdj
jjkskhcbklserackljherhjkbhjksdhrejgajjkgjkhgkasdfjkhwerhgvbhaskdj
jjkskhcbklserackljherhjkbhjksdhrejgajkkgjkhgkasdfjkhwerhgvbhaskdj
jjkskhcbklserackljherhkkbhjksdhrejgajjkgjkhgkasdfjkhwerhgvbhaskdj
jjkskhcbklserackljherhkkbhjksdhrejgajkkgjkhgkasdfjkhwerhgvbhaskdj
jjkskhcbklseradkljherhhkbhjksdhrejgajjkgjkhgkasdfjkhwerhgvbhaskdj
jjkskhcbklseradkljherhhkbhjksdhrejgajkkgjkhgkasdfjkhwerhgvbhaskdj
jjkskhcbklseradkljherhikbhjksdhrejgajjkgjkhgkasdfjkhwerhgvbhaskdj
jjkskhcbklseradkljherhikbhjksdhrejgajkkgjkhgkasdfjkhwerhgvbhaskdj
jjkskhcbklseradkljherhjkbhjksdhrejgajjkgjkhgkasdfjkhwerhgvbhaskdj
jjkskhcbklseradkljherhjkbhjksdhrejgajkkgjkhgkasdfjkhwerhgvbhaskdj
jjkskhcbklseradkljherhkkbhjksdhrejgajjkgjkhgkasdfjkhwerhgvbhaskdj
jjkskhcbklseradkljherhkkbhjksdhrejgajkkgjkhgkasdfjkhwerhgvbhaskdj
jjkskhcbklseraekljherhhkbhjksdhrejgajjkgjkhgkasdfjkhwerhgvbhaskdj
jjkskhcbklseraekljherhhkbhjksdhrejgajkkgjkhgkasdfjkhwerhgvbhaskdj
jjkskhcbklseraekljherhikbhjksdhrejgajjkgjkhgkasdfjkhwerhgvbhaskdj
jjkskhcbklseraekljherhikbhjksdhrejgajkkgjkhgkasdfjkhwerhgvbhaskdj
jjkskhcbklseraekljherhjkbhjksdhrejgajjkgjkhgkasdfjkhwerhgvbhaskdj
jjkskhcbklseraekljherhjkbhjksdhrejgajkkgjkhgkasdfjkhwerhgvbhaskdj
jjkskhcbklseraekljherhkkbhjksdhrejgajjkgjkhgkasdfjkhwerhgvbhaskdj
jjkskhcbklseraekljherhkkbhjksdhrejgajkkgjkhgkasdfjkhwerhgvbhaskdj
jjkskhcbklserafkljherhhkbhjksdhrejgajjkgjkhgkasdfjkhwerhgvbhaskdj
jjkskhcbklserafkljherhhkbhjksdhrejgajkkgjkhgkasdfjkhwerhgvbhaskdj
jjkskhcbklserafkljherhikbhjksdhrejgajjkgjkhgkasdfjkhwerhgvbhaskdj
jjkskhcbklserafkljherhikbhjksdhrejgajkkgjkhgkasdfjkhwerhgvbhaskdj
jjkskhcbklserafkljherhjkbhjksdhrejgajjkgjkhgkasdfjkhwerhgvbhaskdj
jjkskhcbklserafkljherhjkbhjksdhrejgajkkgjkhgkasdfjkhwerhgvbhaskdj
jjkskhcbklserafkljherhkkbhjksdhrejgajjkgjkhgkasdfjkhwerhgvbhaskdj
jjkskhcbklserafkljherhkkbhjksdhrejgajkkgjkhgkasdfjkhwerhgvbhaskdj
jjkskhcbklseragkljherhhkbhjksdhrejgajjkgjkhgkasdfjkhwerhgvbhaskdj
jjkskhcbklseragkljherhhkbhjksdhrejgajkkgjkhgkasdfjkhwerhgvbhaskdj
jjkskhcbklseragkljherhikbhjksdhrejgajjkgjkhgkasdfjkhwerhgvbhaskdj
jjkskhcbklseragkljherhikbhjksdhrejgajkkgjkhgkasdfjkhwerhgvbhaskdj
jjkskhcbklseragkljherhjkbhjksdhrejgajjkgjkhgkasdfjkhwerhgvbhaskdj
jjkskhcbklseragkljherhjkbhjksdhrejgajkkgjkhgkasdfjkhwerhgvbhaskdj
jjkskhcbklseragkljherhkkbhjksdhrejgajjkgjkhgkasdfjkhwerhgvbhaskdj
jjkskhcbklseragkljherhkkbhjksdhrejgajkkgjkhgkasdfjkhwerhgvbhaskdj
jjkskhcbklserahkljherhhkbhjksdhrejgajjkgjkhgkasdfjkhwerhgvbhaskdj
jjkskhcbklserahkljherhhkbhjksdhrejgajkkgjkhgkasdfjkhwerhgvbhaskdj
jjkskhcbklserahkljherhikbhjksdhrejgajjkgjkhgkasdfjkhwerhgvbhaskdj
jjkskhcbklserahkljherhikbhjksdhrejgajkkgjkhgkasdfjkhwerhgvbhaskdj
jjkskhcbklserahkljherhjkbhjksdhrejgajjkgjkhgkasdfjkhwerhgvbhaskdj
jjkskhcbklserahkljherhjkbhjksdhrejgajkkgjkhgkasdfjkhwerhgvbhaskdj
jjkskhcbklserahkljherhkkbhjksdhrejgajjkgjkhgkasdfjkhwerhgvbhaskdj
jjkskhcbklserahkljherhkkbhjksdhrejgajkkgjkhgkasdfjkhwerhgvbhaskdj
jjkskhcbklseraikljherhhkbhjksdhrejgajjkgjkhgkasdfjkhwerhgvbhaskdj
jjkskhcbklseraikljherhhkbhjksdhrejgajkkgjkhgkasdfjkhwerhgvbhaskdj
jjkskhcbklseraikljherhikbhjksdhrejgajjkgjkhgkasdfjkhwerhgvbhaskdj
jjkskhcbklseraikljherhikbhjksdhrejgajkkgjkhgkasdfjkhwerhgvbhaskdj
jjkskhcbklseraikljherhjkbhjksdhrejgajjkgjkhgkasdfjkhwerhgvbhaskdj
jjkskhcbklseraikljherhjkbhjksdhrejgajkkgjkhgkasdfjkhwerhgvbhaskdj
jjkskhcbklseraikljherhkkbhjksdhrejgajjkgjkhgkasdfjkhwerhgvbhaskdj
jjkskhcbklseraikljherhkkbhjksdhrejgajkkgjkhgkasdfjkhwerhgvbhaskdj
jjkskhcbklserajkljherhhkbhjksdhrejgajjkgjkhgkasdfjkhwerhgvbhaskdj
jjkskhcbklserajkljherhhkbhjksdhrejgajkkgjkhgkasdfjkhwerhgvbhaskdj
jjkskhcbklserajkljherhikbhjksdhrejgajjkgjkhgkasdfjkhwerhgvbhaskdj
jjkskhcbklserajkljherhikbhjksdhrejgajkkgjkhgkasdfjkhwerhgvbhaskdj
jjkskhcbklserajkljherhjkbhjksdhrejgajjkgjkhgkasdfjkhwerhgvbhaskdj
jjkskhcbklserajkljherhjkbhjksdhrejgajkkgjkhgkasdfjkhwerhgvbhaskdj
jjkskhcbklserajkljherhkkbhjksdhrejgajjkgjkhgkasdfjkhwerhgvbhaskdj
jjkskhcbklserajkljherhkkbhjksdhrejgajkkgjkhgkasdfjkhwerhgvbhaskdj
jjkskhcbklserakkljherhhkbhjksdhrejgajjkgjkhgkasdfjkhwerhgvbhaskdj
jjkskhcbklserakkljherhhkbhjksdhrejgajkkgjkhgkasdfjkhwerhgvbhaskdj
jjkskhcbklserakkljherhikbhjksdhrejgajjkgjkhgkasdfjkhwerhgvbhaskdj
jjkskhcbklserakkljherhikbhjksdhrejgajkkgjkhgkasdfjkhwerhgvbhaskdj
jjkskhcbklserakkljherhjkbhjksdhrejgajjkgjkhgkasdfjkhwerhgvbhaskdj
jjkskhcbklserakkljherhjkbhjksdhrejgajkkgjkhgkasdfjkhwerhgvbhaskdj
jjkskhcbklserakkljherhkkbhjksdhrejgajjkgjkhgkasdfjkhwerhgvbhaskdj
jjkskhcbklserakkljherhkkbhjksdhrejgajkkgjkhgkasdfjkhwerhgvbhaskdj
jjkskhdbklseraakljherhhkbhjksdhrejgajjkgjkhgkasdfjkhwerhgvbhaskdj
jjkskhdbklseraakljherhhkbhjksdhrejgajkkgjkhgkasdfjkhwerhgvbhaskdj
jjkskhdbklseraakljherhikbhjksdhrejgajjkgjkhgkasdfjkhwerhgvbhaskdj
jjkskhdbklseraakljherhikbhjksdhrejgajkkgjkhgkasdfjkhwerhgvbhaskdj
jjkskhdbklseraakljherhjkbhjksdhrejgajjkgjkhgkasdfjkhwerhgvbhaskdj
jjkskhdbklseraakljherhjkbhjksdhrejgajkkgjkhgkasdfjkhwerhgvbhaskdj
jjkskhdbklseraakljherhkkbhjksdhrejgajjkgjkhgkasdfjkhwerhgvbhaskdj
jjkskhdbklseraakljherhkkbhjksdhrejgajkkgjkhgkasdfjkhwerhgvbhaskdj
jjkskhdbklserabkljherhhkbhjksdhrejgajjkgjkhgkasdfjkhwerhgvbhaskdj
jjkskhdbklserabkljherhhkbhjksdhrejgajkkgjkhgkasdfjkhwerhgvbhaskdj
jjkskhdbklserabkljherhikbhjksdhrejgajjkgjkhgkasdfjkhwerhgvbhaskdj
jjkskhdbklserabkljherhikbhjksdhrejgajkkgjkhgkasdfjkhwerhgvbhaskdj
jjkskhdbklserabkljherhjkbhjksdhrejgajjkgjkhgkasdfjkhwerhgvbhaskdj
jjkskhdbklserabkljherhjkbhjksdhrejgajkkgjkhgkasdfjkhwerhgvbhaskdj
jjkskhdbklserabkljherhkkbhjksdhrejgajjkgjkhgkasdfjkhwerhgvbhaskdj
jjkskhdbklserabkljherhkkbhjksdhrejgajkkgjkhgkasdfjkhwerhgvbhaskdj
jjkskhdbklserackljherhhkbhjksdhrejgajjkgjkhgkasdfjkhwerhgvbhaskdj
jjkskhdbklserackljherhhkbhjksdhrejgajkkgjkhgkasdfjkhwerhgvbhaskdj
jjkskhdbklserackljherhikbhjksdhrejgajjkgjkhgkasdfjkhwerhgvbhaskdj
jjkskhdbklserackljherhikbhjksdhrejgajkkgjkhgkasdfjkhwerhgvbhaskdj
jjkskhdbklserackljherhjkbhjksdhrejgajjkgjkhgkasdfjkhwerhgvbhaskdj
jjkskhdbklserackljherhjkbhjksdhrejgajkkgjkhgkasdfjkhwerhgvbhaskdj
jjkskhdbklserackljherhkkbhjksdhrejgajjkgjkhgkasdfjkhwerhgvbhaskdj
jjkskhdbklserackljherhkkbhjksdhrejgajkkgjkhgkasdfjkhwerhgvbhaskdj
jjkskhdbklseradkljherhhkbhjksdhrejgajjkgjkhgkasdfjkhwerhgvbhaskdj
jjkskhdbklseradkljherhhkbhjksdhrejgajkkgjkhgkasdfjkhwerhgvbhaskdj
jjkskhdbklseradkljherhikbhjksdhrejgajjkgjkhgkasdfjkhwerhgvbhaskdj
jjkskhdbklseradkljherhikbhjksdhrejgajkkgjkhgkasdfjkhwerhgvbhaskdj
jjkskhdbklseradkljherhjkbhjksdhrejgajjkgjkhgkasdfjkhwerhgvbhaskdj
jjkskhdbklseradkljherhjkbhjksdhrejgajkkgjkhgkasdfjkhwerhgvbhaskdj
jjkskhdbklseradkljherhkkbhjksdhrejgajjkgjkhgkasdfjkhwerhgvbhaskdj
jjkskhdbklseradkljherhkkbhjksdhrejgajkkgjkhgkasdfjkhwerhgvbhaskdj
jjkskhdbklseraekljherhhkbhjksdhrejgajjkgjkhgkasdfjkhwerhgvbhaskdj
jjkskhdbklseraekljherhhkbhjksdhrejgajkkgjkhgkasdfjkhwerhgvbhaskdj
jjkskhdbklseraekljherhikbhjksdhrejgajjkgjkhgkasdfjkhwerhgvbhaskdj
jjkskhdbklseraekljherhikbhjksdhrejgajkkgjkhgkasdfjkhwerhgvbhaskdj
jjkskhdbklseraekljherhjkbhjksdhrejgajjkgjkhgkasdfjkhwerhgvbhaskdj
jjkskhdbklseraekljherhjkbhjksdhrejgajkkgjkhgkasdfjkhwerhgvbhaskdj
jjkskhdbklseraekljherhkkbhjksdhrejgajjkgjkhgkasdfjkhwerhgvbhaskdj
jjkskhdbklseraekljherhkkbhjksdhrejgajkkgjkhgkasdfjkhwerhgvbhaskdj
jjkskhdbklserafkljherhhkbhjksdhrejgajjkgjkhgkasdfjkhwerhgvbhaskdj
jjkskhdbklserafkljherhhkbhjksdhrejgajkkgjkhgkasdfjkhwerhgvbhaskdj
jjkskhdbklserafkljherhikbhjksdhrejgajjkgjkhgkasdfjkhwerhgvbhaskdj
jjkskhdbklserafkljherhikbhjksdhrejgajkkgjkhgkasdfjkhwerhgvbhaskdj
jjkskhdbklserafkljherhjkbhjksdhrejgajjkgjkhgkasdfjkhwerhgvbhaskdj
jjkskhdbklserafkljherhjkbhjksdhrejgajkkgjkhgkasdfjkhwerhgvbhaskdj
jjkskhdbklserafkljherhkkbhjksdhrejgajjkgjkhgkasdfjkhwerhgvbhaskdj
jjkskhdbklserafkljherhkkbhjksdhrejgajkkgjkhgkasdfjkhwerhgvbhaskdj
jjkskhdbklseragkljherhhkbhjksdhrejgajjkgjkhgkasdfjkhwerhgvbhaskdj
jjkskhdbklseragkljherhhkbhjksdhrejgajkkgjkhgkasdfjkhwerhgvbhaskdj
jjkskhdbklseragkljherhikbhjksdhrejgajjkgjkhgkasdfjkhwerhgvbhaskdj
jjkskhdbklseragkljherhikbhjksdhrejgajkkgjkhgkasdfjkhwerhgvbhaskdj
jjkskhdbklseragkljherhjkbhjksdhrejgajjkgjkhgkasdfjkhwerhgvbhaskdj
jjkskhdbklseragkljherhjkbhjksdhrejgajkkgjkhgkasdfjkhwerhgvbhaskdj
jjkskhdbklseragkljherhkkbhjksdhrejgajjkgjkhgkasdfjkhwerhgvbhaskdj
jjkskhdbklseragkljherhkkbhjksdhrejgajkkgjkhgkasdfjkhwerhgvbhaskdj
jjkskhdbklserahkljherhhkbhjksdhrejgajjkgjkhgkasdfjkhwerhgvbhaskdj
jjkskhdbklserahkljherhhkbhjksdhrejgajkkgjkhgkasdfjkhwerhgvbhaskdj
jjkskhdbklserahkljherhikbhjksdhrejgajjkgjkhgkasdfjkhwerhgvbhaskdj
jjkskhdbklserahkljherhikbhjksdhrejgajkkgjkhgkasdfjkhwerhgvbhaskdj
jjkskhdbklserahkljherhjkbhjksdhrejgajjkgjkhgkasdfjkhwerhgvbhaskdj
jjkskhdbklserahkljherhjkbhjksdhrejgajkkgjkhgkasdfjkhwerhgvbhaskdj
jjkskhdbklserahkljherhkkbhjksdhrejgajjkgjkhgkasdfjkhwerhgvbhaskdj
jjkskhdbklserahkljherhkkbhjksdhrejgajkkgjkhgkasdfjkhwerhgvbhaskdj
jjkskhdbklseraikljherhhkbhjksdhrejgajjkgjkhgkasdfjkhwerhgvbhaskdj
jjkskhdbklseraikljherhhkbhjksdhrejgajkkgjkhgkasdfjkhwerhgvbhaskdj
jjkskhdbklseraikljherhikbhjksdhrejgajjkgjkhgkasdfjkhwerhgvbhaskdj
jjkskhdbklseraikljherhikbhjksdhrejgajkkgjkhgkasdfjkhwerhgvbhaskdj
jjkskhdbklseraikljherhjkbhjksdhrejgajjkgjkhgkasdfjkhwerhgvbhaskdj
jjkskhdbklseraikljherhjkbhjksdhrejgajkkgjkhgkasdfjkhwerhgvbhaskdj
jjkskhdbklseraikljherhkkbhjksdhrejgajjkgjkhgkasdfjkhwerhgvbhaskdj
jjkskhdbklseraikljherhkkbhjksdhrejgajkkgjkhgkasdfjkhwerhgvbhaskdj
jjkskhdbklserajkljherhhkbhjksdhrejgajjkgjkhgkasdfjkhwerhgvbhaskdj
jjkskhdbklserajkljherhhkbhjksdhrejgajkkgjkhgkasdfjkhwerhgvbhaskdj
jjkskhdbklserajkljherhikbhjksdhrejgajjkgjkhgkasdfjkhwerhgvbhaskdj
jjkskhdbklserajkljherhikbhjksdhrejgajkkgjkhgkasdfjkhwerhgvbhaskdj
jjkskhdbklserajkljherhjkbhjksdhrejgajjkgjkhgkasdfjkhwerhgvbhaskdj
jjkskhdbklserajkljherhjkbhjksdhrejgajkkgjkhgkasdfjkhwerhgvbhaskdj
jjkskhdbklserajkljherhkkbhjksdhrejgajjkgjkhgkasdfjkhwerhgvbhaskdj
jjkskhdbklserajkljherhkkbhjksdhrejgajkkgjkhgkasdfjkhwerhgvbhaskdj
jjkskhdbklserakkljherhhkbhjksdhrejgajjkgjkhgkasdfjkhwerhgvbhaskdj
jjkskhdbklserakkljherhhkbhjksdhrejgajkkgjkhgkasdfjkhwerhgvbhaskdj
jjkskhdbklserakkljherhikbhjksdhrejgajjkgjkhgkasdfjkhwerhgvbhaskdj
jjkskhdbklserakkljherhikbhjksdhrejgajkkgjkhgkasdfjkhwerhgvbhaskdj
jjkskhdbklserakkljherhjkbhjksdhrejgajjkgjkhgkasdfjkhwerhgvbhaskdj
jjkskhdbklserakkljherhjkbhjksdhrejgajkkgjkhgkasdfjkhwerhgvbhaskdj
jjkskhdbklserakkljherhkkbhjksdhrejgajjkgjkhgkasdfjkhwerhgvbhaskdj
jjkskhdbklserakkljherhkkbhjksdhrejgajkkgjkhgkasdfjkhwerhgvbhaskdj
jjkskhebklseraakljherhhkbhjksdhrejgajjkgjkhgkasdfjkhwerhgvbhaskdj
jjkskhebklseraakljherhhkbhjksdhrejgajkkgjkhgkasdfjkhwerhgvbhaskdj
jjkskhebklseraakljherhikbhjksdhrejgajjkgjkhgkasdfjkhwerhgvbhaskdj
jjkskhebklseraakljherhikbhjksdhrejgajkkgjkhgkasdfjkhwerhgvbhaskdj
jjkskhebklseraakljherhjkbhjksdhrejgajjkgjkhgkasdfjkhwerhgvbhaskdj
jjkskhebklseraakljherhjkbhjksdhrejgajkkgjkhgkasdfjkhwerhgvbhaskdj
jjkskhebklseraakljherhkkbhjksdhrejgajjkgjkhgkasdfjkhwerhgvbhaskdj
jjkskhebklseraakljherhkkbhjksdhrejgajkkgjkhgkasdfjkhwerhgvbhaskdj
jjkskhebklserabkljherhhkbhjksdhrejgajjkgjkhgkasdfjkhwerhgvbhaskdj
jjkskhebklserabkljherhhkbhjksdhrejgajkkgjkhgkasdfjkhwerhgvbhaskdj
jjkskhebklserabkljherhikbhjksdhrejgajjkgjkhgkasdfjkhwerhgvbhaskdj
jjkskhebklserabkljherhikbhjksdhrejgajkkgjkhgkasdfjkhwerhgvbhaskdj
jjkskhebklserabkljherhjkbhjksdhrejgajjkgjkhgkasdfjkhwerhgvbhaskdj
jjkskhebklserabkljherhjkbhjksdhrejgajkkgjkhgkasdfjkhwerhgvbhaskdj
jjkskhebklserabkljherhkkbhjksdhrejgajjkgjkhgkasdfjkhwerhgvbhaskdj
jjkskhebklserabkljherhkkbhjksdhrejgajkkgjkhgkasdfjkhwerhgvbhaskdj
jjkskhebklserackljherhhkbhjksdhrejgajjkgjkhgkasdfjkhwerhgvbhaskdj
jjkskhebklserackljherhhkbhjksdhrejgajkkgjkhgkasdfjkhwerhgvbhaskdj
jjkskhebklserackljherhikbhjksdhrejgajjkgjkhgkasdfjkhwerhgvbhaskdj
jjkskhebklserackljherhikbhjksdhrejgajkkgjkhgkasdfjkhwerhgvbhaskdj
jjkskhebklserackljherhjkbhjksdhrejgajjkgjkhgkasdfjkhwerhgvbhaskdj
jjkskhebklserackljherhjkbhjksdhrejgajkkgjkhgkasdfjkhwerhgvbhaskdj
jjkskhebklserackljherhkkbhjksdhrejgajjkgjkhgkasdfjkhwerhgvbhaskdj
jjkskhebklserackljherhkkbhjksdhrejgajkkgjkhgkasdfjkhwerhgvbhaskdj
jjkskhebklseradkljherhhkbhjksdhrejgajjkgjkhgkasdfjkhwerhgvbhaskdj
jjkskhebklseradkljherhhkbhjksdhrejgajkkgjkhgkasdfjkhwerhgvbhaskdj
jjkskhebklseradkljherhikbhjksdhrejgajjkgjkhgkasdfjkhwerhgvbhaskdj
jjkskhebklseradkljherhikbhjksdhrejgajkkgjkhgkasdfjkhwerhgvbhaskdj
jjkskhebklseradkljherhjkbhjksdhrejgajjkgjkhgkasdfjkhwerhgvbhaskdj
jjkskhebklseradkljherhjkbhjksdhrejgajkkgjkhgkasdfjkhwerhgvbhaskdj
jjkskhebklseradkljherhkkbhjksdhrejgajjkgjkhgkasdfjkhwerhgvbhaskdj
jjkskhebklseradkljherhkkbhjksdhrejgajkkgjkhgkasdfjkhwerhgvbhaskdj
jjkskhebklseraekljherhhkbhjksdhrejgajjkgjkhgkasdfjkhwerhgvbhaskdj
jjkskhebklseraekljherhhkbhjksdhrejgajkkgjkhgkasdfjkhwerhgvbhaskdj
jjkskhebklseraekljherhikbhjksdhrejgajjkgjkhgkasdfjkhwerhgvbhaskdj
jjkskhebklseraekljherhikbhjksdhrejgajkkgjkhgkasdfjkhwerhgvbhaskdj
jjkskhebklseraekljherhjkbhjksdhrejgajjkgjkhgkasdfjkhwerhgvbhaskdj
jjkskhebklseraekljherhjkbhjksdhrejgajkkgjkhgkasdfjkhwerhgvbhaskdj
jjkskhebklseraekljherhkkbhjksdhrejgajjkgjkhgkasdfjkhwerhgvbhaskdj
jjkskhebklseraekljherhkkbhjksdhrejgajkkgjkhgkasdfjkhwerhgvbhaskdj
jjkskhebklserafkljherhhkbhjksdhrejgajjkgjkhgkasdfjkhwerhgvbhaskdj
jjkskhebklserafkljherhhkbhjksdhrejgajkkgjkhgkasdfjkhwerhgvbhaskdj
jjkskhebklserafkljherhikbhjksdhrejgajjkgjkhgkasdfjkhwerhgvbhaskdj
jjkskhebklserafkljherhikbhjksdhrejgajkkgjkhgkasdfjkhwerhgvbhaskdj
jjkskhebklserafkljherhjkbhjksdhrejgajjkgjkhgkasdfjkhwerhgvbhaskdj
jjkskhebklserafkljherhjkbhjksdhrejgajkkgjkhgkasdfjkhwerhgvbhaskdj
jjkskhebklserafkljherhkkbhjksdhrejgajjkgjkhgkasdfjkhwerhgvbhaskdj
jjkskhebklserafkljherhkkbhjksdhrejgajkkgjkhgkasdfjkhwerhgvbhaskdj
jjkskhebklseragkljherhhkbhjksdhrejgajjkgjkhgkasdfjkhwerhgvbhaskdj
jjkskhebklseragkljherhhkbhjksdhrejgajkkgjkhgkasdfjkhwerhgvbhaskdj
jjkskhebklseragkljherhikbhjksdhrejgajjkgjkhgkasdfjkhwerhgvbhaskdj
jjkskhebklseragkljherhikbhjksdhrejgajkkgjkhgkasdfjkhwerhgvbhaskdj
jjkskhebklseragkljherhjkbhjksdhrejgajjkgjkhgkasdfjkhwerhgvbhaskdj
jjkskhebklseragkljherhjkbhjksdhrejgajkkgjkhgkasdfjkhwerhgvbhaskdj
jjkskhebklseragkljherhkkbhjksdhrejgajjkgjkhgkasdfjkhwerhgvbhaskdj
jjkskhebklseragkljherhkkbhjksdhrejgajkkgjkhgkasdfjkhwerhgvbhaskdj
jjkskhebklserahkljherhhkbhjksdhrejgajjkgjkhgkasdfjkhwerhgvbhaskdj
jjkskhebklserahkljherhhkbhjksdhrejgajkkgjkhgkasdfjkhwerhgvbhaskdj
jjkskhebklserahkljherhikbhjksdhrejgajjkgjkhgkasdfjkhwerhgvbhaskdj
jjkskhebklserahkljherhikbhjksdhrejgajkkgjkhgkasdfjkhwerhgvbhaskdj
jjkskhebklserahkljherhjkbhjksdhrejgajjkgjkhgkasdfjkhwerhgvbhaskdj
jjkskhebklserahkljherhjkbhjksdhrejgajkkgjkhgkasdfjkhwerhgvbhaskdj
jjkskhebklserahkljherhkkbhjksdhrejgajjkgjkhgkasdfjkhwerhgvbhaskdj
jjkskhebklserahkljherhkkbhjksdhrejgajkkgjkhgkasdfjkhwerhgvbhaskdj
jjkskhebklseraikljherhhkbhjksdhrejgajjkgjkhgkasdfjkhwerhgvbhaskdj
jjkskhebklseraikljherhhkbhjksdhrejgajkkgjkhgkasdfjkhwerhgvbhaskdj
jjkskhebklseraikljherhikbhjksdhrejgajjkgjkhgkasdfjkhwerhgvbhaskdj
jjkskhebklseraikljherhikbhjksdhrejgajkkgjkhgkasdfjkhwerhgvbhaskdj
jjkskhebklseraikljherhjkbhjksdhrejgajjkgjkhgkasdfjkhwerhgvbhaskdj
jjkskhebklseraikljherhjkbhjksdhrejgajkkgjkhgkasdfjkhwerhgvbhaskdj
jjkskhebklseraikljherhkkbhjksdhrejgajjkgjkhgkasdfjkhwerhgvbhaskdj
jjkskhebklseraikljherhkkbhjksdhrejgajkkgjkhgkasdfjkhwerhgvbhaskdj
jjkskhebklserajkljherhhkbhjksdhrejgajjkgjkhgkasdfjkhwerhgvbhaskdj
jjkskhebklserajkljherhhkbhjksdhrejgajkkgjkhgkasdfjkhwerhgvbhaskdj
jjkskhebklserajkljherhikbhjksdhrejgajjkgjkhgkasdfjkhwerhgvbhaskdj
jjkskhebklserajkljherhikbhjksdhrejgajkkgjkhgkasdfjkhwerhgvbhaskdj
jjkskhebklserajkljherhjkbhjksdhrejgajjkgjkhgkasdfjkhwerhgvbhaskdj
jjkskhebklserajkljherhjkbhjksdhrejgajkkgjkhgkasdfjkhwerhgvbhaskdj
jjkskhebklserajkljherhkkbhjksdhrejgajjkgjkhgkasdfjkhwerhgvbhaskdj
jjkskhebklserajkljherhkkbhjksdhrejgajkkgjkhgkasdfjkhwerhgvbhaskdj
jjkskhebklserakkljherhhkbhjksdhrejgajjkgjkhgkasdfjkhwerhgvbhaskdj
jjkskhebklserakkljherhhkbhjksdhrejgajkkgjkhgkasdfjkhwerhgvbhaskdj
jjkskhebklserakkljherhikbhjksdhrejgajjkgjkhgkasdfjkhwerhgvbhaskdj
jjkskhebklserakkljherhikbhjksdhrejgajkkgjkhgkasdfjkhwerhgvbhaskdj
jjkskhebklserakkljherhjkbhjksdhrejgajjkgjkhgkasdfjkhwerhgvbhaskdj
jjkskhebklserakkljherhjkbhjksdhrejgajkkgjkhgkasdfjkhwerhgvbhaskdj
jjkskhebklserakkljherhkkbhjksdhrejgajjkgjkhgkasdfjkhwerhgvbhaskdj
jjkskhebklserakkljherhkkbhjksdhrejgajkkgjkhgkasdfjkhwerhgvbhaskdj
jjkskhfbklseraakljherhhkbhjksdhrejgajjkgjkhgkasdfjkhwerhgvbhaskdj
jjkskhfbklseraakljherhhkbhjksdhrejgajkkgjkhgkasdfjkhwerhgvbhaskdj
jjkskhfbklseraakljherhikbhjksdhrejgajjkgjkhgkasdfjkhwerhgvbhaskdj
jjkskhfbklseraakljherhikbhjksdhrejgajkkgjkhgkasdfjkhwerhgvbhaskdj
jjkskhfbklseraakljherhjkbhjksdhrejgajjkgjkhgkasdfjkhwerhgvbhaskdj
jjkskhfbklseraakljherhjkbhjksdhrejgajkkgjkhgkasdfjkhwerhgvbhaskdj
jjkskhfbklseraakljherhkkbhjksdhrejgajjkgjkhgkasdfjkhwerhgvbhaskdj
jjkskhfbklseraakljherhkkbhjksdhrejgajkkgjkhgkasdfjkhwerhgvbhaskdj
jjkskhfbklserabkljherhhkbhjksdhrejgajjkgjkhgkasdfjkhwerhgvbhaskdj
jjkskhfbklserabkljherhhkbhjksdhrejgajkkgjkhgkasdfjkhwerhgvbhaskdj
jjkskhfbklserabkljherhikbhjksdhrejgajjkgjkhgkasdfjkhwerhgvbhaskdj
jjkskhfbklserabkljherhikbhjksdhrejgajkkgjkhgkasdfjkhwerhgvbhaskdj
jjkskhfbklserabkljherhjkbhjksdhrejgajjkgjkhgkasdfjkhwerhgvbhaskdj
jjkskhfbklserabkljherhjkbhjksdhrejgajkkgjkhgkasdfjkhwerhgvbhaskdj
jjkskhfbklserabkljherhkkbhjksdhrejgajjkgjkhgkasdfjkhwerhgvbhaskdj
jjkskhfbklserabkljherhkkbhjksdhrejgajkkgjkhgkasdfjkhwerhgvbhaskdj
jjkskhfbklserackljherhhkbhjksdhrejgajjkgjkhgkasdfjkhwerhgvbhaskdj
jjkskhfbklserackljherhhkbhjksdhrejgajkkgjkhgkasdfjkhwerhgvbhaskdj
jjkskhfbklserackljherhikbhjksdhrejgajjkgjkhgkasdfjkhwerhgvbhaskdj
jjkskhfbklserackljherhikbhjksdhrejgajkkgjkhgkasdfjkhwerhgvbhaskdj
jjkskhfbklserackljherhjkbhjksdhrejgajjkgjkhgkasdfjkhwerhgvbhaskdj
jjkskhfbklserackljherhjkbhjksdhrejgajkkgjkhgkasdfjkhwerhgvbhaskdj
jjkskhfbklserackljherhkkbhjksdhrejgajjkgjkhgkasdfjkhwerhgvbhaskdj
jjkskhfbklserackljherhkkbhjksdhrejgajkkgjkhgkasdfjkhwerhgvbhaskdj
jjkskhfbklseradkljherhhkbhjksdhrejgajjkgjkhgkasdfjkhwerhgvbhaskdj
jjkskhfbklseradkljherhhkbhjksdhrejgajkkgjkhgkasdfjkhwerhgvbhaskdj
jjkskhfbklseradkljherhikbhjksdhrejgajjkgjkhgkasdfjkhwerhgvbhaskdj
jjkskhfbklseradkljherhikbhjksdhrejgajkkgjkhgkasdfjkhwerhgvbhaskdj
jjkskhfbklseradkljherhjkbhjksdhrejgajjkgjkhgkasdfjkhwerhgvbhaskdj
jjkskhfbklseradkljherhjkbhjksdhrejgajkkgjkhgkasdfjkhwerhgvbhaskdj
jjkskhfbklseradkljherhkkbhjksdhrejgajjkgjkhgkasdfjkhwerhgvbhaskdj
jjkskhfbklseradkljherhkkbhjksdhrejgajkkgjkhgkasdfjkhwerhgvbhaskdj
jjkskhfbklseraekljherhhkbhjksdhrejgajjkgjkhgkasdfjkhwerhgvbhaskdj
jjkskhfbklseraekljherhhkbhjksdhrejgajkkgjkhgkasdfjkhwerhgvbhaskdj
jjkskhfbklseraekljherhikbhjksdhrejgajjkgjkhgkasdfjkhwerhgvbhaskdj
jjkskhfbklseraekljherhikbhjksdhrejgajkkgjkhgkasdfjkhwerhgvbhaskdj
jjkskhfbklseraekljherhjkbhjksdhrejgajjkgjkhgkasdfjkhwerhgvbhaskdj
jjkskhfbklseraekljherhjkbhjksdhrejgajkkgjkhgkasdfjkhwerhgvbhaskdj
jjkskhfbklseraekljherhkkbhjksdhrejgajjkgjkhgkasdfjkhwerhgvbhaskdj
jjkskhfbklseraekljherhkkbhjksdhrejgajkkgjkhgkasdfjkhwerhgvbhaskdj
jjkskhfbklserafkljherhhkbhjksdhrejgajjkgjkhgkasdfjkhwerhgvbhaskdj
jjkskhfbklserafkljherhhkbhjksdhrejgajkkgjkhgkasdfjkhwerhgvbhaskdj
jjkskhfbklserafkljherhikbhjksdhrejgajjkgjkhgkasdfjkhwerhgvbhaskdj
jjkskhfbklserafkljherhikbhjksdhrejgajkkgjkhgkasdfjkhwerhgvbhaskdj
jjkskhfbklserafkljherhjkbhjksdhrejgajjkgjkhgkasdfjkhwerhgvbhaskdj
jjkskhfbklserafkljherhjkbhjksdhrejgajkkgjkhgkasdfjkhwerhgvbhaskdj
jjkskhfbklserafkljherhkkbhjksdhrejgajjkgjkhgkasdfjkhwerhgvbhaskdj
jjkskhfbklserafkljherhkkbhjksdhrejgajkkgjkhgkasdfjkhwerhgvbhaskdj
jjkskhfbklseragkljherhhkbhjksdhrejgajjkgjkhgkasdfjkhwerhgvbhaskdj
jjkskhfbklseragkljherhhkbhjksdhrejgajkkgjkhgkasdfjkhwerhgvbhaskdj
jjkskhfbklseragkljherhikbhjksdhrejgajjkgjkhgkasdfjkhwerhgvbhaskdj
jjkskhfbklseragkljherhikbhjksdhrejgajkkgjkhgkasdfjkhwerhgvbhaskdj
jjkskhfbklseragkljherhjkbhjksdhrejgajjkgjkhgkasdfjkhwerhgvbhaskdj
jjkskhfbklseragkljherhjkbhjksdhrejgajkkgjkhgkasdfjkhwerhgvbhaskdj
jjkskhfbklseragkljherhkkbhjksdhrejgajjkgjkhgkasdfjkhwerhgvbhaskdj
jjkskhfbklseragkljherhkkbhjksdhrejgajkkgjkhgkasdfjkhwerhgvbhaskdj
jjkskhfbklserahkljherhhkbhjksdhrejgajjkgjkhgkasdfjkhwerhgvbhaskdj
jjkskhfbklserahkljherhhkbhjksdhrejgajkkgjkhgkasdfjkhwerhgvbhaskdj
jjkskhfbklserahkljherhikbhjksdhrejgajjkgjkhgkasdfjkhwerhgvbhaskdj
jjkskhfbklserahkljherhikbhjksdhrejgajkkgjkhgkasdfjkhwerhgvbhaskdj
jjkskhfbklserahkljherhjkbhjksdhrejgajjkgjkhgkasdfjkhwerhgvbhaskdj
jjkskhfbklserahkljherhjkbhjksdhrejgajkkgjkhgkasdfjkhwerhgvbhaskdj
jjkskhfbklserahkljherhkkbhjksdhrejgajjkgjkhgkasdfjkhwerhgvbhaskdj
jjkskhfbklserahkljherhkkbhjksdhrejgajkkgjkhgkasdfjkhwerhgvbhaskdj
jjkskhfbklseraikljherhhkbhjksdhrejgajjkgjkhgkasdfjkhwerhgvbhaskdj
jjkskhfbklseraikljherhhkbhjksdhrejgajkkgjkhgkasdfjkhwerhgvbhaskdj
jjkskhfbklseraikljherhikbhjksdhrejgajjkgjkhgkasdfjkhwerhgvbhaskdj
jjkskhfbklseraikljherhikbhjksdhrejgajkkgjkhgkasdfjkhwerhgvbhaskdj
jjkskhfbklseraikljherhjkbhjksdhrejgajjkgjkhgkasdfjkhwerhgvbhaskdj
jjkskhfbklseraikljherhjkbhjksdhrejgajkkgjkhgkasdfjkhwerhgvbhaskdj
jjkskhfbklseraikljherhkkbhjksdhrejgajjkgjkhgkasdfjkhwerhgvbhaskdj
jjkskhfbklseraikljherhkkbhjksdhrejgajkkgjkhgkasdfjkhwerhgvbhaskdj
jjkskhfbklserajkljherhhkbhjksdhrejgajjkgjkhgkasdfjkhwerhgvbhaskdj
jjkskhfbklserajkljherhhkbhjksdhrejgajkkgjkhgkasdfjkhwerhgvbhaskdj
jjkskhfbklserajkljherhikbhjksdhrejgajjkgjkhgkasdfjkhwerhgvbhaskdj
jjkskhfbklserajkljherhikbhjksdhrejgajkkgjkhgkasdfjkhwerhgvbhaskdj
jjkskhfbklserajkljherhjkbhjksdhrejgajjkgjkhgkasdfjkhwerhgvbhaskdj
jjkskhfbklserajkljherhjkbhjksdhrejgajkkgjkhgkasdfjkhwerhgvbhaskdj
jjkskhfbklserajkljherhkkbhjksdhrejgajjkgjkhgkasdfjkhwerhgvbhaskdj
jjkskhfbklserajkljherhkkbhjksdhrejgajkkgjkhgkasdfjkhwerhgvbhaskdj
jjkskhfbklserakkljherhhkbhjksdhrejgajjkgjkhgkasdfjkhwerhgvbhaskdj
jjkskhfbklserakkljherhhkbhjksdhrejgajkkgjkhgkasdfjkhwerhgvbhaskdj
jjkskhfbklserakkljherhikbhjksdhrejgajjkgjkhgkasdfjkhwerhgvbhaskdj
jjkskhfbklserakkljherhikbhjksdhrejgajkkgjkhgkasdfjkhwerhgvbhaskdj
jjkskhfbklserakkljherhjkbhjksdhrejgajjkgjkhgkasdfjkhwerhgvbhaskdj
jjkskhfbklserakkljherhjkbhjksdhrejgajkkgjkhgkasdfjkhwerhgvbhaskdj
jjkskhfbklserakkljherhkkbhjksdhrejgajjkgjkhgkasdfjkhwerhgvbhaskdj
jjkskhfbklserakkljherhkkbhjksdhrejgajkkgjkhgkasdfjkhwerhgvbhaskdj
jjkskhgbklseraakljherhhkbhjksdhrejgajjkgjkhgkasdfjkhwerhgvbhaskdj
jjkskhgbklseraakljherhhkbhjksdhrejgajkkgjkhgkasdfjkhwerhgvbhaskdj
jjkskhgbklseraakljherhikbhjksdhrejgajjkgjkhgkasdfjkhwerhgvbhaskdj
jjkskhgbklseraakljherhikbhjksdhrejgajkkgjkhgkasdfjkhwerhgvbhaskdj
jjkskhgbklseraakljherhjkbhjksdhrejgajjkgjkhgkasdfjkhwerhgvbhaskdj
jjkskhgbklseraakljherhjkbhjksdhrejgajkkgjkhgkasdfjkhwerhgvbhaskdj
jjkskhgbklseraakljherhkkbhjksdhrejgajjkgjkhgkasdfjkhwerhgvbhaskdj
jjkskhgbklseraakljherhkkbhjksdhrejgajkkgjkhgkasdfjkhwerhgvbhaskdj
jjkskhgbklserabkljherhhkbhjksdhrejgajjkgjkhgkasdfjkhwerhgvbhaskdj
jjkskhgbklserabkljherhhkbhjksdhrejgajkkgjkhgkasdfjkhwerhgvbhaskdj
jjkskhgbklserabkljherhikbhjksdhrejgajjkgjkhgkasdfjkhwerhgvbhaskdj
jjkskhgbklserabkljherhikbhjksdhrejgajkkgjkhgkasdfjkhwerhgvbhaskdj
jjkskhgbklserabkljherhjkbhjksdhrejgajjkgjkhgkasdfjkhwerhgvbhaskdj
jjkskhgbklserabkljherhjkbhjksdhrejgajkkgjkhgkasdfjkhwerhgvbhaskdj
jjkskhgbklserabkljherhkkbhjksdhrejgajjkgjkhgkasdfjkhwerhgvbhaskdj
jjkskhgbklserabkljherhkkbhjksdhrejgajkkgjkhgkasdfjkhwerhgvbhaskdj
jjkskhgbklserackljherhhkbhjksdhrejgajjkgjkhgkasdfjkhwerhgvbhaskdj
jjkskhgbklserackljherhhkbhjksdhrejgajkkgjkhgkasdfjkhwerhgvbhaskdj
jjkskhgbklserackljherhikbhjksdhrejgajjkgjkhgkasdfjkhwerhgvbhaskdj
jjkskhgbklserackljherhikbhjksdhrejgajkkgjkhgkasdfjkhwerhgvbhaskdj
jjkskhgbklserackljherhjkbhjksdhrejgajjkgjkhgkasdfjkhwerhgvbhaskdj
jjkskhgbklserackljherhjkbhjksdhrejgajkkgjkhgkasdfjkhwerhgvbhaskdj
jjkskhgbklserackljherhkkbhjksdhrejgajjkgjkhgkasdfjkhwerhgvbhaskdj
jjkskhgbklserackljherhkkbhjksdhrejgajkkgjkhgkasdfjkhwerhgvbhaskdj
jjkskhgbklseradkljherhhkbhjksdhrejgajjkgjkhgkasdfjkhwerhgvbhaskdj
jjkskhgbklseradkljherhhkbhjksdhrejgajkkgjkhgkasdfjkhwerhgvbhaskdj
jjkskhgbklseradkljherhikbhjksdhrejgajjkgjkhgkasdfjkhwerhgvbhaskdj
jjkskhgbklseradkljherhikbhjksdhrejgajkkgjkhgkasdfjkhwerhgvbhaskdj
jjkskhgbklseradkljherhjkbhjksdhrejgajjkgjkhgkasdfjkhwerhgvbhaskdj
jjkskhgbklseradkljherhjkbhjksdhrejgajkkgjkhgkasdfjkhwerhgvbhaskdj
jjkskhgbklseradkljherhkkbhjksdhrejgajjkgjkhgkasdfjkhwerhgvbhaskdj
jjkskhgbklseradkljherhkkbhjksdhrejgajkkgjkhgkasdfjkhwerhgvbhaskdj
jjkskhgbklseraekljherhhkbhjksdhrejgajjkgjkhgkasdfjkhwerhgvbhaskdj
jjkskhgbklseraekljherhhkbhjksdhrejgajkkgjkhgkasdfjkhwerhgvbhaskdj
jjkskhgbklseraekljherhikbhjksdhrejgajjkgjkhgkasdfjkhwerhgvbhaskdj
jjkskhgbklseraekljherhikbhjksdhrejgajkkgjkhgkasdfjkhwerhgvbhaskdj
jjkskhgbklseraekljherhjkbhjksdhrejgajjkgjkhgkasdfjkhwerhgvbhaskdj
jjkskhgbklseraekljherhjkbhjksdhrejgajkkgjkhgkasdfjkhwerhgvbhaskdj
jjkskhgbklseraekljherhkkbhjksdhrejgajjkgjkhgkasdfjkhwerhgvbhaskdj
jjkskhgbklseraekljherhkkbhjksdhrejgajkkgjkhgkasdfjkhwerhgvbhaskdj
jjkskhgbklserafkljherhhkbhjksdhrejgajjkgjkhgkasdfjkhwerhgvbhaskdj
jjkskhgbklserafkljherhhkbhjksdhrejgajkkgjkhgkasdfjkhwerhgvbhaskdj
jjkskhgbklserafkljherhikbhjksdhrejgajjkgjkhgkasdfjkhwerhgvbhaskdj
jjkskhgbklserafkljherhikbhjksdhrejgajkkgjkhgkasdfjkhwerhgvbhaskdj
jjkskhgbklserafkljherhjkbhjksdhrejgajjkgjkhgkasdfjkhwerhgvbhaskdj
jjkskhgbklserafkljherhjkbhjksdhrejgajkkgjkhgkasdfjkhwerhgvbhaskdj
jjkskhgbklserafkljherhkkbhjksdhrejgajjkgjkhgkasdfjkhwerhgvbhaskdj
jjkskhgbklserafkljherhkkbhjksdhrejgajkkgjkhgkasdfjkhwerhgvbhaskdj
jjkskhgbklseragkljherhhkbhjksdhrejgajjkgjkhgkasdfjkhwerhgvbhaskdj
jjkskhgbklseragkljherhhkbhjksdhrejgajkkgjkhgkasdfjkhwerhgvbhaskdj
jjkskhgbklseragkljherhikbhjksdhrejgajjkgjkhgkasdfjkhwerhgvbhaskdj
jjkskhgbklseragkljherhikbhjksdhrejgajkkgjkhgkasdfjkhwerhgvbhaskdj
jjkskhgbklseragkljherhjkbhjksdhrejgajjkgjkhgkasdfjkhwerhgvbhaskdj
jjkskhgbklseragkljherhjkbhjksdhrejgajkkgjkhgkasdfjkhwerhgvbhaskdj
jjkskhgbklseragkljherhkkbhjksdhrejgajjkgjkhgkasdfjkhwerhgvbhaskdj
jjkskhgbklseragkljherhkkbhjksdhrejgajkkgjkhgkasdfjkhwerhgvbhaskdj
jjkskhgbklserahkljherhhkbhjksdhrejgajjkgjkhgkasdfjkhwerhgvbhaskdj
jjkskhgbklserahkljherhhkbhjksdhrejgajkkgjkhgkasdfjkhwerhgvbhaskdj
jjkskhgbklserahkljherhikbhjksdhrejgajjkgjkhgkasdfjkhwerhgvbhaskdj
jjkskhgbklserahkljherhikbhjksdhrejgajkkgjkhgkasdfjkhwerhgvbhaskdj
jjkskhgbklserahkljherhjkbhjksdhrejgajjkgjkhgkasdfjkhwerhgvbhaskdj
jjkskhgbklserahkljherhjkbhjksdhrejgajkkgjkhgkasdfjkhwerhgvbhaskdj
jjkskhgbklserahkljherhkkbhjksdhrejgajjkgjkhgkasdfjkhwerhgvbhaskdj
jjkskhgbklserahkljherhkkbhjksdhrejgajkkgjkhgkasdfjkhwerhgvbhaskdj
jjkskhgbklseraikljherhhkbhjksdhrejgajjkgjkhgkasdfjkhwerhgvbhaskdj
jjkskhgbklseraikljherhhkbhjksdhrejgajkkgjkhgkasdfjkhwerhgvbhaskdj
jjkskhgbklseraikljherhikbhjksdhrejgajjkgjkhgkasdfjkhwerhgvbhaskdj
jjkskhgbklseraikljherhikbhjksdhrejgajkkgjkhgkasdfjkhwerhgvbhaskdj
jjkskhgbklseraikljherhjkbhjksdhrejgajjkgjkhgkasdfjkhwerhgvbhaskdj
jjkskhgbklseraikljherhjkbhjksdhrejgajkkgjkhgkasdfjkhwerhgvbhaskdj
jjkskhgbklseraikljherhkkbhjksdhrejgajjkgjkhgkasdfjkhwerhgvbhaskdj
jjkskhgbklseraikljherhkkbhjksdhrejgajkkgjkhgkasdfjkhwerhgvbhaskdj
jjkskhgbklserajkljherhhkbhjksdhrejgajjkgjkhgkasdfjkhwerhgvbhaskdj
jjkskhgbklserajkljherhhkbhjksdhrejgajkkgjkhgkasdfjkhwerhgvbhaskdj
jjkskhgbklserajkljherhikbhjksdhrejgajjkgjkhgkasdfjkhwerhgvbhaskdj
jjkskhgbklserajkljherhikbhjksdhrejgajkkgjkhgkasdfjkhwerhgvbhaskdj
jjkskhgbklserajkljherhjkbhjksdhrejgajjkgjkhgkasdfjkhwerhgvbhaskdj
jjkskhgbklserajkljherhjkbhjksdhrejgajkkgjkhgkasdfjkhwerhgvbhaskdj
jjkskhgbklserajkljherhkkbhjksdhrejgajjkgjkhgkasdfjkhwerhgvbhaskdj
jjkskhgbklserajkljherhkkbhjksdhrejgajkkgjkhgkasdfjkhwerhgvbhaskdj
jjkskhgbklserakkljherhhkbhjksdhrejgajjkgjkhgkasdfjkhwerhgvbhaskdj
jjkskhgbklserakkljherhhkbhjksdhrejgajkkgjkhgkasdfjkhwerhgvbhaskdj
jjkskhgbklserakkljherhikbhjksdhrejgajjkgjkhgkasdfjkhwerhgvbhaskdj
jjkskhgbklserakkljherhikbhjksdhrejgajkkgjkhgkasdfjkhwerhgvbhaskdj
jjkskhgbklserakkljherhjkbhjksdhrejgajjkgjkhgkasdfjkhwerhgvbhaskdj
jjkskhgbklserakkljherhjkbhjksdhrejgajkkgjkhgkasdfjkhwerhgvbhaskdj
jjkskhgbklserakkljherhkkbhjksdhrejgajjkgjkhgkasdfjkhwerhgvbhaskdj
jjkskhgbklserakkljherhkkbhjksdhrejgajkkgjkhgkasdfjkhwerhgvbhaskdj
jjkskhhbklseraakljherhhkbhjksdhrejgajjkgjkhgkasdfjkhwerhgvbhaskdj
jjkskhhbklseraakljherhhkbhjksdhrejgajkkgjkhgkasdfjkhwerhgvbhaskdj
jjkskhhbklseraakljherhikbhjksdhrejgajjkgjkhgkasdfjkhwerhgvbhaskdj
jjkskhhbklseraakljherhikbhjksdhrejgajkkgjkhgkasdfjkhwerhgvbhaskdj
jjkskhhbklseraakljherhjkbhjksdhrejgajjkgjkhgkasdfjkhwerhgvbhaskdj
jjkskhhbklseraakljherhjkbhjksdhrejgajkkgjkhgkasdfjkhwerhgvbhaskdj
jjkskhhbklseraakljherhkkbhjksdhrejgajjkgjkhgkasdfjkhwerhgvbhaskdj
jjkskhhbklseraakljherhkkbhjksdhrejgajkkgjkhgkasdfjkhwerhgvbhaskdj
jjkskhhbklserabkljherhhkbhjksdhrejgajjkgjkhgkasdfjkhwerhgvbhaskdj
jjkskhhbklserabkljherhhkbhjksdhrejgajkkgjkhgkasdfjkhwerhgvbhaskdj
jjkskhhbklserabkljherhikbhjksdhrejgajjkgjkhgkasdfjkhwerhgvbhaskdj
jjkskhhbklserabkljherhikbhjksdhrejgajkkgjkhgkasdfjkhwerhgvbhaskdj
jjkskhhbklserabkljherhjkbhjksdhrejgajjkgjkhgkasdfjkhwerhgvbhaskdj
jjkskhhbklserabkljherhjkbhjksdhrejgajkkgjkhgkasdfjkhwerhgvbhaskdj
jjkskhhbklserabkljherhkkbhjksdhrejgajjkgjkhgkasdfjkhwerhgvbhaskdj
jjkskhhbklserabkljherhkkbhjksdhrejgajkkgjkhgkasdfjkhwerhgvbhaskdj
jjkskhhbklserackljherhhkbhjksdhrejgajjkgjkhgkasdfjkhwerhgvbhaskdj
jjkskhhbklserackljherhhkbhjksdhrejgajkkgjkhgkasdfjkhwerhgvbhaskdj
jjkskhhbklserackljherhikbhjksdhrejgajjkgjkhgkasdfjkhwerhgvbhaskdj
jjkskhhbklserackljherhikbhjksdhrejgajkkgjkhgkasdfjkhwerhgvbhaskdj
jjkskhhbklserackljherhjkbhjksdhrejgajjkgjkhgkasdfjkhwerhgvbhaskdj
jjkskhhbklserackljherhjkbhjksdhrejgajkkgjkhgkasdfjkhwerhgvbhaskdj
jjkskhhbklserackljherhkkbhjksdhrejgajjkgjkhgkasdfjkhwerhgvbhaskdj
jjkskhhbklserackljherhkkbhjksdhrejgajkkgjkhgkasdfjkhwerhgvbhaskdj
jjkskhhbklseradkljherhhkbhjksdhrejgajjkgjkhgkasdfjkhwerhgvbhaskdj
jjkskhhbklseradkljherhhkbhjksdhrejgajkkgjkhgkasdfjkhwerhgvbhaskdj
jjkskhhbklseradkljherhikbhjksdhrejgajjkgjkhgkasdfjkhwerhgvbhaskdj
jjkskhhbklseradkljherhikbhjksdhrejgajkkgjkhgkasdfjkhwerhgvbhaskdj
jjkskhhbklseradkljherhjkbhjksdhrejgajjkgjkhgkasdfjkhwerhgvbhaskdj
jjkskhhbklseradkljherhjkbhjksdhrejgajkkgjkhgkasdfjkhwerhgvbhaskdj
jjkskhhbklseradkljherhkkbhjksdhrejgajjkgjkhgkasdfjkhwerhgvbhaskdj
jjkskhhbklseradkljherhkkbhjksdhrejgajkkgjkhgkasdfjkhwerhgvbhaskdj
jjkskhhbklseraekljherhhkbhjksdhrejgajjkgjkhgkasdfjkhwerhgvbhaskdj
jjkskhhbklseraekljherhhkbhjksdhrejgajkkgjkhgkasdfjkhwerhgvbhaskdj
jjkskhhbklseraekljherhikbhjksdhrejgajjkgjkhgkasdfjkhwerhgvbhaskdj
jjkskhhbklseraekljherhikbhjksdhrejgajkkgjkhgkasdfjkhwerhgvbhaskdj
jjkskhhbklseraekljherhjkbhjksdhrejgajjkgjkhgkasdfjkhwerhgvbhaskdj
jjkskhhbklseraekljherhjkbhjksdhrejgajkkgjkhgkasdfjkhwerhgvbhaskdj
jjkskhhbklseraekljherhkkbhjksdhrejgajjkgjkhgkasdfjkhwerhgvbhaskdj
jjkskhhbklseraekljherhkkbhjksdhrejgajkkgjkhgkasdfjkhwerhgvbhaskdj
jjkskhhbklserafkljherhhkbhjksdhrejgajjkgjkhgkasdfjkhwerhgvbhaskdj
jjkskhhbklserafkljherhhkbhjksdhrejgajkkgjkhgkasdfjkhwerhgvbhaskdj
jjkskhhbklserafkljherhikbhjksdhrejgajjkgjkhgkasdfjkhwerhgvbhaskdj
jjkskhhbklserafkljherhikbhjksdhrejgajkkgjkhgkasdfjkhwerhgvbhaskdj
jjkskhhbklserafkljherhjkbhjksdhrejgajjkgjkhgkasdfjkhwerhgvbhaskdj
jjkskhhbklserafkljherhjkbhjksdhrejgajkkgjkhgkasdfjkhwerhgvbhaskdj
jjkskhhbklserafkljherhkkbhjksdhrejgajjkgjkhgkasdfjkhwerhgvbhaskdj
jjkskhhbklserafkljherhkkbhjksdhrejgajkkgjkhgkasdfjkhwerhgvbhaskdj
jjkskhhbklseragkljherhhkbhjksdhrejgajjkgjkhgkasdfjkhwerhgvbhaskdj
jjkskhhbklseragkljherhhkbhjksdhrejgajkkgjkhgkasdfjkhwerhgvbhaskdj
jjkskhhbklseragkljherhikbhjksdhrejgajjkgjkhgkasdfjkhwerhgvbhaskdj
jjkskhhbklseragkljherhikbhjksdhrejgajkkgjkhgkasdfjkhwerhgvbhaskdj
jjkskhhbklseragkljherhjkbhjksdhrejgajjkgjkhgkasdfjkhwerhgvbhaskdj
jjkskhhbklseragkljherhjkbhjksdhrejgajkkgjkhgkasdfjkhwerhgvbhaskdj
jjkskhhbklseragkljherhkkbhjksdhrejgajjkgjkhgkasdfjkhwerhgvbhaskdj
jjkskhhbklseragkljherhkkbhjksdhrejgajkkgjkhgkasdfjkhwerhgvbhaskdj
jjkskhhbklserahkljherhhkbhjksdhrejgajjkgjkhgkasdfjkhwerhgvbhaskdj
jjkskhhbklserahkljherhhkbhjksdhrejgajkkgjkhgkasdfjkhwerhgvbhaskdj
jjkskhhbklserahkljherhikbhjksdhrejgajjkgjkhgkasdfjkhwerhgvbhaskdj
jjkskhhbklserahkljherhikbhjksdhrejgajkkgjkhgkasdfjkhwerhgvbhaskdj
jjkskhhbklserahkljherhjkbhjksdhrejgajjkgjkhgkasdfjkhwerhgvbhaskdj
jjkskhhbklserahkljherhjkbhjksdhrejgajkkgjkhgkasdfjkhwerhgvbhaskdj
jjkskhhbklserahkljherhkkbhjksdhrejgajjkgjkhgkasdfjkhwerhgvbhaskdj
jjkskhhbklserahkljherhkkbhjksdhrejgajkkgjkhgkasdfjkhwerhgvbhaskdj
jjkskhhbklseraikljherhhkbhjksdhrejgajjkgjkhgkasdfjkhwerhgvbhaskdj
jjkskhhbklseraikljherhhkbhjksdhrejgajkkgjkhgkasdfjkhwerhgvbhaskdj
jjkskhhbklseraikljherhikbhjksdhrejgajjkgjkhgkasdfjkhwerhgvbhaskdj
jjkskhhbklseraikljherhikbhjksdhrejgajkkgjkhgkasdfjkhwerhgvbhaskdj
jjkskhhbklseraikljherhjkbhjksdhrejgajjkgjkhgkasdfjkhwerhgvbhaskdj
jjkskhhbklseraikljherhjkbhjksdhrejgajkkgjkhgkasdfjkhwerhgvbhaskdj
jjkskhhbklseraikljherhkkbhjksdhrejgajjkgjkhgkasdfjkhwerhgvbhaskdj
jjkskhhbklseraikljherhkkbhjksdhrejgajkkgjkhgkasdfjkhwerhgvbhaskdj
jjkskhhbklserajkljherhhkbhjksdhrejgajjkgjkhgkasdfjkhwerhgvbhaskdj
jjkskhhbklserajkljherhhkbhjksdhrejgajkkgjkhgkasdfjkhwerhgvbhaskdj
jjkskhhbklserajkljherhikbhjksdhrejgajjkgjkhgkasdfjkhwerhgvbhaskdj
jjkskhhbklserajkljherhikbhjksdhrejgajkkgjkhgkasdfjkhwerhgvbhaskdj
jjkskhhbklserajkljherhjkbhjksdhrejgajjkgjkhgkasdfjkhwerhgvbhaskdj
jjkskhhbklserajkljherhjkbhjksdhrejgajkkgjkhgkasdfjkhwerhgvbhaskdj
jjkskhhbklserajkljherhkkbhjksdhrejgajjkgjkhgkasdfjkhwerhgvbhaskdj
jjkskhhbklserajkljherhkkbhjksdhrejgajkkgjkhgkasdfjkhwerhgvbhaskdj
jjkskhhbklserakkljherhhkbhjksdhrejgajjkgjkhgkasdfjkhwerhgvbhaskdj
jjkskhhbklserakkljherhhkbhjksdhrejgajkkgjkhgkasdfjkhwerhgvbhaskdj
jjkskhhbklserakkljherhikbhjksdhrejgajjkgjkhgkasdfjkhwerhgvbhaskdj
jjkskhhbklserakkljherhikbhjksdhrejgajkkgjkhgkasdfjkhwerhgvbhaskdj
jjkskhhbklserakkljherhjkbhjksdhrejgajjkgjkhgkasdfjkhwerhgvbhaskdj
jjkskhhbklserakkljherhjkbhjksdhrejgajkkgjkhgkasdfjkhwerhgvbhaskdj
jjkskhhbklserakkljherhkkbhjksdhrejgajjkgjkhgkasdfjkhwerhgvbhaskdj
jjkskhhbklserakkljherhkkbhjksdhrejgajkkgjkhgkasdfjkhwerhgvbhaskdj
jkkskhbbklseraakljherhhkbhjksdhrejgajjkgjkhgkasdfjkhwerhgvbhaskdj
jkkskhbbklseraakljherhhkbhjksdhrejgajkkgjkhgkasdfjkhwerhgvbhaskdj
jkkskhbbklseraakljherhikbhjksdhrejgajjkgjkhgkasdfjkhwerhgvbhaskdj
jkkskhbbklseraakljherhikbhjksdhrejgajkkgjkhgkasdfjkhwerhgvbhaskdj
jkkskhbbklseraakljherhjkbhjksdhrejgajjkgjkhgkasdfjkhwerhgvbhaskdj
jkkskhbbklseraakljherhjkbhjksdhrejgajkkgjkhgkasdfjkhwerhgvbhaskdj
jkkskhbbklseraakljherhkkbhjksdhrejgajjkgjkhgkasdfjkhwerhgvbhaskdj
jkkskhbbklseraakljherhkkbhjksdhrejgajkkgjkhgkasdfjkhwerhgvbhaskdj
jkkskhbbklserabkljherhhkbhjksdhrejgajjkgjkhgkasdfjkhwerhgvbhaskdj
jkkskhbbklserabkljherhhkbhjksdhrejgajkkgjkhgkasdfjkhwerhgvbhaskdj
jkkskhbbklserabkljherhikbhjksdhrejgajjkgjkhgkasdfjkhwerhgvbhaskdj
jkkskhbbklserabkljherhikbhjksdhrejgajkkgjkhgkasdfjkhwerhgvbhaskdj
jkkskhbbklserabkljherhjkbhjksdhrejgajjkgjkhgkasdfjkhwerhgvbhaskdj
jkkskhbbklserabkljherhjkbhjksdhrejgajkkgjkhgkasdfjkhwerhgvbhaskdj
jkkskhbbklserabkljherhkkbhjksdhrejgajjkgjkhgkasdfjkhwerhgvbhaskdj
jkkskhbbklserabkljherhkkbhjksdhrejgajkkgjkhgkasdfjkhwerhgvbhaskdj
jkkskhbbklserackljherhhkbhjksdhrejgajjkgjkhgkasdfjkhwerhgvbhaskdj
jkkskhbbklserackljherhhkbhjksdhrejgajkkgjkhgkasdfjkhwerhgvbhaskdj
jkkskhbbklserackljherhikbhjksdhrejgajjkgjkhgkasdfjkhwerhgvbhaskdj
jkkskhbbklserackljherhikbhjksdhrejgajkkgjkhgkasdfjkhwerhgvbhaskdj
jkkskhbbklserackljherhjkbhjksdhrejgajjkgjkhgkasdfjkhwerhgvbhaskdj
jkkskhbbklserackljherhjkbhjksdhrejgajkkgjkhgkasdfjkhwerhgvbhaskdj
jkkskhbbklserackljherhkkbhjksdhrejgajjkgjkhgkasdfjkhwerhgvbhaskdj
jkkskhbbklserackljherhkkbhjksdhrejgajkkgjkhgkasdfjkhwerhgvbhaskdj
jkkskhbbklseradkljherhhkbhjksdhrejgajjkgjkhgkasdfjkhwerhgvbhaskdj
jkkskhbbklseradkljherhhkbhjksdhrejgajkkgjkhgkasdfjkhwerhgvbhaskdj
jkkskhbbklseradkljherhikbhjksdhrejgajjkgjkhgkasdfjkhwerhgvbhaskdj
jkkskhbbklseradkljherhikbhjksdhrejgajkkgjkhgkasdfjkhwerhgvbhaskdj
jkkskhbbklseradkljherhjkbhjksdhrejgajjkgjkhgkasdfjkhwerhgvbhaskdj
jkkskhbbklseradkljherhjkbhjksdhrejgajkkgjkhgkasdfjkhwerhgvbhaskdj
jkkskhbbklseradkljherhkkbhjksdhrejgajjkgjkhgkasdfjkhwerhgvbhaskdj
jkkskhbbklseradkljherhkkbhjksdhrejgajkkgjkhgkasdfjkhwerhgvbhaskdj
jkkskhbbklseraekljherhhkbhjksdhrejgajjkgjkhgkasdfjkhwerhgvbhaskdj
jkkskhbbklseraekljherhhkbhjksdhrejgajkkgjkhgkasdfjkhwerhgvbhaskdj
jkkskhbbklseraekljherhikbhjksdhrejgajjkgjkhgkasdfjkhwerhgvbhaskdj
jkkskhbbklseraekljherhikbhjksdhrejgajkkgjkhgkasdfjkhwerhgvbhaskdj
jkkskhbbklseraekljherhjkbhjksdhrejgajjkgjkhgkasdfjkhwerhgvbhaskdj
jkkskhbbklseraekljherhjkbhjksdhrejgajkkgjkhgkasdfjkhwerhgvbhaskdj
jkkskhbbklseraekljherhkkbhjksdhrejgajjkgjkhgkasdfjkhwerhgvbhaskdj
jkkskhbbklseraekljherhkkbhjksdhrejgajkkgjkhgkasdfjkhwerhgvbhaskdj
jkkskhbbklserafkljherhhkbhjksdhrejgajjkgjkhgkasdfjkhwerhgvbhaskdj
jkkskhbbklserafkljherhhkbhjksdhrejgajkkgjkhgkasdfjkhwerhgvbhaskdj
jkkskhbbklserafkljherhikbhjksdhrejgajjkgjkhgkasdfjkhwerhgvbhaskdj
jkkskhbbklserafkljherhikbhjksdhrejgajkkgjkhgkasdfjkhwerhgvbhaskdj
jkkskhbbklserafkljherhjkbhjksdhrejgajjkgjkhgkasdfjkhwerhgvbhaskdj
jkkskhbbklserafkljherhjkbhjksdhrejgajkkgjkhgkasdfjkhwerhgvbhaskdj
jkkskhbbklserafkljherhkkbhjksdhrejgajjkgjkhgkasdfjkhwerhgvbhaskdj
jkkskhbbklserafkljherhkkbhjksdhrejgajkkgjkhgkasdfjkhwerhgvbhaskdj
jkkskhbbklseragkljherhhkbhjksdhrejgajjkgjkhgkasdfjkhwerhgvbhaskdj
jkkskhbbklseragkljherhhkbhjksdhrejgajkkgjkhgkasdfjkhwerhgvbhaskdj
jkkskhbbklseragkljherhikbhjksdhrejgajjkgjkhgkasdfjkhwerhgvbhaskdj
jkkskhbbklseragkljherhikbhjksdhrejgajkkgjkhgkasdfjkhwerhgvbhaskdj
jkkskhbbklseragkljherhjkbhjksdhrejgajjkgjkhgkasdfjkhwerhgvbhaskdj
jkkskhbbklseragkljherhjkbhjksdhrejgajkkgjkhgkasdfjkhwerhgvbhaskdj
jkkskhbbklseragkljherhkkbhjksdhrejgajjkgjkhgkasdfjkhwerhgvbhaskdj
jkkskhbbklseragkljherhkkbhjksdhrejgajkkgjkhgkasdfjkhwerhgvbhaskdj
jkkskhbbklserahkljherhhkbhjksdhrejgajjkgjkhgkasdfjkhwerhgvbhaskdj
jkkskhbbklserahkljherhhkbhjksdhrejgajkkgjkhgkasdfjkhwerhgvbhaskdj
jkkskhbbklserahkljherhikbhjksdhrejgajjkgjkhgkasdfjkhwerhgvbhaskdj
jkkskhbbklserahkljherhikbhjksdhrejgajkkgjkhgkasdfjkhwerhgvbhaskdj
jkkskhbbklserahkljherhjkbhjksdhrejgajjkgjkhgkasdfjkhwerhgvbhaskdj
jkkskhbbklserahkljherhjkbhjksdhrejgajkkgjkhgkasdfjkhwerhgvbhaskdj
jkkskhbbklserahkljherhkkbhjksdhrejgajjkgjkhgkasdfjkhwerhgvbhaskdj
jkkskhbbklserahkljherhkkbhjksdhrejgajkkgjkhgkasdfjkhwerhgvbhaskdj
jkkskhbbklseraikljherhhkbhjksdhrejgajjkgjkhgkasdfjkhwerhgvbhaskdj
jkkskhbbklseraikljherhhkbhjksdhrejgajkkgjkhgkasdfjkhwerhgvbhaskdj
jkkskhbbklseraikljherhikbhjksdhrejgajjkgjkhgkasdfjkhwerhgvbhaskdj
jkkskhbbklseraikljherhikbhjksdhrejgajkkgjkhgkasdfjkhwerhgvbhaskdj
jkkskhbbklseraikljherhjkbhjksdhrejgajjkgjkhgkasdfjkhwerhgvbhaskdj
jkkskhbbklseraikljherhjkbhjksdhrejgajkkgjkhgkasdfjkhwerhgvbhaskdj
jkkskhbbklseraikljherhkkbhjksdhrejgajjkgjkhgkasdfjkhwerhgvbhaskdj
jkkskhbbklseraikljherhkkbhjksdhrejgajkkgjkhgkasdfjkhwerhgvbhaskdj
jkkskhbbklserajkljherhhkbhjksdhrejgajjkgjkhgkasdfjkhwerhgvbhaskdj
jkkskhbbklserajkljherhhkbhjksdhrejgajkkgjkhgkasdfjkhwerhgvbhaskdj
jkkskhbbklserajkljherhikbhjksdhrejgajjkgjkhgkasdfjkhwerhgvbhaskdj
jkkskhbbklserajkljherhikbhjksdhrejgajkkgjkhgkasdfjkhwerhgvbhaskdj
jkkskhbbklserajkljherhjkbhjksdhrejgajjkgjkhgkasdfjkhwerhgvbhaskdj
jkkskhbbklserajkljherhjkbhjksdhrejgajkkgjkhgkasdfjkhwerhgvbhaskdj
jkkskhbbklserajkljherhkkbhjksdhrejgajjkgjkhgkasdfjkhwerhgvbhaskdj
jkkskhbbklserajkljherhkkbhjksdhrejgajkkgjkhgkasdfjkhwerhgvbhaskdj
jkkskhbbklserakkljherhhkbhjksdhrejgajjkgjkhgkasdfjkhwerhgvbhaskdj
jkkskhbbklserakkljherhhkbhjksdhrejgajkkgjkhgkasdfjkhwerhgvbhaskdj
jkkskhbbklserakkljherhikbhjksdhrejgajjkgjkhgkasdfjkhwerhgvbhaskdj
jkkskhbbklserakkljherhikbhjksdhrejgajkkgjkhgkasdfjkhwerhgvbhaskdj
jkkskhbbklserakkljherhjkbhjksdhrejgajjkgjkhgkasdfjkhwerhgvbhaskdj
jkkskhbbklserakkljherhjkbhjksdhrejgajkkgjkhgkasdfjkhwerhgvbhaskdj
jkkskhbbklserakkljherhkkbhjksdhrejgajjkgjkhgkasdfjkhwerhgvbhaskdj
jkkskhbbklserakkljherhkkbhjksdhrejgajkkgjkhgkasdfjkhwerhgvbhaskdj
jkkskhcbklseraakljherhhkbhjksdhrejgajjkgjkhgkasdfjkhwerhgvbhaskdj
jkkskhcbklseraakljherhhkbhjksdhrejgajkkgjkhgkasdfjkhwerhgvbhaskdj
jkkskhcbklseraakljherhikbhjksdhrejgajjkgjkhgkasdfjkhwerhgvbhaskdj
jkkskhcbklseraakljherhikbhjksdhrejgajkkgjkhgkasdfjkhwerhgvbhaskdj
jkkskhcbklseraakljherhjkbhjksdhrejgajjkgjkhgkasdfjkhwerhgvbhaskdj
jkkskhcbklseraakljherhjkbhjksdhrejgajkkgjkhgkasdfjkhwerhgvbhaskdj
jkkskhcbklseraakljherhkkbhjksdhrejgajjkgjkhgkasdfjkhwerhgvbhaskdj
jkkskhcbklseraakljherhkkbhjksdhrejgajkkgjkhgkasdfjkhwerhgvbhaskdj
jkkskhcbklserabkljherhhkbhjksdhrejgajjkgjkhgkasdfjkhwerhgvbhaskdj
jkkskhcbklserabkljherhhkbhjksdhrejgajkkgjkhgkasdfjkhwerhgvbhaskdj
jkkskhcbklserabkljherhikbhjksdhrejgajjkgjkhgkasdfjkhwerhgvbhaskdj
jkkskhcbklserabkljherhikbhjksdhrejgajkkgjkhgkasdfjkhwerhgvbhaskdj
jkkskhcbklserabkljherhjkbhjksdhrejgajjkgjkhgkasdfjkhwerhgvbhaskdj
jkkskhcbklserabkljherhjkbhjksdhrejgajkkgjkhgkasdfjkhwerhgvbhaskdj
jkkskhcbklserabkljherhkkbhjksdhrejgajjkgjkhgkasdfjkhwerhgvbhaskdj
jkkskhcbklserabkljherhkkbhjksdhrejgajkkgjkhgkasdfjkhwerhgvbhaskdj
jkkskhcbklserackljherhhkbhjksdhrejgajjkgjkhgkasdfjkhwerhgvbhaskdj
jkkskhcbklserackljherhhkbhjksdhrejgajkkgjkhgkasdfjkhwerhgvbhaskdj
jkkskhcbklserackljherhikbhjksdhrejgajjkgjkhgkasdfjkhwerhgvbhaskdj
jkkskhcbklserackljherhikbhjksdhrejgajkkgjkhgkasdfjkhwerhgvbhaskdj
jkkskhcbklserackljherhjkbhjksdhrejgajjkgjkhgkasdfjkhwerhgvbhaskdj
jkkskhcbklserackljherhjkbhjksdhrejgajkkgjkhgkasdfjkhwerhgvbhaskdj
jkkskhcbklserackljherhkkbhjksdhrejgajjkgjkhgkasdfjkhwerhgvbhaskdj
jkkskhcbklserackljherhkkbhjksdhrejgajkkgjkhgkasdfjkhwerhgvbhaskdj
jkkskhcbklseradkljherhhkbhjksdhrejgajjkgjkhgkasdfjkhwerhgvbhaskdj
jkkskhcbklseradkljherhhkbhjksdhrejgajkkgjkhgkasdfjkhwerhgvbhaskdj
jkkskhcbklseradkljherhikbhjksdhrejgajjkgjkhgkasdfjkhwerhgvbhaskdj
jkkskhcbklseradkljherhikbhjksdhrejgajkkgjkhgkasdfjkhwerhgvbhaskdj
jkkskhcbklseradkljherhjkbhjksdhrejgajjkgjkhgkasdfjkhwerhgvbhaskdj
jkkskhcbklseradkljherhjkbhjksdhrejgajkkgjkhgkasdfjkhwerhgvbhaskdj
jkkskhcbklseradkljherhkkbhjksdhrejgajjkgjkhgkasdfjkhwerhgvbhaskdj
jkkskhcbklseradkljherhkkbhjksdhrejgajkkgjkhgkasdfjkhwerhgvbhaskdj
jkkskhcbklseraekljherhhkbhjksdhrejgajjkgjkhgkasdfjkhwerhgvbhaskdj
jkkskhcbklseraekljherhhkbhjksdhrejgajkkgjkhgkasdfjkhwerhgvbhaskdj
jkkskhcbklseraekljherhikbhjksdhrejgajjkgjkhgkasdfjkhwerhgvbhaskdj
jkkskhcbklseraekljherhikbhjksdhrejgajkkgjkhgkasdfjkhwerhgvbhaskdj
jkkskhcbklseraekljherhjkbhjksdhrejgajjkgjkhgkasdfjkhwerhgvbhaskdj
jkkskhcbklseraekljherhjkbhjksdhrejgajkkgjkhgkasdfjkhwerhgvbhaskdj
jkkskhcbklseraekljherhkkbhjksdhrejgajjkgjkhgkasdfjkhwerhgvbhaskdj
jkkskhcbklseraekljherhkkbhjksdhrejgajkkgjkhgkasdfjkhwerhgvbhaskdj
jkkskhcbklserafkljherhhkbhjksdhrejgajjkgjkhgkasdfjkhwerhgvbhaskdj
jkkskhcbklserafkljherhhkbhjksdhrejgajkkgjkhgkasdfjkhwerhgvbhaskdj
jkkskhcbklserafkljherhikbhjksdhrejgajjkgjkhgkasdfjkhwerhgvbhaskdj
jkkskhcbklserafkljherhikbhjksdhrejgajkkgjkhgkasdfjkhwerhgvbhaskdj
jkkskhcbklserafkljherhjkbhjksdhrejgajjkgjkhgkasdfjkhwerhgvbhaskdj
jkkskhcbklserafkljherhjkbhjksdhrejgajkkgjkhgkasdfjkhwerhgvbhaskdj
jkkskhcbklserafkljherhkkbhjksdhrejgajjkgjkhgkasdfjkhwerhgvbhaskdj
jkkskhcbklserafkljherhkkbhjksdhrejgajkkgjkhgkasdfjkhwerhgvbhaskdj
jkkskhcbklseragkljherhhkbhjksdhrejgajjkgjkhgkasdfjkhwerhgvbhaskdj
jkkskhcbklseragkljherhhkbhjksdhrejgajkkgjkhgkasdfjkhwerhgvbhaskdj
jkkskhcbklseragkljherhikbhjksdhrejgajjkgjkhgkasdfjkhwerhgvbhaskdj
jkkskhcbklseragkljherhikbhjksdhrejgajkkgjkhgkasdfjkhwerhgvbhaskdj
jkkskhcbklseragkljherhjkbhjksdhrejgajjkgjkhgkasdfjkhwerhgvbhaskdj
jkkskhcbklseragkljherhjkbhjksdhrejgajkkgjkhgkasdfjkhwerhgvbhaskdj
jkkskhcbklseragkljherhkkbhjksdhrejgajjkgjkhgkasdfjkhwerhgvbhaskdj
jkkskhcbklseragkljherhkkbhjksdhrejgajkkgjkhgkasdfjkhwerhgvbhaskdj
jkkskhcbklserahkljherhhkbhjksdhrejgajjkgjkhgkasdfjkhwerhgvbhaskdj
jkkskhcbklserahkljherhhkbhjksdhrejgajkkgjkhgkasdfjkhwerhgvbhaskdj
jkkskhcbklserahkljherhikbhjksdhrejgajjkgjkhgkasdfjkhwerhgvbhaskdj
jkkskhcbklserahkljherhikbhjksdhrejgajkkgjkhgkasdfjkhwerhgvbhaskdj
jkkskhcbklserahkljherhjkbhjksdhrejgajjkgjkhgkasdfjkhwerhgvbhaskdj
jkkskhcbklserahkljherhjkbhjksdhrejgajkkgjkhgkasdfjkhwerhgvbhaskdj
jkkskhcbklserahkljherhkkbhjksdhrejgajjkgjkhgkasdfjkhwerhgvbhaskdj
jkkskhcbklserahkljherhkkbhjksdhrejgajkkgjkhgkasdfjkhwerhgvbhaskdj
jkkskhcbklseraikljherhhkbhjksdhrejgajjkgjkhgkasdfjkhwerhgvbhaskdj
jkkskhcbklseraikljherhhkbhjksdhrejgajkkgjkhgkasdfjkhwerhgvbhaskdj
jkkskhcbklseraikljherhikbhjksdhrejgajjkgjkhgkasdfjkhwerhgvbhaskdj
jkkskhcbklseraikljherhikbhjksdhrejgajkkgjkhgkasdfjkhwerhgvbhaskdj
jkkskhcbklseraikljherhjkbhjksdhrejgajjkgjkhgkasdfjkhwerhgvbhaskdj
jkkskhcbklseraikljherhjkbhjksdhrejgajkkgjkhgkasdfjkhwerhgvbhaskdj
jkkskhcbklseraikljherhkkbhjksdhrejgajjkgjkhgkasdfjkhwerhgvbhaskdj
jkkskhcbklseraikljherhkkbhjksdhrejgajkkgjkhgkasdfjkhwerhgvbhaskdj
jkkskhcbklserajkljherhhkbhjksdhrejgajjkgjkhgkasdfjkhwerhgvbhaskdj
jkkskhcbklserajkljherhhkbhjksdhrejgajkkgjkhgkasdfjkhwerhgvbhaskdj
jkkskhcbklserajkljherhikbhjksdhrejgajjkgjkhgkasdfjkhwerhgvbhaskdj
jkkskhcbklserajkljherhikbhjksdhrejgajkkgjkhgkasdfjkhwerhgvbhaskdj
jkkskhcbklserajkljherhjkbhjksdhrejgajjkgjkhgkasdfjkhwerhgvbhaskdj
jkkskhcbklserajkljherhjkbhjksdhrejgajkkgjkhgkasdfjkhwerhgvbhaskdj
jkkskhcbklserajkljherhkkbhjksdhrejgajjkgjkhgkasdfjkhwerhgvbhaskdj
jkkskhcbklserajkljherhkkbhjksdhrejgajkkgjkhgkasdfjkhwerhgvbhaskdj
jkkskhcbklserakkljherhhkbhjksdhrejgajjkgjkhgkasdfjkhwerhgvbhaskdj
jkkskhcbklserakkljherhhkbhjksdhrejgajkkgjkhgkasdfjkhwerhgvbhaskdj
jkkskhcbklserakkljherhikbhjksdhrejgajjkgjkhgkasdfjkhwerhgvbhaskdj
jkkskhcbklserakkljherhikbhjksdhrejgajkkgjkhgkasdfjkhwerhgvbhaskdj
jkkskhcbklserakkljherhjkbhjksdhrejgajjkgjkhgkasdfjkhwerhgvbhaskdj
jkkskhcbklserakkljherhjkbhjksdhrejgajkkgjkhgkasdfjkhwerhgvbhaskdj
jkkskhcbklserakkljherhkkbhjksdhrejgajjkgjkhgkasdfjkhwerhgvbhaskdj
jkkskhcbklserakkljherhkkbhjksdhrejgajkkgjkhgkasdfjkhwerhgvbhaskdj
jkkskhdbklseraakljherhhkbhjksdhrejgajjkgjkhgkasdfjkhwerhgvbhaskdj
jkkskhdbklseraakljherhhkbhjksdhrejgajkkgjkhgkasdfjkhwerhgvbhaskdj
jkkskhdbklseraakljherhikbhjksdhrejgajjkgjkhgkasdfjkhwerhgvbhaskdj
jkkskhdbklseraakljherhikbhjksdhrejgajkkgjkhgkasdfjkhwerhgvbhaskdj
jkkskhdbklseraakljherhjkbhjksdhrejgajjkgjkhgkasdfjkhwerhgvbhaskdj
jkkskhdbklseraakljherhjkbhjksdhrejgajkkgjkhgkasdfjkhwerhgvbhaskdj
jkkskhdbklseraakljherhkkbhjksdhrejgajjkgjkhgkasdfjkhwerhgvbhaskdj
jkkskhdbklseraakljherhkkbhjksdhrejgajkkgjkhgkasdfjkhwerhgvbhaskdj
jkkskhdbklserabkljherhhkbhjksdhrejgajjkgjkhgkasdfjkhwerhgvbhaskdj
jkkskhdbklserabkljherhhkbhjksdhrejgajkkgjkhgkasdfjkhwerhgvbhaskdj
jkkskhdbklserabkljherhikbhjksdhrejgajjkgjkhgkasdfjkhwerhgvbhaskdj
jkkskhdbklserabkljherhikbhjksdhrejgajkkgjkhgkasdfjkhwerhgvbhaskdj
jkkskhdbklserabkljherhjkbhjksdhrejgajjkgjkhgkasdfjkhwerhgvbhaskdj
jkkskhdbklserabkljherhjkbhjksdhrejgajkkgjkhgkasdfjkhwerhgvbhaskdj
jkkskhdbklserabkljherhkkbhjksdhrejgajjkgjkhgkasdfjkhwerhgvbhaskdj
jkkskhdbklserabkljherhkkbhjksdhrejgajkkgjkhgkasdfjkhwerhgvbhaskdj
jkkskhdbklserackljherhhkbhjksdhrejgajjkgjkhgkasdfjkhwerhgvbhaskdj
jkkskhdbklserackljherhhkbhjksdhrejgajkkgjkhgkasdfjkhwerhgvbhaskdj
jkkskhdbklserackljherhikbhjksdhrejgajjkgjkhgkasdfjkhwerhgvbhaskdj
jkkskhdbklserackljherhikbhjksdhrejgajkkgjkhgkasdfjkhwerhgvbhaskdj
jkkskhdbklserackljherhjkbhjksdhrejgajjkgjkhgkasdfjkhwerhgvbhaskdj
jkkskhdbklserackljherhjkbhjksdhrejgajkkgjkhgkasdfjkhwerhgvbhaskdj
jkkskhdbklserackljherhkkbhjksdhrejgajjkgjkhgkasdfjkhwerhgvbhaskdj
jkkskhdbklserackljherhkkbhjksdhrejgajkkgjkhgkasdfjkhwerhgvbhaskdj
jkkskhdbklseradkljherhhkbhjksdhrejgajjkgjkhgkasdfjkhwerhgvbhaskdj
jkkskhdbklseradkljherhhkbhjksdhrejgajkkgjkhgkasdfjkhwerhgvbhaskdj
jkkskhdbklseradkljherhikbhjksdhrejgajjkgjkhgkasdfjkhwerhgvbhaskdj
jkkskhdbklseradkljherhikbhjksdhrejgajkkgjkhgkasdfjkhwerhgvbhaskdj
jkkskhdbklseradkljherhjkbhjksdhrejgajjkgjkhgkasdfjkhwerhgvbhaskdj
jkkskhdbklseradkljherhjkbhjksdhrejgajkkgjkhgkasdfjkhwerhgvbhaskdj
jkkskhdbklseradkljherhkkbhjksdhrejgajjkgjkhgkasdfjkhwerhgvbhaskdj
jkkskhdbklseradkljherhkkbhjksdhrejgajkkgjkhgkasdfjkhwerhgvbhaskdj
jkkskhdbklseraekljherhhkbhjksdhrejgajjkgjkhgkasdfjkhwerhgvbhaskdj
jkkskhdbklseraekljherhhkbhjksdhrejgajkkgjkhgkasdfjkhwerhgvbhaskdj
jkkskhdbklseraekljherhikbhjksdhrejgajjkgjkhgkasdfjkhwerhgvbhaskdj
jkkskhdbklseraekljherhikbhjksdhrejgajkkgjkhgkasdfjkhwerhgvbhaskdj
jkkskhdbklseraekljherhjkbhjksdhrejgajjkgjkhgkasdfjkhwerhgvbhaskdj
jkkskhdbklseraekljherhjkbhjksdhrejgajkkgjkhgkasdfjkhwerhgvbhaskdj
jkkskhdbklseraekljherhkkbhjksdhrejgajjkgjkhgkasdfjkhwerhgvbhaskdj
jkkskhdbklseraekljherhkkbhjksdhrejgajkkgjkhgkasdfjkhwerhgvbhaskdj
jkkskhdbklserafkljherhhkbhjksdhrejgajjkgjkhgkasdfjkhwerhgvbhaskdj
jkkskhdbklserafkljherhhkbhjksdhrejgajkkgjkhgkasdfjkhwerhgvbhaskdj
jkkskhdbklserafkljherhikbhjksdhrejgajjkgjkhgkasdfjkhwerhgvbhaskdj
jkkskhdbklserafkljherhikbhjksdhrejgajkkgjkhgkasdfjkhwerhgvbhaskdj
jkkskhdbklserafkljherhjkbhjksdhrejgajjkgjkhgkasdfjkhwerhgvbhaskdj
jkkskhdbklserafkljherhjkbhjksdhrejgajkkgjkhgkasdfjkhwerhgvbhaskdj
jkkskhdbklserafkljherhkkbhjksdhrejgajjkgjkhgkasdfjkhwerhgvbhaskdj
jkkskhdbklserafkljherhkkbhjksdhrejgajkkgjkhgkasdfjkhwerhgvbhaskdj
jkkskhdbklseragkljherhhkbhjksdhrejgajjkgjkhgkasdfjkhwerhgvbhaskdj
jkkskhdbklseragkljherhhkbhjksdhrejgajkkgjkhgkasdfjkhwerhgvbhaskdj
jkkskhdbklseragkljherhikbhjksdhrejgajjkgjkhgkasdfjkhwerhgvbhaskdj
jkkskhdbklseragkljherhikbhjksdhrejgajkkgjkhgkasdfjkhwerhgvbhaskdj
jkkskhdbklseragkljherhjkbhjksdhrejgajjkgjkhgkasdfjkhwerhgvbhaskdj
jkkskhdbklseragkljherhjkbhjksdhrejgajkkgjkhgkasdfjkhwerhgvbhaskdj
jkkskhdbklseragkljherhkkbhjksdhrejgajjkgjkhgkasdfjkhwerhgvbhaskdj
jkkskhdbklseragkljherhkkbhjksdhrejgajkkgjkhgkasdfjkhwerhgvbhaskdj
jkkskhdbklserahkljherhhkbhjksdhrejgajjkgjkhgkasdfjkhwerhgvbhaskdj
jkkskhdbklserahkljherhhkbhjksdhrejgajkkgjkhgkasdfjkhwerhgvbhaskdj
jkkskhdbklserahkljherhikbhjksdhrejgajjkgjkhgkasdfjkhwerhgvbhaskdj
jkkskhdbklserahkljherhikbhjksdhrejgajkkgjkhgkasdfjkhwerhgvbhaskdj
jkkskhdbklserahkljherhjkbhjksdhrejgajjkgjkhgkasdfjkhwerhgvbhaskdj
jkkskhdbklserahkljherhjkbhjksdhrejgajkkgjkhgkasdfjkhwerhgvbhaskdj
jkkskhdbklserahkljherhkkbhjksdhrejgajjkgjkhgkasdfjkhwerhgvbhaskdj
jkkskhdbklserahkljherhkkbhjksdhrejgajkkgjkhgkasdfjkhwerhgvbhaskdj
jkkskhdbklseraikljherhhkbhjksdhrejgajjkgjkhgkasdfjkhwerhgvbhaskdj
jkkskhdbklseraikljherhhkbhjksdhrejgajkkgjkhgkasdfjkhwerhgvbhaskdj
jkkskhdbklseraikljherhikbhjksdhrejgajjkgjkhgkasdfjkhwerhgvbhaskdj
jkkskhdbklseraikljherhikbhjksdhrejgajkkgjkhgkasdfjkhwerhgvbhaskdj
jkkskhdbklseraikljherhjkbhjksdhrejgajjkgjkhgkasdfjkhwerhgvbhaskdj
jkkskhdbklseraikljherhjkbhjksdhrejgajkkgjkhgkasdfjkhwerhgvbhaskdj
jkkskhdbklseraikljherhkkbhjksdhrejgajjkgjkhgkasdfjkhwerhgvbhaskdj
jkkskhdbklseraikljherhkkbhjksdhrejgajkkgjkhgkasdfjkhwerhgvbhaskdj
jkkskhdbklserajkljherhhkbhjksdhrejgajjkgjkhgkasdfjkhwerhgvbhaskdj
jkkskhdbklserajkljherhhkbhjksdhrejgajkkgjkhgkasdfjkhwerhgvbhaskdj
jkkskhdbklserajkljherhikbhjksdhrejgajjkgjkhgkasdfjkhwerhgvbhaskdj
jkkskhdbklserajkljherhikbhjksdhrejgajkkgjkhgkasdfjkhwerhgvbhaskdj
jkkskhdbklserajkljherhjkbhjksdhrejgajjkgjkhgkasdfjkhwerhgvbhaskdj
jkkskhdbklserajkljherhjkbhjksdhrejgajkkgjkhgkasdfjkhwerhgvbhaskdj
jkkskhdbklserajkljherhkkbhjksdhrejgajjkgjkhgkasdfjkhwerhgvbhaskdj
jkkskhdbklserajkljherhkkbhjksdhrejgajkkgjkhgkasdfjkhwerhgvbhaskdj
jkkskhdbklserakkljherhhkbhjksdhrejgajjkgjkhgkasdfjkhwerhgvbhaskdj
jkkskhdbklserakkljherhhkbhjksdhrejgajkkgjkhgkasdfjkhwerhgvbhaskdj
jkkskhdbklserakkljherhikbhjksdhrejgajjkgjkhgkasdfjkhwerhgvbhaskdj
jkkskhdbklserakkljherhikbhjksdhrejgajkkgjkhgkasdfjkhwerhgvbhaskdj
jkkskhdbklserakkljherhjkbhjksdhrejgajjkgjkhgkasdfjkhwerhgvbhaskdj
jkkskhdbklserakkljherhjkbhjksdhrejgajkkgjkhgkasdfjkhwerhgvbhaskdj
jkkskhdbklserakkljherhkkbhjksdhrejgajjkgjkhgkasdfjkhwerhgvbhaskdj
jkkskhdbklserakkljherhkkbhjksdhrejgajkkgjkhgkasdfjkhwerhgvbhaskdj
jkkskhebklseraakljherhhkbhjksdhrejgajjkgjkhgkasdfjkhwerhgvbhaskdj
jkkskhebklseraakljherhhkbhjksdhrejgajkkgjkhgkasdfjkhwerhgvbhaskdj
jkkskhebklseraakljherhikbhjksdhrejgajjkgjkhgkasdfjkhwerhgvbhaskdj
jkkskhebklseraakljherhikbhjksdhrejgajkkgjkhgkasdfjkhwerhgvbhaskdj
jkkskhebklseraakljherhjkbhjksdhrejgajjkgjkhgkasdfjkhwerhgvbhaskdj
jkkskhebklseraakljherhjkbhjksdhrejgajkkgjkhgkasdfjkhwerhgvbhaskdj
jkkskhebklseraakljherhkkbhjksdhrejgajjkgjkhgkasdfjkhwerhgvbhaskdj
jkkskhebklseraakljherhkkbhjksdhrejgajkkgjkhgkasdfjkhwerhgvbhaskdj
jkkskhebklserabkljherhhkbhjksdhrejgajjkgjkhgkasdfjkhwerhgvbhaskdj
jkkskhebklserabkljherhhkbhjksdhrejgajkkgjkhgkasdfjkhwerhgvbhaskdj
jkkskhebklserabkljherhikbhjksdhrejgajjkgjkhgkasdfjkhwerhgvbhaskdj
jkkskhebklserabkljherhikbhjksdhrejgajkkgjkhgkasdfjkhwerhgvbhaskdj
jkkskhebklserabkljherhjkbhjksdhrejgajjkgjkhgkasdfjkhwerhgvbhaskdj
jkkskhebklserabkljherhjkbhjksdhrejgajkkgjkhgkasdfjkhwerhgvbhaskdj
jkkskhebklserabkljherhkkbhjksdhrejgajjkgjkhgkasdfjkhwerhgvbhaskdj
jkkskhebklserabkljherhkkbhjksdhrejgajkkgjkhgkasdfjkhwerhgvbhaskdj
jkkskhebklserackljherhhkbhjksdhrejgajjkgjkhgkasdfjkhwerhgvbhaskdj
jkkskhebklserackljherhhkbhjksdhrejgajkkgjkhgkasdfjkhwerhgvbhaskdj
jkkskhebklserackljherhikbhjksdhrejgajjkgjkhgkasdfjkhwerhgvbhaskdj
jkkskhebklserackljherhikbhjksdhrejgajkkgjkhgkasdfjkhwerhgvbhaskdj
jkkskhebklserackljherhjkbhjksdhrejgajjkgjkhgkasdfjkhwerhgvbhaskdj
jkkskhebklserackljherhjkbhjksdhrejgajkkgjkhgkasdfjkhwerhgvbhaskdj
jkkskhebklserackljherhkkbhjksdhrejgajjkgjkhgkasdfjkhwerhgvbhaskdj
jkkskhebklserackljherhkkbhjksdhrejgajkkgjkhgkasdfjkhwerhgvbhaskdj
jkkskhebklseradkljherhhkbhjksdhrejgajjkgjkhgkasdfjkhwerhgvbhaskdj
jkkskhebklseradkljherhhkbhjksdhrejgajkkgjkhgkasdfjkhwerhgvbhaskdj
jkkskhebklseradkljherhikbhjksdhrejgajjkgjkhgkasdfjkhwerhgvbhaskdj
jkkskhebklseradkljherhikbhjksdhrejgajkkgjkhgkasdfjkhwerhgvbhaskdj
jkkskhebklseradkljherhjkbhjksdhrejgajjkgjkhgkasdfjkhwerhgvbhaskdj
jkkskhebklseradkljherhjkbhjksdhrejgajkkgjkhgkasdfjkhwerhgvbhaskdj
jkkskhebklseradkljherhkkbhjksdhrejgajjkgjkhgkasdfjkhwerhgvbhaskdj
jkkskhebklseradkljherhkkbhjksdhrejgajkkgjkhgkasdfjkhwerhgvbhaskdj
jkkskhebklseraekljherhhkbhjksdhrejgajjkgjkhgkasdfjkhwerhgvbhaskdj
jkkskhebklseraekljherhhkbhjksdhrejgajkkgjkhgkasdfjkhwerhgvbhaskdj
jkkskhebklseraekljherhikbhjksdhrejgajjkgjkhgkasdfjkhwerhgvbhaskdj
jkkskhebklseraekljherhikbhjksdhrejgajkkgjkhgkasdfjkhwerhgvbhaskdj
jkkskhebklseraekljherhjkbhjksdhrejgajjkgjkhgkasdfjkhwerhgvbhaskdj
jkkskhebklseraekljherhjkbhjksdhrejgajkkgjkhgkasdfjkhwerhgvbhaskdj
jkkskhebklseraekljherhkkbhjksdhrejgajjkgjkhgkasdfjkhwerhgvbhaskdj
jkkskhebklseraekljherhkkbhjksdhrejgajkkgjkhgkasdfjkhwerhgvbhaskdj
jkkskhebklserafkljherhhkbhjksdhrejgajjkgjkhgkasdfjkhwerhgvbhaskdj
jkkskhebklserafkljherhhkbhjksdhrejgajkkgjkhgkasdfjkhwerhgvbhaskdj
jkkskhebklserafkljherhikbhjksdhrejgajjkgjkhgkasdfjkhwerhgvbhaskdj
jkkskhebklserafkljherhikbhjksdhrejgajkkgjkhgkasdfjkhwerhgvbhaskdj
jkkskhebklserafkljherhjkbhjksdhrejgajjkgjkhgkasdfjkhwerhgvbhaskdj
jkkskhebklserafkljherhjkbhjksdhrejgajkkgjkhgkasdfjkhwerhgvbhaskdj
jkkskhebklserafkljherhkkbhjksdhrejgajjkgjkhgkasdfjkhwerhgvbhaskdj
jkkskhebklserafkljherhkkbhjksdhrejgajkkgjkhgkasdfjkhwerhgvbhaskdj
jkkskhebklseragkljherhhkbhjksdhrejgajjkgjkhgkasdfjkhwerhgvbhaskdj
jkkskhebklseragkljherhhkbhjksdhrejgajkkgjkhgkasdfjkhwerhgvbhaskdj
jkkskhebklseragkljherhikbhjksdhrejgajjkgjkhgkasdfjkhwerhgvbhaskdj
jkkskhebklseragkljherhikbhjksdhrejgajkkgjkhgkasdfjkhwerhgvbhaskdj
jkkskhebklseragkljherhjkbhjksdhrejgajjkgjkhgkasdfjkhwerhgvbhaskdj
jkkskhebklseragkljherhjkbhjksdhrejgajkkgjkhgkasdfjkhwerhgvbhaskdj
jkkskhebklseragkljherhkkbhjksdhrejgajjkgjkhgkasdfjkhwerhgvbhaskdj
jkkskhebklseragkljherhkkbhjksdhrejgajkkgjkhgkasdfjkhwerhgvbhaskdj
jkkskhebklserahkljherhhkbhjksdhrejgajjkgjkhgkasdfjkhwerhgvbhaskdj
jkkskhebklserahkljherhhkbhjksdhrejgajkkgjkhgkasdfjkhwerhgvbhaskdj
jkkskhebklserahkljherhikbhjksdhrejgajjkgjkhgkasdfjkhwerhgvbhaskdj
jkkskhebklserahkljherhikbhjksdhrejgajkkgjkhgkasdfjkhwerhgvbhaskdj
jkkskhebklserahkljherhjkbhjksdhrejgajjkgjkhgkasdfjkhwerhgvbhaskdj
jkkskhebklserahkljherhjkbhjksdhrejgajkkgjkhgkasdfjkhwerhgvbhaskdj
jkkskhebklserahkljherhkkbhjksdhrejgajjkgjkhgkasdfjkhwerhgvbhaskdj
jkkskhebklserahkljherhkkbhjksdhrejgajkkgjkhgkasdfjkhwerhgvbhaskdj
jkkskhebklseraikljherhhkbhjksdhrejgajjkgjkhgkasdfjkhwerhgvbhaskdj
jkkskhebklseraikljherhhkbhjksdhrejgajkkgjkhgkasdfjkhwerhgvbhaskdj
jkkskhebklseraikljherhikbhjksdhrejgajjkgjkhgkasdfjkhwerhgvbhaskdj
jkkskhebklseraikljherhikbhjksdhrejgajkkgjkhgkasdfjkhwerhgvbhaskdj
jkkskhebklseraikljherhjkbhjksdhrejgajjkgjkhgkasdfjkhwerhgvbhaskdj
jkkskhebklseraikljherhjkbhjksdhrejgajkkgjkhgkasdfjkhwerhgvbhaskdj
jkkskhebklseraikljherhkkbhjksdhrejgajjkgjkhgkasdfjkhwerhgvbhaskdj
jkkskhebklseraikljherhkkbhjksdhrejgajkkgjkhgkasdfjkhwerhgvbhaskdj
jkkskhebklserajkljherhhkbhjksdhrejgajjkgjkhgkasdfjkhwerhgvbhaskdj
jkkskhebklserajkljherhhkbhjksdhrejgajkkgjkhgkasdfjkhwerhgvbhaskdj
jkkskhebklserajkljherhikbhjksdhrejgajjkgjkhgkasdfjkhwerhgvbhaskdj
jkkskhebklserajkljherhikbhjksdhrejgajkkgjkhgkasdfjkhwerhgvbhaskdj
jkkskhebklserajkljherhjkbhjksdhrejgajjkgjkhgkasdfjkhwerhgvbhaskdj
jkkskhebklserajkljherhjkbhjksdhrejgajkkgjkhgkasdfjkhwerhgvbhaskdj
jkkskhebklserajkljherhkkbhjksdhrejgajjkgjkhgkasdfjkhwerhgvbhaskdj
jkkskhebklserajkljherhkkbhjksdhrejgajkkgjkhgkasdfjkhwerhgvbhaskdj
jkkskhebklserakkljherhhkbhjksdhrejgajjkgjkhgkasdfjkhwerhgvbhaskdj
jkkskhebklserakkljherhhkbhjksdhrejgajkkgjkhgkasdfjkhwerhgvbhaskdj
jkkskhebklserakkljherhikbhjksdhrejgajjkgjkhgkasdfjkhwerhgvbhaskdj
jkkskhebklserakkljherhikbhjksdhrejgajkkgjkhgkasdfjkhwerhgvbhaskdj
jkkskhebklserakkljherhjkbhjksdhrejgajjkgjkhgkasdfjkhwerhgvbhaskdj
jkkskhebklserakkljherhjkbhjksdhrejgajkkgjkhgkasdfjkhwerhgvbhaskdj
jkkskhebklserakkljherhkkbhjksdhrejgajjkgjkhgkasdfjkhwerhgvbhaskdj
jkkskhebklserakkljherhkkbhjksdhrejgajkkgjkhgkasdfjkhwerhgvbhaskdj
jkkskhfbklseraakljherhhkbhjksdhrejgajjkgjkhgkasdfjkhwerhgvbhaskdj
jkkskhfbklseraakljherhhkbhjksdhrejgajkkgjkhgkasdfjkhwerhgvbhaskdj
jkkskhfbklseraakljherhikbhjksdhrejgajjkgjkhgkasdfjkhwerhgvbhaskdj
jkkskhfbklseraakljherhikbhjksdhrejgajkkgjkhgkasdfjkhwerhgvbhaskdj
jkkskhfbklseraakljherhjkbhjksdhrejgajjkgjkhgkasdfjkhwerhgvbhaskdj
jkkskhfbklseraakljherhjkbhjksdhrejgajkkgjkhgkasdfjkhwerhgvbhaskdj
jkkskhfbklseraakljherhkkbhjksdhrejgajjkgjkhgkasdfjkhwerhgvbhaskdj
jkkskhfbklseraakljherhkkbhjksdhrejgajkkgjkhgkasdfjkhwerhgvbhaskdj
jkkskhfbklserabkljherhhkbhjksdhrejgajjkgjkhgkasdfjkhwerhgvbhaskdj
jkkskhfbklserabkljherhhkbhjksdhrejgajkkgjkhgkasdfjkhwerhgvbhaskdj
jkkskhfbklserabkljherhikbhjksdhrejgajjkgjkhgkasdfjkhwerhgvbhaskdj
jkkskhfbklserabkljherhikbhjksdhrejgajkkgjkhgkasdfjkhwerhgvbhaskdj
jkkskhfbklserabkljherhjkbhjksdhrejgajjkgjkhgkasdfjkhwerhgvbhaskdj
jkkskhfbklserabkljherhjkbhjksdhrejgajkkgjkhgkasdfjkhwerhgvbhaskdj
jkkskhfbklserabkljherhkkbhjksdhrejgajjkgjkhgkasdfjkhwerhgvbhaskdj
jkkskhfbklserabkljherhkkbhjksdhrejgajkkgjkhgkasdfjkhwerhgvbhaskdj
jkkskhfbklserackljherhhkbhjksdhrejgajjkgjkhgkasdfjkhwerhgvbhaskdj
jkkskhfbklserackljherhhkbhjksdhrejgajkkgjkhgkasdfjkhwerhgvbhaskdj
jkkskhfbklserackljherhikbhjksdhrejgajjkgjkhgkasdfjkhwerhgvbhaskdj
jkkskhfbklserackljherhikbhjksdhrejgajkkgjkhgkasdfjkhwerhgvbhaskdj
jkkskhfbklserackljherhjkbhjksdhrejgajjkgjkhgkasdfjkhwerhgvbhaskdj
jkkskhfbklserackljherhjkbhjksdhrejgajkkgjkhgkasdfjkhwerhgvbhaskdj
jkkskhfbklserackljherhkkbhjksdhrejgajjkgjkhgkasdfjkhwerhgvbhaskdj
jkkskhfbklserackljherhkkbhjksdhrejgajkkgjkhgkasdfjkhwerhgvbhaskdj
jkkskhfbklseradkljherhhkbhjksdhrejgajjkgjkhgkasdfjkhwerhgvbhaskdj
jkkskhfbklseradkljherhhkbhjksdhrejgajkkgjkhgkasdfjkhwerhgvbhaskdj
jkkskhfbklseradkljherhikbhjksdhrejgajjkgjkhgkasdfjkhwerhgvbhaskdj
jkkskhfbklseradkljherhikbhjksdhrejgajkkgjkhgkasdfjkhwerhgvbhaskdj
jkkskhfbklseradkljherhjkbhjksdhrejgajjkgjkhgkasdfjkhwerhgvbhaskdj
jkkskhfbklseradkljherhjkbhjksdhrejgajkkgjkhgkasdfjkhwerhgvbhaskdj
jkkskhfbklseradkljherhkkbhjksdhrejgajjkgjkhgkasdfjkhwerhgvbhaskdj
jkkskhfbklseradkljherhkkbhjksdhrejgajkkgjkhgkasdfjkhwerhgvbhaskdj
jkkskhfbklseraekljherhhkbhjksdhrejgajjkgjkhgkasdfjkhwerhgvbhaskdj
jkkskhfbklseraekljherhhkbhjksdhrejgajkkgjkhgkasdfjkhwerhgvbhaskdj
jkkskhfbklseraekljherhikbhjksdhrejgajjkgjkhgkasdfjkhwerhgvbhaskdj
jkkskhfbklseraekljherhikbhjksdhrejgajkkgjkhgkasdfjkhwerhgvbhaskdj
jkkskhfbklseraekljherhjkbhjksdhrejgajjkgjkhgkasdfjkhwerhgvbhaskdj
jkkskhfbklseraekljherhjkbhjksdhrejgajkkgjkhgkasdfjkhwerhgvbhaskdj
jkkskhfbklseraekljherhkkbhjksdhrejgajjkgjkhgkasdfjkhwerhgvbhaskdj
jkkskhfbklseraekljherhkkbhjksdhrejgajkkgjkhgkasdfjkhwerhgvbhaskdj
jkkskhfbklserafkljherhhkbhjksdhrejgajjkgjkhgkasdfjkhwerhgvbhaskdj
jkkskhfbklserafkljherhhkbhjksdhrejgajkkgjkhgkasdfjkhwerhgvbhaskdj
jkkskhfbklserafkljherhikbhjksdhrejgajjkgjkhgkasdfjkhwerhgvbhaskdj
jkkskhfbklserafkljherhikbhjksdhrejgajkkgjkhgkasdfjkhwerhgvbhaskdj
jkkskhfbklserafkljherhjkbhjksdhrejgajjkgjkhgkasdfjkhwerhgvbhaskdj
jkkskhfbklserafkljherhjkbhjksdhrejgajkkgjkhgkasdfjkhwerhgvbhaskdj
jkkskhfbklserafkljherhkkbhjksdhrejgajjkgjkhgkasdfjkhwerhgvbhaskdj
jkkskhfbklserafkljherhkkbhjksdhrejgajkkgjkhgkasdfjkhwerhgvbhaskdj
jkkskhfbklseragkljherhhkbhjksdhrejgajjkgjkhgkasdfjkhwerhgvbhaskdj
jkkskhfbklseragkljherhhkbhjksdhrejgajkkgjkhgkasdfjkhwerhgvbhaskdj
jkkskhfbklseragkljherhikbhjksdhrejgajjkgjkhgkasdfjkhwerhgvbhaskdj
jkkskhfbklseragkljherhikbhjksdhrejgajkkgjkhgkasdfjkhwerhgvbhaskdj
jkkskhfbklseragkljherhjkbhjksdhrejgajjkgjkhgkasdfjkhwerhgvbhaskdj
jkkskhfbklseragkljherhjkbhjksdhrejgajkkgjkhgkasdfjkhwerhgvbhaskdj
jkkskhfbklseragkljherhkkbhjksdhrejgajjkgjkhgkasdfjkhwerhgvbhaskdj
jkkskhfbklseragkljherhkkbhjksdhrejgajkkgjkhgkasdfjkhwerhgvbhaskdj
jkkskhfbklserahkljherhhkbhjksdhrejgajjkgjkhgkasdfjkhwerhgvbhaskdj
jkkskhfbklserahkljherhhkbhjksdhrejgajkkgjkhgkasdfjkhwerhgvbhaskdj
jkkskhfbklserahkljherhikbhjksdhrejgajjkgjkhgkasdfjkhwerhgvbhaskdj
jkkskhfbklserahkljherhikbhjksdhrejgajkkgjkhgkasdfjkhwerhgvbhaskdj
jkkskhfbklserahkljherhjkbhjksdhrejgajjkgjkhgkasdfjkhwerhgvbhaskdj
jkkskhfbklserahkljherhjkbhjksdhrejgajkkgjkhgkasdfjkhwerhgvbhaskdj
jkkskhfbklserahkljherhkkbhjksdhrejgajjkgjkhgkasdfjkhwerhgvbhaskdj
jkkskhfbklserahkljherhkkbhjksdhrejgajkkgjkhgkasdfjkhwerhgvbhaskdj
jkkskhfbklseraikljherhhkbhjksdhrejgajjkgjkhgkasdfjkhwerhgvbhaskdj
jkkskhfbklseraikljherhhkbhjksdhrejgajkkgjkhgkasdfjkhwerhgvbhaskdj
jkkskhfbklseraikljherhikbhjksdhrejgajjkgjkhgkasdfjkhwerhgvbhaskdj
jkkskhfbklseraikljherhikbhjksdhrejgajkkgjkhgkasdfjkhwerhgvbhaskdj
jkkskhfbklseraikljherhjkbhjksdhrejgajjkgjkhgkasdfjkhwerhgvbhaskdj
jkkskhfbklseraikljherhjkbhjksdhrejgajkkgjkhgkasdfjkhwerhgvbhaskdj
jkkskhfbklseraikljherhkkbhjksdhrejgajjkgjkhgkasdfjkhwerhgvbhaskdj
jkkskhfbklseraikljherhkkbhjksdhrejgajkkgjkhgkasdfjkhwerhgvbhaskdj
jkkskhfbklserajkljherhhkbhjksdhrejgajjkgjkhgkasdfjkhwerhgvbhaskdj
jkkskhfbklserajkljherhhkbhjksdhrejgajkkgjkhgkasdfjkhwerhgvbhaskdj
jkkskhfbklserajkljherhikbhjksdhrejgajjkgjkhgkasdfjkhwerhgvbhaskdj
jkkskhfbklserajkljherhikbhjksdhrejgajkkgjkhgkasdfjkhwerhgvbhaskdj
jkkskhfbklserajkljherhjkbhjksdhrejgajjkgjkhgkasdfjkhwerhgvbhaskdj
jkkskhfbklserajkljherhjkbhjksdhrejgajkkgjkhgkasdfjkhwerhgvbhaskdj
jkkskhfbklserajkljherhkkbhjksdhrejgajjkgjkhgkasdfjkhwerhgvbhaskdj
jkkskhfbklserajkljherhkkbhjksdhrejgajkkgjkhgkasdfjkhwerhgvbhaskdj
jkkskhfbklserakkljherhhkbhjksdhrejgajjkgjkhgkasdfjkhwerhgvbhaskdj
jkkskhfbklserakkljherhhkbhjksdhrejgajkkgjkhgkasdfjkhwerhgvbhaskdj
jkkskhfbklserakkljherhikbhjksdhrejgajjkgjkhgkasdfjkhwerhgvbhaskdj
jkkskhfbklserakkljherhikbhjksdhrejgajkkgjkhgkasdfjkhwerhgvbhaskdj
jkkskhfbklserakkljherhjkbhjksdhrejgajjkgjkhgkasdfjkhwerhgvbhaskdj
jkkskhfbklserakkljherhjkbhjksdhrejgajkkgjkhgkasdfjkhwerhgvbhaskdj
jkkskhfbklserakkljherhkkbhjksdhrejgajjkgjkhgkasdfjkhwerhgvbhaskdj
jkkskhfbklserakkljherhkkbhjksdhrejgajkkgjkhgkasdfjkhwerhgvbhaskdj
jkkskhgbklseraakljherhhkbhjksdhrejgajjkgjkhgkasdfjkhwerhgvbhaskdj
jkkskhgbklseraakljherhhkbhjksdhrejgajkkgjkhgkasdfjkhwerhgvbhaskdj
jkkskhgbklseraakljherhikbhjksdhrejgajjkgjkhgkasdfjkhwerhgvbhaskdj
jkkskhgbklseraakljherhikbhjksdhrejgajkkgjkhgkasdfjkhwerhgvbhaskdj
jkkskhgbklseraakljherhjkbhjksdhrejgajjkgjkhgkasdfjkhwerhgvbhaskdj
jkkskhgbklseraakljherhjkbhjksdhrejgajkkgjkhgkasdfjkhwerhgvbhaskdj
jkkskhgbklseraakljherhkkbhjksdhrejgajjkgjkhgkasdfjkhwerhgvbhaskdj
jkkskhgbklseraakljherhkkbhjksdhrejgajkkgjkhgkasdfjkhwerhgvbhaskdj
jkkskhgbklserabkljherhhkbhjksdhrejgajjkgjkhgkasdfjkhwerhgvbhaskdj
jkkskhgbklserabkljherhhkbhjksdhrejgajkkgjkhgkasdfjkhwerhgvbhaskdj
jkkskhgbklserabkljherhikbhjksdhrejgajjkgjkhgkasdfjkhwerhgvbhaskdj
jkkskhgbklserabkljherhikbhjksdhrejgajkkgjkhgkasdfjkhwerhgvbhaskdj
jkkskhgbklserabkljherhjkbhjksdhrejgajjkgjkhgkasdfjkhwerhgvbhaskdj
jkkskhgbklserabkljherhjkbhjksdhrejgajkkgjkhgkasdfjkhwerhgvbhaskdj
jkkskhgbklserabkljherhkkbhjksdhrejgajjkgjkhgkasdfjkhwerhgvbhaskdj
jkkskhgbklserabkljherhkkbhjksdhrejgajkkgjkhgkasdfjkhwerhgvbhaskdj
jkkskhgbklserackljherhhkbhjksdhrejgajjkgjkhgkasdfjkhwerhgvbhaskdj
jkkskhgbklserackljherhhkbhjksdhrejgajkkgjkhgkasdfjkhwerhgvbhaskdj
jkkskhgbklserackljherhikbhjksdhrejgajjkgjkhgkasdfjkhwerhgvbhaskdj
jkkskhgbklserackljherhikbhjksdhrejgajkkgjkhgkasdfjkhwerhgvbhaskdj
jkkskhgbklserackljherhjkbhjksdhrejgajjkgjkhgkasdfjkhwerhgvbhaskdj
jkkskhgbklserackljherhjkbhjksdhrejgajkkgjkhgkasdfjkhwerhgvbhaskdj
jkkskhgbklserackljherhkkbhjksdhrejgajjkgjkhgkasdfjkhwerhgvbhaskdj
jkkskhgbklserackljherhkkbhjksdhrejgajkkgjkhgkasdfjkhwerhgvbhaskdj
jkkskhgbklseradkljherhhkbhjksdhrejgajjkgjkhgkasdfjkhwerhgvbhaskdj
jkkskhgbklseradkljherhhkbhjksdhrejgajkkgjkhgkasdfjkhwerhgvbhaskdj
jkkskhgbklseradkljherhikbhjksdhrejgajjkgjkhgkasdfjkhwerhgvbhaskdj
jkkskhgbklseradkljherhikbhjksdhrejgajkkgjkhgkasdfjkhwerhgvbhaskdj
jkkskhgbklseradkljherhjkbhjksdhrejgajjkgjkhgkasdfjkhwerhgvbhaskdj
jkkskhgbklseradkljherhjkbhjksdhrejgajkkgjkhgkasdfjkhwerhgvbhaskdj
jkkskhgbklseradkljherhkkbhjksdhrejgajjkgjkhgkasdfjkhwerhgvbhaskdj
jkkskhgbklseradkljherhkkbhjksdhrejgajkkgjkhgkasdfjkhwerhgvbhaskdj
jkkskhgbklseraekljherhhkbhjksdhrejgajjkgjkhgkasdfjkhwerhgvbhaskdj
jkkskhgbklseraekljherhhkbhjksdhrejgajkkgjkhgkasdfjkhwerhgvbhaskdj
jkkskhgbklseraekljherhikbhjksdhrejgajjkgjkhgkasdfjkhwerhgvbhaskdj
jkkskhgbklseraekljherhikbhjksdhrejgajkkgjkhgkasdfjkhwerhgvbhaskdj
jkkskhgbklseraekljherhjkbhjksdhrejgajjkgjkhgkasdfjkhwerhgvbhaskdj
jkkskhgbklseraekljherhjkbhjksdhrejgajkkgjkhgkasdfjkhwerhgvbhaskdj
jkkskhgbklseraekljherhkkbhjksdhrejgajjkgjkhgkasdfjkhwerhgvbhaskdj
jkkskhgbklseraekljherhkkbhjksdhrejgajkkgjkhgkasdfjkhwerhgvbhaskdj
jkkskhgbklserafkljherhhkbhjksdhrejgajjkgjkhgkasdfjkhwerhgvbhaskdj
jkkskhgbklserafkljherhhkbhjksdhrejgajkkgjkhgkasdfjkhwerhgvbhaskdj
jkkskhgbklserafkljherhikbhjksdhrejgajjkgjkhgkasdfjkhwerhgvbhaskdj
jkkskhgbklserafkljherhikbhjksdhrejgajkkgjkhgkasdfjkhwerhgvbhaskdj
jkkskhgbklserafkljherhjkbhjksdhrejgajjkgjkhgkasdfjkhwerhgvbhaskdj
jkkskhgbklserafkljherhjkbhjksdhrejgajkkgjkhgkasdfjkhwerhgvbhaskdj
jkkskhgbklserafkljherhkkbhjksdhrejgajjkgjkhgkasdfjkhwerhgvbhaskdj
jkkskhgbklserafkljherhkkbhjksdhrejgajkkgjkhgkasdfjkhwerhgvbhaskdj
jkkskhgbklseragkljherhhkbhjksdhrejgajjkgjkhgkasdfjkhwerhgvbhaskdj
jkkskhgbklseragkljherhhkbhjksdhrejgajkkgjkhgkasdfjkhwerhgvbhaskdj
jkkskhgbklseragkljherhikbhjksdhrejgajjkgjkhgkasdfjkhwerhgvbhaskdj
jkkskhgbklseragkljherhikbhjksdhrejgajkkgjkhgkasdfjkhwerhgvbhaskdj
jkkskhgbklseragkljherhjkbhjksdhrejgajjkgjkhgkasdfjkhwerhgvbhaskdj
jkkskhgbklseragkljherhjkbhjksdhrejgajkkgjkhgkasdfjkhwerhgvbhaskdj
jkkskhgbklseragkljherhkkbhjksdhrejgajjkgjkhgkasdfjkhwerhgvbhaskdj
jkkskhgbklseragkljherhkkbhjksdhrejgajkkgjkhgkasdfjkhwerhgvbhaskdj
jkkskhgbklserahkljherhhkbhjksdhrejgajjkgjkhgkasdfjkhwerhgvbhaskdj
jkkskhgbklserahkljherhhkbhjksdhrejgajkkgjkhgkasdfjkhwerhgvbhaskdj
jkkskhgbklserahkljherhikbhjksdhrejgajjkgjkhgkasdfjkhwerhgvbhaskdj
jkkskhgbklserahkljherhikbhjksdhrejgajkkgjkhgkasdfjkhwerhgvbhaskdj
jkkskhgbklserahkljherhjkbhjksdhrejgajjkgjkhgkasdfjkhwerhgvbhaskdj
jkkskhgbklserahkljherhjkbhjksdhrejgajkkgjkhgkasdfjkhwerhgvbhaskdj
jkkskhgbklserahkljherhkkbhjksdhrejgajjkgjkhgkasdfjkhwerhgvbhaskdj
jkkskhgbklserahkljherhkkbhjksdhrejgajkkgjkhgkasdfjkhwerhgvbhaskdj
jkkskhgbklseraikljherhhkbhjksdhrejgajjkgjkhgkasdfjkhwerhgvbhaskdj
jkkskhgbklseraikljherhhkbhjksdhrejgajkkgjkhgkasdfjkhwerhgvbhaskdj
jkkskhgbklseraikljherhikbhjksdhrejgajjkgjkhgkasdfjkhwerhgvbhaskdj
jkkskhgbklseraikljherhikbhjksdhrejgajkkgjkhgkasdfjkhwerhgvbhaskdj
jkkskhgbklseraikljherhjkbhjksdhrejgajjkgjkhgkasdfjkhwerhgvbhaskdj
jkkskhgbklseraikljherhjkbhjksdhrejgajkkgjkhgkasdfjkhwerhgvbhaskdj
jkkskhgbklseraikljherhkkbhjksdhrejgajjkgjkhgkasdfjkhwerhgvbhaskdj
jkkskhgbklseraikljherhkkbhjksdhrejgajkkgjkhgkasdfjkhwerhgvbhaskdj
jkkskhgbklserajkljherhhkbhjksdhrejgajjkgjkhgkasdfjkhwerhgvbhaskdj
jkkskhgbklserajkljherhhkbhjksdhrejgajkkgjkhgkasdfjkhwerhgvbhaskdj
jkkskhgbklserajkljherhikbhjksdhrejgajjkgjkhgkasdfjkhwerhgvbhaskdj
jkkskhgbklserajkljherhikbhjksdhrejgajkkgjkhgkasdfjkhwerhgvbhaskdj
jkkskhgbklserajkljherhjkbhjksdhrejgajjkgjkhgkasdfjkhwerhgvbhaskdj
jkkskhgbklserajkljherhjkbhjksdhrejgajkkgjkhgkasdfjkhwerhgvbhaskdj
jkkskhgbklserajkljherhkkbhjksdhrejgajjkgjkhgkasdfjkhwerhgvbhaskdj
jkkskhgbklserajkljherhkkbhjksdhrejgajkkgjkhgkasdfjkhwerhgvbhaskdj
jkkskhgbklserakkljherhhkbhjksdhrejgajjkgjkhgkasdfjkhwerhgvbhaskdj
jkkskhgbklserakkljherhhkbhjksdhrejgajkkgjkhgkasdfjkhwerhgvbhaskdj
jkkskhgbklserakkljherhikbhjksdhrejgajjkgjkhgkasdfjkhwerhgvbhaskdj
jkkskhgbklserakkljherhikbhjksdhrejgajkkgjkhgkasdfjkhwerhgvbhaskdj
jkkskhgbklserakkljherhjkbhjksdhrejgajjkgjkhgkasdfjkhwerhgvbhaskdj
jkkskhgbklserakkljherhjkbhjksdhrejgajkkgjkhgkasdfjkhwerhgvbhaskdj
jkkskhgbklserakkljherhkkbhjksdhrejgajjkgjkhgkasdfjkhwerhgvbhaskdj
jkkskhgbklserakkljherhkkbhjksdhrejgajkkgjkhgkasdfjkhwerhgvbhaskdj
jkkskhhbklseraakljherhhkbhjksdhrejgajjkgjkhgkasdfjkhwerhgvbhaskdj
jkkskhhbklseraakljherhhkbhjksdhrejgajkkgjkhgkasdfjkhwerhgvbhaskdj
jkkskhhbklseraakljherhikbhjksdhrejgajjkgjkhgkasdfjkhwerhgvbhaskdj
jkkskhhbklseraakljherhikbhjksdhrejgajkkgjkhgkasdfjkhwerhgvbhaskdj
jkkskhhbklseraakljherhjkbhjksdhrejgajjkgjkhgkasdfjkhwerhgvbhaskdj
jkkskhhbklseraakljherhjkbhjksdhrejgajkkgjkhgkasdfjkhwerhgvbhaskdj
jkkskhhbklseraakljherhkkbhjksdhrejgajjkgjkhgkasdfjkhwerhgvbhaskdj
jkkskhhbklseraakljherhkkbhjksdhrejgajkkgjkhgkasdfjkhwerhgvbhaskdj
jkkskhhbklserabkljherhhkbhjksdhrejgajjkgjkhgkasdfjkhwerhgvbhaskdj
jkkskhhbklserabkljherhhkbhjksdhrejgajkkgjkhgkasdfjkhwerhgvbhaskdj
jkkskhhbklserabkljherhikbhjksdhrejgajjkgjkhgkasdfjkhwerhgvbhaskdj
jkkskhhbklserabkljherhikbhjksdhrejgajkkgjkhgkasdfjkhwerhgvbhaskdj
jkkskhhbklserabkljherhjkbhjksdhrejgajjkgjkhgkasdfjkhwerhgvbhaskdj
jkkskhhbklserabkljherhjkbhjksdhrejgajkkgjkhgkasdfjkhwerhgvbhaskdj
jkkskhhbklserabkljherhkkbhjksdhrejgajjkgjkhgkasdfjkhwerhgvbhaskdj
jkkskhhbklserabkljherhkkbhjksdhrejgajkkgjkhgkasdfjkhwerhgvbhaskdj
jkkskhhbklserackljherhhkbhjksdhrejgajjkgjkhgkasdfjkhwerhgvbhaskdj
jkkskhhbklserackljherhhkbhjksdhrejgajkkgjkhgkasdfjkhwerhgvbhaskdj
jkkskhhbklserackljherhikbhjksdhrejgajjkgjkhgkasdfjkhwerhgvbhaskdj
jkkskhhbklserackljherhikbhjksdhrejgajkkgjkhgkasdfjkhwerhgvbhaskdj
jkkskhhbklserackljherhjkbhjksdhrejgajjkgjkhgkasdfjkhwerhgvbhaskdj
jkkskhhbklserackljherhjkbhjksdhrejgajkkgjkhgkasdfjkhwerhgvbhaskdj
jkkskhhbklserackljherhkkbhjksdhrejgajjkgjkhgkasdfjkhwerhgvbhaskdj
jkkskhhbklserackljherhkkbhjksdhrejgajkkgjkhgkasdfjkhwerhgvbhaskdj
jkkskhhbklseradkljherhhkbhjksdhrejgajjkgjkhgkasdfjkhwerhgvbhaskdj
jkkskhhbklseradkljherhhkbhjksdhrejgajkkgjkhgkasdfjkhwerhgvbhaskdj
jkkskhhbklseradkljherhikbhjksdhrejgajjkgjkhgkasdfjkhwerhgvbhaskdj
jkkskhhbklseradkljherhikbhjksdhrejgajkkgjkhgkasdfjkhwerhgvbhaskdj
jkkskhhbklseradkljherhjkbhjksdhrejgajjkgjkhgkasdfjkhwerhgvbhaskdj
jkkskhhbklseradkljherhjkbhjksdhrejgajkkgjkhgkasdfjkhwerhgvbhaskdj
jkkskhhbklseradkljherhkkbhjksdhrejgajjkgjkhgkasdfjkhwerhgvbhaskdj
jkkskhhbklseradkljherhkkbhjksdhrejgajkkgjkhgkasdfjkhwerhgvbhaskdj
jkkskhhbklseraekljherhhkbhjksdhrejgajjkgjkhgkasdfjkhwerhgvbhaskdj
jkkskhhbklseraekljherhhkbhjksdhrejgajkkgjkhgkasdfjkhwerhgvbhaskdj
jkkskhhbklseraekljherhikbhjksdhrejgajjkgjkhgkasdfjkhwerhgvbhaskdj
jkkskhhbklseraekljherhikbhjksdhrejgajkkgjkhgkasdfjkhwerhgvbhaskdj
jkkskhhbklseraekljherhjkbhjksdhrejgajjkgjkhgkasdfjkhwerhgvbhaskdj
jkkskhhbklseraekljherhjkbhjksdhrejgajkkgjkhgkasdfjkhwerhgvbhaskdj
jkkskhhbklseraekljherhkkbhjksdhrejgajjkgjkhgkasdfjkhwerhgvbhaskdj
jkkskhhbklseraekljherhkkbhjksdhrejgajkkgjkhgkasdfjkhwerhgvbhaskdj
jkkskhhbklserafkljherhhkbhjksdhrejgajjkgjkhgkasdfjkhwerhgvbhaskdj
jkkskhhbklserafkljherhhkbhjksdhrejgajkkgjkhgkasdfjkhwerhgvbhaskdj
jkkskhhbklserafkljherhikbhjksdhrejgajjkgjkhgkasdfjkhwerhgvbhaskdj
jkkskhhbklserafkljherhikbhjksdhrejgajkkgjkhgkasdfjkhwerhgvbhaskdj
jkkskhhbklserafkljherhjkbhjksdhrejgajjkgjkhgkasdfjkhwerhgvbhaskdj
jkkskhhbklserafkljherhjkbhjksdhrejgajkkgjkhgkasdfjkhwerhgvbhaskdj
jkkskhhbklserafkljherhkkbhjksdhrejgajjkgjkhgkasdfjkhwerhgvbhaskdj
jkkskhhbklserafkljherhkkbhjksdhrejgajkkgjkhgkasdfjkhwerhgvbhaskdj
jkkskhhbklseragkljherhhkbhjksdhrejgajjkgjkhgkasdfjkhwerhgvbhaskdj
jkkskhhbklseragkljherhhkbhjksdhrejgajkkgjkhgkasdfjkhwerhgvbhaskdj
jkkskhhbklseragkljherhikbhjksdhrejgajjkgjkhgkasdfjkhwerhgvbhaskdj
jkkskhhbklseragkljherhikbhjksdhrejgajkkgjkhgkasdfjkhwerhgvbhaskdj
jkkskhhbklseragkljherhjkbhjksdhrejgajjkgjkhgkasdfjkhwerhgvbhaskdj
jkkskhhbklseragkljherhjkbhjksdhrejgajkkgjkhgkasdfjkhwerhgvbhaskdj
jkkskhhbklseragkljherhkkbhjksdhrejgajjkgjkhgkasdfjkhwerhgvbhaskdj
jkkskhhbklseragkljherhkkbhjksdhrejgajkkgjkhgkasdfjkhwerhgvbhaskdj
jkkskhhbklserahkljherhhkbhjksdhrejgajjkgjkhgkasdfjkhwerhgvbhaskdj
jkkskhhbklserahkljherhhkbhjksdhrejgajkkgjkhgkasdfjkhwerhgvbhaskdj
jkkskhhbklserahkljherhikbhjksdhrejgajjkgjkhgkasdfjkhwerhgvbhaskdj
jkkskhhbklserahkljherhikbhjksdhrejgajkkgjkhgkasdfjkhwerhgvbhaskdj
jkkskhhbklserahkljherhjkbhjksdhrejgajjkgjkhgkasdfjkhwerhgvbhaskdj
jkkskhhbklserahkljherhjkbhjksdhrejgajkkgjkhgkasdfjkhwerhgvbhaskdj
jkkskhhbklserahkljherhkkbhjksdhrejgajjkgjkhgkasdfjkhwerhgvbhaskdj
jkkskhhbklserahkljherhkkbhjksdhrejgajkkgjkhgkasdfjkhwerhgvbhaskdj
jkkskhhbklseraikljherhhkbhjksdhrejgajjkgjkhgkasdfjkhwerhgvbhaskdj
jkkskhhbklseraikljherhhkbhjksdhrejgajkkgjkhgkasdfjkhwerhgvbhaskdj
jkkskhhbklseraikljherhikbhjksdhrejgajjkgjkhgkasdfjkhwerhgvbhaskdj
jkkskhhbklseraikljherhikbhjksdhrejgajkkgjkhgkasdfjkhwerhgvbhaskdj
jkkskhhbklseraikljherhjkbhjksdhrejgajjkgjkhgkasdfjkhwerhgvbhaskdj
jkkskhhbklseraikljherhjkbhjksdhrejgajkkgjkhgkasdfjkhwerhgvbhaskdj
jkkskhhbklseraikljherhkkbhjksdhrejgajjkgjkhgkasdfjkhwerhgvbhaskdj
jkkskhhbklseraikljherhkkbhjksdhrejgajkkgjkhgkasdfjkhwerhgvbhaskdj
jkkskhhbklserajkljherhhkbhjksdhrejgajjkgjkhgkasdfjkhwerhgvbhaskdj
jkkskhhbklserajkljherhhkbhjksdhrejgajkkgjkhgkasdfjkhwerhgvbhaskdj
jkkskhhbklserajkljherhikbhjksdhrejgajjkgjkhgkasdfjkhwerhgvbhaskdj
jkkskhhbklserajkljherhikbhjksdhrejgajkkgjkhgkasdfjkhwerhgvbhaskdj
jkkskhhbklserajkljherhjkbhjksdhrejgajjkgjkhgkasdfjkhwerhgvbhaskdj
jkkskhhbklserajkljherhjkbhjksdhrejgajkkgjkhgkasdfjkhwerhgvbhaskdj
jkkskhhbklserajkljherhkkbhjksdhrejgajjkgjkhgkasdfjkhwerhgvbhaskdj
jkkskhhbklserajkljherhkkbhjksdhrejgajkkgjkhgkasdfjkhwerhgvbhaskdj
jkkskhhbklserakkljherhhkbhjksdhrejgajjkgjkhgkasdfjkhwerhgvbhaskdj
jkkskhhbklserakkljherhhkbhjksdhrejgajkkgjkhgkasdfjkhwerhgvbhaskdj
jkkskhhbklserakkljherhikbhjksdhrejgajjkgjkhgkasdfjkhwerhgvbhaskdj
jkkskhhbklserakkljherhikbhjksdhrejgajkkgjkhgkasdfjkhwerhgvbhaskdj
jkkskhhbklserakkljherhjkbhjksdhrejgajjkgjkhgkasdfjkhwerhgvbhaskdj
jkkskhhbklserakkljherhjkbhjksdhrejgajkkgjkhgkasdfjkhwerhgvbhaskdj
jkkskhhbklserakkljherhkkbhjksdhrejgajjkgjkhgkasdfjkhwerhgvbhaskdj
jkkskhhbklserakkljherhkkbhjksdhrejgajkkgjkhgkasdfjkhwerhgvbhaskdj
