akkuyrlshhskkralllx
akkuyrlshhslkralllx
akkuyrlshhsmkralllx
akkuyrlshhsnkralllx
akkuyrlshhsokralllx
akkuyrlshhspkralllx
akkuyrlshhsqkralllx
akkuyrlshhsrkralllx
akkuyrlshhsskralllx
akkuyrlsihskkralllx
akkuyrlsihslkralllx
akkuyrlsihsmkralllx
akkuyrlsihsnkralllx
akkuyrlsihsokralllx
akkuyrlsihspkralllx
akkuyrlsihsqkralllx
akkuyrlsihsrkralllx
akkuyrlsihsskralllx
akkuyrlsjhskkralllx
akkuyrlsjhslkralllx
akkuyrlsjhsmkralllx
akkuyrlsjhsnkralllx
akkuyrlsjhsokralllx
akkuyrlsjhspkralllx
akkuyrlsjhsqkralllx
akkuyrlsjhsrkralllx
akkuyrlsjhsskralllx
akkuyrlskhskkralllx
akkuyrlskhslkralllx
akkuyrlskhsmkralllx
akkuyrlskhsnkralllx
akkuyrlskhsokralllx
akkuyrlskhspkralllx
akkuyrlskhsqkralllx
akkuyrlskhsrkralllx
akkuyrlskhsskralllx
akkuyrlslhskkralllx
akkuyrlslhslkralllx
akkuyrlslhsmkralllx
akkuyrlslhsnkralllx
akkuyrlslhsokralllx
akkuyrlslhspkralllx
akkuyrlslhsqkralllx
akkuyrlslhsrkralllx
akkuyrlslhsskralllx
akkuyrlsmhskkralllx
akkuyrlsmhslkralllx
akkuyrlsmhsmkralllx
akkuyrlsmhsnkralllx
akkuyrlsmhsokralllx
akkuyrlsmhspkralllx
akkuyrlsmhsqkralllx
akkuyrlsmhsrkralllx
akkuyrlsmhsskralllx
akkuyrlsnhskkralllx
akkuyrlsnhslkralllx
akkuyrlsnhsmkralllx
akkuyrlsnhsnkralllx
akkuyrlsnhsokralllx
akkuyrlsnhspkralllx
akkuyrlsnhsqkralllx
akkuyrlsnhsrkralllx
akkuyrlsnhsskralllx
akkuyrlsohskkralllx
akkuyrlsohslkralllx
akkuyrlsohsmkralllx
akkuyrlsohsnkralllx
akkuyrlsohsokralllx
akkuyrlsohspkralllx
akkuyrlsohsqkralllx
akkuyrlsohsrkralllx
akkuyrlsohsskralllx
akkuyrlsphskkralllx
akkuyrlsphslkralllx
akkuyrlsphsmkralllx
akkuyrlsphsnkralllx
akkuyrlsphsokralllx
akkuyrlsphspkralllx
akkuyrlsphsqkralllx
akkuyrlsphsrkralllx
akkuyrlsphsskralllx
akkuyrlsqhskkralllx
akkuyrlsqhslkralllx
akkuyrlsqhsmkralllx
akkuyrlsqhsnkralllx
akkuyrlsqhsokralllx
akkuyrlsqhspkralllx
akkuyrlsqhsqkralllx
akkuyrlsqhsrkralllx
akkuyrlsqhsskralllx
akkuyrlsrhskkralllx
akkuyrlsrhslkralllx
akkuyrlsrhsmkralllx
akkuyrlsrhsnkralllx
akkuyrlsrhsokralllx
akkuyrlsrhspkralllx
akkuyrlsrhsqkralllx
akkuyrlsrhsrkralllx
akkuyrlsrhsskralllx
akkuyrlsshskkralllx
akkuyrlsshslkralllx
akkuyrlsshsmkralllx
akkuyrlsshsnkralllx
akkuyrlsshsokralllx
akkuyrlsshspkralllx
akkuyrlsshsqkralllx
akkuyrlsshsrkralllx
akkuyrlsshsskralllx
akluyrlshhskkralllx
akluyrlshhslkralllx
akluyrlshhsmkralllx
akluyrlshhsnkralllx
akluyrlshhsokralllx
akluyrlshhspkralllx
akluyrlshhsqkralllx
akluyrlshhsrkralllx
akluyrlshhsskralllx
akluyrlsihskkralllx
akluyrlsihslkralllx
akluyrlsihsmkralllx
akluyrlsihsnkralllx
akluyrlsihsokralllx
akluyrlsihspkralllx
akluyrlsihsqkralllx
akluyrlsihsrkralllx
akluyrlsihsskralllx
akluyrlsjhskkralllx
akluyrlsjhslkralllx
akluyrlsjhsmkralllx
akluyrlsjhsnkralllx
akluyrlsjhsokralllx
akluyrlsjhspkralllx
akluyrlsjhsqkralllx
akluyrlsjhsrkralllx
akluyrlsjhsskralllx
akluyrlskhskkralllx
akluyrlskhslkralllx
akluyrlskhsmkralllx
akluyrlskhsnkralllx
akluyrlskhsokralllx
akluyrlskhspkralllx
akluyrlskhsqkralllx
akluyrlskhsrkralllx
akluyrlskhsskralllx
akluyrlslhskkralllx
akluyrlslhslkralllx
akluyrlslhsmkralllx
akluyrlslhsnkralllx
akluyrlslhsokralllx
akluyrlslhspkralllx
akluyrlslhsqkralllx
akluyrlslhsrkralllx
akluyrlslhsskralllx
akluyrlsmhskkralllx
akluyrlsmhslkralllx
akluyrlsmhsmkralllx
akluyrlsmhsnkralllx
akluyrlsmhsokralllx
akluyrlsmhspkralllx
akluyrlsmhsqkralllx
akluyrlsmhsrkralllx
akluyrlsmhsskralllx
akluyrlsnhskkralllx
akluyrlsnhslkralllx
akluyrlsnhsmkralllx
akluyrlsnhsnkralllx
akluyrlsnhsokralllx
akluyrlsnhspkralllx
akluyrlsnhsqkralllx
akluyrlsnhsrkralllx
akluyrlsnhsskralllx
akluyrlsohskkralllx
akluyrlsohslkralllx
akluyrlsohsmkralllx
akluyrlsohsnkralllx
akluyrlsohsokralllx
akluyrlsohspkralllx
akluyrlsohsqkralllx
akluyrlsohsrkralllx
akluyrlsohsskralllx
akluyrlsphskkralllx
akluyrlsphslkralllx
akluyrlsphsmkralllx
akluyrlsphsnkralllx
akluyrlsphsokralllx
akluyrlsphspkralllx
akluyrlsphsqkralllx
akluyrlsphsrkralllx
akluyrlsphsskralllx
akluyrlsqhskkralllx
akluyrlsqhslkralllx
akluyrlsqhsmkralllx
akluyrlsqhsnkralllx
akluyrlsqhsokralllx
akluyrlsqhspkralllx
akluyrlsqhsqkralllx
akluyrlsqhsrkralllx
akluyrlsqhsskralllx
akluyrlsrhskkralllx
akluyrlsrhslkralllx
akluyrlsrhsmkralllx
akluyrlsrhsnkralllx
akluyrlsrhsokralllx
akluyrlsrhspkralllx
akluyrlsrhsqkralllx
akluyrlsrhsrkralllx
akluyrlsrhsskralllx
akluyrlsshskkralllx
akluyrlsshslkralllx
akluyrlsshsmkralllx
akluyrlsshsnkralllx
akluyrlsshsokralllx
akluyrlsshspkralllx
akluyrlsshsqkralllx
akluyrlsshsrkralllx
akluyrlsshsskralllx
akmuyrlshhskkralllx
akmuyrlshhslkralllx
akmuyrlshhsmkralllx
akmuyrlshhsnkralllx
akmuyrlshhsokralllx
akmuyrlshhspkralllx
akmuyrlshhsqkralllx
akmuyrlshhsrkralllx
akmuyrlshhsskralllx
akmuyrlsihskkralllx
akmuyrlsihslkralllx
akmuyrlsihsmkralllx
akmuyrlsihsnkralllx
akmuyrlsihsokralllx
akmuyrlsihspkralllx
akmuyrlsihsqkralllx
akmuyrlsihsrkralllx
akmuyrlsihsskralllx
akmuyrlsjhskkralllx
akmuyrlsjhslkralllx
akmuyrlsjhsmkralllx
akmuyrlsjhsnkralllx
akmuyrlsjhsokralllx
akmuyrlsjhspkralllx
akmuyrlsjhsqkralllx
akmuyrlsjhsrkralllx
akmuyrlsjhsskralllx
akmuyrlskhskkralllx
akmuyrlskhslkralllx
akmuyrlskhsmkralllx
akmuyrlskhsnkralllx
akmuyrlskhsokralllx
akmuyrlskhspkralllx
akmuyrlskhsqkralllx
akmuyrlskhsrkralllx
akmuyrlskhsskralllx
akmuyrlslhskkralllx
akmuyrlslhslkralllx
akmuyrlslhsmkralllx
akmuyrlslhsnkralllx
akmuyrlslhsokralllx
akmuyrlslhspkralllx
akmuyrlslhsqkralllx
akmuyrlslhsrkralllx
akmuyrlslhsskralllx
akmuyrlsmhskkralllx
akmuyrlsmhslkralllx
akmuyrlsmhsmkralllx
akmuyrlsmhsnkralllx
akmuyrlsmhsokralllx
akmuyrlsmhspkralllx
akmuyrlsmhsqkralllx
akmuyrlsmhsrkralllx
akmuyrlsmhsskralllx
akmuyrlsnhskkralllx
akmuyrlsnhslkralllx
akmuyrlsnhsmkralllx
akmuyrlsnhsnkralllx
akmuyrlsnhsokralllx
akmuyrlsnhspkralllx
akmuyrlsnhsqkralllx
akmuyrlsnhsrkralllx
akmuyrlsnhsskralllx
akmuyrlsohskkralllx
akmuyrlsohslkralllx
akmuyrlsohsmkralllx
akmuyrlsohsnkralllx
akmuyrlsohsokralllx
akmuyrlsohspkralllx
akmuyrlsohsqkralllx
akmuyrlsohsrkralllx
akmuyrlsohsskralllx
akmuyrlsphskkralllx
akmuyrlsphslkralllx
akmuyrlsphsmkralllx
akmuyrlsphsnkralllx
akmuyrlsphsokralllx
akmuyrlsphspkralllx
akmuyrlsphsqkralllx
akmuyrlsphsrkralllx
akmuyrlsphsskralllx
akmuyrlsqhskkralllx
akmuyrlsqhslkralllx
akmuyrlsqhsmkralllx
akmuyrlsqhsnkralllx
akmuyrlsqhsokralllx
akmuyrlsqhspkralllx
akmuyrlsqhsqkralllx
akmuyrlsqhsrkralllx
akmuyrlsqhsskralllx
akmuyrlsrhskkralllx
akmuyrlsrhslkralllx
akmuyrlsrhsmkralllx
akmuyrlsrhsnkralllx
akmuyrlsrhsokralllx
akmuyrlsrhspkralllx
akmuyrlsrhsqkralllx
akmuyrlsrhsrkralllx
akmuyrlsrhsskralllx
akmuyrlsshskkralllx
akmuyrlsshslkralllx
akmuyrlsshsmkralllx
akmuyrlsshsnkralllx
akmuyrlsshsokralllx
akmuyrlsshspkralllx
akmuyrlsshsqkralllx
akmuyrlsshsrkralllx
akmuyrlsshsskralllx
aknuyrlshhskkralllx
aknuyrlshhslkralllx
aknuyrlshhsmkralllx
aknuyrlshhsnkralllx
aknuyrlshhsokralllx
aknuyrlshhspkralllx
aknuyrlshhsqkralllx
aknuyrlshhsrkralllx
aknuyrlshhsskralllx
aknuyrlsihskkralllx
aknuyrlsihslkralllx
aknuyrlsihsmkralllx
aknuyrlsihsnkralllx
aknuyrlsihsokralllx
aknuyrlsihspkralllx
aknuyrlsihsqkralllx
aknuyrlsihsrkralllx
aknuyrlsihsskralllx
aknuyrlsjhskkralllx
aknuyrlsjhslkralllx
aknuyrlsjhsmkralllx
aknuyrlsjhsnkralllx
aknuyrlsjhsokralllx
aknuyrlsjhspkralllx
aknuyrlsjhsqkralllx
aknuyrlsjhsrkralllx
aknuyrlsjhsskralllx
aknuyrlskhskkralllx
aknuyrlskhslkralllx
aknuyrlskhsmkralllx
aknuyrlskhsnkralllx
aknuyrlskhsokralllx
aknuyrlskhspkralllx
aknuyrlskhsqkralllx
aknuyrlskhsrkralllx
aknuyrlskhsskralllx
aknuyrlslhskkralllx
aknuyrlslhslkralllx
aknuyrlslhsmkralllx
aknuyrlslhsnkralllx
aknuyrlslhsokralllx
aknuyrlslhspkralllx
aknuyrlslhsqkralllx
aknuyrlslhsrkralllx
aknuyrlslhsskralllx
aknuyrlsmhskkralllx
aknuyrlsmhslkralllx
aknuyrlsmhsmkralllx
aknuyrlsmhsnkralllx
aknuyrlsmhsokralllx
aknuyrlsmhspkralllx
aknuyrlsmhsqkralllx
aknuyrlsmhsrkralllx
aknuyrlsmhsskralllx
aknuyrlsnhskkralllx
aknuyrlsnhslkralllx
aknuyrlsnhsmkralllx
aknuyrlsnhsnkralllx
aknuyrlsnhsokralllx
aknuyrlsnhspkralllx
aknuyrlsnhsqkralllx
aknuyrlsnhsrkralllx
aknuyrlsnhsskralllx
aknuyrlsohskkralllx
aknuyrlsohslkralllx
aknuyrlsohsmkralllx
aknuyrlsohsnkralllx
aknuyrlsohsokralllx
aknuyrlsohspkralllx
aknuyrlsohsqkralllx
aknuyrlsohsrkralllx
aknuyrlsohsskralllx
aknuyrlsphskkralllx
aknuyrlsphslkralllx
aknuyrlsphsmkralllx
aknuyrlsphsnkralllx
aknuyrlsphsokralllx
aknuyrlsphspkralllx
aknuyrlsphsqkralllx
aknuyrlsphsrkralllx
aknuyrlsphsskralllx
aknuyrlsqhskkralllx
aknuyrlsqhslkralllx
aknuyrlsqhsmkralllx
aknuyrlsqhsnkralllx
aknuyrlsqhsokralllx
aknuyrlsqhspkralllx
aknuyrlsqhsqkralllx
aknuyrlsqhsrkralllx
aknuyrlsqhsskralllx
aknuyrlsrhskkralllx
aknuyrlsrhslkralllx
aknuyrlsrhsmkralllx
aknuyrlsrhsnkralllx
aknuyrlsrhsokralllx
aknuyrlsrhspkralllx
aknuyrlsrhsqkralllx
aknuyrlsrhsrkralllx
aknuyrlsrhsskralllx
aknuyrlsshskkralllx
aknuyrlsshslkralllx
aknuyrlsshsmkralllx
aknuyrlsshsnkralllx
aknuyrlsshsokralllx
aknuyrlsshspkralllx
aknuyrlsshsqkralllx
aknuyrlsshsrkralllx
aknuyrlsshsskralllx
akouyrlshhskkralllx
akouyrlshhslkralllx
akouyrlshhsmkralllx
akouyrlshhsnkralllx
akouyrlshhsokralllx
akouyrlshhspkralllx
akouyrlshhsqkralllx
akouyrlshhsrkralllx
akouyrlshhsskralllx
akouyrlsihskkralllx
akouyrlsihslkralllx
akouyrlsihsmkralllx
akouyrlsihsnkralllx
akouyrlsihsokralllx
akouyrlsihspkralllx
akouyrlsihsqkralllx
akouyrlsihsrkralllx
akouyrlsihsskralllx
akouyrlsjhskkralllx
akouyrlsjhslkralllx
akouyrlsjhsmkralllx
akouyrlsjhsnkralllx
akouyrlsjhsokralllx
akouyrlsjhspkralllx
akouyrlsjhsqkralllx
akouyrlsjhsrkralllx
akouyrlsjhsskralllx
akouyrlskhskkralllx
akouyrlskhslkralllx
akouyrlskhsmkralllx
akouyrlskhsnkralllx
akouyrlskhsokralllx
akouyrlskhspkralllx
akouyrlskhsqkralllx
akouyrlskhsrkralllx
akouyrlskhsskralllx
akouyrlslhskkralllx
akouyrlslhslkralllx
akouyrlslhsmkralllx
akouyrlslhsnkralllx
akouyrlslhsokralllx
akouyrlslhspkralllx
akouyrlslhsqkralllx
akouyrlslhsrkralllx
akouyrlslhsskralllx
akouyrlsmhskkralllx
akouyrlsmhslkralllx
akouyrlsmhsmkralllx
akouyrlsmhsnkralllx
akouyrlsmhsokralllx
akouyrlsmhspkralllx
akouyrlsmhsqkralllx
akouyrlsmhsrkralllx
akouyrlsmhsskralllx
akouyrlsnhskkralllx
akouyrlsnhslkralllx
akouyrlsnhsmkralllx
akouyrlsnhsnkralllx
akouyrlsnhsokralllx
akouyrlsnhspkralllx
akouyrlsnhsqkralllx
akouyrlsnhsrkralllx
akouyrlsnhsskralllx
akouyrlsohskkralllx
akouyrlsohslkralllx
akouyrlsohsmkralllx
akouyrlsohsnkralllx
akouyrlsohsokralllx
akouyrlsohspkralllx
akouyrlsohsqkralllx
akouyrlsohsrkralllx
akouyrlsohsskralllx
akouyrlsphskkralllx
akouyrlsphslkralllx
akouyrlsphsmkralllx
akouyrlsphsnkralllx
akouyrlsphsokralllx
akouyrlsphspkralllx
akouyrlsphsqkralllx
akouyrlsphsrkralllx
akouyrlsphsskralllx
akouyrlsqhskkralllx
akouyrlsqhslkralllx
akouyrlsqhsmkralllx
akouyrlsqhsnkralllx
akouyrlsqhsokralllx
akouyrlsqhspkralllx
akouyrlsqhsqkralllx
akouyrlsqhsrkralllx
akouyrlsqhsskralllx
akouyrlsrhskkralllx
akouyrlsrhslkralllx
akouyrlsrhsmkralllx
akouyrlsrhsnkralllx
akouyrlsrhsokralllx
akouyrlsrhspkralllx
akouyrlsrhsqkralllx
akouyrlsrhsrkralllx
akouyrlsrhsskralllx
akouyrlsshskkralllx
akouyrlsshslkralllx
akouyrlsshsmkralllx
akouyrlsshsnkralllx
akouyrlsshsokralllx
akouyrlsshspkralllx
akouyrlsshsqkralllx
akouyrlsshsrkralllx
akouyrlsshsskralllx
akpuyrlshhskkralllx
akpuyrlshhslkralllx
akpuyrlshhsmkralllx
akpuyrlshhsnkralllx
akpuyrlshhsokralllx
akpuyrlshhspkralllx
akpuyrlshhsqkralllx
akpuyrlshhsrkralllx
akpuyrlshhsskralllx
akpuyrlsihskkralllx
akpuyrlsihslkralllx
akpuyrlsihsmkralllx
akpuyrlsihsnkralllx
akpuyrlsihsokralllx
akpuyrlsihspkralllx
akpuyrlsihsqkralllx
akpuyrlsihsrkralllx
akpuyrlsihsskralllx
akpuyrlsjhskkralllx
akpuyrlsjhslkralllx
akpuyrlsjhsmkralllx
akpuyrlsjhsnkralllx
akpuyrlsjhsokralllx
akpuyrlsjhspkralllx
akpuyrlsjhsqkralllx
akpuyrlsjhsrkralllx
akpuyrlsjhsskralllx
akpuyrlskhskkralllx
akpuyrlskhslkralllx
akpuyrlskhsmkralllx
akpuyrlskhsnkralllx
akpuyrlskhsokralllx
akpuyrlskhspkralllx
akpuyrlskhsqkralllx
akpuyrlskhsrkralllx
akpuyrlskhsskralllx
akpuyrlslhskkralllx
akpuyrlslhslkralllx
akpuyrlslhsmkralllx
akpuyrlslhsnkralllx
akpuyrlslhsokralllx
akpuyrlslhspkralllx
akpuyrlslhsqkralllx
akpuyrlslhsrkralllx
akpuyrlslhsskralllx
akpuyrlsmhskkralllx
akpuyrlsmhslkralllx
akpuyrlsmhsmkralllx
akpuyrlsmhsnkralllx
akpuyrlsmhsokralllx
akpuyrlsmhspkralllx
akpuyrlsmhsqkralllx
akpuyrlsmhsrkralllx
akpuyrlsmhsskralllx
akpuyrlsnhskkralllx
akpuyrlsnhslkralllx
akpuyrlsnhsmkralllx
akpuyrlsnhsnkralllx
akpuyrlsnhsokralllx
akpuyrlsnhspkralllx
akpuyrlsnhsqkralllx
akpuyrlsnhsrkralllx
akpuyrlsnhsskralllx
akpuyrlsohskkralllx
akpuyrlsohslkralllx
akpuyrlsohsmkralllx
akpuyrlsohsnkralllx
akpuyrlsohsokralllx
akpuyrlsohspkralllx
akpuyrlsohsqkralllx
akpuyrlsohsrkralllx
akpuyrlsohsskralllx
akpuyrlsphskkralllx
akpuyrlsphslkralllx
akpuyrlsphsmkralllx
akpuyrlsphsnkralllx
akpuyrlsphsokralllx
akpuyrlsphspkralllx
akpuyrlsphsqkralllx
akpuyrlsphsrkralllx
akpuyrlsphsskralllx
akpuyrlsqhskkralllx
akpuyrlsqhslkralllx
akpuyrlsqhsmkralllx
akpuyrlsqhsnkralllx
akpuyrlsqhsokralllx
akpuyrlsqhspkralllx
akpuyrlsqhsqkralllx
akpuyrlsqhsrkralllx
akpuyrlsqhsskralllx
akpuyrlsrhskkralllx
akpuyrlsrhslkralllx
akpuyrlsrhsmkralllx
akpuyrlsrhsnkralllx
akpuyrlsrhsokralllx
akpuyrlsrhspkralllx
akpuyrlsrhsqkralllx
akpuyrlsrhsrkralllx
akpuyrlsrhsskralllx
akpuyrlsshskkralllx
akpuyrlsshslkralllx
akpuyrlsshsmkralllx
akpuyrlsshsnkralllx
akpuyrlsshsokralllx
akpuyrlsshspkralllx
akpuyrlsshsqkralllx
akpuyrlsshsrkralllx
akpuyrlsshsskralllx
akquyrlshhskkralllx
akquyrlshhslkralllx
akquyrlshhsmkralllx
akquyrlshhsnkralllx
akquyrlshhsokralllx
akquyrlshhspkralllx
akquyrlshhsqkralllx
akquyrlshhsrkralllx
akquyrlshhsskralllx
akquyrlsihskkralllx
akquyrlsihslkralllx
akquyrlsihsmkralllx
akquyrlsihsnkralllx
akquyrlsihsokralllx
akquyrlsihspkralllx
akquyrlsihsqkralllx
akquyrlsihsrkralllx
akquyrlsihsskralllx
akquyrlsjhskkralllx
akquyrlsjhslkralllx
akquyrlsjhsmkralllx
akquyrlsjhsnkralllx
akquyrlsjhsokralllx
akquyrlsjhspkralllx
akquyrlsjhsqkralllx
akquyrlsjhsrkralllx
akquyrlsjhsskralllx
akquyrlskhskkralllx
akquyrlskhslkralllx
akquyrlskhsmkralllx
akquyrlskhsnkralllx
akquyrlskhsokralllx
akquyrlskhspkralllx
akquyrlskhsqkralllx
akquyrlskhsrkralllx
akquyrlskhsskralllx
akquyrlslhskkralllx
akquyrlslhslkralllx
akquyrlslhsmkralllx
akquyrlslhsnkralllx
akquyrlslhsokralllx
akquyrlslhspkralllx
akquyrlslhsqkralllx
akquyrlslhsrkralllx
akquyrlslhsskralllx
akquyrlsmhskkralllx
akquyrlsmhslkralllx
akquyrlsmhsmkralllx
akquyrlsmhsnkralllx
akquyrlsmhsokralllx
akquyrlsmhspkralllx
akquyrlsmhsqkralllx
akquyrlsmhsrkralllx
akquyrlsmhsskralllx
akquyrlsnhskkralllx
akquyrlsnhslkralllx
akquyrlsnhsmkralllx
akquyrlsnhsnkralllx
akquyrlsnhsokralllx
akquyrlsnhspkralllx
akquyrlsnhsqkralllx
akquyrlsnhsrkralllx
akquyrlsnhsskralllx
akquyrlsohskkralllx
akquyrlsohslkralllx
akquyrlsohsmkralllx
akquyrlsohsnkralllx
akquyrlsohsokralllx
akquyrlsohspkralllx
akquyrlsohsqkralllx
akquyrlsohsrkralllx
akquyrlsohsskralllx
akquyrlsphskkralllx
akquyrlsphslkralllx
akquyrlsphsmkralllx
akquyrlsphsnkralllx
akquyrlsphsokralllx
akquyrlsphspkralllx
akquyrlsphsqkralllx
akquyrlsphsrkralllx
akquyrlsphsskralllx
akquyrlsqhskkralllx
akquyrlsqhslkralllx
akquyrlsqhsmkralllx
akquyrlsqhsnkralllx
akquyrlsqhsokralllx
akquyrlsqhspkralllx
akquyrlsqhsqkralllx
akquyrlsqhsrkralllx
akquyrlsqhsskralllx
akquyrlsrhskkralllx
akquyrlsrhslkralllx
akquyrlsrhsmkralllx
akquyrlsrhsnkralllx
akquyrlsrhsokralllx
akquyrlsrhspkralllx
akquyrlsrhsqkralllx
akquyrlsrhsrkralllx
akquyrlsrhsskralllx
akquyrlsshskkralllx
akquyrlsshslkralllx
akquyrlsshsmkralllx
akquyrlsshsnkralllx
akquyrlsshsokralllx
akquyrlsshspkralllx
akquyrlsshsqkralllx
akquyrlsshsrkralllx
akquyrlsshsskralllx
akruyrlshhskkralllx
akruyrlshhslkralllx
akruyrlshhsmkralllx
akruyrlshhsnkralllx
akruyrlshhsokralllx
akruyrlshhspkralllx
akruyrlshhsqkralllx
akruyrlshhsrkralllx
akruyrlshhsskralllx
akruyrlsihskkralllx
akruyrlsihslkralllx
akruyrlsihsmkralllx
akruyrlsihsnkralllx
akruyrlsihsokralllx
akruyrlsihspkralllx
akruyrlsihsqkralllx
akruyrlsihsrkralllx
akruyrlsihsskralllx
akruyrlsjhskkralllx
akruyrlsjhslkralllx
akruyrlsjhsmkralllx
akruyrlsjhsnkralllx
akruyrlsjhsokralllx
akruyrlsjhspkralllx
akruyrlsjhsqkralllx
akruyrlsjhsrkralllx
akruyrlsjhsskralllx
akruyrlskhskkralllx
akruyrlskhslkralllx
akruyrlskhsmkralllx
akruyrlskhsnkralllx
akruyrlskhsokralllx
akruyrlskhspkralllx
akruyrlskhsqkralllx
akruyrlskhsrkralllx
akruyrlskhsskralllx
akruyrlslhskkralllx
akruyrlslhslkralllx
akruyrlslhsmkralllx
akruyrlslhsnkralllx
akruyrlslhsokralllx
akruyrlslhspkralllx
akruyrlslhsqkralllx
akruyrlslhsrkralllx
akruyrlslhsskralllx
akruyrlsmhskkralllx
akruyrlsmhslkralllx
akruyrlsmhsmkralllx
akruyrlsmhsnkralllx
akruyrlsmhsokralllx
akruyrlsmhspkralllx
akruyrlsmhsqkralllx
akruyrlsmhsrkralllx
akruyrlsmhsskralllx
akruyrlsnhskkralllx
akruyrlsnhslkralllx
akruyrlsnhsmkralllx
akruyrlsnhsnkralllx
akruyrlsnhsokralllx
akruyrlsnhspkralllx
akruyrlsnhsqkralllx
akruyrlsnhsrkralllx
akruyrlsnhsskralllx
akruyrlsohskkralllx
akruyrlsohslkralllx
akruyrlsohsmkralllx
akruyrlsohsnkralllx
akruyrlsohsokralllx
akruyrlsohspkralllx
akruyrlsohsqkralllx
akruyrlsohsrkralllx
akruyrlsohsskralllx
akruyrlsphskkralllx
akruyrlsphslkralllx
akruyrlsphsmkralllx
akruyrlsphsnkralllx
akruyrlsphsokralllx
akruyrlsphspkralllx
akruyrlsphsqkralllx
akruyrlsphsrkralllx
akruyrlsphsskralllx
akruyrlsqhskkralllx
akruyrlsqhslkralllx
akruyrlsqhsmkralllx
akruyrlsqhsnkralllx
akruyrlsqhsokralllx
akruyrlsqhspkralllx
akruyrlsqhsqkralllx
akruyrlsqhsrkralllx
akruyrlsqhsskralllx
akruyrlsrhskkralllx
akruyrlsrhslkralllx
akruyrlsrhsmkralllx
akruyrlsrhsnkralllx
akruyrlsrhsokralllx
akruyrlsrhspkralllx
akruyrlsrhsqkralllx
akruyrlsrhsrkralllx
akruyrlsrhsskralllx
akruyrlsshskkralllx
akruyrlsshslkralllx
akruyrlsshsmkralllx
akruyrlsshsnkralllx
akruyrlsshsokralllx
akruyrlsshspkralllx
akruyrlsshsqkralllx
akruyrlsshsrkralllx
akruyrlsshsskralllx
aksuyrlshhskkralllx
aksuyrlshhslkralllx
aksuyrlshhsmkralllx
aksuyrlshhsnkralllx
aksuyrlshhsokralllx
aksuyrlshhspkralllx
aksuyrlshhsqkralllx
aksuyrlshhsrkralllx
aksuyrlshhsskralllx
aksuyrlsihskkralllx
aksuyrlsihslkralllx
aksuyrlsihsmkralllx
aksuyrlsihsnkralllx
aksuyrlsihsokralllx
aksuyrlsihspkralllx
aksuyrlsihsqkralllx
aksuyrlsihsrkralllx
aksuyrlsihsskralllx
aksuyrlsjhskkralllx
aksuyrlsjhslkralllx
aksuyrlsjhsmkralllx
aksuyrlsjhsnkralllx
aksuyrlsjhsokralllx
aksuyrlsjhspkralllx
aksuyrlsjhsqkralllx
aksuyrlsjhsrkralllx
aksuyrlsjhsskralllx
aksuyrlskhskkralllx
aksuyrlskhslkralllx
aksuyrlskhsmkralllx
aksuyrlskhsnkralllx
aksuyrlskhsokralllx
aksuyrlskhspkralllx
aksuyrlskhsqkralllx
aksuyrlskhsrkralllx
aksuyrlskhsskralllx
aksuyrlslhskkralllx
aksuyrlslhslkralllx
aksuyrlslhsmkralllx
aksuyrlslhsnkralllx
aksuyrlslhsokralllx
aksuyrlslhspkralllx
aksuyrlslhsqkralllx
aksuyrlslhsrkralllx
aksuyrlslhsskralllx
aksuyrlsmhskkralllx
aksuyrlsmhslkralllx
aksuyrlsmhsmkralllx
aksuyrlsmhsnkralllx
aksuyrlsmhsokralllx
aksuyrlsmhspkralllx
aksuyrlsmhsqkralllx
aksuyrlsmhsrkralllx
aksuyrlsmhsskralllx
aksuyrlsnhskkralllx
aksuyrlsnhslkralllx
aksuyrlsnhsmkralllx
aksuyrlsnhsnkralllx
aksuyrlsnhsokralllx
aksuyrlsnhspkralllx
aksuyrlsnhsqkralllx
aksuyrlsnhsrkralllx
aksuyrlsnhsskralllx
aksuyrlsohskkralllx
aksuyrlsohslkralllx
aksuyrlsohsmkralllx
aksuyrlsohsnkralllx
aksuyrlsohsokralllx
aksuyrlsohspkralllx
aksuyrlsohsqkralllx
aksuyrlsohsrkralllx
aksuyrlsohsskralllx
aksuyrlsphskkralllx
aksuyrlsphslkralllx
aksuyrlsphsmkralllx
aksuyrlsphsnkralllx
aksuyrlsphsokralllx
aksuyrlsphspkralllx
aksuyrlsphsqkralllx
aksuyrlsphsrkralllx
aksuyrlsphsskralllx
aksuyrlsqhskkralllx
aksuyrlsqhslkralllx
aksuyrlsqhsmkralllx
aksuyrlsqhsnkralllx
aksuyrlsqhsokralllx
aksuyrlsqhspkralllx
aksuyrlsqhsqkralllx
aksuyrlsqhsrkralllx
aksuyrlsqhsskralllx
aksuyrlsrhskkralllx
aksuyrlsrhslkralllx
aksuyrlsrhsmkralllx
aksuyrlsrhsnkralllx
aksuyrlsrhsokralllx
aksuyrlsrhspkralllx
aksuyrlsrhsqkralllx
aksuyrlsrhsrkralllx
aksuyrlsrhsskralllx
aksuyrlsshskkralllx
aksuyrlsshslkralllx
aksuyrlsshsmkralllx
aksuyrlsshsnkralllx
aksuyrlsshsokralllx
aksuyrlsshspkralllx
aksuyrlsshsqkralllx
aksuyrlsshsrkralllx
aksuyrlsshsskralllx
aktuyrlshhskkralllx
aktuyrlshhslkralllx
aktuyrlshhsmkralllx
aktuyrlshhsnkralllx
aktuyrlshhsokralllx
aktuyrlshhspkralllx
aktuyrlshhsqkralllx
aktuyrlshhsrkralllx
aktuyrlshhsskralllx
aktuyrlsihskkralllx
aktuyrlsihslkralllx
aktuyrlsihsmkralllx
aktuyrlsihsnkralllx
aktuyrlsihsokralllx
aktuyrlsihspkralllx
aktuyrlsihsqkralllx
aktuyrlsihsrkralllx
aktuyrlsihsskralllx
aktuyrlsjhskkralllx
aktuyrlsjhslkralllx
aktuyrlsjhsmkralllx
aktuyrlsjhsnkralllx
aktuyrlsjhsokralllx
aktuyrlsjhspkralllx
aktuyrlsjhsqkralllx
aktuyrlsjhsrkralllx
aktuyrlsjhsskralllx
aktuyrlskhskkralllx
aktuyrlskhslkralllx
aktuyrlskhsmkralllx
aktuyrlskhsnkralllx
aktuyrlskhsokralllx
aktuyrlskhspkralllx
aktuyrlskhsqkralllx
aktuyrlskhsrkralllx
aktuyrlskhsskralllx
aktuyrlslhskkralllx
aktuyrlslhslkralllx
aktuyrlslhsmkralllx
aktuyrlslhsnkralllx
aktuyrlslhsokralllx
aktuyrlslhspkralllx
aktuyrlslhsqkralllx
aktuyrlslhsrkralllx
aktuyrlslhsskralllx
aktuyrlsmhskkralllx
aktuyrlsmhslkralllx
aktuyrlsmhsmkralllx
aktuyrlsmhsnkralllx
aktuyrlsmhsokralllx
aktuyrlsmhspkralllx
aktuyrlsmhsqkralllx
aktuyrlsmhsrkralllx
aktuyrlsmhsskralllx
aktuyrlsnhskkralllx
aktuyrlsnhslkralllx
aktuyrlsnhsmkralllx
aktuyrlsnhsnkralllx
aktuyrlsnhsokralllx
aktuyrlsnhspkralllx
aktuyrlsnhsqkralllx
aktuyrlsnhsrkralllx
aktuyrlsnhsskralllx
aktuyrlsohskkralllx
aktuyrlsohslkralllx
aktuyrlsohsmkralllx
aktuyrlsohsnkralllx
aktuyrlsohsokralllx
aktuyrlsohspkralllx
aktuyrlsohsqkralllx
aktuyrlsohsrkralllx
aktuyrlsohsskralllx
aktuyrlsphskkralllx
aktuyrlsphslkralllx
aktuyrlsphsmkralllx
aktuyrlsphsnkralllx
aktuyrlsphsokralllx
aktuyrlsphspkralllx
aktuyrlsphsqkralllx
aktuyrlsphsrkralllx
aktuyrlsphsskralllx
aktuyrlsqhskkralllx
aktuyrlsqhslkralllx
aktuyrlsqhsmkralllx
aktuyrlsqhsnkralllx
aktuyrlsqhsokralllx
aktuyrlsqhspkralllx
aktuyrlsqhsqkralllx
aktuyrlsqhsrkralllx
aktuyrlsqhsskralllx
aktuyrlsrhskkralllx
aktuyrlsrhslkralllx
aktuyrlsrhsmkralllx
aktuyrlsrhsnkralllx
aktuyrlsrhsokralllx
aktuyrlsrhspkralllx
aktuyrlsrhsqkralllx
aktuyrlsrhsrkralllx
aktuyrlsrhsskralllx
aktuyrlsshskkralllx
aktuyrlsshslkralllx
aktuyrlsshsmkralllx
aktuyrlsshsnkralllx
aktuyrlsshsokralllx
aktuyrlsshspkralllx
aktuyrlsshsqkralllx
aktuyrlsshsrkralllx
aktuyrlsshsskralllx
akuuyrlshhskkralllx
akuuyrlshhslkralllx
akuuyrlshhsmkralllx
akuuyrlshhsnkralllx
akuuyrlshhsokralllx
akuuyrlshhspkralllx
akuuyrlshhsqkralllx
akuuyrlshhsrkralllx
akuuyrlshhsskralllx
akuuyrlsihskkralllx
akuuyrlsihslkralllx
akuuyrlsihsmkralllx
akuuyrlsihsnkralllx
akuuyrlsihsokralllx
akuuyrlsihspkralllx
akuuyrlsihsqkralllx
akuuyrlsihsrkralllx
akuuyrlsihsskralllx
akuuyrlsjhskkralllx
akuuyrlsjhslkralllx
akuuyrlsjhsmkralllx
akuuyrlsjhsnkralllx
akuuyrlsjhsokralllx
akuuyrlsjhspkralllx
akuuyrlsjhsqkralllx
akuuyrlsjhsrkralllx
akuuyrlsjhsskralllx
akuuyrlskhskkralllx
akuuyrlskhslkralllx
akuuyrlskhsmkralllx
akuuyrlskhsnkralllx
akuuyrlskhsokralllx
akuuyrlskhspkralllx
akuuyrlskhsqkralllx
akuuyrlskhsrkralllx
akuuyrlskhsskralllx
akuuyrlslhskkralllx
akuuyrlslhslkralllx
akuuyrlslhsmkralllx
akuuyrlslhsnkralllx
akuuyrlslhsokralllx
akuuyrlslhspkralllx
akuuyrlslhsqkralllx
akuuyrlslhsrkralllx
akuuyrlslhsskralllx
akuuyrlsmhskkralllx
akuuyrlsmhslkralllx
akuuyrlsmhsmkralllx
akuuyrlsmhsnkralllx
akuuyrlsmhsokralllx
akuuyrlsmhspkralllx
akuuyrlsmhsqkralllx
akuuyrlsmhsrkralllx
akuuyrlsmhsskralllx
akuuyrlsnhskkralllx
akuuyrlsnhslkralllx
akuuyrlsnhsmkralllx
akuuyrlsnhsnkralllx
akuuyrlsnhsokralllx
akuuyrlsnhspkralllx
akuuyrlsnhsqkralllx
akuuyrlsnhsrkralllx
akuuyrlsnhsskralllx
akuuyrlsohskkralllx
akuuyrlsohslkralllx
akuuyrlsohsmkralllx
akuuyrlsohsnkralllx
akuuyrlsohsokralllx
akuuyrlsohspkralllx
akuuyrlsohsqkralllx
akuuyrlsohsrkralllx
akuuyrlsohsskralllx
akuuyrlsphskkralllx
akuuyrlsphslkralllx
akuuyrlsphsmkralllx
akuuyrlsphsnkralllx
akuuyrlsphsokralllx
akuuyrlsphspkralllx
akuuyrlsphsqkralllx
akuuyrlsphsrkralllx
akuuyrlsphsskralllx
akuuyrlsqhskkralllx
akuuyrlsqhslkralllx
akuuyrlsqhsmkralllx
akuuyrlsqhsnkralllx
akuuyrlsqhsokralllx
akuuyrlsqhspkralllx
akuuyrlsqhsqkralllx
akuuyrlsqhsrkralllx
akuuyrlsqhsskralllx
akuuyrlsrhskkralllx
akuuyrlsrhslkralllx
akuuyrlsrhsmkralllx
akuuyrlsrhsnkralllx
akuuyrlsrhsokralllx
akuuyrlsrhspkralllx
akuuyrlsrhsqkralllx
akuuyrlsrhsrkralllx
akuuyrlsrhsskralllx
akuuyrlsshskkralllx
akuuyrlsshslkralllx
akuuyrlsshsmkralllx
akuuyrlsshsnkralllx
akuuyrlsshsokralllx
akuuyrlsshspkralllx
akuuyrlsshsqkralllx
akuuyrlsshsrkralllx
akuuyrlsshsskralllx
