abccfaaac
abccfaabc
abccfaacc
abccfbaac
abccfbabc
abccfbacc
abccfcaac
abccfcabc
abccfcacc
abccfdaac
abccfdabc
abccfdacc
abccfeaac
abccfeabc
abccfeacc
abccffaac
abccffabc
abccffacc
abcdfaaac
abcdfaabc
abcdfaacc
abcdfbaac
abcdfbabc
abcdfbacc
abcdfcaac
abcdfcabc
abcdfcacc
abcdfdaac
abcdfdabc
abcdfdacc
abcdfeaac
abcdfeabc
abcdfeacc
abcdffaac
abcdffabc
abcdffacc
abcefaaac
abcefaabc
abcefaacc
abcefbaac
abcefbabc
abcefbacc
abcefcaac
abcefcabc
abcefcacc
abcefdaac
abcefdabc
abcefdacc
abcefeaac
abcefeabc
abcefeacc
abceffaac
abceffabc
abceffacc
abcffaaac
abcffaabc
abcffaacc
abcffbaac
abcffbabc
abcffbacc
abcffcaac
abcffcabc
abcffcacc
abcffdaac
abcffdabc
abcffdacc
abcffeaac
abcffeabc
abcffeacc
abcfffaac
abcfffabc
abcfffacc
