129
136
122
194
144
152
186
212
192
141
73
170
146
32
139
56
196
92
94
131
181
146
78
175
124
72
34
139
176
163
104
96
75
159
122
196
203
34
153
187
61
138
29
187
132
184
188
33
225
155
158
145
204
33
38
68
145
173
113
92
124
179
129
97
142
146
137
87
64
208
110
158
35
28
117
115
120
118
114
211
28
91
110
62
61
154
93
77
130
151
131
144
173
67
125
155
176
101
119
134
129
183
93
124
102
172
117
197
108
139
31
164
71
65
153
46
122
87
29
91
139
187
142
163
90
128
157
124
63
31
69
193
36
213
76
32
145
172
145
184
181
210
62
106
110
161
151
38
68
116
163
130
118
74
97
59
51
170
153
143
154
85
57
175
33
35
144
47
122
111
92
147
74
197
94
195
28
179
138
154
176
217
200
183
147
142
62
102
120
135
99
160
129
74
75
131
225
145
150
129
202
73
29
64
126
129
155
59
207
195
209
104
218
35
60
101
177
130
189
125
84
32
215
67
137
160
187
120
31
145
153
176
139
178
31
125
196
174
163
50
79
166
37
84
225
164
201
120
145
37
185
36
71
152
209
131
136
142
69
26
164
202
99
180
33
190
108
177
182
103
73
177
140
31
47
121
126
200
95
32
29
71
56
231
36
70
137
187
95
59
213
28
124
81
54
207
180
188
127
27
168
178
74
212
158
169
120
166
90
135
226
117
57
88
161
81
84
137
154
93
51
108
96
38
120
32
172
75
178
120
165
163
86
178
124
85
142
100
104
28
165
69
129
193
62
78
67
59
55
163
135
61
104
104
211
68
178
127
145
88
145
37
230
160
92
133
106
34
213
97
35
189
226
66
151
111
166
26
90
145
134
57
102
75
70
149
112
186
85
88
172
146
169
147
37
125
144
153
186
119
30
122
208
154
132
170
28
29
31
117
182
219
105
64
77
67
209
31
186
206
161
61
209
82
38
143
140
155
53
158
155
135
216
37
168
88
66
202
181
218
171
157
199
155
187
71
130
110
218
115
87
192
177
36
87
165
174
187
64
25
98
178
67
106
198
174
112
226
119
57
149
68
35
181
95
31
32
29
57
125
187
84
183
172
200
132
83
127
35
93
96
48
29
181
99
170
61
70
25
142
