153
114
74
146
66
63
95
81
102
73
78
65
58
116
36
124
69
42
124
41
110
146
37
37
153
122
76
96
97
159
79
130
75
115
33
102
32
73
43
77
143
122
101
44
79
98
82
38
151
59
71
99
163
82
141
34
146
149
31
72
62
108
96
81
123
111
73
91
111
71
104
95
119
119
62
109
30
157
82
99
101
122
93
79
42
105
105
41
66
58
94
41
112
70
115
117
108
92
113
100
45
54
31
30
89
143
35
108
102
151
139
125
178
159
59
31
145
37
117
112
53
111
42
95
87
58
132
42
81
117
79
124
77
67
96
129
111
36
118
159
121
87
143
78
118
156
106
95
118
111
146
42
107
35
39
120
35
126
152
99
53
56
111
35
47
149
99
83
128
38
72
104
83
112
112
41
124
114
81
100
35
152
31
96
101
133
111
77
36
109
135
136
90
98
69
32
66
90
126
72
94
108
111
163
151
79
153
43
135
139
104
162
141
163
105
139
41
110
128
169
40
107
66
64
37
110
83
108
141
143
88
36
74
139
40
97
42
124
72
31
40
106
140
92
142
129
139
150
33
70
86
61
116
71
114
80
119
171
143
91
135
154
83
148
102
91
42
115
42
166
150
34
97
126
108
34
131
103
40
94
38
101
40
104
124
39
123
111
84
119
44
78
162
124
121
40
105
139
120
96
