106
165
165
134
161
162
116
76
120
142
135
112
127
119
124
140
109
70
86
117
73
76
165
136
89
171
175
122
81
139
205
150
97
206
156
63
64
127
112
160
144
218
168
96
185
69
128
76
90
163
75
145
189
201
64
158
66
63
194
135
89
214
112
75
159
156
166
126
73
90
148
135
71
143
74
82
195
104
133
148
72
171
119
151
109
131
142
83
70
159
128
79
78
126
145
120
86
167
115
107
114
87
69
129
77
153
156
113
223
136
141
80
194
81
160
145
144
153
134
129
90
72
105
142
151
82
218
135
195
81
160
84
180
91
154
170
128
65
176
94
152
94
114
159
196
219
74
146
145
191
159
73
120
139
147
84
156
114
138
74
127
195
205
152
150
211
194
166
122
61
194
70
120
71
135
68
67
119
175
154
154
143
119
152
132
80
124
143
204
120
205
185
87
167
82
203
156
80
70
147
82
137
190
218
113
94
180
79
80
83
68
70
165
204
75
125
146
166
85
196
136
108
120
150
67
68
200
150
75
73
90
76
151
78
154
118
75
167
150
78
74
81
67
83
197
185
147
180
69
198
120
167
94
191
149
110
211
126
99
145
142
80
136
198
84
81
106
187
101
175
201
79
123
130
82
173
68
86
151
144
133
210
149
140
81
145
181
150
138
125
129
138
200
86
173
87
73
105
138
182
140
135
97
74
174
155
144
82
70
158
96
196
163
119
88
178
79
71
181
206
67
111
190
170
126
136
79
170
177
87
148
147
79
136
161
165
88
140
86
167
166
138
84
76
202
118
124
113
167
81
166
79
83
124
216
71
169
132
127
140
74
88
151
155
110
74
194
204
88
119
181
181
211
72
160
144
153
123
110
94
70
166
86
140
161
183
69
145
105
82
168
158
182
77
167
103
78
62
130
143
