82
81
92
36
91
68
73
80
23
71
61
66
46
45
68
101
31
124
74
101
97
62
103
109
107
61
30
65
30
99
31
51
89
24
79
63
51
63
27
107
30
119
44
109
122
113
123
25
57
105
80
80
99
26
112
49
28
102
92
81
34
145
85
62
97
85
107
54
37
67
71
100
107
82
26
70
59
54
25
138
99
86
49
59
105
83
63
31
46
34
31
64
91
104
57
85
40
25
74
26
99
81
109
66
89
103
114
86
65
85
87
90
68
62
91
87
89
56
94
49
73
99
77
86
87
50
36
59
50
31
31
54
66
27
37
94
90
112
60
50
36
119
42
60
116
49
93
48
27
102
55
69
70
79
100
112
65
59
94
80
90
66
105
114
34
122
61
50
56
36
54
38
49
28
80
90
114
78
43
92
65
93
99
56
49
106
82
99
57
47
115
142
80
59
65
119
120
106
87
146
