705 20
330 16
596 19
574 19
1 3
612 19
189 14
353 16
384 17
454 7
132906 30
307350 36
10137 16
14518884 15
13183406 15
7 3
38339 6
975858 10
2956431 12
37341 6
48267949 19
7057771 15
263 3
961329 10
21042171 17
92670545 21
535176 9
92021599 21
526 40
138 20
302 28
160 19
611 41
643 42
244 25
48 14
112 18
24 9
0 0
0 0
5 4
36 9
3 3
109 15
146 15
137 15
56 12
2 3
844 2
247124790870 16
3125630288 10
795725472005 17
1073319528 10
5612777 6
399188 4
27797472977 17
8851242 8
2692223 7
3374484 7
78409193887 19
153381503 10
55446 4
45132 4
52735515702 18
9441587301 16
53168 4
150 6
1370 12
126 6
12722 20
1208 11
4 2
1 2
58 6
966 10
10576 18
4097 15
4938 17
11785 21
8228 19
4938 17
180 7
1665 13
4193 16
410 9
12461 21
40342732 18
4541031 13
4084 5
2 1
10141485 16
2741856 12
2078 4
45710212 20
20637667 8
1034 2
43306319852 18
84574065714 19
791425 5
11577180944 15
51 2
7953765 7
17625942608 16
1606660 6
4544460739 14
1 2
4417463913 14
1170 2
21752271364 16
5700965 16
14 2
7298000 16
785 4
16639095 18
6680581 16
272223 11
176641 10
4471618 15
7700 6
8923111 17
8225 6
18848 7
4290359 15
0 0
131 3
457066 11
8225 6
6360974 16
47481 8
62 2
720620 11
19279842 16
5036 5
272014 9
100 3
1709306 15
423798 13
373 24
832 29
546 23
239 20
91 14
257 18
27 11
237 17
101 14
729 28
95 7
5413 18
100 7
246 9
64 7
180 8
1396 13
3075 15
105 9
242 12
1681 18
299049624 15
52 3
2588 3
377024 6
11 2
63916206 12
22207449 10
787 3
517173424 16
116783881 13
1197360405 18
4262117 8
38 2
916301 7
7235772 9
442696303 15
269569570 15
45213 6
0 0
65095157 15
71405866 16
92581125 16
1386495 10
77247047 16
3861251 11
15616 6
91401383 16
53955243 15
1310306918 21
9350 5
1940341504 15
2467092140 15
321338 6
2915789 7
11174864750 17
11 10
34 13
7 10
57 15
8 8
2 8
21 11
0 0
0 0
0 0
0 0
0 0
0 0
0 0
1420 19
26 6
200 11
2991 23
7 4
973 17
2274 22
10190 32
747 16
334 13
1890 20
8969 31
1410 19
211 11
6973 29
67 8
483 14
287631 10
4268 5
5381 6
81355 8
6515237 14
2536280 13
75908801 19
0 0
695 5
149 4
2 2
70 3
1358316 12
55 3
2595 5
69498 8
8441459 15
12082825 15
19 4
13229977 17
219896 10
167871 10
33069 7
30244140 20
13363676 18
285421 10
9120351 16
36 2
1052 4
4040791 15
3931828 14
84 2
123836 10
10923901 19
22108 5
524044 7
55061409 12
1139622 8
17196 5
1 24
0 0
1 12
0 0
1 30
1 24
0 0
0 0
1 19
0 0
0 0
1 20
1 16
0 0
0 0
0 0
0 0
0 0
0 0
0 0
64512356 9
6337801 6
1102093112 12
34380357417 18
23806969831 17
4809209 7
1 2
1969817852 13
129300731 10
21611735105 17
21611735105 17
16881 4
3429844 13
1314101 11
6587 5
11359568 15
1512183 11
12780267 15
836418 11
11 2
970396 10
36673452 18
6963 6
18016670 16
41034 7
55 2
655528 10
134 2
135980 9
1092 5
6 2
83433 8
176733 9
123074 10
555453 12
9307 7
124 4
2 1
1162309 13
5416372 17
0 0
855355863 13
6922797097 16
689649 6
1173292536 13
1301019031 13
35501629777 19
172 7
331 8
510 9
6235 17
64259 31
112 5
4819 16
54775 29
571 9
11 4
309 7
5 4
20213 22
2732 14
39136 27
6639 16
15943 21
70 5
200 10
558 13
10 4
0 0
172 10
197 10
1555 17
15 5
4 3
549 13
1672 18
230 10
1145 16
1 10
71 7
3 4
1 6
3679 4
17508 6
209 3
41015443 18
4922 4
290 3
206702370 22
218694985 22
2796040 12
328242 9
30764 6
674742 14
2869762 18
2179697 18
295085 11
610104 14
11684 6
660064 13
240105 11
153421 10
38505 9
28 2
1476 4
2233825 18
1684603 16
36422 8
0 0
77 28
0 0
0 0
1 3
0 0
47 23
0 0
8 11
8 9
0 0
3 6
2953468742 14
89666130456 19
1556431 6
24209739400 17
338850011 11
1182439656 13
16588 3
53196366573 19
171262594 10
96096433 10
487 2
65965733059 19
56962305010 19
18046659163 17
4582741156 15
1088861804 13
112751390384 21
46334730546 19
456250 9
79450 7
212095 8
39106659 16
526 3
62 2
294061 8
18807535 14
255782535 20
138 4
29795 9
355711 13
39100924 11
827906 7
2691697 8
20 3
1930674550 17
5438887176 20
6071602046 20
3 2
76308221 15
160805230 17
199095892 17
4268745 10
106370 5
322995 7
72604 5
22736 5
16 2
4428 4
1635604629 20
3232 4
302 3
1057979 9
10765 5
671378300 19
406783102 18
335 3
25 2
33340425 13
2652706 10
3 2
32332140 13
1083 3
4 3
307615 7
3999880 11
401759 8
1614225 10
8213 4
21433988 15
5842 4
6597524 12
40544485 16
2249787 10
21997063 15
92700941 19
1875 3
94 3
4 3
154093 14
3 3
478039 17
7 3
179 5
2380 7
2562 7
691 6
795 5
23 2
705311 19
6292 8
140494 14
2013 7
69 4
70470 12
218032 15
380 12
746 13
1792 17
604 14
0 0
25 6
1 3
2456 19
0 0
142 4
129928 15
244220 16
39675 12
59951 13
1338 7
13 2
22 2
38076 11
330 8
22494 17
28877 17
53 5
5 3
0 0
5746 13
1569 11
170 6
282 7
48004 19
27 5
98476059 11
2154298 7
145448716 11
0 0
0 0
28 32
7171313043 18
1123044067 14
10516014787 18
18091296135 20
895594 6
1824120 7
486707 6
28748940174 21
33658 5
20443795 9
43014 4
63426765 18
98493552 19
5260503 14
32136 7
3446880 13
1846509 12
100531353 19
124010523 20
40450 7
2811687 13
10707030 15
6543580 14
351 4
1903948 12
6198896 14
35514 7
213891 9
23296 7
0 0
0 0
25 26
567 11
173 7
2010 18
513 12
33 5
1837 17
5 8
2390 19
965 15
20 4
734 14
3190 22
1837 17
11 2
1 3
23472480 18
2996141 14
715786 11
9 3
8720930 16
9614 5
2133086 14
39613 7
1546323 11
26421689 18
1231 5
1528504 12
1564587 12
172351 10
7646 15
12629 17
0 0
1 23
0 0
0 0
0 0
0 0
0 0
0 0
0 0
0 0
1 452
1 203
1 247
243666139 17
763 4
5285866 12
1 2
7603912 12
2275943 10
0 0
1019439 10
198334 8
4587667 18
119916 10
978 4
69530 9
0 0
1423968 15
317 3
40251 8
3642096 18
433552 12
3501568 18
59550 11
327977 15
1641755 21
223053 13
61 3
6870 8
89 4
1152128 19
275344 14
216272 14
1491611 19
55830 11
3772342 24
697615 18
61842 11
252873 15
0 0
4775 8
180406 14
644 6
18811 10
152988 14
121 3
16772 9
2418 6
2289 6
106392 13
16429 12
104895 18
71771 16
1 1
112795 17
40493 15
71771 16
5 2
35365080 20
16633 6
71 15
6 8
5 6
95 16
2 4
108 18
139 19
71 15
1 2
107 17
9760534 12
65612460 14
1078558564 19
238545814 16
9 2
3402 4
1 2
1944413193 21
0 0
56378595 14
2 3
17313 5
2178 7
218 5
1197645 18
35134 11
4 4
50172 11
792625 17
7214 8
976955 18
202358 14
291248 15
17275 10
5983 8
106793 13
67361 12
3613 7
1009672 18
83621 15
7073 9
258 5
6661 9
25 3
320 5
28 3
16 3
260721 18
6 3
142834 17
85603 15
67519 14
192486 17
66980 14
26338 12
9 4
10645 10
3076 8
224413 18
246684 19
3917 9
188880 18
51 3
25651 13
14273 11
69668 15
346623 21
138931 17
10410 11
322 2
690 2
0 0
2018123768 14
4149777 8
32033649055 19
13002092 19
107 4
2536202 16
19304 8
930 5
5574 7
1898604 15
3 2
763374 13
15059744 20
16585418 20
18755006 20
0 0
0 0
31 18
5 5
0 0
0 0
0 0
0 0
134120 14
714 5
615161 19
180532 15
150607 14
3348 5
126293432 15
185249 7
446082 8
112933 6
9 2
0 0
0 0
1 16
1 5
0 0
0 0
0 0
0 0
0 0
0 0
0 0
0 0
0 0
0 0
0 0
0 0
0 0
0 0
0 0
9679 16
14005 17
5 4
322 7
0 0
1 2
0 0
28 17
0 0
20 14
0 0
0 0
37 20
0 0
0 0
1870232852 10
394467 4
1911854316 9
2086952247 9
5044573219 11
10756198 6
1497276439 9
61879266305 13
113447483631 14
576156722149 17
3430 3
414219110108 16
2911888245329 19
23143418 6
17832543 6
73985205132 14
345071205283 16
0 0
0 0
0 0
0 0
0 0
0 0
0 0
0 0
0 0
0 0
20259863 14
17725497 14
29276049 15
5288 5
55216443 16
13957605 14
158079656 18
0 0
222578 8
1112835 10
276828 8
0 0
14785701 14
2255823 11
2216 4
885813 9
207689480 17
43 2
1 2
328234600 17
224521360 17
383891063 18
143524627 16
194293 7
29846 5
3277 4
567541743 18
6 3
23174446 12
61792 6
1260375635 19
5 2
7 1
8794 5
429161649 17
83317418 14
25 2
55557742 14
12271658 12
26915876156 17
443 19
219 16
101 14
35 11
14 8
620 23
18 9
453 20
742 10
10715 18
7409 16
121 7
13138 18
2409 13
2207 11
2695 13
1553 11
657 10
6147 16
1399 11
413 8
5328 15
60058 7
34104 7
10103021 13
6258226 13
9 2
54174693 16
567314 9
179093810 18
12130597 13
5843 5
6940299 13
5 1
91306981 17
1381375 10
593 4
1 1
993410 10
14128830 14
1849330785 17
144510 6
25780422 11
1042056 8
1112527600 16
6195919 9
498314174 15
7814123 9
552762282 15
2004338093 17
184260007 13
2 1
456 3
285893 19
17558 11
303822 19
246849 18
393532 20
399283 20
925462 23
618977 21
35358 13
6990 9
65057793 17
15547555 14
104983 7
11935055 14
3148301 12
120450 7
64108 7
13403021 14
1623648 11
33942214 16
11124657 14
107668274 11
66163522 11
1164223893 15
10992 4
279773 6
5463 4
13789023485 19
154991 12
2309616 20
315044 14
239577 13
162897 13
1790195 19
1553678 18
1374 5
45 3
3117458 18
1 4
208089 12
576 4
939672 16
5511832 20
948375 15
386 4
50508 9
10181 7
37292 9
1187 5
279085 12
27118 9
1647466 17
2769996 18
341 6
147 5
10459546 9
52075420 11
26 2
18582382 10
3804481 8
0 0
0 0
0 0
1 12
0 0
0 0
0 0
0 0
0 0
0 0
0 0
32316 9
689 5
113652 11
18 3
6216 5
2204 4
33422545 18
21191 6
153628 8
11133433 16
20282903 17
9080241 15
24181101 17
1271595 11
12016317 16
4324778 14
26821708 18
40695 7
20694 6
65370 7
32594256 18
2073373 12
7 10
49 23
9 8
44 21
49 20
50 22
0 0
60 25
50 22
1991658 19
462155 15
683 6
508 5
1221185 17
2451693 19
26256 9
48663 10
2371210 19
601701 15
3891 7
688143 16
377839 18
3453 7
258323 17
116983 14
599824 20
34457 12
24130 11
6020 7
2868 8
574434 21
3349 7
7970577 14
429762 10
683 4
95432152 19
15197 6
32329 7
1 1
517 4
731 4
148013 8
179427105 21
5816950 14
3 1
792 4
8247843 12
1 3
5551182 11
222133624 17
30929555 14
151 2
10289 5
145066975 16
17422197 13
242155 7
4 1
427 3
180 2
172673384 17
10972537 12
29790157 14
84 21
114 25
95 22
76 19
35 15
161 30
1 9
2 5
42 15
144 26
18 8
3 3
136 23
595 43
231 20
703 40
36 16
0 0
91 18
231 27
378 27
465 31
10 15
12 8
56 18
31 15
0 0
13 12
34 14
0 0
31 16
7 7
25 12
21 66
7 18
19 58
23 68
8 22
22 66
91808970 11
12129 3
4391202 8
579092557 14
3504293 7
274529 5
2472896 7
22167377 9
34995732 8
4401608534 14
21551386646 16
186148418 10
15 5
39447737127 18
11623 4
3390275419 14
17574 3
21051194563 16
345650622 11
1339295555 12
431175401 11
9879528 7
10281571122 15
2313503504 13
226027 5
23388290044 17
20082274708 16
0 0
18582 7
1360864 12
6 3
1134682 12
28851 7
4986 6
124396 9
1 1
603209 11
310636 10
21077693 17
62380034 19
0 0
1001236 19
19883 9
12 3
4097 5
2611 12
12133 17
6 3
6535 15
1 2
281 8
4330 14
23 4
10301 17
1407 10
9350 16
937 9
23 5
2018 17
1985 15
721 13
3984 20
1368 15
403 11
1082 13
792 14
2581 18
57 7
308 10
264 9
141 8
62 7
21 3
163480 14
159 3
72305 12
6641 8
2676 7
369439 16
159645 14
2 1
12647 9
393141 17
115 8
97 8
505 14
510 15
0 0
946 19
1671 24
179 12
1726 23
1239 21
20 5
429 15
428 14
1458 23
505 17
101 10
234 12
1622 23
283 12
50895096 23
2421286 13
3755806 14
272 3
212413 8
2169 4
96993464 25
0 0
0 0
0 0
0 0
0 0
0 0
1 6
0 0
0 0
0 0
0 0
0 0
0 0
0 0
0 0
0 0
1 16
0 0
3 4
167712 5
153402 5
2650759 8
40464357 10
174087648 12
10071103811 19
1171977854 15
174087648 12
6463131 8
13610535 9
3453 3
127542910 12
8300 4
22720535 10
22 3
31 4
2151 10
647 8
33670 21
22059 19
2386 11
131 4
20 2
32497 14
76667 18
0 0
1305 8
6102 10
508586 26
813 6
474827 26
210794 22
68809 17
280 5
219 9
1732 15
779 12
3155 18
6843 22
424 10
17 4
707414 3
43100 2
665003246 7
78142871376 12
4967930 4
672180 3
6710 2
180255115 6
188683 8
15 2
147372 7
1683 4
0 0
573919102 18
839531 9
491865 9
4 2
72 6
3305 11
2119 11
17143 16
746 9
1 4
1797127 7
1077087889 19
282385256 16
324303783 16
77 2
38759316 13
24021 5
1357167037 19
14047351 12
230 3
54667053 14
0 0
135 2
38 2
857842 9
265278393 16
245789219 16
1342957307 19
7148101168 19
861729332 15
12356483641 20
6869127 16
13706 7
66 18
66 18
118 21
175 26
1604541 9
39065804 13
34808085 13
7916 4
642 3
6098331 10
13616 5
764338963 19
175127217 16
141 34
14 13
1 3
100 29
36 18
30 18
9 9
136 35
94 27
3 6
11 9
60 25
13 13
16 12
8 9
73 24
6 9
127 34
121 34
57 24
42495 5
79357 6
18259459 13
823870695 20
734086348 20
21676 5
15162 5
29697368 14
810118 8
1818957 9
51988093 15
169482092 17
1242668 9
816809060 21
760574 8
471053 8
88683 6
1818957 9
3146540 13
31061479 18
28189024 18
3772408 14
58297 8
4565454 14
17621 6
325 3
3640 5
9623119 16
9028839129 9
1122126861689 15
859783 4
15744635076118 19
9317564504928 18
13976225192 10
862451014 7
6353062575 9
14312800897 10
10915995 4
7603760 4
23514369986527 20
3903999125943 17
133942 21
2343 7
6437 9
145597 21
9097 10
149 4
28342 14
205527 21
50244 16
178550 21
11209 10
1361 7
142786 21
4725 8
9 3
34624 15
236490 23
99326 18
280 5
2861 7
1088171 14
0 0
644953 13
342 4
702893 13
6713119 18
10750 7
3085089 16
894656 14
665355 13
17836 8
777258 15
1202196 16
8742 7
505720 14
52 2
58488 10
32 2
571950 14
27876 8
57084 10
426414 13
1221145 16
1921873 17
104525 16
9455 10
64885 13
21900 12
12269 10
1248 7
216 6
179612 16
160684 16
4176 9
487388 19
390233 19
945 8
2362 9
34540 13
407055 18
17553699 13
411315 9
337785 9
61930243 16
61930243 16
10341764 13
2354295 11
204077576 17
0 0
1 105
0 0
0 0
0 0
0 0
0 0
0 0
0 0
1069 8
74001 18
746 8
66006 18
458 7
1050 8
1565 9
2 1
651285 20
21392 11
26771 11
1445534 23
0 0
83133 14
670206 20
73537 13
248873 17
1 4
423344 18
0 0
0 0
0 0
0 0
1522564595 17
604846122 15
174970836 13
79429014 13
745179218 16
903314507 16
3921 4
1065775055 16
260888919 14
520612332 15
46672426 11
383021354 15
763477661 16
3945121 9
2171983627 18
4839892 9
1903570 8
249133969 18
94451 7
854200 9
408666217 19
6423 12
805 9
4 2
1 2
556 4
3 19
0 0
0 0
1635 15
421 10
0 0
2 3
113 9
189 9
0 0
327 10
2394 16
16 6
454 12
309 12
10 7
255 11
1324 17
317 11
1503 17
19 6
11 5
134 9
604 14
265 9
3546 20
988 15
48 6
40 6
108019 4
269945288 9
2354584414 11
347116223 9
21100244 7
1501266035 10
1978435016 10
729181 17
12442 8
154911 13
1914149 20
276 4
41799 10
893327 17
506216 16
369852 15
807786 16
3905 7
161 3
5857 4
167162 6
64616224 14
4 3
14316755 11
3692127 10
1632559 9
850096655 18
728002128 18
1 2
40253496 13
73833 6
35948 6
40296 5
9 1
421689735 17
179906 7
16779488 12
7339678 11
7 3
2 2
424686 7
19229549 12
990299948 19
250780192 16
23 4
56 4
83867 12
1607 6
658178 16
196 4
87363 12
3599 7
633934 16
9919 8
1327974 18
2016279 19
2590494 20
7 41
0 0
0 0
0 0
0 0
0 0
0 0
0 0
9 52
0 0
0 0
0 0
6 8
178 20
143 20
0 0
3 6
91 17
0 0
144 17
23 8
11 10
44 11
41 12
0 0
1 4
0 0
23 10
11 8
110 15
75 14
2841974 15
7759 7
1196 5
3525696 16
168 4
996226 14
10782434 20
144 4
10743 7
5086500 17
116945 12
2712744 19
71 3
3101643 20
7087 12
2520 10
2 2
22 4
8008 12
151 6
30456 16
2211 10
39357 18
6 3
5652 12
2348 9
980431 18
1 38
1 21
6 32
7 60
2 20
8 48
7 60
8 20
6 3
2822 4
27273592 13
16993204 12
434788 8
1806 3
8292 4
538221 8
45531300 14
154842038 16
110292098 15
94255047 15
18172456 12
1012095 9
21589596 13
14386 5
0 0
0 0
128 10
243 12
890 17
1347 19
890 17
921 17
2 3
1141 18
556 14
72 10
4 5
57 8
1 29
2 43
1 5
4 13
5 26
1 15
0 0
0 0
0 0
1 2
0 0
0 0
2 15
0 0
0 0
20095931 15
238 3
206416 7
2808148 11
27113 5
63 2
25856 6
13082733 14
24820901 15
136934097 19
4489714 12
558 3
7 2
3965712 12
25317795 15
64892 6
1275 3
29407 11
19117 10
1702 6
157889 16
31271 11
106074 15
82485 14
440858 20
9750 9
15804 10
470 5
40193 13
63574 14
2557 8
161687397 16
1020634 8
124623593 15
1843191847 21
140246695 15
454751 8
14914851 11
287 3
42903 5
518437355 18
2031374601 21
52784030 13
586312648 18
5220 4
2236434717 21
14563 5
640175 8
15688 5
30 10
56 12
194 20
68 14
0 0
3369904987 16
650633 6
76 2
157254196 11
154584182 11
40103797 10
505046860 13
3640109270 16
9133 3
34974967 9
17902023 9
14493276255 18
320445212 12
132340303 11
76129976 11
2084200 7
57 2
973005566 14
96838 5
162 2
2510810237 21
569 3
3425684 9
81870933 14
858 3
922135758 19
8245399 11
1002117 8
33 1
1301935 8
913537426 19
35239822 12
1677198 8
22750 4
1657628525 20
48576 5
11 7
311 20
5299 11
1196 8
146737 20
158038 21
99688 19
7035 11
1 2
4535 14
326 8
31 4
6276 15
157 7
1543 11
17258 19
1 16
1 26
1 1
0 0
1 27
1 26
1 41
0 0
1 16
1 23
0 0
13 2
598012563 14
451249550 14
0 0
220359 6
2657028859 16
13513 4
151081400 12
4958000088 18
133066771 12
1105 3
3257895609 17
99444783 12
374421711 13
363697930 13
270797088 13
3415 3
8624 4
114108 17
66789 15
6445 10
78357 16
117225 16
86598 16
48576 13
547 5
42 3
480 5
120409 17
6 5
81823 15
3297 9
232282 18
62945 14
124 5
2 2
62945 15
216102 18
2351 14
45 5
3050 14
4972 15
9271 17
180 6
980 10
4086 14
1494 12
178 6
88 6
10 4
6129 16
170 7
0 0
181 24
0 0
2 3
4 3
0 0
0 0
0 0
0 0
0 0
70 16
0 0
0 0
0 0
0 0
0 0
18 7
0 0
0 0
17111117 12
2923065 9
77336635 15
223107 7
721856 8
42 2
198634275 17
79118 6
399333414 18
9940 4
7455 8
41309 16
5393 9
3696 9
192262 20
63944 17
14587 11
1602 8
629 6
317682 24
11574 11
110 3
3846 9
20338 11
14 3
3 2
5 6
23780 20
1 27
0 0
1 9
1 32
0 0
1 10
2 23
2 37
1 21
2 22
0 0
8 6
9528328 19
6636502 18
12544073 19
12 3
205 4
6113 5
13961 6
85 2
1200 4
12029 6
581 4
0 0
0 0
0 0
0 0
0 0
0 0
0 0
0 0
0 0
2254 6
72894 13
2997 6
3423 7
812 8
2822 10
15375 16
492 7
26958 17
73 5
2914 10
19531 16
1013 8
3031 11
14807 15
70 5
9869 14
345 7
4449 12
8354 14
4034 12
14197 15
15505 15
106 6
464612122036 23
44173 4
165569 5
43 2
122443845740 20
112 2
0 0
0 0
1 101
0 0
0 0
0 0
0 0
0 0
0 0
0 0
0 0
0 0
0 0
332 46
115 26
763 69
3 4
1060 82
324 46
1033 80
271 41
26 14
395 50
38 16
103 26
1 3
487 55
328 45
3728142019 18
4121496536 17
202477647 12
64717809 11
3645478566 17
14925819386 21
16265593208 20
673138 6
9494452571 20
12251981 9
14362907136 20
304994704 13
17544152827 21
16265593208 20
30969 4
2517705 6
965290098 15
526566762 14
2556562746 16
6754819 8
1495 37
59 13
324 22
694 29
1071 33
194 18
18 8
1083 34
4 5
335 22
682 28
1541 38
1 1
335 22
728 29
439 24
1 2
1699233736 21
1342043376 21
