335 1004
34 105
32 97
526 1580
244 732
486 1459
482 1447
494 1483
82 247
18 55
112 335
458 1371
78 233
536 1607
563 1690
223 669
402 1203
274 819
558 1673
368 1101
480 1437
483 1447
216 646
253 762
69 208
301 903
443 1331
27 79
214 641
558 1672
424 1271
553 1660
97 292
324 971
352 1055
138 416
194 583
192 577
569 1707
204 615
408 1226
219 658
176 528
576 1728
218 654
403 1208
601 1802
649 1950
593 1777
551 1652
88 263
96 289
217 652
363 1090
391 1172
294 883
23 68
279 835
34 103
580 1740
188 562
399 1197
442 1323
309 929
488 1464
448 1343
537 1610
67 202
331 994
325 977
340 1021
422 1264
575 1726
