9 10
59 12
18 4
97780291 14
253510 6
1139787 8
9285 4
393587224 16
155077221 14
3287 3
17187715 17
64997 7
27990392 18
3 18
3 29
9 48
9 48
10 55
9 52
4 25
4 20
6 27
3 19
0 0
1 12
0 0
1 33
1 17
1 33
1 32
1 33
1 23
10968 17
3376 11
5 6
8405 15
9069 16
4300 12
6279 14
151 5
55 9
238695 13
2325 6
10846 8
25 4
164597 13
230633 13
84535 12
36 20
0 0
0 0
1 4
35 24
30 20
2 9
10 12
27 5
4211 16
4281 18
598 12
1079 14
3505 17
12907792 10
1840901 9
3233 4
51484379 13
119872 6
466859321 16
288308 7
34485314 12
1 1
49597 13
426 6
285051 16
177 5
15382 10
71860 13
134144 14
0 0
699 7
16 4
276 6
38139 17
70 4
57 4
22074 15
368508 8
267436429 17
814757 9
26117271 13
124 2
92969096 15
35036161 14
133213153 16
1197269 9
7957 5
857 5
35 2
148882 12
694690 15
981 9
37530 18
19303 16
5092049 14
108338 9
53421 8
14507346 16
2188612 13
628 4
835531 11
26763828 13
60411 6
11 2
1574 4
4383567 10
235172 7
6570661 11
84916 6
1 9
773505 9
25 5
335 7
16109 17
597469527 16
1043332463 17
81844160 12
107919 5
12697617 10
150 2
62600 5
263 3
5 3
7 3
2 2
0 0
0 0
1 73
0 0
0 0
0 0
261 4
2660940 12
24604 7
5 1
10642875 14
69103 8
2630 5
19715370 16
3421243 15
925440 13
3287 5
17687 7
464925 6
3133871213 16
3420572718 15
2314 3
991245590 14
14 2
1556240437 15
5978392134 17
136 3
1 2
0 0
0 0
0 0
0 0
0 0
0 0
0 0
3 15
0 0
0 0
0 0
0 0
0 0
0 0
0 0
0 0
149 9
1010 14
116 9
12 5
10 6
1713 16
374 10
589 12
1288 15
3 1
206220 11
6005812 19
5390439 18
6902135 17
397656 11
5278458 16
78048 8
17690 6
7553278 17
71 3
0 0
152646 12
5 3
344281 13
836300 15
1385990 16
19962 8
0 0
0 0
0 0
0 0
0 0
0 0
64876 13
827 5
49834 12
68335 13
62305 13
71 9
313 14
173 3
279657381 15
44 3
6846 4
566125 8
304736794 15
182449326 14
6 2
9797880 10
276231710 15
0 0
0 0
0 0
0 0
0 0
0 0
0 0
0 0
1718282 16
4246217 18
985 8
14308511 13
1933859 9
2680 4
45446694 14
14350 5
5599 4
2294281 10
3 2
23580 19
1689 10
1169432451 16
2235084848 17
471239761 14
188242175 13
336357400 14
4198397190 19
2887164635 18
6900586 7
2101322 7
6429454 8
105 31
161 38
1 12
1 22
0 0
0 0
0 0
0 0
5 24
0 0
7 37
3 15
4 21
7 39
8 42
1231 16
31965 13
28 4
3126 9
488 6
7 2
64059 15
1468 7
57354 14
8699144 13
3963840 11
56335363 17
1085498 9
5257 4
7864 5
5745 4
3 2
2049764 10
639995 9
340336 8
56235559 14
31563738 13
26712343 13
0 0
5 8
40 15
62 18
1 3
10 9
20 11
73 19
39209185 15
143601 6
142507489 17
22546 7
325160 10
9499281 15
52513 8
114350 9
431762 10
80 3
27196 7
10599 5
42 16
10 8
0 0
19 16
2 7
0 0
57666 9
1800486 15
946271 13
20964883 12
249730544 16
20 5
135 8
1784 15
0 0
0 0
26 25
4 2
38 2
52 2
5825183 13
27559 6
164685 8
622532 10
20118 6
5894967 13
183291 8
20288722974 13
1338223 4
643545930889 17
21925348588 12
502499164 8
25694620 16
441798 9
107916 8
13472250 15
2428717237 12
29 2
124 14
107 13
4 4
2 7
1 5
13 3
324 4
2178 5
36 7
996 17
0 0
31 6
20 6
5 4
3 3
159 10
196 10
33 7
39 18
4 9
308 1
3951988148 13
8308824 7
16132145936 16
318174 4
14984337001 15
21677444 7
1722701910 18
131355 6
879007510 16
3165030 9
905032 8
16061 8
1730 5
10057 8
410803 13
1065617 15
2 8
9 10
14 14
16 13
2 4
3 6
19 17
2 6
18 16
22 9
13 10
52 13
25 11
27 11
67 15
20 9
46334 3
55691832 8
12256 3
1706 2
37320503 8
322 3
11798051 15
7 5
5 3
1074 16
1069 17
25 6
277 12
9 5
46371 19
3277 11
97214 23
4456 12
89300 11
540 5
1558942 16
5822 7
193002 12
4232500 19
91861 11
97661701 14
529780255 17
77087 6
2108104 9
343624 7
99064 6
24136980 12
47788945 13
47058962 13
15851 5
11153 17
4775 14
4293 14
7295 6
25 3
11 2
106247 11
324051 13
4273382 21
5569983 21
1823937 17
4244499 21
67388 10
7062 10
6834 9
317 5
137735 18
0 0
0 0
0 0
1 47
0 0
0 0
0 0
0 0
0 0
239225 14
1 29
0 0
7366546 17
72 3
63296 8
20397 7
43454 8
333891 11
9133409 17
0 0
337738 10
38650 8
7549 7
7755216 17
523132 12
29932 8
26755 8
1710 5
9310 10
26779 14
80261 16
11 25
4 46
16 57
1 41
13 35
15 40
16 28
7 27
0 0
0 0
0 0
0 0
0 0
0 0
0 0
0 0
0 0
0 0
2 29
1422089 12
9 13
13 14
2 5
16 17
8 14
19 20
33 3
661372081 14
267 31
242 31
64 15
96 19
259 28
137 24
111 19
54 18
241079 5
16782306645 17
9618980067 17
2543 3
3344206 7
3 4
0 0
289 16
7 5
