4114325 13
526317 10
37543 8
2524 5
6107570 13
4156881 12
2888 5
9573601 14
3988875 12
2822365 12
0 0
3 15
2 4
6 15
5 15
3 8
0 0
4 17
2 8
0 0
3 18
3 17
2 10
7 14
0 0
5 12
2 11
1 8
8 15
2 14
0 0
5 19
4 9
2 15
1 7
2 16
0 0
0 0
4 18
3 5
0 0
7 16
0 0
0 0
0 0
0 0
0 0
0 0
0 0
0 0
0 0
0 0
0 0
0 0
0 0
0 0
0 0
0 0
0 0
0 0
0 0
0 0
0 0
0 0
0 0
0 0
0 0
0 0
0 0
0 0
0 0
0 0
0 0
0 0
0 0
0 0
8 7
0 0
22 70
32 100
8 24
29 91
30 93
18 59
33 98
28 81
15 42
37 109
5 16
32 96
42 123
12 37
40 124
28 84
10 32
14 42
43 133
39 120
17 52
32 96
27 82
13 38
30 88
25 74
34 105
38 113
10 33
12 4
3 6
0 0
0 0
2 3
47 7
3 2
9 5
793 13
0 0
203 10
67 8
589 12
4 9
0 0
4 11
0 0
0 0
0 0
13 14
7 13
0 0
11 12
0 0
10 15
0 0
0 0
14 17
0 0
5 8
0 0
22 19
0 0
0 0
24 20
19 17
0 0
0 0
17 17
7 10
0 0
10 15
9 13
6 10
0 0
0 0
13 15
19 18
0 0
0 0
862 5
447127 13
552 5
235 5
38341 9
1967 6
155973 12
5 2
5610 7
1 4
2173 6
513 5
10444 8
3 4
317886 13
12 2
1 4
12 8
1 2
41 11
56 11
64 12
594337 12
15 1
12972 8
346347 12
33973 9
5121 6
41333 9
2766 7
249183 11
28 4
971 5
900600 14
147368 11
44 4
34589 9
25863 8
34 2
9397 6
9934 6
171032 11
11661 7
3969 6
1499669 15
9148 7
5258 6
39 3
160618 10
11675 8
26460 8
99487 11
743 3
97478 11
0 0
15 10
26 12
0 0
0 0
0 0
0 0
0 0
1 10
1 8
0 0
0 0
0 0
0 0
0 0
0 0
0 0
0 0
1 11
0 0
0 0
0 0
0 0
1 13
0 0
0 0
0 0
0 0
0 0
1 12
1 14
0 0
0 0
0 0
3 1
0 0
31 3
664994 12
13518 7
510528 12
797 5
145977 10
1620 5
1225 5
7 6
3 7
0 0
2354 9
2497 8
61 4
3711 10
758 8
4779 10
20 3
0 0
20048 13
24 5
8643 11
18329 14
3397 10
28750 14
233 6
416 7
263 6
3846 11
27335 14
6145 10
42042 14
13522 11
42308 14
153872 18
262 6
9 3
30 4
54136 15
54136 15
6588 10
109016 17
1425 8
10827 11
196174 19
220228 19
8300 10
172511 17
1315 7
37140 14
21379 12
711 7
129066 17
9111 11
4586 10
73 4
57962 15
1157 7
1402 7
2 25
2 34
4 27
3 42
2 23
1 3
2 11
3 19
3 47
4 51
1 17
1221 13
1142 12
3 4
42 5
393 9
1638 14
12 10
37 6
957 12
927 12
60 7
800 11
168 7
944 11
61 5
522 10
582 10
1240 13
1390 12
200 7
6 14
12 11
11 11
11 10
15 14
8 13
4 12
1 3
12 12
1 13
3 6
2 20
16 17
8 12
3 8
10 18
9 16
2 4
15 15
15 14
0 0
7 12
2 12
6 12
6 10
4 6
4 8
5 8
15 12
6 14
4 5
7 15
2677091 15
25442 7
111994 9
289595 11
369 4
2 3
53057 7
18934 6
1442 5
151959 9
4572 5
2712126 14
0 0
8793 6
1178435 13
1249949 13
334771 11
13244 6
2163249 14
18513 7
3 9
6 12
0 0
0 0
12 11
35 14
47 14
0 0
40 12
0 0
36 16
18 10
22 11
42 16
30 14
0 0
56 13
36 13
10 11
4 5
39 14
5 5
4 39
3 44
3 30
2 19
2 30
2 18
0 0
0 0
3 30
1 26
3 41
0 0
0 0
2 24
1 27
2 18
2 27
3 47
3 41
2 32
3 39
3 34
0 0
2 28
1 16
0 0
2 41
2 34
4 35
2 37
1 15
0 0
3 45
0 0
1 30
0 0
0 0
0 0
0 0
0 0
0 0
1 14
0 0
0 0
0 0
0 0
0 0
1 7
0 0
0 0
0 0
0 0
0 0
0 0
0 0
2 10
38 15
40 13
28 11
10 9
35 14
28 11
22 12
47 15
54 16
3 5
6 7
15 10
5 8
45 14
8 9
5 7
58 15
1 1
32 12
0 0
4 8
27 13
9617 6
12627 7
1177925 12
6324 6
1244727 12
32374 8
350771 10
12993 7
224637 9
402303 10
293825 10
1012078 11
3502 6
699 5
38012 8
286 4
75822 8
2276 5
10 3
26104 7
2133699 13
208 4
729 5
39920 7
1105414 11
12 3
0 0
5072 5
71677 8
262186 10
1205 4
2806492 13
5 2
524 3
2278761 13
3207527 14
79284 8
15342 7
0 0
286 4
51 4
20948 8
1166 5
802 4
8940 7
757416 14
26311 9
258361 13
170909 11
10267 8
739066 15
32037 9
55322 10
16032 8
106827 11
308 4
28 3
140 4
32610 5
23267678 10
90487 5
320276 6
7203 4
0 0
0 0
0 0
0 0
0 0
0 0
0 0
0 0
0 0
0 0
0 0
0 0
0 0
0 0
0 0
0 0
0 0
0 0
0 0
0 0
0 0
0 0
0 0
0 0
0 0
1 7
0 0
0 0
0 0
0 0
0 0
1 15
0 0
0 0
0 0
0 0
7960737 11
19254 6
2654 5
4544981 11
5887157 11
7650746 11
11852029 12
8592 6
1535081 10
686152 9
609 4
828842 9
26198 6
7314 4
62451 6
39163 6
89 3
8959194 11
26011908 13
3878563 10
12906867 12
11325 6
17375511 12
6194661 12
5706 5
2048423 10
112 3
871080 8
85 2
672 4
5044757 11
116 3
35 3
9316047 12
520854 8
1812587 10
2520198 10
2 2
61262 6
3622672 11
7012203 12
19760666 13
1125 4
6412 5
3506945 10
1486 4
274143 8
7996013 12
3 5
10785 5
38008292 14
3179315 11
562850 9
33 2
614879 9
11415 5
57 2
33336014 14
1832 4
1589 4
140 2
47576 6
0 0
989602 9
1589 4
964646 9
2 4
195888 7
839 5
7495 6
233 4
100 4
56604 8
2 8
4 11
3 14
0 0
3 10
0 0
0 0
7 14
0 0
0 0
0 0
0 0
0 0
0 0
0 0
0 0
0 0
0 0
0 0
0 0
0 0
0 0
1 8
0 0
0 0
0 0
1 18
0 0
0 0
0 0
0 0
0 0
0 0
0 0
0 0
0 0
0 0
1 23
0 0
0 0
1 13
0 0
0 0
0 0
0 0
0 0
0 0
0 0
0 0
544 8
570 8
3 2
1852 10
10049 14
377 7
9 4
15702 15
0 0
0 0
0 0
0 0
0 0
0 0
0 0
0 0
0 0
0 0
0 0
0 0
1 15
0 0
0 0
0 0
0 0
0 0
0 0
0 0
0 0
0 0
0 0
0 0
0 0
0 0
0 0
0 0
0 0
0 0
0 0
0 0
0 0
0 0
0 0
0 0
191 12
149 12
0 0
315 14
242 12
301 13
12 5
6 4
6 5
260 13
81 9
0 0
322 13
0 0
371 14
264 13
10 5
30 8
153 12
18 7
461 15
477 16
455 15
233 13
243 13
112 10
28 7
2 2
963969 12
46 3
753036 12
661167 12
2518 5
333428 11
168890 10
997966 12
1318608 13
55346 8
502574 11
991074 12
295647 10
130 3
1635 5
2296 5
37 3
4229 5
138005 9
1098769 13
14345 7
731722 12
502574 11
532 4
73985 9
42 4
11552 7
375 4
210709 12
1722 6
0 0
95674 11
41406 9
326043 12
297031 13
301034 13
23995 9
16966 9
5943 8
20530 8
8 3
5028 6
9711 8
432 5
42152 9
430853 13
4 2
5 4
364541 13
1 1
8 2
14103 8
553 4
135286 12
66 3
166394 12
69867 11
24 13
8 10
50 17
95 20
10 10
10 9
9 8
66 17
10 10
19 12
23 12
62 18
23 13
50 16
63 19
17 11
0 0
40 15
6 7
69 18
150 4
2657 8
4496 8
44934 11
2 1
3676 8
1 2
27372 11
68 4
520 6
143 6
18502 11
84033 14
18771 10
358356 11
83104 9
0 0
964107 13
1076 4
7028 6
0 0
0 0
0 0
0 0
0 0
0 0
0 0
0 0
0 0
0 0
0 0
0 0
0 0
0 0
0 0
1 4
0 0
0 0
0 0
0 0
0 0
0 0
0 0
0 0
3 25
2 13
3 13
0 0
0 0
1 16
0 0
0 0
3 18
0 0
0 0
0 0
2 7
0 0
0 0
53491 11
161103 14
3728 7
41768 10
482 4
32024 10
376 5
136 3
236 5
105527 13
313 6
21 5
1051 5
31782 10
1576 19
82 7
294 13
457 14
2321 20
25 6
279 13
152 10
142 11
0 0
1654 19
22 5
1163 18
315 12
293 12
2402 22
435 14
20 6
25 7
192 11
4 4
1965720421 13
936 3
11447659 12
1799889 10
1141 4
4003410 11
1738652 10
51 3
73012 7
6331059 11
1117 4
3 2
14235914 12
10640 5
3022002 10
101658 7
67 2
6267450 11
3979 4
211 2
3026 12
2703 11
1082 9
9247 15
116 6
354 7
9404 14
942 9
245 8
21 5
2427 10
0 0
175 6
360 7
1526 10
1336 9
5544 13
7408 13
7020 14
4926 12
2266 11
3314 12
7232 14
1033 9
5489 13
2 11
4210 12
70 4
15 3
757 8
3119 11
26 5
4 2
4681 12
0 0
0 0
0 0
0 0
0 0
0 0
0 0
0 0
0 0
0 0
0 0
0 0
0 0
0 0
0 0
0 0
0 0
0 0
0 0
0 0
0 0
0 0
0 0
0 0
0 0
0 0
0 0
0 0
0 0
0 0
0 0
0 0
0 0
0 0
0 0
0 0
0 0
0 0
0 0
0 0
1 1
0 0
0 0
0 0
4 5
3 5
59 11
24 9
91 13
0 0
0 0
6 5
225 19
0 0
12 7
21 7
0 0
0 0
24 9
0 0
0 0
0 0
4 5
0 0
0 0
0 0
0 0
0 0
0 0
0 0
0 0
0 0
0 0
0 0
0 0
0 0
0 0
0 0
0 0
0 0
0 0
0 0
0 0
0 0
0 0
0 0
0 0
0 0
0 0
0 0
0 0
10 9
0 0
0 0
0 0
0 0
0 0
0 0
0 0
0 0
0 0
0 0
6 5
0 0
0 0
0 0
0 0
0 0
0 0
0 0
0 0
0 0
0 0
0 0
0 0
0 0
0 0
0 0
0 0
0 0
11 5
29 9
1 33
10 6
6 23
27 10
36 17
82 19
6 40
2 28
42 17
9 16
0 0
0 0
0 0
1 2
0 0
0 0
0 0
0 0
0 0
1 14
0 0
0 0
0 0
0 0
0 0
0 0
0 0
1 17
0 0
0 0
0 0
0 0
0 0
0 0
0 0
0 0
1 18
0 0
0 0
1 10
0 0
0 0
0 0
2 6
73 9
260 11
2 11
9 6
1 7
0 0
14 8
8 6
64 11
1 3
22 7
203 10
15 8
5 6
7 5
3 6
282 13
47280881 11
111795876 11
513303918 13
10800073 9
67286 4
21 3
556 3
3948267 8
5586620 8
500193781 14
220565854 13
0 0
110 3
3607 4
5 4
61304723 11
11655177 9
113 2
1005 3
148991327 12
27206886 10
144994 5
49938356 10
50580 5
22825655 10
22292160 10
47801978 11
4 3
20812 4
1312 3
1112823 7
3607 4
5217054 9
86676315 12
1940 4
6183030 9
0 0
126 14
241 16
38 9
455 17
66 8
412 13
130 9
0 0
15 6
64 8
114 9
141 10
439 13
48 7
4 7
318 14
292 14
124 10
4 4
525 17
1 622
1 55
1 276
1 468
1 154
1 223
1 587
1 963
1 332
1 738
1 922
1 908
1 303
1 783
1 592
1 910
1 665
1 14
1 864
1 460
1 151
1 636
1 643
1 490
1 47
1 139
44857 10
5235 8
368362 15
5431 8
13314 9
0 0
35697 10
13576 9
79 3
12814 8
53 4
70454 11
19 3
201676 13
142139 12
2850 7
0 0
6 6
0 0
0 0
2 15
0 0
0 0
11678 8
124705 11
70814 10
249 5
400763 14
6371 7
550337 14
196195 12
20717 9
109 4
173863 13
52 2
321 5
7148 7
532807 14
1539 6
19764 9
32197 9
4413 7
3190 6
1682 6
14 2
2 4
585503 15
0 0
2766 6
736 5
6155 7
490 5
89114 12
39169 10
71 4
50874 10
5625 7
7 3
0 0
0 0
1 6
0 0
0 0
0 0
0 0
0 0
0 0
1 9
0 0
0 0
249 2
32217109 8
589143 5
7582340315 13
12181638 7
7 3
3520 3
5928 3
9 5
63 5
4422 13
15 3
6587 13
27 3
3717 10
2132 11
12701 16
3605 11
2774 11
71 5
14924 15
1 29
4532 11
1678460 12
107 4
10 2
166602 9
9065 6
0 0
0 0
0 0
0 0
0 0
608926 12
100650 8
14095 7
69 4
755829 11
141180 9
2084322 13
20 3
331340 10
5609050 15
189 3
828627 12
5305036 15
93395 9
21024 7
222829 10
190578 10
151478 9
49802 7
682 4
15 2
24518 7
26 2
3788279 14
2983120 14
29 3
507 4
131483 9
1258 5
189 3
5114 5
20716 6
644656 10
10157603 14
11614930 14
0 0
256375 8
617 4
30712 6
375077 9
6 2
170 2
4075792 12
373 3
555 4
4734919 13
1691175 11
1692 4
4276 5
321397 9
71995 7
0 0
0 0
1 13
0 0
0 0
0 0
0 0
0 0
0 0
0 0
0 0
0 0
0 0
0 0
1 9
0 0
0 0
0 0
0 0
0 0
0 0
0 0
1 18
1 14
0 0
0 0
0 0
0 0
1 14
0 0
0 0
0 0
0 0
0 0
0 0
0 0
0 0
6689581 12
8259 6
3721835 11
2800 5
180 4
0 0
18667532 14
495819 9
5110375 12
29 3
13298663 13
0 0
1 1
509 4
11634169 14
1870322 11
44172 7
179543 8
730831 10
13551 6
12496489 13
2654799 11
357523 9
60 3
1345 4
167457 8
756 4
3722 8
172 5
1978 8
20937 11
54 4
0 0
59433 13
4 2
0 0
723 6
3 3
14568 10
3049 8
0 0
2440 8
2474 8
462 6
37626 12
55156 12
1876 7
1658 7
875 6
4677 9
64 8
13 4
11 5
25 8
6 4
1 17
15 7
2 11
6 8
1 22
227 14
321 13
28 6
4 17
161 11
192 12
18 7
94 8
153 11
11 9
203 13
35 8
251 14
436 16
101 11
29 9
41 9
10 4
233 14
202 11
378 16
93 8
50 10
5 3
10 12
5 6
0 0
17 13
13 11
8 10
270 11
193 10
324 12
0 0
262 11
191 11
78 10
104 10
752 15
551 14
18 5
150 11
698 16
1 4
441 13
251 12
309 12
1168407005 8
17005 3
47166974622 12
4982647317 9
262715723077 13
411171742382 14
11918088653 10
30038843348 11
63440033040 12
957976 4
99545717082 13
192928399 7
51802 3
68622 4
1961 3
1089331862 9
206329330626 13
30394756 6
97266370 7
15855105 6
101500143 6
8847 2
213634886956 13
14375837380 11
760 3
8882455882 11
1677407096 9
66749479233 13
1168407005 8
9 2
22858815 6
635775370 8
51657500902 12
16575228808 11
12328 3
262685 4
104554316749 13
344368422629 14
0 0
0 0
0 0
0 0
27 1
0 0
437560 10
1350 4
4053450 15
0 0
106361 8
0 0
4103196 15
0 0
1018 5
953 4
7715357 9
15153598 9
672 3
9664554 9
22 1
102 2
149284 6
520952 6
2 4
502040 6
28468866 10
36547 4
283758 6
4 1
14141371 9
32481 4
538 2
47457696 10
182107193 12
180087685 12
0 0
1 10
0 0
1 13
0 0
1 18
0 0
1 10
0 0
536 13
1 3
201 10
5 5
0 0
328 11
984 14
358 11
1025 14
243 10
16 5
8 4
653488 12
15 2
4 3
46077 9
3712332 14
1369762 13
39921 8
527722 11
466105 11
3617852 14
43199 8
1777152 13
152 4
231 4
0 0
0 0
2 30
0 0
0 0
2 20
1 20
0 0
2 25
1 21
0 0
2 31
0 0
2 21
2 29
3 32
3 33
2 32
1 12
2 22
3 34
0 0
1 5
0 0
0 0
0 0
0 0
0 0
3 34
0 0
1 15
0 0
2 19
2 29
0 0
504033 7
105570039 13
72406459 12
34613 5
5707547 9
31879369 11
4297681 9
51369537 12
2 1
24747 5
177249063 14
158461 6
4986934 9
5773948 9
1 2
12601941 10
141524663 13
127 2
14 2
1842813 8
5930 4
26776531 11
17202 4
223723 7
10518571 10
14720525 10
151496 8
1011 4
3545 5
2884405 12
982 4
1470635 11
866800 10
180718 8
1524345 11
82392 7
10405 6
485969 9
19221 6
617 4
27055 6
2638 5
429768 9
900463 10
81 2
39025 7
313651 9
30 19
55 16
77 12
80 18
25 13
3 7
0 0
95 19
50 14
126 16
0 0
118 16
153 22
84 14
1282 22
740 20
2029 25
311 16
1487 23
224 14
352 15
1570 24
14 6
363 16
1715 24
38 8
2 4
713 20
1824 24
29 9
651 19
619 18
2029 25
0 0
132 13
0 0
45 8
393 17
238 15
49 10
3 32
6 10
12 16
10 30
6 16
0 0
14 22
6 11
2 21
6 40
6 15
4 27
3 12
10 14
9 14
5 10
3 8
0 0
0 0
2 5
6 25
2 7
9 18
3 7
0 0
5 10
1 40
3 31
14 3
1735 6
5634 7
638493 14
517044 13
10 2
55218 10
3 1
69044 10
15581 8
1098 5
722282 14
0 0
0 0
0 0
0 0
0 0
0 0
0 0
1 28
0 0
0 0
0 0
0 0
0 0
0 0
0 0
0 0
1 13
0 0
1 29
0 0
0 0
0 0
0 0
0 0
0 0
1 24
0 0
0 0
1 3
0 0
0 0
0 0
1 26
0 0
0 0
0 0
0 0
0 0
0 0
0 0
0 0
0 0
0 0
0 0
0 0
373 15
9 4
0 0
309 14
101 9
0 0
162 11
0 0
0 0
0 0
0 0
0 0
0 0
0 0
88 8
0 0
0 0
0 0
0 0
73238 6
3656685 9
19424 5
931226 8
40612061 12
103131268 13
4104 4
2073061 9
68217633 13
1547 4
2761797 9
168297418 14
31245172 12
711 3
45441465 12
254212276 15
45364 6
1 4
22253566 11
21681 5
949 3
156200 7
200 3
155320782 14
2290877 9
174140 7
7947684 10
8372321 10
74349230 13
76241 6
125229 7
5570743 10
180449849 14
578 3
94853950 13
249098 7
2 2
15692439 12
1561 4
1036812 9
3808674 10
1 7
34970 5
9136087 12
54329 6
2204 3
3680109 10
1837 4
6075 4
6735102 12
436713 8
36 3
6216594 11
28 4
1465437 9
13580179 13
0 0
0 0
0 0
0 0
0 0
0 0
0 0
0 0
0 0
0 0
0 0
0 0
0 0
0 0
0 0
0 0
0 0
11 3
20878 11
1 3
47391 13
75 5
156986 15
209429 17
0 0
11375 10
284126 18
6 3
1448 7
225449 16
34420 11
31249 12
3302 9
53846 14
12191 10
0 0
0 0
0 0
0 0
338 5
7000 7
2553 6
4040 7
62323 10
747690 13
0 0
331652 12
46 3
65662 10
3687 7
130 4
28486 9
14 3
971 5
999574 14
686168 12
1 2
134 4
63613 10
0 0
1 5
0 0
0 0
0 0
0 0
0 0
0 0
0 0
0 0
0 0
0 0
0 0
2 7
0 0
0 0
1 11
15 7
28 10
33 10
64 13
29 10
42 10
20 10
15 8
73 13
1 4
0 0
27 10
28 11
59 12
29 10
19 9
9 6
49 11
67 12
25 9
27 10
47 13
0 0
84 14
17 8
3 4
10628 4
332 2
498 2
6 3
489053305 12
26498 4
4505312 7
1469 3
0 0
34746237 9
48304365 9
24 1
197855 5
103097 5
204079623 11
332 2
3412 3
3871 4
305460 6
1114220402 13
16719375 8
4581697 8
499609414 12
331039288 12
694012 6
150352 5
1196 2
132348480 11
1663259540 14
64 2
713479204 13
18 3
1998 3
111889925 11
38 3
205509 10
552673 11
2866 6
11826 7
85453 9
2981234 13
1355058 12
115 3
172 4
2062065 13
767 5
294252 12
611 5
0 0
553037 13
121 4
891595 13
752383 13
1435445 14
77 4
1 1
3 2
25 3
181105 11
247284 12
3426 7
5488 7
197439 11
159809 10
238 4
94911 10
928144 14
489 5
162938 11
740174 13
3645 6
73836 10
1279682 14
22381 8
69262 10
3 2
20713254 10
96465 6
261294 6
98265 6
71756 5
12266 4
12820 5
1245455 8
263 3
614004 7
673675 7
4537 4
32324 5
156409 6
86348 6
5138 4
821517 7
139748962 13
554 3
16290 5
58273 6
3838881 9
279390 6
2392139 8
24565812 11
0 0
18460638 10
10699 4
9827 4
2976714 9
4613876 9
492 5
252333 8
4797979 13
6 5
2560615 12
1016689 10
5870 5
5852538 13
4992742 12
5514360 13
2 1
8692 5
2294595 11
117272 7
29083 6
3901404 12
37183 6
68900 7
297313 8
136908 7
778368 9
349689 8
19 5
1272306 10
1620 3
326 4
130904 7
6888900 13
469787 9
2182561 11
14453 5
190980 8
109626 10
1586552 15
0 0
1228944 14
1617 5
403754 12
1449078 13
1736 6
1422 6
782374 13
384029 11
1110101 14
3212 6
82922 10
0 0
1016 5
1542775 14
44 3
25654 8
257235 11
300732 11
322109 11
82922 10
410466 12
64788 9
185 4
17357 8
654316 12
10177 7
36313 9
0 0
0 0
0 0
0 0
0 0
0 0
0 0
0 0
0 0
0 0
0 0
0 0
0 0
0 0
0 0
0 0
0 0
0 0
0 0
0 0
0 0
0 0
0 0
0 0
0 0
0 0
0 0
0 0
0 0
0 0
0 0
0 0
0 0
0 0
0 0
0 0
0 0
0 0
2 13
1 10
0 0
0 0
0 0
0 0
0 0
1 23
0 0
1 14
0 0
1 18
1 4
0 0
0 0
0 0
0 0
0 0
0 0
2 16
0 0
1 8
0 0
0 0
0 0
2 18
0 0
0 0
0 0
0 0
0 0
0 0
0 0
0 0
2 22
0 0
0 0
15 2
174 3
13358270 12
61085 7
40 3
861140 9
11073860 12
5262660 11
4787332 11
39 3
5 2
24107 6
647 4
1253749 10
38965145 14
2478194 10
1 1
30535 6
18290 6
77 3
88 3
127550 8
41800836 14
2806985 10
110 3
2 2
90815 7
0 0
7042588 12
97077 7
121538 8
6 2
1 2
1204975 10
3631799 11
37714 6
1068640 9
703 8
140 3
36035 6
0 0
3 4
233821 6
1 20
0 0
1 3
1 32
1 14
1 18
0 0
0 0
0 0
1 37
0 0
0 0
0 0
0 0
0 0
0 0
0 0
0 0
0 0
0 0
0 0
0 0
0 0
0 0
0 0
0 0
0 0
0 0
275948947 12
28 3
5646511 8
1 2
5745204 8
869 3
1903849 7
1082642 7
56783 5
194012796 12
3765583083 16
2085731702 15
1819481946 15
32502 5
59878 5
56783 5
4661292 8
256107714 12
1928 4
199024893 12
1423369952 15
541684015 13
7174720 8
407620889 13
1781399626 15
0 0
0 0
0 0
0 0
0 0
0 0
0 0
0 0
0 0
0 0
0 0
0 0
0 0
0 0
28 6
47 6
2799 15
1633 12
1252 11
2589 13
43 7
93 7
663 11
1459 12
2123 14
28 6
1554 13
36 6
3638 15
8 6
1520 13
705 10
286 9
34 5
462 16
0 0
229 12
163 12
229 12
36 9
0 0
34 9
350 13
20 6
11 7
482 15
113 10
7 6
165 11
35 9
172 11
490 15
2 2
172 13
35 9
732 17
0 0
40 8
0 0
29 9
5 6
1 5
551 14
70 9
2 15
0 0
0 0
0 0
111 10
779 16
213 13
417 14
410 15
116 10
1046 18
105 11
49 7
909 17
562 15
0 0
27 6
13 6
0 0
0 0
124 5
59 6
252 8
0 0
55 4
87 7
12893 18
23 5
8604 16
767 9
3 4
2082 11
0 0
1421 10
326 6
471 8
929 9
17 5
15193 18
5452 15
136 6
11636 17
21264 19
15 2
1 3
1890 9
4292 13
582 9
264 6
17562 17
9311 14
1613 9
4393 14
9559 14
1834 11
24405 21
9 4
1770 11
7148 14
232 7
20 5
371 8
88 6
1661 11
7993 14
59 6
0 0
0 0
0 0
0 0
0 0
0 0
0 0
0 0
0 0
0 0
1 47
1 43
0 0
0 0
0 0
1776304 12
3879 6
0 0
4375472 13
282334 9
300545 9
1162 5
6796298 13
567004 10
83 3
9467531 13
5545237 13
3069857 12
31 3
12 3
4644493 13
112 3
0 0
100 4
0 0
547127 10
7080 6
95554 8
0 0
435395 10
30304 7
1 2
26 10
1 2
74 13
3 10
2 4
90 89
4260713365 15
1021 3
1091 3
243091029 11
1819 3
39 2
58 3
3224732867 14
2738642620 14
225 2
8 1
359779969 12
734053 6
808970039 12
73924 5
28995 4
9586 4
2187118 7
159 13
1 1
3 5
21 8
132 12
97 10
1 6
377 16
9 6
153 13
3 5
46 8
411 15
311 14
4 5
316 15
1 4
27 8
1 4
91 11
12 7
40 9
331 14
20 7
74 11
18 6
1 3
216 13
0 0
2634104 12
329516 9
325 3
11445 6
4407 5
1222 5
30420 6
3 2
383596 9
1911420 11
514909 9
2435 5
29007933 17
8080266 14
204 3
66813 6
2736246 11
6314602 14
15005109 15
189072 8
30158073 17
4631563 12
5902399 13
265187 8
26146 6
1174 4
16127815 16
710518 8
25774389 17
66547973 19
710518 8
15783894 15
976729 10
4 2
53458712 19
40056485 19
315 3
9621311 14
17221 6
59705128 20
1264545 10
954523 9
507634 9
4672620 13
94874 6
499 16
393 16
12 4
449 14
9 6
36 9
2 7
175 10
56 12
80 8
2 12
30103 4
214723857 10
33 2
7491937 7
127585 4
33850 4
11199278 8
5010321 7
2559471676 14
20 4
565316 6
744664 5
30 2
177 2
141065 4
1339796 6
1050799777 12
738194783 12
801140591 12
1449612035 13
31 6
25 6
353 11
338 11
302 10
451253413 9
53726330725 14
22682736 7
23588945 7
33969646 7
1316457630 10
78453 4
7046 3
18437576981 13
4 2
268726 7
402108 7
31767559 14
31393501 15
17 4
169961 6
3992588 11
115 4
18009974 13
229420 6
24445112 14
24158345 14
448095 7
1945909 10
38168747 14
111229 6
30848168 14
1212 3
25047 4
1667527 13
1655245 13
9067 7
23948 7
2 2
35 3
31490 8
4067 6
8 2
1794860 13
0 0
355241 11
0 0
48 3
32333758 12
401 3
107996 6
33 3
2690148 9
11926441 11
1158 3
26429311 11
844557 8
3886075 9
367556 7
5353605 10
11 1
287901 7
264 3
753944 8
408128 7
1212849 8
17092691 11
23474048 11
15236 5
2538 4
18060355 11
22 2
440051 7
207134 7
8833277 10
22478803 11
743741 8
7 1
0 0
1 10
0 0
1 7
1 18
1 9
0 0
0 0
0 0
1 12
1 12
0 0
4753 18
386 10
169 9
5110 18
955 11
1810 14
82 6
4746 16
286 8
3 4
106 6
64 6
727 10
6471 20
6471 20
2452 14
19 6
1289 12
1 4
1230 12
0 0
1724 13
34 5
2555 14
0 0
1991 15
3780 16
956 13
196 7
5 4
41 4
17 6
1417 12
290 8
3188 17
22 4
67 6
2631 13
162 7
264 8
0 0
4532 14
0 0
0 0
1959 12
7988 16
6 3
3377 14
2243 13
770 10
0 0
26 5
84 6
9934 17
3774 14
6465 16
1 3
4 3
1389 11
14114 11
717 7
8624 10
0 0
6 3
44 4
8768 10
46 4
0 0
49487 13
23685 12
5 2
6980 9
32 4
11107 10
1089 7
1600 7
2606 8
30 6
50318 10
195911 12
83 3
10292 8
6249 7
44990 9
60012 10
28 4
60 5
165877 12
441634 14
6254 7
266427 13
37723 9
51934 9
215571 12
140 5
46460 10
376136 14
68828 11
897 6
136093 12
38195 10
102 4
205 4
2673 6
4966 6
7 7
118280 12
1572 12
35 6
580 10
96 7
657 10
0 0
8 4
1770 12
1869 12
16 10
215 16
31 7
2 4
179 12
138 14
155 13
10 20
167 15
49 10
14 8
24 6
16 5
34 8
0 0
44 10
0 0
69 12
16 9
50 10
4 8
97 10
67 12
114 13
93 11
131 11
6 14
13 9
11 6
1 36
91 13
16 10
6 31
124 12
492661 17
234 5
512507 17
0 0
844 5
398317 16
64871 12
0 0
0 0
0 0
1 6
0 0
0 0
0 0
0 0
0 0
0 0
0 0
1 7
2 8
0 0
225940 14
3063 7
95819 12
140 4
4 6
139682 13
151 10
3 4
0 0
2 4
285 11
40 6
91 8
290 9
4 5
349 11
13 6
1 4
209 11
42 7
894 14
1 2
49 7
1282 6
5936 6
13 3
17 2
600 5
3949 6
116748 11
320028 13
9407 7
135 4
265999 12
0 0
4203 6
1 10
40940 9
15694 8
25 2
184 5
16 4
966 5
1301 5
5 1
6435 7
31876 8
12022 8
21315 8
5725 7
337 5
12920 8
1907 6
1854 6
160249 11
16 3
7977 7
124903 11
843 5
81159 11
201 4
4413 7
0 0
0 0
0 0
0 0
2074 10
29 5
12247 13
4103 11
17 4
3661 11
12678 13
31 5
3707 11
222 6
79 6
243 7
22690 14
1 3
1 1
9569 12
6 4
7176 12
0 0
3202 11
0 0
3788905303314 17
248123795 6
734192054850 14
38417550464 11
30431805334 10
1696174 4
25118 7
4785701 15
74554 8
237549 10
1816301 12
51251 8
281062 10
2038471 12
346690 10
637921 11
2451 5
335 4
71848 7
181043 9
9193 6
5801021 15
11614694 9
6 2
456 3
36299458 10
61049 5
283 2
1 1
620010 6
117057233 12
6441809 8
28719862 10
53 2
67059875 11
2036989 7
134789 5
283 2
733403 6
789 4
9 2
46835 4
32313130 10
40331511 10
4898071 8
109663 5
1106828 6
101301321 12
2798 2
5642 4
421 14
170 11
2 4
225 13
370 15
52 9
697 18
163 9
90 11
388 13
304 12
179 11
328 15
574 12
5 13
20 8
90 7
101 10
10 6
444 16
55 10
342 15
0 0
31 8
289 13
433 14
197 9
0 0
0 0
0 0
0 0
0 0
0 0
0 0
0 0
0 0
0 0
0 0
0 0
0 0
0 0
0 0
0 0
0 0
0 0
0 0
0 0
0 0
0 0
0 0
0 0
0 0
0 0
0 0
0 0
0 0
0 0
0 0
0 0
0 0
0 0
0 0
0 0
0 0
0 0
1 5
35 14
0 0
21 13
0 0
12 10
0 0
2 3
4 7
28 14
28 13
46 16
22 12
7 9
0 0
1 3
0 0
1 2
7573 5
8558299 13
8119019 13
2455226 11
20 3
568657 9
4610 4
4654 4
551 4
54679 6
62 4
469 3
346517 8
704245 9
1 4
5632 5
14192 5
19072 5
714 4
22 2
58182 6
150085 7
8 3
155 2
763591 9
77 2
1152418 10
6750 5
825737364 12
1953408874 13
125967419 10
1226912236 12
0 0
0 0
0 0
1 2
0 0
0 0
0 0
0 0
0 0
0 0
0 0
7 5
0 0
0 0
3 4
95 12
0 0
2 6
155 12
182 14
344 15
10 5
0 0
0 0
6 6
347 15
3 3
192 12
301 15
44 10
8 6
0 0
113 12
0 0
27 8
308 14
1 5
75 10
158 14
67 11
19 7
234 14
234 15
10 8
20 8
99 11
97 10
0 0
3 7
18 12
0 0
0 0
0 0
0 0
10 9
8 10
4 7
0 0
0 0
0 0
0 0
0 0
15 13
12 9
0 0
0 0
0 0
0 0
3 5
2 4
0 0
0 0
32 17
28 16
0 0
0 0
0 0
1 5
32 16
0 0
18 12
18 13
0 0
18 13
81267287 12
7391528 8
174 3
5936982 8
41558323 11
1492066 7
1306 4
1762417 7
20133231 11
19428577 10
12167 4
28956145 11
2315379 8
77223654 13
217 7
1 3
1449 11
1144 10
24 5
1908 11
6794 14
35 6
241 8
0 0
1694 11
34 6
5035 13
0 0
45902 4
1471 3
6 2
815551 5
2334035876 13
2143 3
3 3
123027800 10
150035 5
1128 2
2127930 7
3034933 7
35 2
170266122 10
55282387 9
369546257 11
414496829 11
68556990 9
9106087 7
842398441 12
4000571 7
245035141 10
20740 4
2311129526 13
2167011 6
244 3
52353684 9
916962 6
898381432 12
1 1
7514757 8
151 6
3702 11
10493 12
67 5
6684 10
65 5
4609 10
13 5
6303 10
4238 9
179 4
2 4
4673 11
884 7
61 6
8734 10
114 6
1175 7
1869 9
1 2
7 2
2 4
46350 14
19731 12
29332 12
7068 10
51267 13
316 5
34098 12
697 6
30803 12
117 5
9143 10
453 6
180 5
2 4
785 7
182 4
290 5
12 4
106 6
43801 14
1919 8
74 5
0 0
0 0
0 0
0 0
1 13
0 0
0 0
0 0
0 0
0 0
0 0
0 0
0 0
0 0
0 0
0 0
0 0
0 0
0 0
0 0
0 0
0 0
0 0
0 0
0 0
0 0
0 0
0 0
0 0
0 0
0 0
0 0
0 0
0 0
0 0
5767 5
292779 9
7740596 13
39465 6
52 2
1 1
27 3
237294 7
18770 5
285698 8
3194063 12
3619603 11
2518465 11
20 3
19416 6
1035 3
5163902 13
19416 6
22217059 13
72846 6
508 3
832013 9
1023 4
9 3
512381 8
3564021 10
1067759 9
20479 6
13695 5
36015677 13
392955 8
36015677 13
18 3
4609205 10
4149635 10
1591 4
199660 8
39443 6
250841 7
369646 8
4850 4
37971264 13
10150 5
36197866 13
289029 8
716451 8
362217 8
10700740 11
372358 8
10 2
0 0
307509 8
3335323 10
21982 6
1 1
7032891 11
16366 4
132489747 11
6 2
1611 4
73209024 10
353568 6
1 1
41066 4
1157679 7
859 3
1271955943 14
27154303 9
181858 5
1337510 7
2186154 7
1462391 7
81792 5
523636648 13
183 11
0 0
2 12
73 8
5 4
9 4
50 9
121 10
379 15
51 8
192 10
5 16
497 15
437 14
7 3
254 13
128 9
571 15
2 3
5 5
109 10
200 12
108 8
436 14
1 36
277 13
24 5
311 11
1044 11
404 10
4 4
0 0
161 8
36 6
1010 12
363 9
1310 13
4 4
587 11
1 3
896 12
339 10
6 4
1 1
632 11
53 6
2070 13
281 9
1520 13
0 0
1217 13
1520 13
1720978 9
1101 3
43965492 14
56665 6
6072 4
820535 9
2982624 10
13 4
17959489 11
4545208 11
449212 7
3288872 11
264034 7
1273563 8
596092 9
25355650 12
2 2
850 3
203761 6
480 2
6210 4
49 1
24977815 12
15115 4
57 5
1 1
43613 14
22785 12
34832 13
5120 10
28280 13
40663 13
30467 13
28280 13
18705 12
96 4
7655 11
47820 15
1491 8
3215 8
11 3
537 7
37 3
603 6
50616 14
152 6
87249 6
18102094 11
250 3
1355 3
12378 5
29930101 12
244 2
75481 6
8340359 10
18275486 11
7315487 10
0 0
1015151 8
181536 6
2206896 9
12365186 11
77420939 13
74048795 13
704042 8
3 1
333 3
15661 5
4838 4
1655 4
3301 12
7088 14
40 6
7700 14
32 5
6296 14
0 0
8068 14
8196 15
1517 10
695 8
856 9
5 3
45 4
400 7
91 7
1 25
0 0
0 0
0 0
0 0
0 0
0 0
24 15
10 12
4 9
1 4
4 9
15 13
4 7
1 5
1 3
16 12
1 5
4 8
2 7
7 9
1 4
4 7
26 14
21 11
1 5
5 8
28 15
0 0
1 5
10 11
5 8
8 12
1 7
10 11
16 11
21 13
1 3
1072 6
34128 14
27726 14
32600 14
19079 12
1757 8
18041 13
5761 11
65 4
7 4
2385 9
46 4
21827970 14
93341 7
120 3
249941 8
127 3
11185424 13
2 4
7 2
89048 7
26710691 14
4320 5
18626371 13
25059157 14
2722 5
20453636 13
30313694 14
47053 7
57225 7
31988599 14
10688 6
1 2
8288881 12
3895263 11
1942898 10
322794 8
531644 9
1 6
7204136 13
4374 4
964 4
1 4
24 2
59916 7
3702822 12
364 3
781469 9
640040 9
1657 4
17502 5
6903187 13
34397 6
53214 7
306160 8
351790 10
544 4
28877 7
627475 11
197 4
31 3
237626 10
569600 11
18905 6
1161 4
642 5
289 4
70 3
168346 10
1165804 12
6560542 16
5162401 15
3851387 14
20 2
11133 7
6 2
973842 12
2780 5
2864129 14
276286 10
4603 5
5793 6
922034 12
2665741 13
136870 9
194848 10
30 3
1197366 12
240247 10
5011866 15
6194399 15
704 4
1 224
1 131
1 53
1 770
1 19
1 255
1 976
1 17
1 44
1 861
1 104
1 570
1 767
1 648
1 444
0 0
73 14
6 4
0 0
0 0
38 12
0 0
103 18
1 7
0 0
2642 4
13 2
37031016 14
3617411 10
29560693 13
2867 4
30757 6
2355 4
38587760 14
425633 9
38449 6
13 2
26 2
446951 8
2548004 10
11037715 12
527 4
104 3
1034 4
34369482 14
207302 7
2893 4
957650 9
16361452 12
104 3
1635734 10
18372138 12
0 0
1 23
0 0
1 5
0 0
0 0
0 0
2 24
1 16
0 0
0 0
0 0
0 0
1 17
1 16
0 0
0 0
1 17
0 0
0 0
0 0
0 0
99834895 10
664 3
1694998274 13
1235462847 13
2222444 7
23888062 8
28390058 9
3944745 7
158908540 10
2131755546 13
2090046645 13
7623 3
2069468298 13
35375 4
765850 6
91235885 10
102422082 10
114851258 10
35375 4
369459 5
864624363 12
628610 6
228621227 11
473894765 11
92990 4
674906520 12
211579 5
123886809 10
66380 4
8 6
3 5
8 7
48 14
4 11
1 4
19 9
33 13
11 12
4 5
2819 15
99 8
169 10
679 11
1309 14
6 5
504 10
0 0
107 6
221 9
34 4
11 5
6 3
405 10
9 3
2772 16
365 22
1 5
190 18
332 21
23 9
360 22
345 21
1 6
73 13
27 9
114 15
179 16
27 9
182 18
146 17
461 23
62 11
43 11
232 18
100 14
2 5
5 5
386 22
271 20
139 16
256 20
374 22
228 19
220 19
315 20
421 23
13 7
0 0
273 19
451 24
36 10
49 11
42 11
5 5
225 19
4479 7
115335 12
764 5
511143 14
141 4
319 5
656703 15
2738 6
3577 7
13 4
4643 7
3 3
62 3
0 0
60379 10
119 4
15 3
119004 12
123 4
247996 13
45163 10
185873 13
26862 9
266013 12
8010 8
102107 10
244436 12
26862 9
6154 7
1 3
1424 5
3861 7
86813 11
882 5
21 3
49 4
46796 10
1033 5
63610 10
1 9
1 25
0 0
0 0
1 32
1 17
0 0
1 22
1 22
0 0
0 0
0 0
0 0
1 15
0 0
0 0
0 0
1 13
1 17
1 20
0 0
1 14
0 0
0 0
0 0
1 13
0 0
0 0
1 22
0 0
0 0
1 6
0 0
0 0
0 0
0 0
0 0
0 0
1 22
1097452 7
19385313 10
20646814 10
122652 6
108521093 13
48 3
1576333 7
30 2
1169 3
5126319 8
25 2
46140053 11
423 3
1 2
183 2
16855 4
6635 4
8829 4
1 3
349 2
31750394 10
31893581 11
7671 4
70624 5
6635 4
27094 5
8431694 9
0 0
1 21
1 16
0 0
1 8
1 7
0 0
1 19
0 0
0 0
0 0
1 18
0 0
0 0
1 8
0 0
1 10
0 0
212 9
131 8
877 13
802 14
386 12
418 12
483 12
6 5
671 14
677 13
8 2
363 11
285 9
160 14
1 2
6 6
6 6
16 7
102 12
35 10
23 9
0 0
7 6
26 8
88 13
1 3
41 10
4 6
0 0
22 10
7 6
5 6
26 9
159 15
67 12
48 10
34 10
6 6
2 4
135 14
106 12
38 9
30 9
3 5
0 0
51 11
0 0
21 9
33 10
495 10
252 9
523 11
2330241 9
938540 8
4349468 9
7659578 10
2191 4
36481334 11
12975195 10
11831 5
87545342 13
44290145 12
6891372 10
560131 7
2302 4
6362176 10
11878304 10
10193404 10
21743875 11
55 12
0 0
86 13
0 0
44 11
1 4
87 13
5575160 12
1477839 10
18830 6
1663718 10
76117 7
12120593 13
19581 6
686 6
2850 8
4901 8
85770 12
119308 13
151939 13
9440 9
132442 13
252 5
0 0
468625 16
97328 13
291 5
334723 15
268385 14
819 6
0 0
30939 11
3134 7
8904 9
3941 8
2 2
13453 10
114202 13
508786 16
18 4
7 3
270 5
626 6
264135 14
345330 15
137112 13
438 6
541 6
21 9
1 4
46 12
18 10
11 9
19 10
8 7
1 3
1 5
2 5
48 13
18 9
8 8
18 9
19 9
4 6
7 7
25 10
0 0
0 0
1 1
1 2
3 3
1 2
8 8
2 6
1 4
93 15
3 4
20 10
7 8
12 8
6 7
20 10
53 13
0 0
0 0
8 15
1 10
1 1
6 18
7 14
1 3
5 15
0 0
1 4
3 13
1 5
4 10
0 0
0 0
6 37
4 28
3 18
1 2
4 24
0 0
250 14
105 11
10 7
140 13
0 0
0 0
177 13
220 14
229 14
0 0
168 13
35 9
9 6
13 5
81 10
61 12
24 8
125 5
120612 13
4548 8
61616 11
1884 7
1 1
276 5
195 5
34 4
110 5
109413 13
1245 7
1432 7
0 0
10500 9
142 5
4428 8
87729 12
6 3
32 4
234 4
1 2
16 4
111565 13
691 6
0 0
3 4
0 0
251 5
40432 10
22098 10
351 5
81237 12
0 0
0 0
34521 9
2230 7
17953 8
32 5
360 5
134384 12
9781 9
93 5
11392 8
31 2
4113076106 12
32465998 7
7268359668 12
13697742 6
285306658 11
54482 4
1324213508 13
304061674 11
2278 3
12484206 8
5036473 7
75958354 10
686790287 12
49 2
345910 5
12340 4
1 3
11960953 8
104838 4
903 3
0 0
53149 4
6129 4
604094865 12
4958428 7
13431 4
565018 5
309 3
953870704 13
161649098 10
21760737 8
84605722 10
7157555 7
227627533 11
818262261 12
20774 4
415729857 11
43567401 9
133 2
1025450 6
2653551 7
44121762 9
988948 6
70648227 9
10865 11
5832 10
6091 10
37 4
21250 13
0 0
5901 10
35 4
14 4
1196 8
901 7
8557 11
749 7
13371 12
7833 11
0 0
6499 10
2033 8
22998 13
2 2
2 2
3901 9
809 7
96 5
15804 12
12039 12
31431 14
0 0
48 4
52 4
36 5
82 5
0 0
147 5
0 0
30291 13
59244 9
6455330 15
2 2
2111735 13
0 0
110881 9
10826 7
9920329 16
6747 6
1690492 12
16 3
86 3
4416320 14
1521 5
58 3
125856 9
664 4
2441887 14
149818 9
5775965 15
137286 10
356939 10
366 4
1825 5
87107 7
3 3
6114827 13
1 1
12736032 14
1396066 10
19957809 14
37358 6
19810 6
114791 8
537 4
2640 5
226032 8
789 4
8988 5
80889 7
0 0
187096 8
4935 5
271 3
5556814 12
32822 6
28731 6
31213 6
27359 6
26217 7
918257 11
4191 5
44876 7
0 0
0 0
21642 13
24 3
20629 12
3588 9
0 0
5712 10
526 6
22957 13
38724 13
445 6
458 5
553 7
7 2
120 5
11 3
2 3
49 4
3763 8
2649 9
4309 10
43322 14
134 4
215 5
13442 12
838 7
285 6
27463 13
46 4
5506 9
4615 10
205 6
155 5
108 4
9 3
100 10
51 7
1224 16
1453 19
36 7
784 16
567 14
1 1
2282 15
10 5
869 12
1486 14
163 7
3066 16
35 6
35 7
8 4
0 0
0 0
2536 15
1057 12
16 5
790 11
27 5
1057 13
5 6
60 11
27 9
18 8
2 4
0 0
4 6
122 13
216 15
10 7
11 6
30 8
0 0
52 11
3 5
221 15
1 1
71 11
1 3
1 4
274 16
7 5
230 15
17 7
8 5
259 16
206 14
239 15
99 13
22 7
0 0
9 2
194624 6
242 3
762 3
2818976 8
3321633 9
0 0
10198704 10
257575462 13
121732 6
117 2
817010 7
649186661 14
91 3
94614 6
1121101340 15
19015969 10
0 0
511495991 14
26610936 11
882567531 15
101211102 12
7 1
50192578 11
41812 5
245 6
146 5
143 5
415 6
30 3
34 5
1899 8
37 3
0 0
1831 8
3190 9
9789 11
18537 12
3823 9
801 7
16 3
5 4
7 4
26990 14
43330 15
8 2
0 0
145 5
13449 12
17418 12
76 4
2314 8
14 4
72 4
0 0
0 0
0 0
0 0
0 0
0 0
0 0
0 0
1 14
1 15
1 12
44278923 12
443 4
1204109008 18
1135660306 17
121608573 14
6014401 9
61688956 12
464636 7
5095427435 20
1951000453 18
3111176835 19
218003193 14
53 9
25 7
7 5
11 5
42 9
0 0
68 12
255 16
95 11
203 15
55 10
87 12
348 17
25 9
133 13
0 0
413 18
106 13
88 12
872 5
1467 5
35 4
19109 8
263943 11
2 13
0 0
15 25
0 0
11 19
0 0
0 0
4 13
15 24
0 0
1 9
11 19
2 9
5 12
2 11
0 0
0 0
5 16
11 20
15 24
3 14
7 18
11 19
14 24
14 22
5 12
2 12
1 6
4 10
16 24
4 10
2 8
2 3
8 15
15 18
7 13
11 18
4 11
7 13
7 13
1 2
14 18
6 14
31 26
0 0
4 10
1 8
25 26
20 20
5 10
2 9
1 7
6 10
17 18
21 21
0 0
15 21
2588 5
6431894 13
9424430 14
2142004 11
1721014 11
5501 5
812004 10
11632 5
144282 8
7021711 13
26972 6
312 4
4467049 12
23938 6
2493 4
964 4
6 1
169 4
214439 8
280476928 17
63 3
145859 8
1581 4
453948 9
14113796 13
9675290 12
1678586 10
37973343 14
1504795 10
28768 6
16232134 13
6648 5
9404 5
1146793 9
1389830 10
226 3
249454489 17
98180557 15
8023641 12
170634250 16
78235375 15
8023641 12
5165368 11
0 0
0 0
0 0
0 0
0 0
0 0
0 0
0 0
0 0
0 0
0 0
0 0
0 0
0 0
0 0
0 0
0 0
0 0
0 0
0 0
0 0
0 0
0 0
0 0
0 0
0 0
0 0
0 0
0 0
0 0
0 0
0 0
0 0
0 0
2 2
13 2
15952959 13
1140817 9
682 4
842451 9
4527376 11
11110911 12
10704 5
32 3
23052680 13
1885048 10
14659051 13
5518869 11
987379 9
11548745 12
3780401 11
411 4
884838 9
0 0
164820 8
7122914 11
97113 7
8114490 12
1315 4
4672323 11
27097727 14
48969 6
4 2
9941 6
7415590 12
27584813 14
63139 7
33 3
17476 6
212688 8
11 2
0 0
0 0
0 0
0 0
1 14
0 0
0 0
0 0
1 14
1 13
0 0
0 0
0 0
0 0
1 21
0 0
0 0
1 15
0 0
0 0
0 0
0 0
0 0
0 0
1 23
0 0
0 0
0 0
1 20
0 0
0 0
0 0
0 0
1 9
114799262 13
2443721 9
39715972 12
66109320 13
834765 8
10 19
8 15
5 9
1 15
6 10
0 0
0 0
0 0
2 13
4 16
12 15
8 24
8 21
1 14
5 20
10 17
6 13
0 0
0 0
0 0
0 0
0 0
0 0
0 0
0 0
0 0
0 0
0 0
0 0
0 0
0 0
0 0
0 0
0 0
0 0
0 0
0 0
0 0
0 0
0 0
0 0
0 0
0 0
0 0
0 0
0 0
0 0
0 0
0 0
0 0
2417676 6
140571041 8
1973721 6
4080984 6
1078 3
829 3
1822982 5
276 3
2950666 5
23425739363 13
43721 5
3828774 6
40368495 7
7313335066 12
4634188 7
81933239 8
7151694 7
2102235074 11
1300270 6
52241216 8
4 2
573326 5
132 2
1334355394 10
251374466 9
63 23
35 18
1 4
2 6
53 19
17 10
11 12
25 11
34 12
74 23
1 3
6 10
1 7
32 15
54 18
6 10
20 14
117 22
11 12
98 20
66 20
2 3
84 22
127 25
22 9
69 20
121 28
130 28
65 16
1198 3
270908 6
13570 4
338943980 13
22932175 10
997704585 14
493289348 13
28657012 9
349585554 13
1465 4
266623158 12
342457189 13
682100740 13
826318993 14
13 3
762530 6
32 2
47 3
5168857 8
0 0
25150503 10
232246437 11
930271 7
66790 5
1264 3
0 0
0 0
0 0
0 0
0 0
8 31
0 0
9 17
12 25
0 0
0 0
2 10
0 0
2 11
0 0
0 0
0 0
1 15
0 0
9 20
0 0
0 0
0 0
3 5
9 19
9 35
0 0
0 0
4 12
6 19
418 19
141 13
1 5
641 19
771 19
59 11
340 17
503 19
108 11
8 8
554 18
83 12
124 13
90 3
76872 11
297 5
131797 11
958 6
31731 9
21344 9
1 3
493 5
23 3
56908 11
138086 12
17094 8
0 0
12233 8
5 3
0 0
3261 7
893 5
111201 11
161 5
0 0
1517 6
135976 11
47934 10
4 2
2260 7
118350 11
105 4
16594 9
627 6
7188 8
6452 7
27559 9
2 2
424 5
37738236 13
661012 8
16939322 12
15719941 12
248 3
31029 6
199947 7
21712 5
277188 6
74 4
52 26
9 10
36 22
0 0
3 5
41 23
30 19
3 10
14 13
50 26
378 6
18084 11
10 3
61889 14
23642 12
1708 7
70217 14
3439 8
140771 16
3110 8
56662 14
126 4
476 6
78 4
102464 15
61180 8
32 3
843 5
2831750 12
518619 10
31802 7
207744 9
34173 8
21279 7
42 3
2678 5
1 2
1356112 12
1216098 11
226 4
1092 5
1571984 12
24307 7
2 1
3019557 12
834 4
139936 9
1383176 12
903 5
160 3
193555 13
122795 12
697432 18
0 0
0 0
0 0
0 0
0 0
0 0
0 0
0 0
0 0
0 0
0 0
0 0
0 0
1 13
0 0
0 0
0 0
0 0
1 13
0 0
0 0
0 0
0 0
0 0
0 0
0 0
1 10
0 0
0 0
0 0
0 0
0 0
1 7
0 0
0 0
0 0
0 0
0 0
0 0
26658061519 15
86879997 8
160203 4
1166648934 10
3 3
58797284320 16
23368609 7
2834260394 11
800505009 10
926742343 10
107792840 8
40683 3
1870055 5
181451331 8
15436899738 14
21495628060 14
52590686 7
255 2
2362241 5
2144543790 11
3362730 5
11098376414 13
5033430405 12
1166648934 10
896661 4
3146032519 12
52697047010 16
76451267 8
1889 3
63513485 7
30592176654 15
471715683 9
1441338111 11
2484056299 11
2355333447 11
13180294153 14
652 1
39369184 7
1238 12
636 9
35 9
107 5
1 1
45 5
955 11
1322 12
0 0
3803 15
2102 13
3206 15
613 9
49 5
1864 13
115043 6
48899 4
20014401 13
73 3
4929186 11
33 3
106269416 16
611994 8
284 3
24449141 13
621 9
909 12
298 7
1 1
2834 14
1629 12
2323 14
137 6
1266 12
43 6
0 0
1 4
32 4
2861 14
183 8
3069 15
14 6
738 11
183 8
352 9
1 8
0 0
68 6
1321 12
2115 13
724 10
1424 13
649 10
15 5
10 5
588 14
5 4
107 10
246 11
299 12
240 12
0 0
108 9
1 4
81 9
7 6
4 6
446 13
6 5
0 0
15 6
658 15
1 4
68 8
35 8
189 11
209 11
474 14
1 3
7611 10
30287 13
26 5
219 6
2 8
0 0
2 11
9 14
0 0
3 5
21 18
5 10
8 14
9 15
17 20
21 22
10 13
7 12
10 13
6 11
3 9
12 17
0 0
10 16
0 0
7 13
1 11
3 7
59446 5
248 2
3 2
38138 5
42861110 11
9510809 10
33 2
99 2
60616 5
69966625 12
212 3
76984871 12
5667717 9
270 3
108592640 12
325 2
355033 7
272077186 13
1635982 8
528 16
240 16
3 7
85 9
334 17
4 6
13 6
207 14
501 18
6 5
221 13
8 9
307 18
27 8
22 9
119 12
447 19
54 10
166 11
228 14
543 17
495 18
1 4
2 7
99 11
29 10
156 11
26 10
300 18
114 10
126 14
104 11
91 13
1944 7
5 5
245 5
191625 13
203672 14
18004 9
947 5
1224 6
34676 10
19610 9
4072 7
9024 8
0 0
121035 12
94 3
1 7
74834 12
2869 7
36 3
771 6
5 3
745 5
0 0
0 0
1 37
1 18
0 0
1 25
1 29
1 30
1 18
1 23
0 0
0 0
1 24
1 29
0 0
0 0
0 0
212 8
0 0
1516 17
200 9
0 0
0 0
0 0
340 13
0 0
0 0
0 0
1 34
0 0
0 0
0 0
0 0
0 0
0 0
0 0
0 0
0 0
0 0
0 0
0 0
0 0
0 0
0 0
0 0
0 0
0 0
0 0
0 0
603 10
4696 13
2038 10
96 7
709 9
3060 13
1096 10
13 5
20 4
1799 11
0 0
237 6
7 4
235 8
793 10
9613 18
27076529 13
1771235 9
403323 7
11920014 12
7689 4
113 2
2047082 9
2 2
4771519 11
1493807 9
44 2
6635759 11
2115785 9
173200 6
717187 8
35596371 14
12676298 12
3055 3
84 5
123217 6
21 4
3278417 10
1597 4
3 1
9705440 12
53337561 15
10524919 12
13474016 12
60435 5
24204487 13
1141869 9
440 5
1 3
50 3
574 5
75 4
32 3
173876 13
178121 13
11523 8
4 4
0 0
17416 9
80366 11
18595 9
75407 11
1046 6
60 4
47328 10
16 3
16 3
13 3
178121 13
88 10
284 13
36 8
200 12
96 10
3 6
18 6
3341633 7
41261 5
586003 6
119278980 12
142 2
100636923 11
260672 5
24012636 10
2686002 7
420 3
1129688 7
117 3
39532 5
375716671 13
188 2
8540698 8
14517 4
40619768 10
385214084 13
77553111 11
7794 3
55443 4
24818458 10
339794996 13
6491 4
1917267 7
6919052 8
90576836 11
2 4
102570228 11
14876 4
1688 7
0 0
3 3
3677 8
46 4
39 4
58 4
261182 15
6089 9
8411 9
1870 7
31976 11
3 3
2929 7
22066 11
458 6
82616 13
155945 14
81119 13
120584 14
148232 15
4194 8
30131 11
349 5
1822 7
134 4
168129 15
63315 13
39951 11
5 5
131319 14
138240 14
32 3
27 3
134741 14
1 4
149 4
35864 11
4496 8
163956 15
1353 6
5836 9
10 3
30902 11
28269 11
337 5
1144 6
49794 12
26660 12
33602 6
11608693 10
32275 6
35606334 12
39439 6
7349719 10
7213 5
164 3
853114 8
11463935 10
98648883 13
1039861 8
573 4
524 3
2105610 9
0 0
59548696 12
4275456 10
42607 6
66478 6
160 3
254456 7
6054 14
187 7
5199 13
5904 13
291 8
554 9
395 8
15 4
6561 14
5369 13
3969 12
27 5
213 7
2594 11
965 10
137 7
417 8
19 5
6362 13
6 3
111 7
2638 11
1616 10
1528 10
29 5
107 6
6016 13
293491 6
1883238 8
47464384 13
3267 4
7498121 10
45819986 12
227445284 15
3557649 8
80430563 13
242733988 14
96999 6
1412 3
52 2
139922 5
260670580 15
8475132 9
39081 4
5716080 9
86542232 13
15920339 11
154821416 13
56940263 12
12050022 9
1137681 8
22280052 10
6568 4
10752 4
11338 5
7706 4
69259250 12
56 2
204018873 13
4525757 8
13463120 9
1222780852 13
5144332 8
636905877 12
65 2
174075908 11
633 3
10718 4
4558413 7
1068825992 13
7013 3
40402884 9
34370735 9
46051442 9
522249 6
371257281 12
1459889909 13
135615917 11
2065944574 14
1 3
851351133 13
49453 5
98 2
50495 5
43457443 9
8262084 8
614829630 12
35 2
7861398 8
1002 3
275707763 11
7110549 8
4102760 7
308511185 11
20227 4
9744709 8
117097075 10
6662 8
33607 11
40247 13
53 5
7 4
10844 9
21466 11
2600 8
489 8
39914 13
329 5
34360 12
1 3
36502 13
11269 10
25102 12
79352 14
52113 13
302 5
181 6
607 6
8483 8
32591 12
0 0
36808 13
0 0
1 2
33607 11
5805 7
28 2
2584 6
96 3
746 5
11 4
28 4
5380 13
1213 9
25412 17
2562 10
1630 10
18623 16
17571 16
0 0
18992 17
488 7
0 0
9 4
3178 11
1905 10
710 8
9505 14
21299 16
1455 10
2911 10
5247 13
0 0
1152 9
0 0
25 2
1291684 10
14652 6
4788489 12
69168 8
7197792 9
452286119 13
597064875 13
9813531 8
98 1
198824044 12
4639049 8
139664770 11
14945899 8
50 3
172 9
958 14
688 13
1197 14
1 4
503 12
1966 16
635 13
55 7
261 10
1778 16
278 11
377 11
195 9
112 8
22 6
3 3
4 3
865 4
449297 9
30 3
5 2
16040397 13
15 2
9347776 13
14 2
0 0
263 17
2 4
0 0
32 9
187 13
0 0
2 1
5 7
319 16
88 15
152 13
11 9
126 15
47 12
59 13
66 14
15 9
306 15
0 0
15 10
15 10
141 14
21 11
13 6
96 16
9814475393 13
3075724267 12
2209235205 11
429892967780 19
25 2
7274342244 13
5060095 10
8201890 10
18144087 11
23377 8
151259 11
110701 10
1 1
4527 6
17276 7
3789 5
273571 12
242121 11
764317 14
11869 8
5 2
40 3
24567163 14
541 4
14 2
6684416 12
737923 10
1538615 11
27156790 15
308727 9
1046386 10
54746 7
5719086 12
114174 8
3893 5
2 1
3455322 12
114174 8
837083 10
25020809 14
0 0
2390452 11
9826594 13
217 3
33686271 15
1059263 10
0 0
936423 10
92 3
185901 8
183256 8
341 4
2232470 11
34410 7
1098892 10
22723 6
2 4
35598 7
1511 4
199775 8
489 2
105 3
16362732 10
15339427 10
4538673 8
175186695 13
67420779 12
22419 4
97949390 12
1675 3
252298 6
501 4
170807895 13
70616667 12
0 0
36164514 11
719653 7
566085 6
166527902 13
20878249 10
307045 6
6663166 9
17447043 10
0 0
631 2
59151095 11
23898 4
179665823 13
45181 5
73271014 12
4374808 8
384192 6
137 2
37993750 11
508677 6
64957951 12
22226710 10
200288943 13
0 0
55368118 11
25096547 11
1 4
581161 7
27 3
2494 3
88190921 12
83433607 12
3889576 8
1058078 7
338449 6
13402280 9
5314188 8
63122 5
84 1
211038843 13
68543285 12
87381454 12
16061 4
115835395 13
172002395 13
38209469 11
20090068 10
40980037 11
6473 3
42 2
505172 7
677485 7
249 2
9 3
30250213 11
32168108 10
887458 7
27960 14
11579 12
7155 11
8052 11
31521 15
40027 16
3442 10
26 6
991 8
1772 9
23 3
10955 12
2537 9
0 0
42 4
162 5
97 5
33 4
1231 8
6743 11
8468720 9
104869 6
195556 6
177411397 13
3812 4
11 2
138068 6
189719165 13
47272 5
30 2
3814321 9
829618992 15
1913252 8
5428849 9
28888 5
112307266 12
244 3
297053424 14
4186498 9
35774 5
6031058 9
19 2
2367123 8
107 3
0 0
51964353 11
3698 4
0 0
0 0
0 0
0 0
0 0
0 0
0 0
0 0
0 0
0 0
0 0
0 0
0 0
0 0
0 0
0 0
0 0
0 0
0 0
0 0
0 0
0 0
0 0
0 0
0 0
0 0
4 3
0 0
14 14
4 4
0 0
7 12
0 0
0 0
1 6
8 7
0 0
0 0
0 0
0 0
0 0
45 16
0 0
0 0
0 0
1 8
6 10
0 0
4 7
7 12
0 0
1 4
668610196 14
24136 4
24777349 9
512689 6
353699605 13
387565452 12
4511 2
687773 6
47548646 10
136591860 11
345132 6
4351505 7
12559969 8
774021 6
5054986 8
431275926 13
32504 4
9197 4
1302280 6
1344 2
27407448 9
653494 6
116454668 11
17962 7
377205 9
3690781 13
288635 9
2157341 12
221609 9
15958 6
104954 8
91 3
5425 6
3874974 13
14012 8
843941 12
3189 6
105013 9
739569 12
279113 11
417230 5
731757 5
6002 3
86249089 9
8810 3
5179145 7
110 3
243159154 10
22701407 7
2596271942 12
66884169 8
207278787 9
38 2
600175693 10
106445138 9
110 3
166119 5
30048 4
5222637 6
4197094925 13
3796 3
191073024 9
429127 5
241474 4
207278787 9
224264622 10
6136506018 13
2 2
888120060 11
1987327 6
656106802 9
184199 4
2252080 5
11372690690 11
209419456 8
21504753 6
1870162 5
22226793407 12
42853412676 13
1555047265 10
743 3
124982261830 15
382277663 9
28761057684 13
1634535 5
1111145 5
427 3
474353142 9
4041567415 11
10413791006 12
20156277 6
10283016259 12
435226 4
