6232 14
1717 9
3539 11
12529 16
1026 9
7 2
0 0
0 0
0 0
0 0
0 0
0 0
0 0
1 33
1 10
0 0
664 5
36243 11
287 6
6122 8
3049 7
10237 8
4790 8
153 4
258 5
0 0
69 4
3 2
1836 7
2499 5
10 3
212451 11
100666 10
18 5
2 4
3307 3
44592 5
426705 7
2472168 9
1491428 8
468 2
291542 7
304398 7
98 4
14 2
2945 3
45113 5
72247 5
9574980 10
45113 5
20325412 11
4 3
12 10
26 8
36 12
28 9
30 11
558192 9
0 0
0 0
0 0
0 0
0 0
0 0
0 0
0 0
0 0
0 0
0 0
0 0
0 0
0 0
6 7
0 0
0 0
1 11
36 10
3 10
70 11
6207928 10
3540513 9
4516 3
8373 11
6181 12
117531 8
0 0
16 2
13 2
12556 6
0 0
1 33
0 0
1 30
1 26
1 30
1 22
1 30
26720 9
34 3
486 5
14 3
2809 6
3915 7
1876 14
122 4
35 4
359 8
6 5
504 10
602 10
146 5
14647 14
20837 15
5720 11
4523 11
2876 10
697 8
11 2
1104 8
74 5
161 5
70211 11
0 0
0 0
0 0
1 16
33 2
28792 5
426524 8
1700946 9
2038861 9
261605 7
3151779 10
6 5
13 7
35 11
47 12
3 4
15 8
76 14
40 11
269 6
635 6
8145 9
46967 12
1868 8
4934 8
151696 13
15272 9
101 3
2587 6
18048 7
79996 11
25 1
8429 11
11459 11
0 0
950 7
555 7
1 3
0 0
55 4
2 2
970 7
75 9
150 11
75 9
2 3
2 2
130 11
122 10
9 4
146 8
18 7
1028 14
264 12
0 0
0 0
0 0
1 7
0 0
4322530 9
326473 6
2177 4
946108 8
2335624 9
12190815 12
4933 4
14 3
246969 6
0 0
1 3
1 6
2 9
2 9
1 12
1 32
1 9
1 13
1 21
2940 9
5946 10
3029 8
5175 9
384 6
136 5
0 0
0 0
0 0
0 0
0 0
0 0
0 0
0 0
523 6
1949 8
633 6
2060 8
4 2
113284 11
0 0
104 4
0 0
144098 11
1 3
24 11
2 5
4 5
6 7
10 8
6 8
3 6
6 7
0 0
0 0
1 9
1 5
0 0
1014 9
2 17
0 0
2 7
0 0
41742 9
5 15
5 7
0 0
7 6
0 0
0 0
7 6
0 0
0 0
7648 8
151 4
27967 11
2618 6
183 4
26478 11
406 5
13757 9
5105 8
21561 10
1 20
1 23
1 25
1 4
1 14
1 27
0 0
0 0
0 0
39 11
16 8
2 3
1 2
0 0
